<?xml version="1.0" encoding="UTF-8"?>
<robot generator="Robot 7.0 (Python 3.11.8 on win32)" generated="2024-05-22T12:05:09.281607" rpa="false" schemaversion="5">
<suite id="s1" name="Tests" source="C:\Projects\all-repos\src\products\reportburster\assembly\uat\tests">
<suite id="s1-s1" name="Startup" source="C:\Projects\all-repos\src\products\reportburster\assembly\uat\tests\startup.robot">
<kw name="Unzip ReportBurster" type="SETUP">
<kw name="Log" owner="BuiltIn">
<msg time="2024-05-22T12:05:09.362599" level="INFO">Unzipping file ../dist/reportburster.zip to ../target/uat</msg>
<arg>Unzipping file ${ZIP_FILE} to ${UNZIP_DIR}</arg>
<doc>Logs the given message with the given level.</doc>
<status status="PASS" start="2024-05-22T12:05:09.362599" elapsed="0.000000"/>
</kw>
<kw name="Create Directory" owner="OperatingSystem">
<msg time="2024-05-22T12:05:09.362599" level="INFO" html="true">Directory '&lt;a href="file://C:\Projects\all-repos\src\products\reportburster\assembly\target\uat"&gt;C:\Projects\all-repos\src\products\reportburster\assembly\target\uat&lt;/a&gt;' already exists.</msg>
<arg>${UNZIP_DIR}</arg>
<doc>Creates the specified directory.</doc>
<status status="PASS" start="2024-05-22T12:05:09.362599" elapsed="0.000000"/>
</kw>
<kw name="Unzip File" owner="utilities">
<arg>${ZIP_FILE}</arg>
<arg>${UNZIP_DIR}</arg>
<status status="PASS" start="2024-05-22T12:05:09.363597" elapsed="1.807520"/>
</kw>
<status status="PASS" start="2024-05-22T12:05:09.361562" elapsed="1.809555"/>
</kw>
<test id="s1-s1-t1" name="Test Case 1" line="16">
<kw name="Run Tests" type="SETUP">
<kw name="Log" owner="BuiltIn">
<msg time="2024-05-22T12:05:11.172159" level="INFO">Running tests</msg>
<arg>Running tests</arg>
<doc>Logs the given message with the given level.</doc>
<status status="PASS" start="2024-05-22T12:05:11.171117" elapsed="0.001042"/>
</kw>
<status status="PASS" start="2024-05-22T12:05:11.171117" elapsed="0.001042"/>
</kw>
<kw name="Log" owner="BuiltIn">
<msg time="2024-05-22T12:05:11.172159" level="INFO">Test Case 1</msg>
<arg>Test Case 1</arg>
<doc>Logs the given message with the given level.</doc>
<status status="PASS" start="2024-05-22T12:05:11.172159" elapsed="0.000000"/>
</kw>
<kw name="Start Process" owner="Process">
<msg time="2024-05-22T12:05:11.172159" level="INFO">Starting process:
../target/uat/ReportBurster/ReportBurster.exe</msg>
<arg>${UNZIP_DIR}/ReportBurster/ReportBurster.exe</arg>
<doc>Starts a new process on background.</doc>
<status status="PASS" start="2024-05-22T12:05:11.172159" elapsed="0.576149"/>
</kw>
<kw name="WinWaitActive">
<msg time="2024-05-22T12:05:11.750310" level="FAIL">No keyword with name 'WinWaitActive' found.</msg>
<arg>ReportBurster</arg>
<arg>timeout=120</arg>
<status status="FAIL" start="2024-05-22T12:05:11.750310" elapsed="0.000000">No keyword with name 'WinWaitActive' found.</status>
</kw>
<kw name="Do Something After Test" type="TEARDOWN">
<kw name="Log" owner="BuiltIn">
<msg time="2024-05-22T12:05:11.751307" level="INFO">Doing something after test</msg>
<arg>Doing something after test</arg>
<doc>Logs the given message with the given level.</doc>
<status status="PASS" start="2024-05-22T12:05:11.751307" elapsed="0.000000"/>
</kw>
<status status="PASS" start="2024-05-22T12:05:11.751307" elapsed="0.000000"/>
</kw>
<status status="FAIL" start="2024-05-22T12:05:11.171117" elapsed="0.581196">No keyword with name 'WinWaitActive' found.</status>
</test>
<test id="s1-s1-t2" name="Test Case 2" line="21">
<kw name="Run Tests" type="SETUP">
<kw name="Log" owner="BuiltIn">
<msg time="2024-05-22T12:05:11.754861" level="INFO">Running tests</msg>
<arg>Running tests</arg>
<doc>Logs the given message with the given level.</doc>
<status status="PASS" start="2024-05-22T12:05:11.754861" elapsed="0.000000"/>
</kw>
<status status="PASS" start="2024-05-22T12:05:11.754861" elapsed="0.000000"/>
</kw>
<kw name="Log" owner="BuiltIn">
<msg time="2024-05-22T12:05:11.755864" level="INFO">Test Case 2</msg>
<arg>Test Case 2</arg>
<doc>Logs the given message with the given level.</doc>
<status status="PASS" start="2024-05-22T12:05:11.755864" elapsed="0.000000"/>
</kw>
<kw name="Do Something After Test" type="TEARDOWN">
<kw name="Log" owner="BuiltIn">
<msg time="2024-05-22T12:05:11.756883" level="INFO">Doing something after test</msg>
<arg>Doing something after test</arg>
<doc>Logs the given message with the given level.</doc>
<status status="PASS" start="2024-05-22T12:05:11.756883" elapsed="0.000000"/>
</kw>
<status status="PASS" start="2024-05-22T12:05:11.756883" elapsed="0.000000"/>
</kw>
<status status="PASS" start="2024-05-22T12:05:11.753862" elapsed="0.003021"/>
</test>
<kw name="Remove Directory" type="TEARDOWN">
<kw name="Log" owner="BuiltIn">
<msg time="2024-05-22T12:05:11.759860" level="INFO">Checking if directory ../target/uat exists</msg>
<arg>Checking if directory ${UNZIP_DIR} exists</arg>
<doc>Logs the given message with the given level.</doc>
<status status="PASS" start="2024-05-22T12:05:11.759860" elapsed="0.000000"/>
</kw>
<status status="PASS" start="2024-05-22T12:05:11.758861" elapsed="0.000999"/>
</kw>
<status status="FAIL" start="2024-05-22T12:05:09.302567" elapsed="2.457293"/>
</suite>
<status status="FAIL" start="2024-05-22T12:05:09.282565" elapsed="2.479286"/>
</suite>
<statistics>
<total>
<stat pass="1" fail="1" skip="0">All Tests</stat>
</total>
<tag>
</tag>
<suite>
<stat pass="1" fail="1" skip="0" id="s1" name="Tests">Tests</stat>
<stat pass="1" fail="1" skip="0" id="s1-s1" name="Startup">Tests.Startup</stat>
</suite>
</statistics>
<errors>
<msg time="2024-05-22T12:05:09.356566" level="ERROR">Error in file 'C:\Projects\all-repos\src\products\reportburster\assembly\uat\tests\startup.robot' on line 4: Getting keyword names from library 'AutoItLibrary' failed: Initializing library 'AutoItLibrary' with no arguments failed: com_error: (-2147221164, 'Class not registered', None, None)
Traceback (most recent call last):
  File "C:\Projects\all-repos\src\products\reportburster\assembly\uat\.venv\Lib\site-packages\win32com\client\dynamic.py", line 84, in _GetGoodDispatch
    IDispatch = pythoncom.connect(IDispatch)
                ^^^^^^^^^^^^^^^^^^^^^^^^^^^^
pywintypes.com_error: (-2147221021, 'Operation unavailable', None, None)

During handling of the above exception, another exception occurred:

Traceback (most recent call last):
  File "C:\Projects\all-repos\src\products\reportburster\assembly\uat\.venv\Lib\site-packages\AutoItLibrary\__init__.py", line 91, in __init__
    self._AutoIt = win32com.client.Dispatch("AutoItX3.Control")
                   ^^^^^^^^^^^^^^^^^^^^^^^^^^^^^^^^^^^^^^^^^^^^
  File "C:\Projects\all-repos\src\products\reportburster\assembly\uat\.venv\Lib\site-packages\win32com\client\__init__.py", line 118, in Dispatch
    dispatch, userName = dynamic._GetGoodDispatchAndUserName(dispatch, userName, clsctx)
                         ^^^^^^^^^^^^^^^^^^^^^^^^^^^^^^^^^^^^^^^^^^^^^^^^^^^^^^^^^^^^^^^
  File "C:\Projects\all-repos\src\products\reportburster\assembly\uat\.venv\Lib\site-packages\win32com\client\dynamic.py", line 104, in _GetGoodDispatchAndUserName
    return (_GetGoodDispatch(IDispatch, clsctx), userName)
            ^^^^^^^^^^^^^^^^^^^^^^^^^^^^^^^^^^^
  File "C:\Projects\all-repos\src\products\reportburster\assembly\uat\.venv\Lib\site-packages\win32com\client\dynamic.py", line 86, in _GetGoodDispatch
    IDispatch = pythoncom.CoCreateInstance(
                ^^^^^^^^^^^^^^^^^^^^^^^^^^^
pywintypes.com_error: (-2147221164, 'Class not registered', None, None)</msg>
</errors>
</robot>
