<?xml version="1.0" encoding="UTF-8"?>
<robot generator="Rebot 7.1.1 (Python 3.12.6 on win32)" generated="2025-01-16T11:24:55.480155" rpa="false" schemaversion="5">
<suite id="s1" name="Tests" source="C:\Projects\all-repos\src\prd\rb\asbl\src\uat\tests">
<suite id="s1-s1" name="ReportBurster.exe-quickstart" source="C:\Projects\all-repos\src\prd\rb\asbl\src\uat\tests\ReportBurster.exe-quickstart.robot">
<test id="s1-s1-t1" name="Quickstart Payslips.pdf Should Work Fine" line="8">
<kw name="Clean Output Folders And Log Files" owner="utilities" type="SETUP">
<msg time="2025-01-16T11:23:26.729467" level="TRACE">Arguments: [  ]</msg>
<msg time="2025-01-16T11:23:26.738436" level="TRACE">Return: None</msg>
<status status="PASS" start="2025-01-16T11:23:26.729467" elapsed="0.008969"/>
</kw>
<kw name="Ensure Chocolatey Is Installed" owner="utilities">
<msg time="2025-01-16T11:23:26.739435" level="TRACE">Arguments: [  ]</msg>
<msg time="2025-01-16T11:23:27.650423" level="INFO">Output of 'choco -v': 2.4.1

Chocolatey is already installed.</msg>
<msg time="2025-01-16T11:23:27.650423" level="TRACE">Return: None</msg>
<status status="PASS" start="2025-01-16T11:23:26.739435" elapsed="0.910988"/>
</kw>
<kw name="Sleep" owner="BuiltIn">
<msg time="2025-01-16T11:23:27.651423" level="TRACE">Arguments: [ '1s' ]</msg>
<msg time="2025-01-16T11:23:28.652199" level="INFO">Slept 1 second.</msg>
<msg time="2025-01-16T11:23:28.652199" level="TRACE">Return: None</msg>
<arg>1s</arg>
<doc>Pauses the test executed for the given time.</doc>
<status status="PASS" start="2025-01-16T11:23:27.651423" elapsed="1.000776"/>
</kw>
<kw name="Refresh Env Variables" owner="utilities">
<msg time="2025-01-16T11:23:28.652806" level="TRACE">Arguments: [  ]</msg>
<msg time="2025-01-16T11:23:30.523508" level="TRACE">Return: None</msg>
<status status="PASS" start="2025-01-16T11:23:28.652806" elapsed="1.870702"/>
</kw>
<kw name="Sleep" owner="BuiltIn">
<msg time="2025-01-16T11:23:30.524553" level="TRACE">Arguments: [ '1s' ]</msg>
<msg time="2025-01-16T11:23:31.524899" level="INFO">Slept 1 second.</msg>
<msg time="2025-01-16T11:23:31.524899" level="TRACE">Return: None</msg>
<arg>1s</arg>
<doc>Pauses the test executed for the given time.</doc>
<status status="PASS" start="2025-01-16T11:23:30.523508" elapsed="1.001391"/>
</kw>
<kw name="Ensure Java Is Installed" owner="utilities">
<msg time="2025-01-16T11:23:31.524899" level="TRACE">Arguments: [  ]</msg>
<msg time="2025-01-16T11:23:31.626520" level="INFO">Java 11 is already installed.
Java 11 has been installed.</msg>
<msg time="2025-01-16T11:23:31.626520" level="TRACE">Return: None</msg>
<status status="PASS" start="2025-01-16T11:23:31.524899" elapsed="0.101621"/>
</kw>
<kw name="Sleep" owner="BuiltIn">
<msg time="2025-01-16T11:23:31.626520" level="TRACE">Arguments: [ '1s' ]</msg>
<msg time="2025-01-16T11:23:32.627194" level="INFO">Slept 1 second.</msg>
<msg time="2025-01-16T11:23:32.627194" level="TRACE">Return: None</msg>
<arg>1s</arg>
<doc>Pauses the test executed for the given time.</doc>
<status status="PASS" start="2025-01-16T11:23:31.626520" elapsed="1.000674"/>
</kw>
<kw name="Refresh Env Variables" owner="utilities">
<msg time="2025-01-16T11:23:32.627698" level="TRACE">Arguments: [  ]</msg>
<msg time="2025-01-16T11:23:33.739987" level="TRACE">Return: None</msg>
<status status="PASS" start="2025-01-16T11:23:32.627698" elapsed="1.112289"/>
</kw>
<kw name="Sleep" owner="BuiltIn">
<msg time="2025-01-16T11:23:33.739987" level="TRACE">Arguments: [ '1s' ]</msg>
<msg time="2025-01-16T11:23:34.741203" level="INFO">Slept 1 second.</msg>
<msg time="2025-01-16T11:23:34.741203" level="TRACE">Return: None</msg>
<arg>1s</arg>
<doc>Pauses the test executed for the given time.</doc>
<status status="PASS" start="2025-01-16T11:23:33.739987" elapsed="1.001939"/>
</kw>
<kw name="Quickstart Payslips.pdf Should Work Fine" owner="utilities">
<msg time="2025-01-16T11:23:34.744918" level="TRACE">Arguments: [  ]</msg>
<kw name="Sleep" owner="BuiltIn">
<msg time="2025-01-16T11:23:34.745919" level="TRACE">Arguments: [ '1s' ]</msg>
<msg time="2025-01-16T11:23:35.746436" level="INFO">Slept 1 second.</msg>
<msg time="2025-01-16T11:23:35.746436" level="TRACE">Return: None</msg>
<arg>1s</arg>
<doc>Pauses the test executed for the given time.</doc>
<status status="PASS" start="2025-01-16T11:23:34.745919" elapsed="1.000517"/>
</kw>
<kw name="Open Electron Application" owner="utilities">
<msg time="2025-01-16T11:23:35.747101" level="TRACE">Arguments: [  ]</msg>
<kw name="Set Variable" owner="BuiltIn">
<msg time="2025-01-16T11:23:35.748144" level="TRACE">Arguments: [ 'cmd /c "call refreshenv &amp;&amp; start C:\\Projects\\all-repos\\src\\prd\\rb\\asbl\\target/uat/rb/ReportBurster\\ReportBurster.exe --remote-debugging-port=9222"' ]</msg>
<msg time="2025-01-16T11:23:35.748144" level="TRACE">Return: 'cmd /c "call refreshenv &amp;&amp; start C:\\Projects\\all-repos\\src\\prd\\rb\\asbl\\target/uat/rb/ReportBurster\\ReportBurster.exe --remote-debugging-port=9222"'</msg>
<msg time="2025-01-16T11:23:35.748144" level="INFO">${electron_command} = cmd /c "call refreshenv &amp;&amp; start C:\Projects\all-repos\src\prd\rb\asbl\target/uat/rb/ReportBurster\ReportBurster.exe --remote-debugging-port=9222"</msg>
<var>${electron_command}</var>
<arg>cmd /c "call refreshenv &amp;&amp; start ${signal_electron.binary_location} --remote-debugging-port=9222"</arg>
<doc>Returns the given values which can then be assigned to a variables.</doc>
<status status="PASS" start="2025-01-16T11:23:35.747101" elapsed="0.001043"/>
</kw>
<kw name="Get Parent Directory" owner="utilities">
<msg time="2025-01-16T11:23:35.749144" level="TRACE">Arguments: [ 'C:\\Projects\\all-repos\\src\\prd\\rb\\asbl\\target/uat/rb/ReportBurster\\ReportBurster.exe' ]</msg>
<msg time="2025-01-16T11:23:35.749144" level="TRACE">Return: 'C:\\Projects\\all-repos\\src\\prd\\rb\\asbl\\target/uat/rb/ReportBurster'</msg>
<msg time="2025-01-16T11:23:35.749144" level="INFO">${working_dir} = C:\Projects\all-repos\src\prd\rb\asbl\target/uat/rb/ReportBurster</msg>
<var>${working_dir}</var>
<arg>${signal_electron.binary_location}</arg>
<status status="PASS" start="2025-01-16T11:23:35.748144" elapsed="0.001000"/>
</kw>
<kw name="Start Process" owner="Process">
<msg time="2025-01-16T11:23:35.749144" level="TRACE">Arguments: [ 'cmd /c "call refreshenv &amp;&amp; start C:\\Projects\\all-repos\\src\\prd\\rb\\asbl\\target/uat/rb/ReportBurster\\ReportBurster.exe --remote-debugging-port=9222"' | cwd='C:\\Projects\\all-repos\\src\\prd\\rb\\asbl\\target/uat/rb/ReportBurster' | shell='True' ]</msg>
<msg time="2025-01-16T11:23:35.749144" level="INFO">Starting process:
cmd /c "call refreshenv &amp;&amp; start C:\Projects\all-repos\src\prd\rb\asbl\target/uat/rb/ReportBurster\ReportBurster.exe --remote-debugging-port=9222"</msg>
<msg time="2025-01-16T11:23:35.749144" level="DEBUG">Process configuration:
cwd:     C:\Projects\all-repos\src\prd\rb\asbl\target\uat\rb\ReportBurster
shell:   True
stdout:  PIPE
stderr:  PIPE
stdin:   None
alias:   None
env:     None</msg>
<msg time="2025-01-16T11:23:35.754143" level="TRACE">Return: &lt;Popen: returncode: None args: 'cmd /c "call refreshenv &amp;&amp; start C:\\Project...&gt;</msg>
<arg>${electron_command}</arg>
<arg>cwd=${working_dir}</arg>
<arg>shell=True</arg>
<doc>Starts a new process on background.</doc>
<status status="PASS" start="2025-01-16T11:23:35.749144" elapsed="0.004999"/>
</kw>
<kw name="Sleep" owner="BuiltIn">
<msg time="2025-01-16T11:23:35.754143" level="TRACE">Arguments: [ '1s' ]</msg>
<msg time="2025-01-16T11:23:36.754413" level="INFO">Slept 1 second.</msg>
<msg time="2025-01-16T11:23:36.754413" level="TRACE">Return: None</msg>
<arg>1s</arg>
<doc>Pauses the test executed for the given time.</doc>
<status status="PASS" start="2025-01-16T11:23:35.754143" elapsed="1.000270"/>
</kw>
<kw name="Evaluate" owner="BuiltIn">
<msg time="2025-01-16T11:23:36.754413" level="TRACE">Arguments: [ "sys.modules['selenium.webdriver'].ChromeOptions()" | 'sys, selenium.webdriver' ]</msg>
<msg time="2025-01-16T11:23:36.754413" level="TRACE">Return: &lt;selenium.webdriver.chrome.options.Options object at 0x000001DD8B5E5AF0&gt;</msg>
<msg time="2025-01-16T11:23:36.754413" level="INFO">${options} = &lt;selenium.webdriver.chrome.options.Options object at 0x000001DD8B5E5AF0&gt;</msg>
<var>${options}</var>
<arg>sys.modules['selenium.webdriver'].ChromeOptions()</arg>
<arg>sys, selenium.webdriver</arg>
<doc>Evaluates the given expression in Python and returns the result.</doc>
<status status="PASS" start="2025-01-16T11:23:36.754413" elapsed="0.000000"/>
</kw>
<kw name="Call Method" owner="BuiltIn">
<msg time="2025-01-16T11:23:36.755413" level="TRACE">Arguments: [ &lt;selenium.webdriver.chrome.options.Options object at 0x000001DD8B5E5AF0&gt; | 'add_experimental_option' | 'debuggerAddress' | 'localhost:9222' ]</msg>
<msg time="2025-01-16T11:23:36.755413" level="TRACE">Return: None</msg>
<arg>${options}</arg>
<arg>add_experimental_option</arg>
<arg>debuggerAddress</arg>
<arg>localhost:9222</arg>
<doc>Calls the named method of the given object with the provided arguments.</doc>
<status status="PASS" start="2025-01-16T11:23:36.755413" elapsed="0.000000"/>
</kw>
<kw name="Create Webdriver" owner="SeleniumLibrary">
<msg time="2025-01-16T11:23:36.755413" level="TRACE">Arguments: [ 'Chrome' | service=&lt;selenium.webdriver.chrome.service.Service object at 0x000001DD8A2EFF80&gt; | options=&lt;selenium.webdriver.chrome.options.Options object at 0x000001DD8B5E5AF0&gt; ]</msg>
<msg time="2025-01-16T11:23:36.755413" level="INFO">Creating an instance of the Chrome WebDriver.</msg>
<msg time="2025-01-16T11:23:36.755413" level="DEBUG">Skipping Selenium Manager; path to chrome driver specified in Service class: C:\Projects\all-repos\src\prd\rb\frontend/reporting/node_modules/electron-chromedriver/bin/chromedriver.exe</msg>
<msg time="2025-01-16T11:23:36.812292" level="DEBUG">Started executable: `C:\Projects\all-repos\src\prd\rb\frontend/reporting/node_modules/electron-chromedriver/bin/chromedriver.exe` in a child process with pid: 14704 using 0 to output -3</msg>
<msg time="2025-01-16T11:23:37.342899" level="DEBUG">POST http://localhost:64203/session {'capabilities': {'firstMatch': [{}], 'alwaysMatch': {'browserName': 'chrome', 'pageLoadStrategy': &lt;PageLoadStrategy.normal: 'normal'&gt;, 'goog:chromeOptions': {'debuggerAddress': 'localhost:9222', 'extensions': [], 'args': []}}}}</msg>
<msg time="2025-01-16T11:23:37.342899" level="DEBUG">Starting new HTTP connection (1): localhost:64203</msg>
<msg time="2025-01-16T11:24:04.748388" level="DEBUG">http://localhost:64203 "POST /session HTTP/1.1" 200 0</msg>
<msg time="2025-01-16T11:24:04.749389" level="DEBUG">Remote response: status=200 | data={"value":{"capabilities":{"acceptInsecureCerts":false,"browserName":"chrome","browserVersion":"106.0.5249.103","chrome":{"chromedriverVersion":"106.0.5249.51 (916bca209b16f8c0d4fac47d332c637cf07f2016-refs/heads/main@{#1037919})"},"goog:chromeOptions":{"debuggerAddress":"localhost:9222"},"pageLoadStrategy":"normal","platformName":"","proxy":{},"setWindowRect":false,"strictFileInteractability":false,"timeouts":{"implicit":0,"pageLoad":300000,"script":30000},"unhandledPromptBehavior":"dismiss and notify","webauthn:extension:credBlob":true,"webauthn:extension:largeBlob":true,"webauthn:virtualAuthenticators":true},"sessionId":"a413851ccb6c0001605fd89de3ad7f26"}} | headers=HTTPHeaderDict({'Content-Length': '665', 'Content-Type': 'application/json; charset=utf-8', 'cache-control': 'no-cache'})</msg>
<msg time="2025-01-16T11:24:04.749389" level="DEBUG">Finished Request</msg>
<msg time="2025-01-16T11:24:04.749389" level="DEBUG">Created Chrome WebDriver instance with session id a413851ccb6c0001605fd89de3ad7f26.</msg>
<msg time="2025-01-16T11:24:04.749389" level="TRACE">Return: 1</msg>
<arg>Chrome</arg>
<arg>service=${signal_service}</arg>
<arg>options=${options}</arg>
<doc>Creates an instance of Selenium WebDriver.</doc>
<status status="PASS" start="2025-01-16T11:23:36.755413" elapsed="27.993976"/>
</kw>
<msg time="2025-01-16T11:24:04.749389" level="TRACE">Return: None</msg>
<doc>Open's your electron application by providing browser binary via
C:\Projects\all-repos\src\prd\rb\asbl\target/uat/rb/ReportBurster\ReportBurster.exe and chromedriver binary via C:\Projects\all-repos\src\prd\rb\frontend/reporting/node_modules/electron-chromedriver/bin/chromedriver.exe
see vars.py for more details.</doc>
<status status="PASS" start="2025-01-16T11:23:35.747101" elapsed="29.002288"/>
</kw>
<kw name="Wait Until Page Contains Element" owner="SeleniumLibrary">
<msg time="2025-01-16T11:24:04.751389" level="TRACE">Arguments: [ 'id=burstFile' | timeout=datetime.timedelta(seconds=30) ]</msg>
<msg time="2025-01-16T11:24:04.751389" level="DEBUG">POST http://localhost:64203/session/a413851ccb6c0001605fd89de3ad7f26/elements {'using': 'css selector', 'value': '[id="burstFile"]'}</msg>
<msg time="2025-01-16T11:24:05.160340" level="DEBUG">http://localhost:64203 "POST /session/a413851ccb6c0001605fd89de3ad7f26/elements HTTP/1.1" 200 0</msg>
<msg time="2025-01-16T11:24:05.160340" level="DEBUG">Remote response: status=200 | data={"value":[]} | headers=HTTPHeaderDict({'Content-Length': '12', 'Content-Type': 'application/json; charset=utf-8', 'cache-control': 'no-cache'})</msg>
<msg time="2025-01-16T11:24:05.160340" level="DEBUG">Finished Request</msg>
<msg time="2025-01-16T11:24:05.361407" level="DEBUG">POST http://localhost:64203/session/a413851ccb6c0001605fd89de3ad7f26/elements {'using': 'css selector', 'value': '[id="burstFile"]'}</msg>
<msg time="2025-01-16T11:24:05.365921" level="DEBUG">http://localhost:64203 "POST /session/a413851ccb6c0001605fd89de3ad7f26/elements HTTP/1.1" 200 0</msg>
<msg time="2025-01-16T11:24:05.365921" level="DEBUG">Remote response: status=200 | data={"value":[]} | headers=HTTPHeaderDict({'Content-Length': '12', 'Content-Type': 'application/json; charset=utf-8', 'cache-control': 'no-cache'})</msg>
<msg time="2025-01-16T11:24:05.365921" level="DEBUG">Finished Request</msg>
<msg time="2025-01-16T11:24:05.566961" level="DEBUG">POST http://localhost:64203/session/a413851ccb6c0001605fd89de3ad7f26/elements {'using': 'css selector', 'value': '[id="burstFile"]'}</msg>
<msg time="2025-01-16T11:24:05.572969" level="DEBUG">http://localhost:64203 "POST /session/a413851ccb6c0001605fd89de3ad7f26/elements HTTP/1.1" 200 0</msg>
<msg time="2025-01-16T11:24:05.572969" level="DEBUG">Remote response: status=200 | data={"value":[{"element-6066-11e4-a52e-4f735466cecf":"e42acf51-a1e8-4328-99a4-84c2b03446d0"}]} | headers=HTTPHeaderDict({'Content-Length': '90', 'Content-Type': 'application/json; charset=utf-8', 'cache-control': 'no-cache'})</msg>
<msg time="2025-01-16T11:24:05.572969" level="DEBUG">Finished Request</msg>
<msg time="2025-01-16T11:24:05.573969" level="TRACE">Return: None</msg>
<arg>id=burstFile</arg>
<arg>timeout=30</arg>
<doc>Waits until the element ``locator`` appears on the current page.</doc>
<status status="PASS" start="2025-01-16T11:24:04.749389" elapsed="0.824580"/>
</kw>
<kw name="Wait Until Page Contains Element" owner="SeleniumLibrary">
<msg time="2025-01-16T11:24:05.573969" level="TRACE">Arguments: [ 'id=infoLog' | timeout=datetime.timedelta(seconds=30) ]</msg>
<msg time="2025-01-16T11:24:05.573969" level="DEBUG">POST http://localhost:64203/session/a413851ccb6c0001605fd89de3ad7f26/elements {'using': 'css selector', 'value': '[id="infoLog"]'}</msg>
<msg time="2025-01-16T11:24:05.584968" level="DEBUG">http://localhost:64203 "POST /session/a413851ccb6c0001605fd89de3ad7f26/elements HTTP/1.1" 200 0</msg>
<msg time="2025-01-16T11:24:05.584968" level="DEBUG">Remote response: status=200 | data={"value":[{"element-6066-11e4-a52e-4f735466cecf":"35c12508-9476-4ce0-aa69-ccfb38ff5ddc"},{"element-6066-11e4-a52e-4f735466cecf":"f58f276c-f6cd-4626-b70b-64daed94a8e7"}]} | headers=HTTPHeaderDict({'Content-Length': '169', 'Content-Type': 'application/json; charset=utf-8', 'cache-control': 'no-cache'})</msg>
<msg time="2025-01-16T11:24:05.584968" level="DEBUG">Finished Request</msg>
<msg time="2025-01-16T11:24:05.584968" level="TRACE">Return: None</msg>
<arg>id=infoLog</arg>
<arg>timeout=30</arg>
<doc>Waits until the element ``locator`` appears on the current page.</doc>
<status status="PASS" start="2025-01-16T11:24:05.573969" elapsed="0.010999"/>
</kw>
<kw name="Page Should Contain Element" owner="SeleniumLibrary">
<msg time="2025-01-16T11:24:05.584968" level="TRACE">Arguments: [ 'id=noJobsRunning' ]</msg>
<msg time="2025-01-16T11:24:05.584968" level="DEBUG">POST http://localhost:64203/session/a413851ccb6c0001605fd89de3ad7f26/elements {'using': 'css selector', 'value': '[id="noJobsRunning"]'}</msg>
<msg time="2025-01-16T11:24:05.595969" level="DEBUG">http://localhost:64203 "POST /session/a413851ccb6c0001605fd89de3ad7f26/elements HTTP/1.1" 200 0</msg>
<msg time="2025-01-16T11:24:05.595969" level="DEBUG">Remote response: status=200 | data={"value":[{"element-6066-11e4-a52e-4f735466cecf":"a80eb0d5-34dc-451e-a858-f82e83219772"}]} | headers=HTTPHeaderDict({'Content-Length': '90', 'Content-Type': 'application/json; charset=utf-8', 'cache-control': 'no-cache'})</msg>
<msg time="2025-01-16T11:24:05.595969" level="DEBUG">Finished Request</msg>
<msg time="2025-01-16T11:24:05.596970" level="INFO">Current page contains element 'id=noJobsRunning'.</msg>
<msg time="2025-01-16T11:24:05.596970" level="TRACE">Return: None</msg>
<arg>id=noJobsRunning</arg>
<doc>Verifies that element ``locator`` is found on the current page.</doc>
<status status="PASS" start="2025-01-16T11:24:05.584968" elapsed="0.012002"/>
</kw>
<kw name="Page Should Contain Element" owner="SeleniumLibrary">
<msg time="2025-01-16T11:24:05.596970" level="TRACE">Arguments: [ 'id=btnGreatNoErrorsNoWarnings' ]</msg>
<msg time="2025-01-16T11:24:05.596970" level="DEBUG">POST http://localhost:64203/session/a413851ccb6c0001605fd89de3ad7f26/elements {'using': 'css selector', 'value': '[id="btnGreatNoErrorsNoWarnings"]'}</msg>
<msg time="2025-01-16T11:24:05.604969" level="DEBUG">http://localhost:64203 "POST /session/a413851ccb6c0001605fd89de3ad7f26/elements HTTP/1.1" 200 0</msg>
<msg time="2025-01-16T11:24:05.604969" level="DEBUG">Remote response: status=200 | data={"value":[{"element-6066-11e4-a52e-4f735466cecf":"3a643585-2127-4e66-a87e-60a5cd63f6ca"}]} | headers=HTTPHeaderDict({'Content-Length': '90', 'Content-Type': 'application/json; charset=utf-8', 'cache-control': 'no-cache'})</msg>
<msg time="2025-01-16T11:24:05.604969" level="DEBUG">Finished Request</msg>
<msg time="2025-01-16T11:24:05.604969" level="INFO">Current page contains element 'id=btnGreatNoErrorsNoWarnings'.</msg>
<msg time="2025-01-16T11:24:05.604969" level="TRACE">Return: None</msg>
<arg>id=btnGreatNoErrorsNoWarnings</arg>
<doc>Verifies that element ``locator`` is found on the current page.</doc>
<status status="PASS" start="2025-01-16T11:24:05.596970" elapsed="0.007999"/>
</kw>
<kw name="Join Path" owner="OperatingSystem">
<msg time="2025-01-16T11:24:05.605968" level="TRACE">Arguments: [ 'C:\\Projects\\all-repos\\src\\prd\\rb\\asbl\\target/uat/rb/ReportBurster' | 'samples/burst/Payslips.pdf' ]</msg>
<msg time="2025-01-16T11:24:05.605968" level="TRACE">Return: 'C:\\Projects\\all-repos\\src\\prd\\rb\\asbl\\target\\uat\\rb\\ReportBurster\\samples\\burst\\Payslips.pdf'</msg>
<msg time="2025-01-16T11:24:05.605968" level="INFO">${payslips_pdf_path} = C:\Projects\all-repos\src\prd\rb\asbl\target\uat\rb\ReportBurster\samples\burst\Payslips.pdf</msg>
<var>${payslips_pdf_path}</var>
<arg>${PORTABLE_EXECUTABLE_DIR}</arg>
<arg>samples/burst/Payslips.pdf</arg>
<doc>Joins the given path part(s) to the given base path.</doc>
<status status="PASS" start="2025-01-16T11:24:05.604969" elapsed="0.000999"/>
</kw>
<kw name="Choose File" owner="SeleniumLibrary">
<msg time="2025-01-16T11:24:05.605968" level="TRACE">Arguments: [ 'id=burstFileUploadInput' | 'C:\\Projects\\all-repos\\src\\prd\\rb\\asbl\\target\\uat\\rb\\ReportBurster\\samples\\burst\\Payslips.pdf' ]</msg>
<msg time="2025-01-16T11:24:05.605968" level="INFO">Sending C:\Projects\all-repos\src\prd\rb\asbl\target\uat\rb\ReportBurster\samples\burst\Payslips.pdf to browser.</msg>
<msg time="2025-01-16T11:24:05.605968" level="DEBUG">POST http://localhost:64203/session/a413851ccb6c0001605fd89de3ad7f26/elements {'using': 'css selector', 'value': '[id="burstFileUploadInput"]'}</msg>
<msg time="2025-01-16T11:24:05.613968" level="DEBUG">http://localhost:64203 "POST /session/a413851ccb6c0001605fd89de3ad7f26/elements HTTP/1.1" 200 0</msg>
<msg time="2025-01-16T11:24:05.613968" level="DEBUG">Remote response: status=200 | data={"value":[{"element-6066-11e4-a52e-4f735466cecf":"e9e72153-abdc-446b-aa7f-72eb5cada4ae"}]} | headers=HTTPHeaderDict({'Content-Length': '90', 'Content-Type': 'application/json; charset=utf-8', 'cache-control': 'no-cache'})</msg>
<msg time="2025-01-16T11:24:05.613968" level="DEBUG">Finished Request</msg>
<msg time="2025-01-16T11:24:05.614967" level="DEBUG">POST http://localhost:64203/session/a413851ccb6c0001605fd89de3ad7f26/element/e9e72153-abdc-446b-aa7f-72eb5cada4ae/value {'text': 'C:\\Projects\\all-repos\\src\\prd\\rb\\asbl\\target\\uat\\rb\\ReportBurster\\samples\\burst\\Payslips.pdf', 'value': ['C', ':', '\\', 'P', 'r', 'o', 'j', 'e', 'c', 't', 's', '\\', 'a', 'l', 'l', '-', 'r', 'e', 'p', 'o', 's', '\\', 's', 'r', 'c', '\\', 'p', 'r', 'd', '\\', 'r', 'b', '\\', 'a', 's', 'b', 'l', '\\', 't', 'a', 'r', 'g', 'e', 't', '\\', 'u', 'a', 't', '\\', 'r', 'b', '\\', 'R', 'e', 'p', 'o', 'r', 't', 'B', 'u', 'r', 's', 't', 'e', 'r', '\\', 's', 'a', 'm', 'p', 'l', 'e', 's', '\\', 'b', 'u', 'r', 's', 't', '\\', 'P', 'a', 'y', 's', 'l', 'i', 'p', 's', '.', 'p', 'd', 'f']}</msg>
<msg time="2025-01-16T11:24:05.637475" level="DEBUG">http://localhost:64203 "POST /session/a413851ccb6c0001605fd89de3ad7f26/element/e9e72153-abdc-446b-aa7f-72eb5cada4ae/value HTTP/1.1" 200 0</msg>
<msg time="2025-01-16T11:24:05.637475" level="DEBUG">Remote response: status=200 | data={"value":null} | headers=HTTPHeaderDict({'Content-Length': '14', 'Content-Type': 'application/json; charset=utf-8', 'cache-control': 'no-cache'})</msg>
<msg time="2025-01-16T11:24:05.637475" level="DEBUG">Finished Request</msg>
<msg time="2025-01-16T11:24:05.638475" level="TRACE">Return: None</msg>
<arg>id=burstFileUploadInput</arg>
<arg>${payslips_pdf_path}</arg>
<doc>Inputs the ``file_path`` into the file input field ``locator``.</doc>
<status status="PASS" start="2025-01-16T11:24:05.605968" elapsed="0.032507"/>
</kw>
<kw name="Sleep" owner="BuiltIn">
<msg time="2025-01-16T11:24:05.638475" level="TRACE">Arguments: [ '1s' ]</msg>
<msg time="2025-01-16T11:24:06.639244" level="INFO">Slept 1 second.</msg>
<msg time="2025-01-16T11:24:06.639244" level="TRACE">Return: None</msg>
<arg>1s</arg>
<doc>Pauses the test executed for the given time.</doc>
<status status="PASS" start="2025-01-16T11:24:05.638475" elapsed="1.000769"/>
</kw>
<kw name="Click Button" owner="SeleniumLibrary">
<msg time="2025-01-16T11:24:06.639244" level="TRACE">Arguments: [ 'id=btnBurst' ]</msg>
<msg time="2025-01-16T11:24:06.639244" level="INFO">Clicking button 'id=btnBurst'.</msg>
<msg time="2025-01-16T11:24:06.639244" level="DEBUG">POST http://localhost:64203/session/a413851ccb6c0001605fd89de3ad7f26/elements {'using': 'css selector', 'value': '[id="btnBurst"]'}</msg>
<msg time="2025-01-16T11:24:06.649251" level="DEBUG">http://localhost:64203 "POST /session/a413851ccb6c0001605fd89de3ad7f26/elements HTTP/1.1" 200 0</msg>
<msg time="2025-01-16T11:24:06.649251" level="DEBUG">Remote response: status=200 | data={"value":[{"element-6066-11e4-a52e-4f735466cecf":"d8bd1e07-05c7-42c7-bd1b-9f1cfdc670cd"}]} | headers=HTTPHeaderDict({'Content-Length': '90', 'Content-Type': 'application/json; charset=utf-8', 'cache-control': 'no-cache'})</msg>
<msg time="2025-01-16T11:24:06.649251" level="DEBUG">Finished Request</msg>
<msg time="2025-01-16T11:24:06.650245" level="DEBUG">GET http://localhost:64203/session/a413851ccb6c0001605fd89de3ad7f26/element/d8bd1e07-05c7-42c7-bd1b-9f1cfdc670cd/name {}</msg>
<msg time="2025-01-16T11:24:06.654246" level="DEBUG">http://localhost:64203 "GET /session/a413851ccb6c0001605fd89de3ad7f26/element/d8bd1e07-05c7-42c7-bd1b-9f1cfdc670cd/name HTTP/1.1" 200 0</msg>
<msg time="2025-01-16T11:24:06.655244" level="DEBUG">Remote response: status=200 | data={"value":"button"} | headers=HTTPHeaderDict({'Content-Length': '18', 'Content-Type': 'application/json; charset=utf-8', 'cache-control': 'no-cache'})</msg>
<msg time="2025-01-16T11:24:06.655244" level="DEBUG">Finished Request</msg>
<msg time="2025-01-16T11:24:06.655244" level="DEBUG">POST http://localhost:64203/session/a413851ccb6c0001605fd89de3ad7f26/elements {'using': 'css selector', 'value': '[id="btnBurst"]'}</msg>
<msg time="2025-01-16T11:24:06.661245" level="DEBUG">http://localhost:64203 "POST /session/a413851ccb6c0001605fd89de3ad7f26/elements HTTP/1.1" 200 0</msg>
<msg time="2025-01-16T11:24:06.661245" level="DEBUG">Remote response: status=200 | data={"value":[{"element-6066-11e4-a52e-4f735466cecf":"d8bd1e07-05c7-42c7-bd1b-9f1cfdc670cd"}]} | headers=HTTPHeaderDict({'Content-Length': '90', 'Content-Type': 'application/json; charset=utf-8', 'cache-control': 'no-cache'})</msg>
<msg time="2025-01-16T11:24:06.661245" level="DEBUG">Finished Request</msg>
<msg time="2025-01-16T11:24:06.661245" level="DEBUG">GET http://localhost:64203/session/a413851ccb6c0001605fd89de3ad7f26/element/d8bd1e07-05c7-42c7-bd1b-9f1cfdc670cd/name {}</msg>
<msg time="2025-01-16T11:24:06.665245" level="DEBUG">http://localhost:64203 "GET /session/a413851ccb6c0001605fd89de3ad7f26/element/d8bd1e07-05c7-42c7-bd1b-9f1cfdc670cd/name HTTP/1.1" 200 0</msg>
<msg time="2025-01-16T11:24:06.665245" level="DEBUG">Remote response: status=200 | data={"value":"button"} | headers=HTTPHeaderDict({'Content-Length': '18', 'Content-Type': 'application/json; charset=utf-8', 'cache-control': 'no-cache'})</msg>
<msg time="2025-01-16T11:24:06.665245" level="DEBUG">Finished Request</msg>
<msg time="2025-01-16T11:24:06.665245" level="DEBUG">POST http://localhost:64203/session/a413851ccb6c0001605fd89de3ad7f26/element/d8bd1e07-05c7-42c7-bd1b-9f1cfdc670cd/click {}</msg>
<msg time="2025-01-16T11:24:06.723756" level="DEBUG">http://localhost:64203 "POST /session/a413851ccb6c0001605fd89de3ad7f26/element/d8bd1e07-05c7-42c7-bd1b-9f1cfdc670cd/click HTTP/1.1" 200 0</msg>
<msg time="2025-01-16T11:24:06.723756" level="DEBUG">Remote response: status=200 | data={"value":null} | headers=HTTPHeaderDict({'Content-Length': '14', 'Content-Type': 'application/json; charset=utf-8', 'cache-control': 'no-cache'})</msg>
<msg time="2025-01-16T11:24:06.723756" level="DEBUG">Finished Request</msg>
<msg time="2025-01-16T11:24:06.723756" level="TRACE">Return: None</msg>
<arg>id=btnBurst</arg>
<doc>Clicks the button identified by ``locator``.</doc>
<status status="PASS" start="2025-01-16T11:24:06.639244" elapsed="0.084512"/>
</kw>
<kw name="Wait Until Page Contains Element" owner="SeleniumLibrary">
<msg time="2025-01-16T11:24:06.724758" level="TRACE">Arguments: [ 'css=.dburst-button-question-confirm' | timeout=datetime.timedelta(seconds=30) ]</msg>
<msg time="2025-01-16T11:24:06.724758" level="DEBUG">POST http://localhost:64203/session/a413851ccb6c0001605fd89de3ad7f26/elements {'using': 'css selector', 'value': '.dburst-button-question-confirm'}</msg>
<msg time="2025-01-16T11:24:06.733269" level="DEBUG">http://localhost:64203 "POST /session/a413851ccb6c0001605fd89de3ad7f26/elements HTTP/1.1" 200 0</msg>
<msg time="2025-01-16T11:24:06.733269" level="DEBUG">Remote response: status=200 | data={"value":[{"element-6066-11e4-a52e-4f735466cecf":"f0c0d293-6bf2-4ad9-a943-cd7aeeeb936d"}]} | headers=HTTPHeaderDict({'Content-Length': '90', 'Content-Type': 'application/json; charset=utf-8', 'cache-control': 'no-cache'})</msg>
<msg time="2025-01-16T11:24:06.733269" level="DEBUG">Finished Request</msg>
<msg time="2025-01-16T11:24:06.733269" level="TRACE">Return: None</msg>
<arg>css=.dburst-button-question-confirm</arg>
<arg>timeout=30</arg>
<doc>Waits until the element ``locator`` appears on the current page.</doc>
<status status="PASS" start="2025-01-16T11:24:06.724758" elapsed="0.008511"/>
</kw>
<kw name="Sleep" owner="BuiltIn">
<msg time="2025-01-16T11:24:06.734268" level="TRACE">Arguments: [ '1s' ]</msg>
<msg time="2025-01-16T11:24:07.734674" level="INFO">Slept 1 second.</msg>
<msg time="2025-01-16T11:24:07.734674" level="TRACE">Return: None</msg>
<arg>1s</arg>
<doc>Pauses the test executed for the given time.</doc>
<status status="PASS" start="2025-01-16T11:24:06.733269" elapsed="1.001405"/>
</kw>
<kw name="Click Element" owner="SeleniumLibrary">
<msg time="2025-01-16T11:24:07.734674" level="TRACE">Arguments: [ 'css=.dburst-button-question-confirm' ]</msg>
<msg time="2025-01-16T11:24:07.734674" level="INFO">Clicking element 'css=.dburst-button-question-confirm'.</msg>
<msg time="2025-01-16T11:24:07.734674" level="DEBUG">POST http://localhost:64203/session/a413851ccb6c0001605fd89de3ad7f26/elements {'using': 'css selector', 'value': '.dburst-button-question-confirm'}</msg>
<msg time="2025-01-16T11:24:07.740638" level="DEBUG">http://localhost:64203 "POST /session/a413851ccb6c0001605fd89de3ad7f26/elements HTTP/1.1" 200 0</msg>
<msg time="2025-01-16T11:24:07.740638" level="DEBUG">Remote response: status=200 | data={"value":[{"element-6066-11e4-a52e-4f735466cecf":"f0c0d293-6bf2-4ad9-a943-cd7aeeeb936d"}]} | headers=HTTPHeaderDict({'Content-Length': '90', 'Content-Type': 'application/json; charset=utf-8', 'cache-control': 'no-cache'})</msg>
<msg time="2025-01-16T11:24:07.740638" level="DEBUG">Finished Request</msg>
<msg time="2025-01-16T11:24:07.740638" level="DEBUG">POST http://localhost:64203/session/a413851ccb6c0001605fd89de3ad7f26/element/f0c0d293-6bf2-4ad9-a943-cd7aeeeb936d/click {}</msg>
<msg time="2025-01-16T11:24:07.768021" level="DEBUG">http://localhost:64203 "POST /session/a413851ccb6c0001605fd89de3ad7f26/element/f0c0d293-6bf2-4ad9-a943-cd7aeeeb936d/click HTTP/1.1" 200 0</msg>
<msg time="2025-01-16T11:24:07.768021" level="DEBUG">Remote response: status=200 | data={"value":null} | headers=HTTPHeaderDict({'Content-Length': '14', 'Content-Type': 'application/json; charset=utf-8', 'cache-control': 'no-cache'})</msg>
<msg time="2025-01-16T11:24:07.768021" level="DEBUG">Finished Request</msg>
<msg time="2025-01-16T11:24:07.768021" level="TRACE">Return: None</msg>
<arg>css=.dburst-button-question-confirm</arg>
<doc>Click the element identified by ``locator``.</doc>
<status status="PASS" start="2025-01-16T11:24:07.734674" elapsed="0.033347"/>
</kw>
<kw name="Wait Until Element Is Not Visible" owner="SeleniumLibrary">
<msg time="2025-01-16T11:24:07.769026" level="TRACE">Arguments: [ 'css=.dburst-button-question-confirm' | timeout=datetime.timedelta(seconds=30) ]</msg>
<msg time="2025-01-16T11:24:07.769026" level="DEBUG">POST http://localhost:64203/session/a413851ccb6c0001605fd89de3ad7f26/elements {'using': 'css selector', 'value': '.dburst-button-question-confirm'}</msg>
<msg time="2025-01-16T11:24:07.774234" level="DEBUG">http://localhost:64203 "POST /session/a413851ccb6c0001605fd89de3ad7f26/elements HTTP/1.1" 200 0</msg>
<msg time="2025-01-16T11:24:07.774234" level="DEBUG">Remote response: status=200 | data={"value":[{"element-6066-11e4-a52e-4f735466cecf":"f0c0d293-6bf2-4ad9-a943-cd7aeeeb936d"}]} | headers=HTTPHeaderDict({'Content-Length': '90', 'Content-Type': 'application/json; charset=utf-8', 'cache-control': 'no-cache'})</msg>
<msg time="2025-01-16T11:24:07.774234" level="DEBUG">Finished Request</msg>
<msg time="2025-01-16T11:24:07.840799" level="DEBUG">POST http://localhost:64203/session/a413851ccb6c0001605fd89de3ad7f26/execute/sync {'script': '/* isDisplayed */return (function(){return (function(){var g=this||self;\nfunction aa(a){var b=typeof...', 'args': [{'element-6066-11e4-a52e-4f735466cecf': 'f0c0d293-6bf2-4ad9-a943-cd7aeeeb936d'}]}</msg>
<msg time="2025-01-16T11:24:07.848802" level="DEBUG">http://localhost:64203 "POST /session/a413851ccb6c0001605fd89de3ad7f26/execute/sync HTTP/1.1" 200 0</msg>
<msg time="2025-01-16T11:24:07.848802" level="DEBUG">Remote response: status=200 | data={"value":true} | headers=HTTPHeaderDict({'Content-Length': '14', 'Content-Type': 'application/json; charset=utf-8', 'cache-control': 'no-cache'})</msg>
<msg time="2025-01-16T11:24:07.849801" level="DEBUG">Finished Request</msg>
<msg time="2025-01-16T11:24:08.050546" level="DEBUG">POST http://localhost:64203/session/a413851ccb6c0001605fd89de3ad7f26/elements {'using': 'css selector', 'value': '.dburst-button-question-confirm'}</msg>
<msg time="2025-01-16T11:24:08.065858" level="DEBUG">http://localhost:64203 "POST /session/a413851ccb6c0001605fd89de3ad7f26/elements HTTP/1.1" 200 0</msg>
<msg time="2025-01-16T11:24:08.065858" level="DEBUG">Remote response: status=200 | data={"value":[{"element-6066-11e4-a52e-4f735466cecf":"f0c0d293-6bf2-4ad9-a943-cd7aeeeb936d"}]} | headers=HTTPHeaderDict({'Content-Length': '90', 'Content-Type': 'application/json; charset=utf-8', 'cache-control': 'no-cache'})</msg>
<msg time="2025-01-16T11:24:08.066860" level="DEBUG">Finished Request</msg>
<msg time="2025-01-16T11:24:08.066860" level="DEBUG">POST http://localhost:64203/session/a413851ccb6c0001605fd89de3ad7f26/execute/sync {'script': '/* isDisplayed */return (function(){return (function(){var g=this||self;\nfunction aa(a){var b=typeof...', 'args': [{'element-6066-11e4-a52e-4f735466cecf': 'f0c0d293-6bf2-4ad9-a943-cd7aeeeb936d'}]}</msg>
<msg time="2025-01-16T11:24:08.085984" level="DEBUG">http://localhost:64203 "POST /session/a413851ccb6c0001605fd89de3ad7f26/execute/sync HTTP/1.1" 200 0</msg>
<msg time="2025-01-16T11:24:08.085984" level="DEBUG">Remote response: status=200 | data={"value":false} | headers=HTTPHeaderDict({'Content-Length': '15', 'Content-Type': 'application/json; charset=utf-8', 'cache-control': 'no-cache'})</msg>
<msg time="2025-01-16T11:24:08.086985" level="DEBUG">Finished Request</msg>
<msg time="2025-01-16T11:24:08.086985" level="TRACE">Return: None</msg>
<arg>css=.dburst-button-question-confirm</arg>
<arg>timeout=30</arg>
<doc>Waits until the element ``locator`` is not visible.</doc>
<status status="PASS" start="2025-01-16T11:24:07.768021" elapsed="0.318964"/>
</kw>
<kw name="Sleep" owner="BuiltIn">
<msg time="2025-01-16T11:24:08.086985" level="TRACE">Arguments: [ '1s' ]</msg>
<msg time="2025-01-16T11:24:09.087268" level="INFO">Slept 1 second.</msg>
<msg time="2025-01-16T11:24:09.087268" level="TRACE">Return: None</msg>
<arg>1s</arg>
<doc>Pauses the test executed for the given time.</doc>
<status status="PASS" start="2025-01-16T11:24:08.086985" elapsed="1.000283"/>
</kw>
<kw name="Click Button" owner="SeleniumLibrary">
<msg time="2025-01-16T11:24:09.087268" level="TRACE">Arguments: [ 'id=btnClearLogs' ]</msg>
<msg time="2025-01-16T11:24:09.087268" level="INFO">Clicking button 'id=btnClearLogs'.</msg>
<msg time="2025-01-16T11:24:09.087268" level="DEBUG">POST http://localhost:64203/session/a413851ccb6c0001605fd89de3ad7f26/elements {'using': 'css selector', 'value': '[id="btnClearLogs"]'}</msg>
<msg time="2025-01-16T11:24:09.096684" level="DEBUG">http://localhost:64203 "POST /session/a413851ccb6c0001605fd89de3ad7f26/elements HTTP/1.1" 200 0</msg>
<msg time="2025-01-16T11:24:09.096684" level="DEBUG">Remote response: status=200 | data={"value":[{"element-6066-11e4-a52e-4f735466cecf":"0f75fc36-9d22-404c-9ce3-fcb0d9bcce48"}]} | headers=HTTPHeaderDict({'Content-Length': '90', 'Content-Type': 'application/json; charset=utf-8', 'cache-control': 'no-cache'})</msg>
<msg time="2025-01-16T11:24:09.096684" level="DEBUG">Finished Request</msg>
<msg time="2025-01-16T11:24:09.096684" level="DEBUG">GET http://localhost:64203/session/a413851ccb6c0001605fd89de3ad7f26/element/0f75fc36-9d22-404c-9ce3-fcb0d9bcce48/name {}</msg>
<msg time="2025-01-16T11:24:09.100685" level="DEBUG">http://localhost:64203 "GET /session/a413851ccb6c0001605fd89de3ad7f26/element/0f75fc36-9d22-404c-9ce3-fcb0d9bcce48/name HTTP/1.1" 200 0</msg>
<msg time="2025-01-16T11:24:09.100685" level="DEBUG">Remote response: status=200 | data={"value":"button"} | headers=HTTPHeaderDict({'Content-Length': '18', 'Content-Type': 'application/json; charset=utf-8', 'cache-control': 'no-cache'})</msg>
<msg time="2025-01-16T11:24:09.101683" level="DEBUG">Finished Request</msg>
<msg time="2025-01-16T11:24:09.101683" level="DEBUG">POST http://localhost:64203/session/a413851ccb6c0001605fd89de3ad7f26/elements {'using': 'css selector', 'value': '[id="btnClearLogs"]'}</msg>
<msg time="2025-01-16T11:24:09.106683" level="DEBUG">http://localhost:64203 "POST /session/a413851ccb6c0001605fd89de3ad7f26/elements HTTP/1.1" 200 0</msg>
<msg time="2025-01-16T11:24:09.106683" level="DEBUG">Remote response: status=200 | data={"value":[{"element-6066-11e4-a52e-4f735466cecf":"0f75fc36-9d22-404c-9ce3-fcb0d9bcce48"}]} | headers=HTTPHeaderDict({'Content-Length': '90', 'Content-Type': 'application/json; charset=utf-8', 'cache-control': 'no-cache'})</msg>
<msg time="2025-01-16T11:24:09.106683" level="DEBUG">Finished Request</msg>
<msg time="2025-01-16T11:24:09.106683" level="DEBUG">GET http://localhost:64203/session/a413851ccb6c0001605fd89de3ad7f26/element/0f75fc36-9d22-404c-9ce3-fcb0d9bcce48/name {}</msg>
<msg time="2025-01-16T11:24:09.110064" level="DEBUG">http://localhost:64203 "GET /session/a413851ccb6c0001605fd89de3ad7f26/element/0f75fc36-9d22-404c-9ce3-fcb0d9bcce48/name HTTP/1.1" 200 0</msg>
<msg time="2025-01-16T11:24:09.110064" level="DEBUG">Remote response: status=200 | data={"value":"button"} | headers=HTTPHeaderDict({'Content-Length': '18', 'Content-Type': 'application/json; charset=utf-8', 'cache-control': 'no-cache'})</msg>
<msg time="2025-01-16T11:24:09.110064" level="DEBUG">Finished Request</msg>
<msg time="2025-01-16T11:24:09.110064" level="DEBUG">POST http://localhost:64203/session/a413851ccb6c0001605fd89de3ad7f26/element/0f75fc36-9d22-404c-9ce3-fcb0d9bcce48/click {}</msg>
<msg time="2025-01-16T11:24:09.143197" level="DEBUG">http://localhost:64203 "POST /session/a413851ccb6c0001605fd89de3ad7f26/element/0f75fc36-9d22-404c-9ce3-fcb0d9bcce48/click HTTP/1.1" 200 0</msg>
<msg time="2025-01-16T11:24:09.143197" level="DEBUG">Remote response: status=200 | data={"value":null} | headers=HTTPHeaderDict({'Content-Length': '14', 'Content-Type': 'application/json; charset=utf-8', 'cache-control': 'no-cache'})</msg>
<msg time="2025-01-16T11:24:09.143197" level="DEBUG">Finished Request</msg>
<msg time="2025-01-16T11:24:09.144195" level="TRACE">Return: None</msg>
<arg>id=btnClearLogs</arg>
<doc>Clicks the button identified by ``locator``.</doc>
<status status="PASS" start="2025-01-16T11:24:09.087268" elapsed="0.056927"/>
</kw>
<kw name="Wait Until Page Contains Element" owner="SeleniumLibrary">
<msg time="2025-01-16T11:24:09.144195" level="TRACE">Arguments: [ 'css=.dburst-button-question-decline' | timeout=datetime.timedelta(seconds=30) ]</msg>
<msg time="2025-01-16T11:24:09.145198" level="DEBUG">POST http://localhost:64203/session/a413851ccb6c0001605fd89de3ad7f26/elements {'using': 'css selector', 'value': '.dburst-button-question-decline'}</msg>
<msg time="2025-01-16T11:24:09.153234" level="DEBUG">http://localhost:64203 "POST /session/a413851ccb6c0001605fd89de3ad7f26/elements HTTP/1.1" 200 0</msg>
<msg time="2025-01-16T11:24:09.153234" level="DEBUG">Remote response: status=200 | data={"value":[{"element-6066-11e4-a52e-4f735466cecf":"622a6845-a5e6-4421-812e-ce9ece01eb4d"}]} | headers=HTTPHeaderDict({'Content-Length': '90', 'Content-Type': 'application/json; charset=utf-8', 'cache-control': 'no-cache'})</msg>
<msg time="2025-01-16T11:24:09.153234" level="DEBUG">Finished Request</msg>
<msg time="2025-01-16T11:24:09.154269" level="TRACE">Return: None</msg>
<arg>css=.dburst-button-question-decline</arg>
<arg>timeout=30</arg>
<doc>Waits until the element ``locator`` appears on the current page.</doc>
<status status="PASS" start="2025-01-16T11:24:09.144195" elapsed="0.010074"/>
</kw>
<kw name="Sleep" owner="BuiltIn">
<msg time="2025-01-16T11:24:09.154269" level="TRACE">Arguments: [ '1s' ]</msg>
<msg time="2025-01-16T11:24:10.155330" level="INFO">Slept 1 second.</msg>
<msg time="2025-01-16T11:24:10.155330" level="TRACE">Return: None</msg>
<arg>1s</arg>
<doc>Pauses the test executed for the given time.</doc>
<status status="PASS" start="2025-01-16T11:24:09.154269" elapsed="1.001061"/>
</kw>
<kw name="Click Element" owner="SeleniumLibrary">
<msg time="2025-01-16T11:24:10.156338" level="TRACE">Arguments: [ 'css=.dburst-button-question-decline' ]</msg>
<msg time="2025-01-16T11:24:10.157336" level="INFO">Clicking element 'css=.dburst-button-question-decline'.</msg>
<msg time="2025-01-16T11:24:10.157336" level="DEBUG">POST http://localhost:64203/session/a413851ccb6c0001605fd89de3ad7f26/elements {'using': 'css selector', 'value': '.dburst-button-question-decline'}</msg>
<msg time="2025-01-16T11:24:10.177281" level="DEBUG">http://localhost:64203 "POST /session/a413851ccb6c0001605fd89de3ad7f26/elements HTTP/1.1" 200 0</msg>
<msg time="2025-01-16T11:24:10.177281" level="DEBUG">Remote response: status=200 | data={"value":[{"element-6066-11e4-a52e-4f735466cecf":"622a6845-a5e6-4421-812e-ce9ece01eb4d"}]} | headers=HTTPHeaderDict({'Content-Length': '90', 'Content-Type': 'application/json; charset=utf-8', 'cache-control': 'no-cache'})</msg>
<msg time="2025-01-16T11:24:10.178283" level="DEBUG">Finished Request</msg>
<msg time="2025-01-16T11:24:10.178283" level="DEBUG">POST http://localhost:64203/session/a413851ccb6c0001605fd89de3ad7f26/element/622a6845-a5e6-4421-812e-ce9ece01eb4d/click {}</msg>
<msg time="2025-01-16T11:24:10.219108" level="DEBUG">http://localhost:64203 "POST /session/a413851ccb6c0001605fd89de3ad7f26/element/622a6845-a5e6-4421-812e-ce9ece01eb4d/click HTTP/1.1" 200 0</msg>
<msg time="2025-01-16T11:24:10.220106" level="DEBUG">Remote response: status=200 | data={"value":null} | headers=HTTPHeaderDict({'Content-Length': '14', 'Content-Type': 'application/json; charset=utf-8', 'cache-control': 'no-cache'})</msg>
<msg time="2025-01-16T11:24:10.220106" level="DEBUG">Finished Request</msg>
<msg time="2025-01-16T11:24:10.220106" level="TRACE">Return: None</msg>
<arg>css=.dburst-button-question-decline</arg>
<doc>Click the element identified by ``locator``.</doc>
<status status="PASS" start="2025-01-16T11:24:10.156338" elapsed="0.063768"/>
</kw>
<kw name="Wait Until Element Is Not Visible" owner="SeleniumLibrary">
<msg time="2025-01-16T11:24:10.220106" level="TRACE">Arguments: [ 'css=.dburst-button-question-decline' | timeout=datetime.timedelta(seconds=30) ]</msg>
<msg time="2025-01-16T11:24:10.221107" level="DEBUG">POST http://localhost:64203/session/a413851ccb6c0001605fd89de3ad7f26/elements {'using': 'css selector', 'value': '.dburst-button-question-decline'}</msg>
<msg time="2025-01-16T11:24:10.227107" level="DEBUG">http://localhost:64203 "POST /session/a413851ccb6c0001605fd89de3ad7f26/elements HTTP/1.1" 200 0</msg>
<msg time="2025-01-16T11:24:10.227107" level="DEBUG">Remote response: status=200 | data={"value":[{"element-6066-11e4-a52e-4f735466cecf":"622a6845-a5e6-4421-812e-ce9ece01eb4d"}]} | headers=HTTPHeaderDict({'Content-Length': '90', 'Content-Type': 'application/json; charset=utf-8', 'cache-control': 'no-cache'})</msg>
<msg time="2025-01-16T11:24:10.227107" level="DEBUG">Finished Request</msg>
<msg time="2025-01-16T11:24:10.228107" level="DEBUG">POST http://localhost:64203/session/a413851ccb6c0001605fd89de3ad7f26/execute/sync {'script': '/* isDisplayed */return (function(){return (function(){var g=this||self;\nfunction aa(a){var b=typeof...', 'args': [{'element-6066-11e4-a52e-4f735466cecf': '622a6845-a5e6-4421-812e-ce9ece01eb4d'}]}</msg>
<msg time="2025-01-16T11:24:10.234109" level="DEBUG">http://localhost:64203 "POST /session/a413851ccb6c0001605fd89de3ad7f26/execute/sync HTTP/1.1" 200 0</msg>
<msg time="2025-01-16T11:24:10.234109" level="DEBUG">Remote response: status=200 | data={"value":true} | headers=HTTPHeaderDict({'Content-Length': '14', 'Content-Type': 'application/json; charset=utf-8', 'cache-control': 'no-cache'})</msg>
<msg time="2025-01-16T11:24:10.235106" level="DEBUG">Finished Request</msg>
<msg time="2025-01-16T11:24:10.435725" level="DEBUG">POST http://localhost:64203/session/a413851ccb6c0001605fd89de3ad7f26/elements {'using': 'css selector', 'value': '.dburst-button-question-decline'}</msg>
<msg time="2025-01-16T11:24:10.450662" level="DEBUG">http://localhost:64203 "POST /session/a413851ccb6c0001605fd89de3ad7f26/elements HTTP/1.1" 200 0</msg>
<msg time="2025-01-16T11:24:10.450662" level="DEBUG">Remote response: status=200 | data={"value":[]} | headers=HTTPHeaderDict({'Content-Length': '12', 'Content-Type': 'application/json; charset=utf-8', 'cache-control': 'no-cache'})</msg>
<msg time="2025-01-16T11:24:10.451695" level="DEBUG">Finished Request</msg>
<msg time="2025-01-16T11:24:10.451695" level="TRACE">Return: None</msg>
<arg>css=.dburst-button-question-decline</arg>
<arg>timeout=30</arg>
<doc>Waits until the element ``locator`` is not visible.</doc>
<status status="PASS" start="2025-01-16T11:24:10.220106" elapsed="0.231589"/>
</kw>
<kw name="Sleep" owner="BuiltIn">
<msg time="2025-01-16T11:24:10.451695" level="TRACE">Arguments: [ '1s' ]</msg>
<msg time="2025-01-16T11:24:11.451861" level="INFO">Slept 1 second.</msg>
<msg time="2025-01-16T11:24:11.451861" level="TRACE">Return: None</msg>
<arg>1s</arg>
<doc>Pauses the test executed for the given time.</doc>
<status status="PASS" start="2025-01-16T11:24:10.451695" elapsed="1.000166"/>
</kw>
<kw name="Click Button" owner="SeleniumLibrary">
<msg time="2025-01-16T11:24:11.451861" level="TRACE">Arguments: [ 'id=btnClearLogs' ]</msg>
<msg time="2025-01-16T11:24:11.451861" level="INFO">Clicking button 'id=btnClearLogs'.</msg>
<msg time="2025-01-16T11:24:11.451861" level="DEBUG">POST http://localhost:64203/session/a413851ccb6c0001605fd89de3ad7f26/elements {'using': 'css selector', 'value': '[id="btnClearLogs"]'}</msg>
<msg time="2025-01-16T11:24:11.457860" level="DEBUG">http://localhost:64203 "POST /session/a413851ccb6c0001605fd89de3ad7f26/elements HTTP/1.1" 200 0</msg>
<msg time="2025-01-16T11:24:11.457860" level="DEBUG">Remote response: status=200 | data={"value":[{"element-6066-11e4-a52e-4f735466cecf":"0f75fc36-9d22-404c-9ce3-fcb0d9bcce48"}]} | headers=HTTPHeaderDict({'Content-Length': '90', 'Content-Type': 'application/json; charset=utf-8', 'cache-control': 'no-cache'})</msg>
<msg time="2025-01-16T11:24:11.457860" level="DEBUG">Finished Request</msg>
<msg time="2025-01-16T11:24:11.457860" level="DEBUG">GET http://localhost:64203/session/a413851ccb6c0001605fd89de3ad7f26/element/0f75fc36-9d22-404c-9ce3-fcb0d9bcce48/name {}</msg>
<msg time="2025-01-16T11:24:11.460887" level="DEBUG">http://localhost:64203 "GET /session/a413851ccb6c0001605fd89de3ad7f26/element/0f75fc36-9d22-404c-9ce3-fcb0d9bcce48/name HTTP/1.1" 200 0</msg>
<msg time="2025-01-16T11:24:11.460887" level="DEBUG">Remote response: status=200 | data={"value":"button"} | headers=HTTPHeaderDict({'Content-Length': '18', 'Content-Type': 'application/json; charset=utf-8', 'cache-control': 'no-cache'})</msg>
<msg time="2025-01-16T11:24:11.461865" level="DEBUG">Finished Request</msg>
<msg time="2025-01-16T11:24:11.461865" level="DEBUG">POST http://localhost:64203/session/a413851ccb6c0001605fd89de3ad7f26/elements {'using': 'css selector', 'value': '[id="btnClearLogs"]'}</msg>
<msg time="2025-01-16T11:24:11.466860" level="DEBUG">http://localhost:64203 "POST /session/a413851ccb6c0001605fd89de3ad7f26/elements HTTP/1.1" 200 0</msg>
<msg time="2025-01-16T11:24:11.466860" level="DEBUG">Remote response: status=200 | data={"value":[{"element-6066-11e4-a52e-4f735466cecf":"0f75fc36-9d22-404c-9ce3-fcb0d9bcce48"}]} | headers=HTTPHeaderDict({'Content-Length': '90', 'Content-Type': 'application/json; charset=utf-8', 'cache-control': 'no-cache'})</msg>
<msg time="2025-01-16T11:24:11.466860" level="DEBUG">Finished Request</msg>
<msg time="2025-01-16T11:24:11.466860" level="DEBUG">GET http://localhost:64203/session/a413851ccb6c0001605fd89de3ad7f26/element/0f75fc36-9d22-404c-9ce3-fcb0d9bcce48/name {}</msg>
<msg time="2025-01-16T11:24:11.469895" level="DEBUG">http://localhost:64203 "GET /session/a413851ccb6c0001605fd89de3ad7f26/element/0f75fc36-9d22-404c-9ce3-fcb0d9bcce48/name HTTP/1.1" 200 0</msg>
<msg time="2025-01-16T11:24:11.469895" level="DEBUG">Remote response: status=200 | data={"value":"button"} | headers=HTTPHeaderDict({'Content-Length': '18', 'Content-Type': 'application/json; charset=utf-8', 'cache-control': 'no-cache'})</msg>
<msg time="2025-01-16T11:24:11.469895" level="DEBUG">Finished Request</msg>
<msg time="2025-01-16T11:24:11.469895" level="DEBUG">POST http://localhost:64203/session/a413851ccb6c0001605fd89de3ad7f26/element/0f75fc36-9d22-404c-9ce3-fcb0d9bcce48/click {}</msg>
<msg time="2025-01-16T11:24:11.494563" level="DEBUG">http://localhost:64203 "POST /session/a413851ccb6c0001605fd89de3ad7f26/element/0f75fc36-9d22-404c-9ce3-fcb0d9bcce48/click HTTP/1.1" 200 0</msg>
<msg time="2025-01-16T11:24:11.495552" level="DEBUG">Remote response: status=200 | data={"value":null} | headers=HTTPHeaderDict({'Content-Length': '14', 'Content-Type': 'application/json; charset=utf-8', 'cache-control': 'no-cache'})</msg>
<msg time="2025-01-16T11:24:11.495552" level="DEBUG">Finished Request</msg>
<msg time="2025-01-16T11:24:11.495552" level="TRACE">Return: None</msg>
<arg>id=btnClearLogs</arg>
<doc>Clicks the button identified by ``locator``.</doc>
<status status="PASS" start="2025-01-16T11:24:11.451861" elapsed="0.043691"/>
</kw>
<kw name="Wait Until Page Contains Element" owner="SeleniumLibrary">
<msg time="2025-01-16T11:24:11.495552" level="TRACE">Arguments: [ 'css=.dburst-button-question-confirm' | timeout=datetime.timedelta(seconds=30) ]</msg>
<msg time="2025-01-16T11:24:11.496552" level="DEBUG">POST http://localhost:64203/session/a413851ccb6c0001605fd89de3ad7f26/elements {'using': 'css selector', 'value': '.dburst-button-question-confirm'}</msg>
<msg time="2025-01-16T11:24:11.502499" level="DEBUG">http://localhost:64203 "POST /session/a413851ccb6c0001605fd89de3ad7f26/elements HTTP/1.1" 200 0</msg>
<msg time="2025-01-16T11:24:11.502499" level="DEBUG">Remote response: status=200 | data={"value":[{"element-6066-11e4-a52e-4f735466cecf":"19ae4c35-4e1b-43d5-8b06-71b9cb6a2d64"}]} | headers=HTTPHeaderDict({'Content-Length': '90', 'Content-Type': 'application/json; charset=utf-8', 'cache-control': 'no-cache'})</msg>
<msg time="2025-01-16T11:24:11.502499" level="DEBUG">Finished Request</msg>
<msg time="2025-01-16T11:24:11.502499" level="TRACE">Return: None</msg>
<arg>css=.dburst-button-question-confirm</arg>
<arg>timeout=30</arg>
<doc>Waits until the element ``locator`` appears on the current page.</doc>
<status status="PASS" start="2025-01-16T11:24:11.495552" elapsed="0.006947"/>
</kw>
<kw name="Sleep" owner="BuiltIn">
<msg time="2025-01-16T11:24:11.502499" level="TRACE">Arguments: [ '1s' ]</msg>
<msg time="2025-01-16T11:24:12.502540" level="INFO">Slept 1 second.</msg>
<msg time="2025-01-16T11:24:12.502540" level="TRACE">Return: None</msg>
<arg>1s</arg>
<doc>Pauses the test executed for the given time.</doc>
<status status="PASS" start="2025-01-16T11:24:11.502499" elapsed="1.000041"/>
</kw>
<kw name="Click Element" owner="SeleniumLibrary">
<msg time="2025-01-16T11:24:12.502540" level="TRACE">Arguments: [ 'css=.dburst-button-question-confirm' ]</msg>
<msg time="2025-01-16T11:24:12.502540" level="INFO">Clicking element 'css=.dburst-button-question-confirm'.</msg>
<msg time="2025-01-16T11:24:12.502540" level="DEBUG">POST http://localhost:64203/session/a413851ccb6c0001605fd89de3ad7f26/elements {'using': 'css selector', 'value': '.dburst-button-question-confirm'}</msg>
<msg time="2025-01-16T11:24:12.508537" level="DEBUG">http://localhost:64203 "POST /session/a413851ccb6c0001605fd89de3ad7f26/elements HTTP/1.1" 200 0</msg>
<msg time="2025-01-16T11:24:12.508537" level="DEBUG">Remote response: status=200 | data={"value":[{"element-6066-11e4-a52e-4f735466cecf":"19ae4c35-4e1b-43d5-8b06-71b9cb6a2d64"}]} | headers=HTTPHeaderDict({'Content-Length': '90', 'Content-Type': 'application/json; charset=utf-8', 'cache-control': 'no-cache'})</msg>
<msg time="2025-01-16T11:24:12.508537" level="DEBUG">Finished Request</msg>
<msg time="2025-01-16T11:24:12.509537" level="DEBUG">POST http://localhost:64203/session/a413851ccb6c0001605fd89de3ad7f26/element/19ae4c35-4e1b-43d5-8b06-71b9cb6a2d64/click {}</msg>
<msg time="2025-01-16T11:24:12.536986" level="DEBUG">http://localhost:64203 "POST /session/a413851ccb6c0001605fd89de3ad7f26/element/19ae4c35-4e1b-43d5-8b06-71b9cb6a2d64/click HTTP/1.1" 200 0</msg>
<msg time="2025-01-16T11:24:12.536986" level="DEBUG">Remote response: status=200 | data={"value":null} | headers=HTTPHeaderDict({'Content-Length': '14', 'Content-Type': 'application/json; charset=utf-8', 'cache-control': 'no-cache'})</msg>
<msg time="2025-01-16T11:24:12.536986" level="DEBUG">Finished Request</msg>
<msg time="2025-01-16T11:24:12.536986" level="TRACE">Return: None</msg>
<arg>css=.dburst-button-question-confirm</arg>
<doc>Click the element identified by ``locator``.</doc>
<status status="PASS" start="2025-01-16T11:24:12.502540" elapsed="0.034446"/>
</kw>
<kw name="Wait Until Element Is Not Visible" owner="SeleniumLibrary">
<msg time="2025-01-16T11:24:12.537986" level="TRACE">Arguments: [ 'css=.dburst-button-question-confirm' | timeout=datetime.timedelta(seconds=30) ]</msg>
<msg time="2025-01-16T11:24:12.537986" level="DEBUG">POST http://localhost:64203/session/a413851ccb6c0001605fd89de3ad7f26/elements {'using': 'css selector', 'value': '.dburst-button-question-confirm'}</msg>
<msg time="2025-01-16T11:24:12.543983" level="DEBUG">http://localhost:64203 "POST /session/a413851ccb6c0001605fd89de3ad7f26/elements HTTP/1.1" 200 0</msg>
<msg time="2025-01-16T11:24:12.543983" level="DEBUG">Remote response: status=200 | data={"value":[{"element-6066-11e4-a52e-4f735466cecf":"19ae4c35-4e1b-43d5-8b06-71b9cb6a2d64"}]} | headers=HTTPHeaderDict({'Content-Length': '90', 'Content-Type': 'application/json; charset=utf-8', 'cache-control': 'no-cache'})</msg>
<msg time="2025-01-16T11:24:12.544985" level="DEBUG">Finished Request</msg>
<msg time="2025-01-16T11:24:12.544985" level="DEBUG">POST http://localhost:64203/session/a413851ccb6c0001605fd89de3ad7f26/execute/sync {'script': '/* isDisplayed */return (function(){return (function(){var g=this||self;\nfunction aa(a){var b=typeof...', 'args': [{'element-6066-11e4-a52e-4f735466cecf': '19ae4c35-4e1b-43d5-8b06-71b9cb6a2d64'}]}</msg>
<msg time="2025-01-16T11:24:12.557026" level="DEBUG">http://localhost:64203 "POST /session/a413851ccb6c0001605fd89de3ad7f26/execute/sync HTTP/1.1" 200 0</msg>
<msg time="2025-01-16T11:24:12.557026" level="DEBUG">Remote response: status=200 | data={"value":true} | headers=HTTPHeaderDict({'Content-Length': '14', 'Content-Type': 'application/json; charset=utf-8', 'cache-control': 'no-cache'})</msg>
<msg time="2025-01-16T11:24:12.557026" level="DEBUG">Finished Request</msg>
<msg time="2025-01-16T11:24:12.757982" level="DEBUG">POST http://localhost:64203/session/a413851ccb6c0001605fd89de3ad7f26/elements {'using': 'css selector', 'value': '.dburst-button-question-confirm'}</msg>
<msg time="2025-01-16T11:24:12.764975" level="DEBUG">http://localhost:64203 "POST /session/a413851ccb6c0001605fd89de3ad7f26/elements HTTP/1.1" 200 0</msg>
<msg time="2025-01-16T11:24:12.764975" level="DEBUG">Remote response: status=200 | data={"value":[]} | headers=HTTPHeaderDict({'Content-Length': '12', 'Content-Type': 'application/json; charset=utf-8', 'cache-control': 'no-cache'})</msg>
<msg time="2025-01-16T11:24:12.764975" level="DEBUG">Finished Request</msg>
<msg time="2025-01-16T11:24:12.764975" level="TRACE">Return: None</msg>
<arg>css=.dburst-button-question-confirm</arg>
<arg>timeout=30</arg>
<doc>Waits until the element ``locator`` is not visible.</doc>
<status status="PASS" start="2025-01-16T11:24:12.537986" elapsed="0.226989"/>
</kw>
<kw name="Wait Until Element Is Not Visible" owner="SeleniumLibrary">
<msg time="2025-01-16T11:24:12.764975" level="TRACE">Arguments: [ 'id=infoLog' | timeout=datetime.timedelta(seconds=30) ]</msg>
<msg time="2025-01-16T11:24:12.764975" level="DEBUG">POST http://localhost:64203/session/a413851ccb6c0001605fd89de3ad7f26/elements {'using': 'css selector', 'value': '[id="infoLog"]'}</msg>
<msg time="2025-01-16T11:24:12.771173" level="DEBUG">http://localhost:64203 "POST /session/a413851ccb6c0001605fd89de3ad7f26/elements HTTP/1.1" 200 0</msg>
<msg time="2025-01-16T11:24:12.771173" level="DEBUG">Remote response: status=200 | data={"value":[{"element-6066-11e4-a52e-4f735466cecf":"f58f276c-f6cd-4626-b70b-64daed94a8e7"}]} | headers=HTTPHeaderDict({'Content-Length': '90', 'Content-Type': 'application/json; charset=utf-8', 'cache-control': 'no-cache'})</msg>
<msg time="2025-01-16T11:24:12.771173" level="DEBUG">Finished Request</msg>
<msg time="2025-01-16T11:24:12.771173" level="DEBUG">POST http://localhost:64203/session/a413851ccb6c0001605fd89de3ad7f26/execute/sync {'script': '/* isDisplayed */return (function(){return (function(){var g=this||self;\nfunction aa(a){var b=typeof...', 'args': [{'element-6066-11e4-a52e-4f735466cecf': 'f58f276c-f6cd-4626-b70b-64daed94a8e7'}]}</msg>
<msg time="2025-01-16T11:24:12.777172" level="DEBUG">http://localhost:64203 "POST /session/a413851ccb6c0001605fd89de3ad7f26/execute/sync HTTP/1.1" 200 0</msg>
<msg time="2025-01-16T11:24:12.777172" level="DEBUG">Remote response: status=200 | data={"value":false} | headers=HTTPHeaderDict({'Content-Length': '15', 'Content-Type': 'application/json; charset=utf-8', 'cache-control': 'no-cache'})</msg>
<msg time="2025-01-16T11:24:12.777172" level="DEBUG">Finished Request</msg>
<msg time="2025-01-16T11:24:12.777172" level="TRACE">Return: None</msg>
<arg>id=infoLog</arg>
<arg>timeout=30</arg>
<doc>Waits until the element ``locator`` is not visible.</doc>
<status status="PASS" start="2025-01-16T11:24:12.764975" elapsed="0.012197"/>
</kw>
<kw name="Sleep" owner="BuiltIn">
<msg time="2025-01-16T11:24:12.777172" level="TRACE">Arguments: [ '1s' ]</msg>
<msg time="2025-01-16T11:24:13.778066" level="INFO">Slept 1 second.</msg>
<msg time="2025-01-16T11:24:13.778066" level="TRACE">Return: None</msg>
<arg>1s</arg>
<doc>Pauses the test executed for the given time.</doc>
<status status="PASS" start="2025-01-16T11:24:12.777172" elapsed="1.000894"/>
</kw>
<kw name="Click Button" owner="SeleniumLibrary">
<msg time="2025-01-16T11:24:13.779015" level="TRACE">Arguments: [ 'id=btnBurst' ]</msg>
<msg time="2025-01-16T11:24:13.780024" level="INFO">Clicking button 'id=btnBurst'.</msg>
<msg time="2025-01-16T11:24:13.780024" level="DEBUG">POST http://localhost:64203/session/a413851ccb6c0001605fd89de3ad7f26/elements {'using': 'css selector', 'value': '[id="btnBurst"]'}</msg>
<msg time="2025-01-16T11:24:13.799905" level="DEBUG">http://localhost:64203 "POST /session/a413851ccb6c0001605fd89de3ad7f26/elements HTTP/1.1" 200 0</msg>
<msg time="2025-01-16T11:24:13.799905" level="DEBUG">Remote response: status=200 | data={"value":[{"element-6066-11e4-a52e-4f735466cecf":"d8bd1e07-05c7-42c7-bd1b-9f1cfdc670cd"}]} | headers=HTTPHeaderDict({'Content-Length': '90', 'Content-Type': 'application/json; charset=utf-8', 'cache-control': 'no-cache'})</msg>
<msg time="2025-01-16T11:24:13.799905" level="DEBUG">Finished Request</msg>
<msg time="2025-01-16T11:24:13.800915" level="DEBUG">GET http://localhost:64203/session/a413851ccb6c0001605fd89de3ad7f26/element/d8bd1e07-05c7-42c7-bd1b-9f1cfdc670cd/name {}</msg>
<msg time="2025-01-16T11:24:13.807556" level="DEBUG">http://localhost:64203 "GET /session/a413851ccb6c0001605fd89de3ad7f26/element/d8bd1e07-05c7-42c7-bd1b-9f1cfdc670cd/name HTTP/1.1" 200 0</msg>
<msg time="2025-01-16T11:24:13.808563" level="DEBUG">Remote response: status=200 | data={"value":"button"} | headers=HTTPHeaderDict({'Content-Length': '18', 'Content-Type': 'application/json; charset=utf-8', 'cache-control': 'no-cache'})</msg>
<msg time="2025-01-16T11:24:13.808563" level="DEBUG">Finished Request</msg>
<msg time="2025-01-16T11:24:13.808563" level="DEBUG">POST http://localhost:64203/session/a413851ccb6c0001605fd89de3ad7f26/elements {'using': 'css selector', 'value': '[id="btnBurst"]'}</msg>
<msg time="2025-01-16T11:24:13.816553" level="DEBUG">http://localhost:64203 "POST /session/a413851ccb6c0001605fd89de3ad7f26/elements HTTP/1.1" 200 0</msg>
<msg time="2025-01-16T11:24:13.816553" level="DEBUG">Remote response: status=200 | data={"value":[{"element-6066-11e4-a52e-4f735466cecf":"d8bd1e07-05c7-42c7-bd1b-9f1cfdc670cd"}]} | headers=HTTPHeaderDict({'Content-Length': '90', 'Content-Type': 'application/json; charset=utf-8', 'cache-control': 'no-cache'})</msg>
<msg time="2025-01-16T11:24:13.816553" level="DEBUG">Finished Request</msg>
<msg time="2025-01-16T11:24:13.817558" level="DEBUG">GET http://localhost:64203/session/a413851ccb6c0001605fd89de3ad7f26/element/d8bd1e07-05c7-42c7-bd1b-9f1cfdc670cd/name {}</msg>
<msg time="2025-01-16T11:24:13.820877" level="DEBUG">http://localhost:64203 "GET /session/a413851ccb6c0001605fd89de3ad7f26/element/d8bd1e07-05c7-42c7-bd1b-9f1cfdc670cd/name HTTP/1.1" 200 0</msg>
<msg time="2025-01-16T11:24:13.821876" level="DEBUG">Remote response: status=200 | data={"value":"button"} | headers=HTTPHeaderDict({'Content-Length': '18', 'Content-Type': 'application/json; charset=utf-8', 'cache-control': 'no-cache'})</msg>
<msg time="2025-01-16T11:24:13.821876" level="DEBUG">Finished Request</msg>
<msg time="2025-01-16T11:24:13.821876" level="DEBUG">POST http://localhost:64203/session/a413851ccb6c0001605fd89de3ad7f26/element/d8bd1e07-05c7-42c7-bd1b-9f1cfdc670cd/click {}</msg>
<msg time="2025-01-16T11:24:13.845550" level="DEBUG">http://localhost:64203 "POST /session/a413851ccb6c0001605fd89de3ad7f26/element/d8bd1e07-05c7-42c7-bd1b-9f1cfdc670cd/click HTTP/1.1" 200 0</msg>
<msg time="2025-01-16T11:24:13.845550" level="DEBUG">Remote response: status=200 | data={"value":null} | headers=HTTPHeaderDict({'Content-Length': '14', 'Content-Type': 'application/json; charset=utf-8', 'cache-control': 'no-cache'})</msg>
<msg time="2025-01-16T11:24:13.845550" level="DEBUG">Finished Request</msg>
<msg time="2025-01-16T11:24:13.845550" level="TRACE">Return: None</msg>
<arg>id=btnBurst</arg>
<doc>Clicks the button identified by ``locator``.</doc>
<status status="PASS" start="2025-01-16T11:24:13.779015" elapsed="0.066535"/>
</kw>
<kw name="Wait Until Page Contains Element" owner="SeleniumLibrary">
<msg time="2025-01-16T11:24:13.846591" level="TRACE">Arguments: [ 'css=.dburst-button-question-confirm' | timeout=datetime.timedelta(seconds=30) ]</msg>
<msg time="2025-01-16T11:24:13.846591" level="DEBUG">POST http://localhost:64203/session/a413851ccb6c0001605fd89de3ad7f26/elements {'using': 'css selector', 'value': '.dburst-button-question-confirm'}</msg>
<msg time="2025-01-16T11:24:13.851931" level="DEBUG">http://localhost:64203 "POST /session/a413851ccb6c0001605fd89de3ad7f26/elements HTTP/1.1" 200 0</msg>
<msg time="2025-01-16T11:24:13.851931" level="DEBUG">Remote response: status=200 | data={"value":[{"element-6066-11e4-a52e-4f735466cecf":"34453587-ffe0-4578-ad5f-4fcf446c5da8"}]} | headers=HTTPHeaderDict({'Content-Length': '90', 'Content-Type': 'application/json; charset=utf-8', 'cache-control': 'no-cache'})</msg>
<msg time="2025-01-16T11:24:13.851931" level="DEBUG">Finished Request</msg>
<msg time="2025-01-16T11:24:13.852939" level="TRACE">Return: None</msg>
<arg>css=.dburst-button-question-confirm</arg>
<arg>timeout=30</arg>
<doc>Waits until the element ``locator`` appears on the current page.</doc>
<status status="PASS" start="2025-01-16T11:24:13.846591" elapsed="0.006348"/>
</kw>
<kw name="Sleep" owner="BuiltIn">
<msg time="2025-01-16T11:24:13.852939" level="TRACE">Arguments: [ '1s' ]</msg>
<msg time="2025-01-16T11:24:14.853550" level="INFO">Slept 1 second.</msg>
<msg time="2025-01-16T11:24:14.853550" level="TRACE">Return: None</msg>
<arg>1s</arg>
<doc>Pauses the test executed for the given time.</doc>
<status status="PASS" start="2025-01-16T11:24:13.852939" elapsed="1.000611"/>
</kw>
<kw name="Click Element" owner="SeleniumLibrary">
<msg time="2025-01-16T11:24:14.853550" level="TRACE">Arguments: [ 'css=.dburst-button-question-confirm' ]</msg>
<msg time="2025-01-16T11:24:14.853550" level="INFO">Clicking element 'css=.dburst-button-question-confirm'.</msg>
<msg time="2025-01-16T11:24:14.853550" level="DEBUG">POST http://localhost:64203/session/a413851ccb6c0001605fd89de3ad7f26/elements {'using': 'css selector', 'value': '.dburst-button-question-confirm'}</msg>
<msg time="2025-01-16T11:24:14.860551" level="DEBUG">http://localhost:64203 "POST /session/a413851ccb6c0001605fd89de3ad7f26/elements HTTP/1.1" 200 0</msg>
<msg time="2025-01-16T11:24:14.860551" level="DEBUG">Remote response: status=200 | data={"value":[{"element-6066-11e4-a52e-4f735466cecf":"34453587-ffe0-4578-ad5f-4fcf446c5da8"}]} | headers=HTTPHeaderDict({'Content-Length': '90', 'Content-Type': 'application/json; charset=utf-8', 'cache-control': 'no-cache'})</msg>
<msg time="2025-01-16T11:24:14.860551" level="DEBUG">Finished Request</msg>
<msg time="2025-01-16T11:24:14.860551" level="DEBUG">POST http://localhost:64203/session/a413851ccb6c0001605fd89de3ad7f26/element/34453587-ffe0-4578-ad5f-4fcf446c5da8/click {}</msg>
<msg time="2025-01-16T11:24:14.891710" level="DEBUG">http://localhost:64203 "POST /session/a413851ccb6c0001605fd89de3ad7f26/element/34453587-ffe0-4578-ad5f-4fcf446c5da8/click HTTP/1.1" 200 0</msg>
<msg time="2025-01-16T11:24:14.891710" level="DEBUG">Remote response: status=200 | data={"value":null} | headers=HTTPHeaderDict({'Content-Length': '14', 'Content-Type': 'application/json; charset=utf-8', 'cache-control': 'no-cache'})</msg>
<msg time="2025-01-16T11:24:14.891710" level="DEBUG">Finished Request</msg>
<msg time="2025-01-16T11:24:14.891710" level="TRACE">Return: None</msg>
<arg>css=.dburst-button-question-confirm</arg>
<doc>Click the element identified by ``locator``.</doc>
<status status="PASS" start="2025-01-16T11:24:14.853550" elapsed="0.039156"/>
</kw>
<kw name="Wait Until Page Contains Element" owner="SeleniumLibrary">
<msg time="2025-01-16T11:24:14.892706" level="TRACE">Arguments: [ 'id=infoLog' | timeout=datetime.timedelta(seconds=30) ]</msg>
<msg time="2025-01-16T11:24:14.892706" level="DEBUG">POST http://localhost:64203/session/a413851ccb6c0001605fd89de3ad7f26/elements {'using': 'css selector', 'value': '[id="infoLog"]'}</msg>
<msg time="2025-01-16T11:24:14.898733" level="DEBUG">http://localhost:64203 "POST /session/a413851ccb6c0001605fd89de3ad7f26/elements HTTP/1.1" 200 0</msg>
<msg time="2025-01-16T11:24:14.899709" level="DEBUG">Remote response: status=200 | data={"value":[{"element-6066-11e4-a52e-4f735466cecf":"f58f276c-f6cd-4626-b70b-64daed94a8e7"}]} | headers=HTTPHeaderDict({'Content-Length': '90', 'Content-Type': 'application/json; charset=utf-8', 'cache-control': 'no-cache'})</msg>
<msg time="2025-01-16T11:24:14.899709" level="DEBUG">Finished Request</msg>
<msg time="2025-01-16T11:24:14.899709" level="TRACE">Return: None</msg>
<arg>id=infoLog</arg>
<arg>timeout=30</arg>
<doc>Waits until the element ``locator`` appears on the current page.</doc>
<status status="PASS" start="2025-01-16T11:24:14.892706" elapsed="0.007003"/>
</kw>
<kw name="Wait Until Element Is Not Visible" owner="SeleniumLibrary">
<msg time="2025-01-16T11:24:14.899709" level="TRACE">Arguments: [ 'id=noJobsRunning' | timeout=datetime.timedelta(seconds=30) ]</msg>
<msg time="2025-01-16T11:24:14.899709" level="DEBUG">POST http://localhost:64203/session/a413851ccb6c0001605fd89de3ad7f26/elements {'using': 'css selector', 'value': '[id="noJobsRunning"]'}</msg>
<msg time="2025-01-16T11:24:14.905708" level="DEBUG">http://localhost:64203 "POST /session/a413851ccb6c0001605fd89de3ad7f26/elements HTTP/1.1" 200 0</msg>
<msg time="2025-01-16T11:24:14.905708" level="DEBUG">Remote response: status=200 | data={"value":[{"element-6066-11e4-a52e-4f735466cecf":"a80eb0d5-34dc-451e-a858-f82e83219772"}]} | headers=HTTPHeaderDict({'Content-Length': '90', 'Content-Type': 'application/json; charset=utf-8', 'cache-control': 'no-cache'})</msg>
<msg time="2025-01-16T11:24:14.905708" level="DEBUG">Finished Request</msg>
<msg time="2025-01-16T11:24:14.905708" level="DEBUG">POST http://localhost:64203/session/a413851ccb6c0001605fd89de3ad7f26/execute/sync {'script': '/* isDisplayed */return (function(){return (function(){var g=this||self;\nfunction aa(a){var b=typeof...', 'args': [{'element-6066-11e4-a52e-4f735466cecf': 'a80eb0d5-34dc-451e-a858-f82e83219772'}]}</msg>
<msg time="2025-01-16T11:24:14.911708" level="DEBUG">http://localhost:64203 "POST /session/a413851ccb6c0001605fd89de3ad7f26/execute/sync HTTP/1.1" 200 0</msg>
<msg time="2025-01-16T11:24:14.911708" level="DEBUG">Remote response: status=200 | data={"value":true} | headers=HTTPHeaderDict({'Content-Length': '14', 'Content-Type': 'application/json; charset=utf-8', 'cache-control': 'no-cache'})</msg>
<msg time="2025-01-16T11:24:14.911708" level="DEBUG">Finished Request</msg>
<msg time="2025-01-16T11:24:15.112708" level="DEBUG">POST http://localhost:64203/session/a413851ccb6c0001605fd89de3ad7f26/elements {'using': 'css selector', 'value': '[id="noJobsRunning"]'}</msg>
<msg time="2025-01-16T11:24:15.118709" level="DEBUG">http://localhost:64203 "POST /session/a413851ccb6c0001605fd89de3ad7f26/elements HTTP/1.1" 200 0</msg>
<msg time="2025-01-16T11:24:15.118709" level="DEBUG">Remote response: status=200 | data={"value":[{"element-6066-11e4-a52e-4f735466cecf":"a80eb0d5-34dc-451e-a858-f82e83219772"}]} | headers=HTTPHeaderDict({'Content-Length': '90', 'Content-Type': 'application/json; charset=utf-8', 'cache-control': 'no-cache'})</msg>
<msg time="2025-01-16T11:24:15.118709" level="DEBUG">Finished Request</msg>
<msg time="2025-01-16T11:24:15.118709" level="DEBUG">POST http://localhost:64203/session/a413851ccb6c0001605fd89de3ad7f26/execute/sync {'script': '/* isDisplayed */return (function(){return (function(){var g=this||self;\nfunction aa(a){var b=typeof...', 'args': [{'element-6066-11e4-a52e-4f735466cecf': 'a80eb0d5-34dc-451e-a858-f82e83219772'}]}</msg>
<msg time="2025-01-16T11:24:15.123707" level="DEBUG">http://localhost:64203 "POST /session/a413851ccb6c0001605fd89de3ad7f26/execute/sync HTTP/1.1" 200 0</msg>
<msg time="2025-01-16T11:24:15.123707" level="DEBUG">Remote response: status=200 | data={"value":true} | headers=HTTPHeaderDict({'Content-Length': '14', 'Content-Type': 'application/json; charset=utf-8', 'cache-control': 'no-cache'})</msg>
<msg time="2025-01-16T11:24:15.123707" level="DEBUG">Finished Request</msg>
<msg time="2025-01-16T11:24:15.325072" level="DEBUG">POST http://localhost:64203/session/a413851ccb6c0001605fd89de3ad7f26/elements {'using': 'css selector', 'value': '[id="noJobsRunning"]'}</msg>
<msg time="2025-01-16T11:24:15.330070" level="DEBUG">http://localhost:64203 "POST /session/a413851ccb6c0001605fd89de3ad7f26/elements HTTP/1.1" 200 0</msg>
<msg time="2025-01-16T11:24:15.330070" level="DEBUG">Remote response: status=200 | data={"value":[{"element-6066-11e4-a52e-4f735466cecf":"a80eb0d5-34dc-451e-a858-f82e83219772"}]} | headers=HTTPHeaderDict({'Content-Length': '90', 'Content-Type': 'application/json; charset=utf-8', 'cache-control': 'no-cache'})</msg>
<msg time="2025-01-16T11:24:15.330070" level="DEBUG">Finished Request</msg>
<msg time="2025-01-16T11:24:15.330070" level="DEBUG">POST http://localhost:64203/session/a413851ccb6c0001605fd89de3ad7f26/execute/sync {'script': '/* isDisplayed */return (function(){return (function(){var g=this||self;\nfunction aa(a){var b=typeof...', 'args': [{'element-6066-11e4-a52e-4f735466cecf': 'a80eb0d5-34dc-451e-a858-f82e83219772'}]}</msg>
<msg time="2025-01-16T11:24:15.336073" level="DEBUG">http://localhost:64203 "POST /session/a413851ccb6c0001605fd89de3ad7f26/execute/sync HTTP/1.1" 200 0</msg>
<msg time="2025-01-16T11:24:15.336073" level="DEBUG">Remote response: status=200 | data={"value":true} | headers=HTTPHeaderDict({'Content-Length': '14', 'Content-Type': 'application/json; charset=utf-8', 'cache-control': 'no-cache'})</msg>
<msg time="2025-01-16T11:24:15.336073" level="DEBUG">Finished Request</msg>
<msg time="2025-01-16T11:24:15.537150" level="DEBUG">POST http://localhost:64203/session/a413851ccb6c0001605fd89de3ad7f26/elements {'using': 'css selector', 'value': '[id="noJobsRunning"]'}</msg>
<msg time="2025-01-16T11:24:15.542635" level="DEBUG">http://localhost:64203 "POST /session/a413851ccb6c0001605fd89de3ad7f26/elements HTTP/1.1" 200 0</msg>
<msg time="2025-01-16T11:24:15.542635" level="DEBUG">Remote response: status=200 | data={"value":[{"element-6066-11e4-a52e-4f735466cecf":"a80eb0d5-34dc-451e-a858-f82e83219772"}]} | headers=HTTPHeaderDict({'Content-Length': '90', 'Content-Type': 'application/json; charset=utf-8', 'cache-control': 'no-cache'})</msg>
<msg time="2025-01-16T11:24:15.542635" level="DEBUG">Finished Request</msg>
<msg time="2025-01-16T11:24:15.543633" level="DEBUG">POST http://localhost:64203/session/a413851ccb6c0001605fd89de3ad7f26/execute/sync {'script': '/* isDisplayed */return (function(){return (function(){var g=this||self;\nfunction aa(a){var b=typeof...', 'args': [{'element-6066-11e4-a52e-4f735466cecf': 'a80eb0d5-34dc-451e-a858-f82e83219772'}]}</msg>
<msg time="2025-01-16T11:24:15.548636" level="DEBUG">http://localhost:64203 "POST /session/a413851ccb6c0001605fd89de3ad7f26/execute/sync HTTP/1.1" 200 0</msg>
<msg time="2025-01-16T11:24:15.548636" level="DEBUG">Remote response: status=200 | data={"value":true} | headers=HTTPHeaderDict({'Content-Length': '14', 'Content-Type': 'application/json; charset=utf-8', 'cache-control': 'no-cache'})</msg>
<msg time="2025-01-16T11:24:15.548636" level="DEBUG">Finished Request</msg>
<msg time="2025-01-16T11:24:15.749192" level="DEBUG">POST http://localhost:64203/session/a413851ccb6c0001605fd89de3ad7f26/elements {'using': 'css selector', 'value': '[id="noJobsRunning"]'}</msg>
<msg time="2025-01-16T11:24:15.754191" level="DEBUG">http://localhost:64203 "POST /session/a413851ccb6c0001605fd89de3ad7f26/elements HTTP/1.1" 200 0</msg>
<msg time="2025-01-16T11:24:15.754191" level="DEBUG">Remote response: status=200 | data={"value":[{"element-6066-11e4-a52e-4f735466cecf":"a80eb0d5-34dc-451e-a858-f82e83219772"}]} | headers=HTTPHeaderDict({'Content-Length': '90', 'Content-Type': 'application/json; charset=utf-8', 'cache-control': 'no-cache'})</msg>
<msg time="2025-01-16T11:24:15.754191" level="DEBUG">Finished Request</msg>
<msg time="2025-01-16T11:24:15.755196" level="DEBUG">POST http://localhost:64203/session/a413851ccb6c0001605fd89de3ad7f26/execute/sync {'script': '/* isDisplayed */return (function(){return (function(){var g=this||self;\nfunction aa(a){var b=typeof...', 'args': [{'element-6066-11e4-a52e-4f735466cecf': 'a80eb0d5-34dc-451e-a858-f82e83219772'}]}</msg>
<msg time="2025-01-16T11:24:15.759195" level="DEBUG">http://localhost:64203 "POST /session/a413851ccb6c0001605fd89de3ad7f26/execute/sync HTTP/1.1" 200 0</msg>
<msg time="2025-01-16T11:24:15.760192" level="DEBUG">Remote response: status=200 | data={"value":true} | headers=HTTPHeaderDict({'Content-Length': '14', 'Content-Type': 'application/json; charset=utf-8', 'cache-control': 'no-cache'})</msg>
<msg time="2025-01-16T11:24:15.760192" level="DEBUG">Finished Request</msg>
<msg time="2025-01-16T11:24:15.961259" level="DEBUG">POST http://localhost:64203/session/a413851ccb6c0001605fd89de3ad7f26/elements {'using': 'css selector', 'value': '[id="noJobsRunning"]'}</msg>
<msg time="2025-01-16T11:24:15.967260" level="DEBUG">http://localhost:64203 "POST /session/a413851ccb6c0001605fd89de3ad7f26/elements HTTP/1.1" 200 0</msg>
<msg time="2025-01-16T11:24:15.967260" level="DEBUG">Remote response: status=200 | data={"value":[{"element-6066-11e4-a52e-4f735466cecf":"a80eb0d5-34dc-451e-a858-f82e83219772"}]} | headers=HTTPHeaderDict({'Content-Length': '90', 'Content-Type': 'application/json; charset=utf-8', 'cache-control': 'no-cache'})</msg>
<msg time="2025-01-16T11:24:15.967260" level="DEBUG">Finished Request</msg>
<msg time="2025-01-16T11:24:15.968259" level="DEBUG">POST http://localhost:64203/session/a413851ccb6c0001605fd89de3ad7f26/execute/sync {'script': '/* isDisplayed */return (function(){return (function(){var g=this||self;\nfunction aa(a){var b=typeof...', 'args': [{'element-6066-11e4-a52e-4f735466cecf': 'a80eb0d5-34dc-451e-a858-f82e83219772'}]}</msg>
<msg time="2025-01-16T11:24:15.973260" level="DEBUG">http://localhost:64203 "POST /session/a413851ccb6c0001605fd89de3ad7f26/execute/sync HTTP/1.1" 200 0</msg>
<msg time="2025-01-16T11:24:15.973260" level="DEBUG">Remote response: status=200 | data={"value":true} | headers=HTTPHeaderDict({'Content-Length': '14', 'Content-Type': 'application/json; charset=utf-8', 'cache-control': 'no-cache'})</msg>
<msg time="2025-01-16T11:24:15.973260" level="DEBUG">Finished Request</msg>
<msg time="2025-01-16T11:24:16.174897" level="DEBUG">POST http://localhost:64203/session/a413851ccb6c0001605fd89de3ad7f26/elements {'using': 'css selector', 'value': '[id="noJobsRunning"]'}</msg>
<msg time="2025-01-16T11:24:16.180856" level="DEBUG">http://localhost:64203 "POST /session/a413851ccb6c0001605fd89de3ad7f26/elements HTTP/1.1" 200 0</msg>
<msg time="2025-01-16T11:24:16.180856" level="DEBUG">Remote response: status=200 | data={"value":[{"element-6066-11e4-a52e-4f735466cecf":"a80eb0d5-34dc-451e-a858-f82e83219772"}]} | headers=HTTPHeaderDict({'Content-Length': '90', 'Content-Type': 'application/json; charset=utf-8', 'cache-control': 'no-cache'})</msg>
<msg time="2025-01-16T11:24:16.180856" level="DEBUG">Finished Request</msg>
<msg time="2025-01-16T11:24:16.181856" level="DEBUG">POST http://localhost:64203/session/a413851ccb6c0001605fd89de3ad7f26/execute/sync {'script': '/* isDisplayed */return (function(){return (function(){var g=this||self;\nfunction aa(a){var b=typeof...', 'args': [{'element-6066-11e4-a52e-4f735466cecf': 'a80eb0d5-34dc-451e-a858-f82e83219772'}]}</msg>
<msg time="2025-01-16T11:24:16.187858" level="DEBUG">http://localhost:64203 "POST /session/a413851ccb6c0001605fd89de3ad7f26/execute/sync HTTP/1.1" 200 0</msg>
<msg time="2025-01-16T11:24:16.187858" level="DEBUG">Remote response: status=200 | data={"value":true} | headers=HTTPHeaderDict({'Content-Length': '14', 'Content-Type': 'application/json; charset=utf-8', 'cache-control': 'no-cache'})</msg>
<msg time="2025-01-16T11:24:16.187858" level="DEBUG">Finished Request</msg>
<msg time="2025-01-16T11:24:16.389478" level="DEBUG">POST http://localhost:64203/session/a413851ccb6c0001605fd89de3ad7f26/elements {'using': 'css selector', 'value': '[id="noJobsRunning"]'}</msg>
<msg time="2025-01-16T11:24:16.395469" level="DEBUG">http://localhost:64203 "POST /session/a413851ccb6c0001605fd89de3ad7f26/elements HTTP/1.1" 200 0</msg>
[...]
<msg time="2025-01-16T11:24:25.778888" level="DEBUG">Remote response: status=200 | data={"value":true} | headers=HTTPHeaderDict({'Content-Length': '14', 'Content-Type': 'application/json; charset=utf-8', 'cache-control': 'no-cache'})</msg>
<msg time="2025-01-16T11:24:25.778888" level="DEBUG">Finished Request</msg>
<msg time="2025-01-16T11:24:25.979934" level="DEBUG">POST http://localhost:64203/session/a413851ccb6c0001605fd89de3ad7f26/elements {'using': 'css selector', 'value': '[id="workingOn"]'}</msg>
<msg time="2025-01-16T11:24:25.985935" level="DEBUG">http://localhost:64203 "POST /session/a413851ccb6c0001605fd89de3ad7f26/elements HTTP/1.1" 200 0</msg>
<msg time="2025-01-16T11:24:25.985935" level="DEBUG">Remote response: status=200 | data={"value":[{"element-6066-11e4-a52e-4f735466cecf":"f7f94f32-05d5-4aab-a9fb-0c78a259388d"}]} | headers=HTTPHeaderDict({'Content-Length': '90', 'Content-Type': 'application/json; charset=utf-8', 'cache-control': 'no-cache'})</msg>
<msg time="2025-01-16T11:24:25.985935" level="DEBUG">Finished Request</msg>
<msg time="2025-01-16T11:24:25.986936" level="DEBUG">POST http://localhost:64203/session/a413851ccb6c0001605fd89de3ad7f26/execute/sync {'script': '/* isDisplayed */return (function(){return (function(){var g=this||self;\nfunction aa(a){var b=typeof...', 'args': [{'element-6066-11e4-a52e-4f735466cecf': 'f7f94f32-05d5-4aab-a9fb-0c78a259388d'}]}</msg>
<msg time="2025-01-16T11:24:25.990935" level="DEBUG">http://localhost:64203 "POST /session/a413851ccb6c0001605fd89de3ad7f26/execute/sync HTTP/1.1" 200 0</msg>
<msg time="2025-01-16T11:24:25.991935" level="DEBUG">Remote response: status=200 | data={"value":true} | headers=HTTPHeaderDict({'Content-Length': '14', 'Content-Type': 'application/json; charset=utf-8', 'cache-control': 'no-cache'})</msg>
<msg time="2025-01-16T11:24:25.991935" level="DEBUG">Finished Request</msg>
<msg time="2025-01-16T11:24:26.192987" level="DEBUG">POST http://localhost:64203/session/a413851ccb6c0001605fd89de3ad7f26/elements {'using': 'css selector', 'value': '[id="workingOn"]'}</msg>
<msg time="2025-01-16T11:24:26.197986" level="DEBUG">http://localhost:64203 "POST /session/a413851ccb6c0001605fd89de3ad7f26/elements HTTP/1.1" 200 0</msg>
<msg time="2025-01-16T11:24:26.197986" level="DEBUG">Remote response: status=200 | data={"value":[{"element-6066-11e4-a52e-4f735466cecf":"f7f94f32-05d5-4aab-a9fb-0c78a259388d"}]} | headers=HTTPHeaderDict({'Content-Length': '90', 'Content-Type': 'application/json; charset=utf-8', 'cache-control': 'no-cache'})</msg>
<msg time="2025-01-16T11:24:26.197986" level="DEBUG">Finished Request</msg>
<msg time="2025-01-16T11:24:26.198986" level="DEBUG">POST http://localhost:64203/session/a413851ccb6c0001605fd89de3ad7f26/execute/sync {'script': '/* isDisplayed */return (function(){return (function(){var g=this||self;\nfunction aa(a){var b=typeof...', 'args': [{'element-6066-11e4-a52e-4f735466cecf': 'f7f94f32-05d5-4aab-a9fb-0c78a259388d'}]}</msg>
<msg time="2025-01-16T11:24:26.204986" level="DEBUG">http://localhost:64203 "POST /session/a413851ccb6c0001605fd89de3ad7f26/execute/sync HTTP/1.1" 200 0</msg>
<msg time="2025-01-16T11:24:26.204986" level="DEBUG">Remote response: status=200 | data={"value":true} | headers=HTTPHeaderDict({'Content-Length': '14', 'Content-Type': 'application/json; charset=utf-8', 'cache-control': 'no-cache'})</msg>
<msg time="2025-01-16T11:24:26.204986" level="DEBUG">Finished Request</msg>
<msg time="2025-01-16T11:24:26.406038" level="DEBUG">POST http://localhost:64203/session/a413851ccb6c0001605fd89de3ad7f26/elements {'using': 'css selector', 'value': '[id="workingOn"]'}</msg>
<msg time="2025-01-16T11:24:26.412038" level="DEBUG">http://localhost:64203 "POST /session/a413851ccb6c0001605fd89de3ad7f26/elements HTTP/1.1" 200 0</msg>
<msg time="2025-01-16T11:24:26.412038" level="DEBUG">Remote response: status=200 | data={"value":[{"element-6066-11e4-a52e-4f735466cecf":"f7f94f32-05d5-4aab-a9fb-0c78a259388d"}]} | headers=HTTPHeaderDict({'Content-Length': '90', 'Content-Type': 'application/json; charset=utf-8', 'cache-control': 'no-cache'})</msg>
<msg time="2025-01-16T11:24:26.412038" level="DEBUG">Finished Request</msg>
<msg time="2025-01-16T11:24:26.413039" level="DEBUG">POST http://localhost:64203/session/a413851ccb6c0001605fd89de3ad7f26/execute/sync {'script': '/* isDisplayed */return (function(){return (function(){var g=this||self;\nfunction aa(a){var b=typeof...', 'args': [{'element-6066-11e4-a52e-4f735466cecf': 'f7f94f32-05d5-4aab-a9fb-0c78a259388d'}]}</msg>
<msg time="2025-01-16T11:24:26.420040" level="DEBUG">http://localhost:64203 "POST /session/a413851ccb6c0001605fd89de3ad7f26/execute/sync HTTP/1.1" 200 0</msg>
<msg time="2025-01-16T11:24:26.420040" level="DEBUG">Remote response: status=200 | data={"value":true} | headers=HTTPHeaderDict({'Content-Length': '14', 'Content-Type': 'application/json; charset=utf-8', 'cache-control': 'no-cache'})</msg>
<msg time="2025-01-16T11:24:26.420040" level="DEBUG">Finished Request</msg>
<msg time="2025-01-16T11:24:26.621085" level="DEBUG">POST http://localhost:64203/session/a413851ccb6c0001605fd89de3ad7f26/elements {'using': 'css selector', 'value': '[id="workingOn"]'}</msg>
<msg time="2025-01-16T11:24:26.627086" level="DEBUG">http://localhost:64203 "POST /session/a413851ccb6c0001605fd89de3ad7f26/elements HTTP/1.1" 200 0</msg>
<msg time="2025-01-16T11:24:26.627086" level="DEBUG">Remote response: status=200 | data={"value":[{"element-6066-11e4-a52e-4f735466cecf":"f7f94f32-05d5-4aab-a9fb-0c78a259388d"}]} | headers=HTTPHeaderDict({'Content-Length': '90', 'Content-Type': 'application/json; charset=utf-8', 'cache-control': 'no-cache'})</msg>
<msg time="2025-01-16T11:24:26.627086" level="DEBUG">Finished Request</msg>
<msg time="2025-01-16T11:24:26.627086" level="DEBUG">POST http://localhost:64203/session/a413851ccb6c0001605fd89de3ad7f26/execute/sync {'script': '/* isDisplayed */return (function(){return (function(){var g=this||self;\nfunction aa(a){var b=typeof...', 'args': [{'element-6066-11e4-a52e-4f735466cecf': 'f7f94f32-05d5-4aab-a9fb-0c78a259388d'}]}</msg>
<msg time="2025-01-16T11:24:26.631604" level="DEBUG">http://localhost:64203 "POST /session/a413851ccb6c0001605fd89de3ad7f26/execute/sync HTTP/1.1" 200 0</msg>
<msg time="2025-01-16T11:24:26.631604" level="DEBUG">Remote response: status=200 | data={"value":true} | headers=HTTPHeaderDict({'Content-Length': '14', 'Content-Type': 'application/json; charset=utf-8', 'cache-control': 'no-cache'})</msg>
<msg time="2025-01-16T11:24:26.631604" level="DEBUG">Finished Request</msg>
<msg time="2025-01-16T11:24:26.832651" level="DEBUG">POST http://localhost:64203/session/a413851ccb6c0001605fd89de3ad7f26/elements {'using': 'css selector', 'value': '[id="workingOn"]'}</msg>
<msg time="2025-01-16T11:24:26.838654" level="DEBUG">http://localhost:64203 "POST /session/a413851ccb6c0001605fd89de3ad7f26/elements HTTP/1.1" 200 0</msg>
<msg time="2025-01-16T11:24:26.838654" level="DEBUG">Remote response: status=200 | data={"value":[{"element-6066-11e4-a52e-4f735466cecf":"f7f94f32-05d5-4aab-a9fb-0c78a259388d"}]} | headers=HTTPHeaderDict({'Content-Length': '90', 'Content-Type': 'application/json; charset=utf-8', 'cache-control': 'no-cache'})</msg>
<msg time="2025-01-16T11:24:26.838654" level="DEBUG">Finished Request</msg>
<msg time="2025-01-16T11:24:26.839653" level="DEBUG">POST http://localhost:64203/session/a413851ccb6c0001605fd89de3ad7f26/execute/sync {'script': '/* isDisplayed */return (function(){return (function(){var g=this||self;\nfunction aa(a){var b=typeof...', 'args': [{'element-6066-11e4-a52e-4f735466cecf': 'f7f94f32-05d5-4aab-a9fb-0c78a259388d'}]}</msg>
<msg time="2025-01-16T11:24:26.844651" level="DEBUG">http://localhost:64203 "POST /session/a413851ccb6c0001605fd89de3ad7f26/execute/sync HTTP/1.1" 200 0</msg>
<msg time="2025-01-16T11:24:26.844651" level="DEBUG">Remote response: status=200 | data={"value":true} | headers=HTTPHeaderDict({'Content-Length': '14', 'Content-Type': 'application/json; charset=utf-8', 'cache-control': 'no-cache'})</msg>
<msg time="2025-01-16T11:24:26.844651" level="DEBUG">Finished Request</msg>
<msg time="2025-01-16T11:24:27.045702" level="DEBUG">POST http://localhost:64203/session/a413851ccb6c0001605fd89de3ad7f26/elements {'using': 'css selector', 'value': '[id="workingOn"]'}</msg>
<msg time="2025-01-16T11:24:27.049701" level="DEBUG">http://localhost:64203 "POST /session/a413851ccb6c0001605fd89de3ad7f26/elements HTTP/1.1" 200 0</msg>
<msg time="2025-01-16T11:24:27.050706" level="DEBUG">Remote response: status=200 | data={"value":[{"element-6066-11e4-a52e-4f735466cecf":"f7f94f32-05d5-4aab-a9fb-0c78a259388d"}]} | headers=HTTPHeaderDict({'Content-Length': '90', 'Content-Type': 'application/json; charset=utf-8', 'cache-control': 'no-cache'})</msg>
<msg time="2025-01-16T11:24:27.050706" level="DEBUG">Finished Request</msg>
<msg time="2025-01-16T11:24:27.050706" level="DEBUG">POST http://localhost:64203/session/a413851ccb6c0001605fd89de3ad7f26/execute/sync {'script': '/* isDisplayed */return (function(){return (function(){var g=this||self;\nfunction aa(a){var b=typeof...', 'args': [{'element-6066-11e4-a52e-4f735466cecf': 'f7f94f32-05d5-4aab-a9fb-0c78a259388d'}]}</msg>
<msg time="2025-01-16T11:24:27.054703" level="DEBUG">http://localhost:64203 "POST /session/a413851ccb6c0001605fd89de3ad7f26/execute/sync HTTP/1.1" 200 0</msg>
<msg time="2025-01-16T11:24:27.054703" level="DEBUG">Remote response: status=200 | data={"value":true} | headers=HTTPHeaderDict({'Content-Length': '14', 'Content-Type': 'application/json; charset=utf-8', 'cache-control': 'no-cache'})</msg>
<msg time="2025-01-16T11:24:27.054703" level="DEBUG">Finished Request</msg>
<msg time="2025-01-16T11:24:27.256296" level="DEBUG">POST http://localhost:64203/session/a413851ccb6c0001605fd89de3ad7f26/elements {'using': 'css selector', 'value': '[id="workingOn"]'}</msg>
<msg time="2025-01-16T11:24:27.263296" level="DEBUG">http://localhost:64203 "POST /session/a413851ccb6c0001605fd89de3ad7f26/elements HTTP/1.1" 200 0</msg>
<msg time="2025-01-16T11:24:27.263296" level="DEBUG">Remote response: status=200 | data={"value":[{"element-6066-11e4-a52e-4f735466cecf":"f7f94f32-05d5-4aab-a9fb-0c78a259388d"}]} | headers=HTTPHeaderDict({'Content-Length': '90', 'Content-Type': 'application/json; charset=utf-8', 'cache-control': 'no-cache'})</msg>
<msg time="2025-01-16T11:24:27.263296" level="DEBUG">Finished Request</msg>
<msg time="2025-01-16T11:24:27.263296" level="DEBUG">POST http://localhost:64203/session/a413851ccb6c0001605fd89de3ad7f26/execute/sync {'script': '/* isDisplayed */return (function(){return (function(){var g=this||self;\nfunction aa(a){var b=typeof...', 'args': [{'element-6066-11e4-a52e-4f735466cecf': 'f7f94f32-05d5-4aab-a9fb-0c78a259388d'}]}</msg>
<msg time="2025-01-16T11:24:27.270298" level="DEBUG">http://localhost:64203 "POST /session/a413851ccb6c0001605fd89de3ad7f26/execute/sync HTTP/1.1" 200 0</msg>
<msg time="2025-01-16T11:24:27.271296" level="DEBUG">Remote response: status=200 | data={"value":true} | headers=HTTPHeaderDict({'Content-Length': '14', 'Content-Type': 'application/json; charset=utf-8', 'cache-control': 'no-cache'})</msg>
<msg time="2025-01-16T11:24:27.271296" level="DEBUG">Finished Request</msg>
<msg time="2025-01-16T11:24:27.472296" level="DEBUG">POST http://localhost:64203/session/a413851ccb6c0001605fd89de3ad7f26/elements {'using': 'css selector', 'value': '[id="workingOn"]'}</msg>
<msg time="2025-01-16T11:24:27.478295" level="DEBUG">http://localhost:64203 "POST /session/a413851ccb6c0001605fd89de3ad7f26/elements HTTP/1.1" 200 0</msg>
<msg time="2025-01-16T11:24:27.478295" level="DEBUG">Remote response: status=200 | data={"value":[{"element-6066-11e4-a52e-4f735466cecf":"f7f94f32-05d5-4aab-a9fb-0c78a259388d"}]} | headers=HTTPHeaderDict({'Content-Length': '90', 'Content-Type': 'application/json; charset=utf-8', 'cache-control': 'no-cache'})</msg>
<msg time="2025-01-16T11:24:27.478295" level="DEBUG">Finished Request</msg>
<msg time="2025-01-16T11:24:27.478295" level="DEBUG">POST http://localhost:64203/session/a413851ccb6c0001605fd89de3ad7f26/execute/sync {'script': '/* isDisplayed */return (function(){return (function(){var g=this||self;\nfunction aa(a){var b=typeof...', 'args': [{'element-6066-11e4-a52e-4f735466cecf': 'f7f94f32-05d5-4aab-a9fb-0c78a259388d'}]}</msg>
<msg time="2025-01-16T11:24:27.483295" level="DEBUG">http://localhost:64203 "POST /session/a413851ccb6c0001605fd89de3ad7f26/execute/sync HTTP/1.1" 200 0</msg>
<msg time="2025-01-16T11:24:27.483295" level="DEBUG">Remote response: status=200 | data={"value":true} | headers=HTTPHeaderDict({'Content-Length': '14', 'Content-Type': 'application/json; charset=utf-8', 'cache-control': 'no-cache'})</msg>
<msg time="2025-01-16T11:24:27.483295" level="DEBUG">Finished Request</msg>
<msg time="2025-01-16T11:24:27.684298" level="DEBUG">POST http://localhost:64203/session/a413851ccb6c0001605fd89de3ad7f26/elements {'using': 'css selector', 'value': '[id="workingOn"]'}</msg>
<msg time="2025-01-16T11:24:27.691294" level="DEBUG">http://localhost:64203 "POST /session/a413851ccb6c0001605fd89de3ad7f26/elements HTTP/1.1" 200 0</msg>
<msg time="2025-01-16T11:24:27.691294" level="DEBUG">Remote response: status=200 | data={"value":[]} | headers=HTTPHeaderDict({'Content-Length': '12', 'Content-Type': 'application/json; charset=utf-8', 'cache-control': 'no-cache'})</msg>
<msg time="2025-01-16T11:24:27.691294" level="DEBUG">Finished Request</msg>
<msg time="2025-01-16T11:24:27.691294" level="TRACE">Return: None</msg>
<arg>id=workingOn</arg>
<arg>timeout=300</arg>
<doc>Waits until the element ``locator`` is not visible.</doc>
<status status="PASS" start="2025-01-16T11:24:25.551330" elapsed="2.139964"/>
</kw>
<kw name="Wait Until Page Contains Element" owner="SeleniumLibrary">
<msg time="2025-01-16T11:24:27.691294" level="TRACE">Arguments: [ 'id=noJobsRunning' | timeout=datetime.timedelta(seconds=300) ]</msg>
<msg time="2025-01-16T11:24:27.692294" level="DEBUG">POST http://localhost:64203/session/a413851ccb6c0001605fd89de3ad7f26/elements {'using': 'css selector', 'value': '[id="noJobsRunning"]'}</msg>
<msg time="2025-01-16T11:24:27.698295" level="DEBUG">http://localhost:64203 "POST /session/a413851ccb6c0001605fd89de3ad7f26/elements HTTP/1.1" 200 0</msg>
<msg time="2025-01-16T11:24:27.698295" level="DEBUG">Remote response: status=200 | data={"value":[{"element-6066-11e4-a52e-4f735466cecf":"5f39d76c-ca23-405a-bd4d-01769488f774"}]} | headers=HTTPHeaderDict({'Content-Length': '90', 'Content-Type': 'application/json; charset=utf-8', 'cache-control': 'no-cache'})</msg>
<msg time="2025-01-16T11:24:27.698295" level="DEBUG">Finished Request</msg>
<msg time="2025-01-16T11:24:27.698295" level="TRACE">Return: None</msg>
<arg>id=noJobsRunning</arg>
<arg>timeout=300</arg>
<doc>Waits until the element ``locator`` appears on the current page.</doc>
<status status="PASS" start="2025-01-16T11:24:27.691294" elapsed="0.007001"/>
</kw>
<kw name="Page Should Contain Element" owner="SeleniumLibrary">
<msg time="2025-01-16T11:24:27.699296" level="TRACE">Arguments: [ 'id=btnGreatNoErrorsNoWarnings' ]</msg>
<msg time="2025-01-16T11:24:27.699296" level="DEBUG">POST http://localhost:64203/session/a413851ccb6c0001605fd89de3ad7f26/elements {'using': 'css selector', 'value': '[id="btnGreatNoErrorsNoWarnings"]'}</msg>
<msg time="2025-01-16T11:24:27.709294" level="DEBUG">http://localhost:64203 "POST /session/a413851ccb6c0001605fd89de3ad7f26/elements HTTP/1.1" 200 0</msg>
<msg time="2025-01-16T11:24:27.709294" level="DEBUG">Remote response: status=200 | data={"value":[{"element-6066-11e4-a52e-4f735466cecf":"3a643585-2127-4e66-a87e-60a5cd63f6ca"}]} | headers=HTTPHeaderDict({'Content-Length': '90', 'Content-Type': 'application/json; charset=utf-8', 'cache-control': 'no-cache'})</msg>
<msg time="2025-01-16T11:24:27.709294" level="DEBUG">Finished Request</msg>
<msg time="2025-01-16T11:24:27.709294" level="INFO">Current page contains element 'id=btnGreatNoErrorsNoWarnings'.</msg>
<msg time="2025-01-16T11:24:27.709294" level="TRACE">Return: None</msg>
<arg>id=btnGreatNoErrorsNoWarnings</arg>
<doc>Verifies that element ``locator`` is found on the current page.</doc>
<status status="PASS" start="2025-01-16T11:24:27.699296" elapsed="0.009998"/>
</kw>
<kw name="Sleep" owner="BuiltIn">
<msg time="2025-01-16T11:24:27.710294" level="TRACE">Arguments: [ '5s' ]</msg>
<msg time="2025-01-16T11:24:32.711196" level="INFO">Slept 5 seconds.</msg>
<msg time="2025-01-16T11:24:32.711196" level="TRACE">Return: None</msg>
<arg>5s</arg>
<doc>Pauses the test executed for the given time.</doc>
<status status="PASS" start="2025-01-16T11:24:27.710294" elapsed="5.000902"/>
</kw>
<kw name="Close Electron Application" owner="utilities">
<msg time="2025-01-16T11:24:32.711196" level="TRACE">Arguments: [  ]</msg>
<kw name="Kill Reportburster Exe Process" owner="utilities">
<msg time="2025-01-16T11:24:32.711196" level="TRACE">Arguments: [  ]</msg>
<msg time="2025-01-16T11:24:32.712195" level="INFO">Log file path: C:\Projects\all-repos\src\prd\rb\asbl\target/uat/rb/ReportBurster\logs\electron.log</msg>
<msg time="2025-01-16T11:24:32.712195" level="TRACE">Return: None</msg>
<status status="PASS" start="2025-01-16T11:24:32.711196" elapsed="0.000999"/>
</kw>
<msg time="2025-01-16T11:24:32.712195" level="TRACE">Return: None</msg>
<doc>Kills the Electron application process</doc>
<status status="PASS" start="2025-01-16T11:24:32.711196" elapsed="0.001959"/>
</kw>
<msg time="2025-01-16T11:24:32.713155" level="TRACE">Return: None</msg>
<status status="PASS" start="2025-01-16T11:23:34.744918" elapsed="57.968237"/>
</kw>
<kw name="Sleep" owner="BuiltIn">
<msg time="2025-01-16T11:24:32.713155" level="TRACE">Arguments: [ '1s' ]</msg>
<msg time="2025-01-16T11:24:33.713349" level="INFO">Slept 1 second.</msg>
<msg time="2025-01-16T11:24:33.713349" level="TRACE">Return: None</msg>
<arg>1s</arg>
<doc>Pauses the test executed for the given time.</doc>
<status status="PASS" start="2025-01-16T11:24:32.713155" elapsed="1.000194"/>
</kw>
<kw name="Ensure Java Is Not Installed" owner="utilities">
<msg time="2025-01-16T11:24:33.714703" level="TRACE">Arguments: [  ]</msg>
<msg time="2025-01-16T11:24:55.451524" level="INFO">Chocolatey is installed. (ensure_java_is_not_installed)
Uninstalling maven with Chocolatey...
Uninstalling Temurin11 with Chocolatey...
Java is not installed on this computer.</msg>
<msg time="2025-01-16T11:24:55.451524" level="TRACE">Return: None</msg>
<status status="PASS" start="2025-01-16T11:24:33.714703" elapsed="21.736821"/>
</kw>
<kw name="Kill Reportburster Exe Process" owner="utilities" type="TEARDOWN">
<msg time="2025-01-16T11:24:55.452560" level="TRACE">Arguments: [  ]</msg>
<msg time="2025-01-16T11:24:55.452560" level="INFO">Log file path: C:\Projects\all-repos\src\prd\rb\asbl\target/uat/rb/ReportBurster\logs\electron.log
No process found with PID: 18992</msg>
<msg time="2025-01-16T11:24:55.452560" level="TRACE">Return: None</msg>
<status status="PASS" start="2025-01-16T11:24:55.452560" elapsed="0.000000"/>
</kw>
<doc>Payslips.pdf Should Work Fine</doc>
<status status="PASS" start="2025-01-16T11:23:26.728422" elapsed="88.725102"/>
</test>
<status status="PASS" start="2025-01-16T11:23:26.207216" elapsed="89.247310"/>
</suite>
<status status="PASS" start="2025-01-16T11:23:26.191215" elapsed="89.266362"/>
</suite>
<statistics>
<total>
<stat pass="1" fail="0" skip="0">All Tests</stat>
</total>
<tag>
</tag>
<suite>
<stat pass="1" fail="0" skip="0" id="s1" name="Tests">Tests</stat>
<stat pass="1" fail="0" skip="0" id="s1-s1" name="ReportBurster.exe-quickstart">Tests.ReportBurster.exe-quickstart</stat>
</suite>
</statistics>
<errors>
</errors>
</robot>
