<?xml version="1.0" encoding="UTF-8"?>
<robot generator="Rebot 7.2.2 (Python 3.12.6 on win32)" generated="2025-02-24T13:32:35.353640" rpa="false" schemaversion="5">
<suite id="s1" name="Tests" source="C:\Projects\all-repos\src\prd\rb\asbl\src\uat\tests">
<suite id="s1-s1" name="Different-Java-Versions" source="C:\Projects\all-repos\src\prd\rb\asbl\src\uat\tests\different-java-versions.robot">
<test id="s1-s1-t1" name="ReportBurster.exe Latest Java" line="24">
<kw name="Clean Output Folders And Log Files" owner="utilities" type="SETUP">
<msg time="2025-02-24T13:15:43.938015" level="TRACE">Arguments: [  ]</msg>
<msg time="2025-02-24T13:15:43.938997" level="TRACE">Return: None</msg>
<status status="PASS" start="2025-02-24T13:15:43.936992" elapsed="0.002005"/>
</kw>
<kw name="Ensure Chocolatey Is Installed" owner="utilities">
<msg time="2025-02-24T13:15:43.938997" level="TRACE">Arguments: [  ]</msg>
<msg time="2025-02-24T13:15:45.262198" level="INFO">Output of 'choco -v': 2.4.2

Chocolatey is already installed.</msg>
<msg time="2025-02-24T13:15:45.262198" level="TRACE">Return: None</msg>
<status status="PASS" start="2025-02-24T13:15:43.938997" elapsed="1.323201"/>
</kw>
<kw name="Sleep" owner="BuiltIn">
<msg time="2025-02-24T13:15:45.263205" level="TRACE">Arguments: [ '1s' ]</msg>
<msg time="2025-02-24T13:15:46.264318" level="INFO">Slept 1 second.</msg>
<msg time="2025-02-24T13:15:46.264318" level="TRACE">Return: None</msg>
<arg>1s</arg>
<doc>Pauses the test executed for the given time.</doc>
<status status="PASS" start="2025-02-24T13:15:45.262198" elapsed="1.002120"/>
</kw>
<kw name="Refresh Env Variables" owner="utilities">
<msg time="2025-02-24T13:15:46.266024" level="TRACE">Arguments: [  ]</msg>
<msg time="2025-02-24T13:15:47.316044" level="TRACE">Return: None</msg>
<status status="PASS" start="2025-02-24T13:15:46.265024" elapsed="1.051020"/>
</kw>
<kw name="Sleep" owner="BuiltIn">
<msg time="2025-02-24T13:15:47.316044" level="TRACE">Arguments: [ '1s' ]</msg>
<msg time="2025-02-24T13:15:48.317602" level="INFO">Slept 1 second.</msg>
<msg time="2025-02-24T13:15:48.317963" level="TRACE">Return: None</msg>
<arg>1s</arg>
<doc>Pauses the test executed for the given time.</doc>
<status status="PASS" start="2025-02-24T13:15:47.316044" elapsed="1.001919"/>
</kw>
<kw name="Ensure Java Is Not Installed" owner="utilities">
<msg time="2025-02-24T13:15:48.318963" level="TRACE">Arguments: [  ]</msg>
<msg time="2025-02-24T13:16:12.076246" level="INFO">Chocolatey is installed. (ensure_java_is_not_installed)
Uninstalling maven with Chocolatey...
Uninstalling Temurin11 with Chocolatey...
Java is not installed on this computer.</msg>
<msg time="2025-02-24T13:16:12.076246" level="TRACE">Return: None</msg>
<status status="PASS" start="2025-02-24T13:15:48.318963" elapsed="23.757283"/>
</kw>
<kw name="Sleep" owner="BuiltIn">
<msg time="2025-02-24T13:16:12.076246" level="TRACE">Arguments: [ '1s' ]</msg>
<msg time="2025-02-24T13:16:13.077762" level="INFO">Slept 1 second.</msg>
<msg time="2025-02-24T13:16:13.077762" level="TRACE">Return: None</msg>
<arg>1s</arg>
<doc>Pauses the test executed for the given time.</doc>
<status status="PASS" start="2025-02-24T13:16:12.076246" elapsed="1.001516"/>
</kw>
<kw name="Refresh Env Variables" owner="utilities">
<msg time="2025-02-24T13:16:13.078815" level="TRACE">Arguments: [  ]</msg>
<msg time="2025-02-24T13:16:13.653183" level="TRACE">Return: None</msg>
<status status="PASS" start="2025-02-24T13:16:13.077762" elapsed="0.575421"/>
</kw>
<kw name="Sleep" owner="BuiltIn">
<msg time="2025-02-24T13:16:13.654147" level="TRACE">Arguments: [ '1s' ]</msg>
<msg time="2025-02-24T13:16:14.654843" level="INFO">Slept 1 second.</msg>
<msg time="2025-02-24T13:16:14.654843" level="TRACE">Return: None</msg>
<arg>1s</arg>
<doc>Pauses the test executed for the given time.</doc>
<status status="PASS" start="2025-02-24T13:16:13.654147" elapsed="1.000696"/>
</kw>
<kw name="Ensure Java Is Installed" owner="utilities">
<msg time="2025-02-24T13:16:14.657481" level="TRACE">Arguments: [ 'latest' ]</msg>
<msg time="2025-02-24T13:17:08.134083" level="INFO">Java is not installed. Installing now...
Output of 'choco -v': 2.4.2

Chocolatey is already installed.
Java latest has been installed.</msg>
<msg time="2025-02-24T13:17:08.134083" level="TRACE">Return: None</msg>
<arg>latest</arg>
<status status="PASS" start="2025-02-24T13:16:14.657481" elapsed="53.476602"/>
</kw>
<kw name="Sleep" owner="BuiltIn">
<msg time="2025-02-24T13:17:08.135117" level="TRACE">Arguments: [ '1s' ]</msg>
<msg time="2025-02-24T13:17:09.135469" level="INFO">Slept 1 second.</msg>
<msg time="2025-02-24T13:17:09.135469" level="TRACE">Return: None</msg>
<arg>1s</arg>
<doc>Pauses the test executed for the given time.</doc>
<status status="PASS" start="2025-02-24T13:17:08.135117" elapsed="1.000352"/>
</kw>
<kw name="Refresh Env Variables" owner="utilities">
<msg time="2025-02-24T13:17:09.135469" level="TRACE">Arguments: [  ]</msg>
<msg time="2025-02-24T13:17:09.627603" level="TRACE">Return: None</msg>
<status status="PASS" start="2025-02-24T13:17:09.135469" elapsed="0.492134"/>
</kw>
<kw name="Sleep" owner="BuiltIn">
<msg time="2025-02-24T13:17:09.628567" level="TRACE">Arguments: [ '1s' ]</msg>
<msg time="2025-02-24T13:17:10.628687" level="INFO">Slept 1 second.</msg>
<msg time="2025-02-24T13:17:10.628687" level="TRACE">Return: None</msg>
<arg>1s</arg>
<doc>Pauses the test executed for the given time.</doc>
<status status="PASS" start="2025-02-24T13:17:09.628567" elapsed="1.000120"/>
</kw>
<kw name="Sleep" owner="BuiltIn">
<msg time="2025-02-24T13:17:10.628687" level="TRACE">Arguments: [ '1s' ]</msg>
<msg time="2025-02-24T13:17:11.630176" level="INFO">Slept 1 second.</msg>
<msg time="2025-02-24T13:17:11.630176" level="TRACE">Return: None</msg>
<arg>1s</arg>
<doc>Pauses the test executed for the given time.</doc>
<status status="PASS" start="2025-02-24T13:17:10.628687" elapsed="1.001489"/>
</kw>
<kw name="Ensure Java Is Not Installed" owner="utilities">
<msg time="2025-02-24T13:17:11.630176" level="TRACE">Arguments: [  ]</msg>
<msg time="2025-02-24T13:17:26.605852" level="INFO">Chocolatey is installed. (ensure_java_is_not_installed)
Uninstalling Temurin with Chocolatey...
Java is not installed on this computer.</msg>
<msg time="2025-02-24T13:17:26.606886" level="TRACE">Return: None</msg>
<status status="PASS" start="2025-02-24T13:17:11.630176" elapsed="14.976797"/>
</kw>
<kw name="Sleep" owner="BuiltIn">
<msg time="2025-02-24T13:17:26.607204" level="TRACE">Arguments: [ '1s' ]</msg>
<msg time="2025-02-24T13:17:27.607331" level="INFO">Slept 1 second.</msg>
<msg time="2025-02-24T13:17:27.607331" level="TRACE">Return: None</msg>
<arg>1s</arg>
<doc>Pauses the test executed for the given time.</doc>
<status status="PASS" start="2025-02-24T13:17:26.607204" elapsed="1.000127"/>
</kw>
<kw name="Refresh Env Variables" owner="utilities">
<msg time="2025-02-24T13:17:27.607331" level="TRACE">Arguments: [  ]</msg>
<msg time="2025-02-24T13:17:28.110922" level="TRACE">Return: None</msg>
<status status="PASS" start="2025-02-24T13:17:27.607331" elapsed="0.503591"/>
</kw>
<doc>Quickstart Payslips.pdf Should Work Fine (Latest Java)</doc>
<status status="PASS" start="2025-02-24T13:15:43.935727" elapsed="104.175195"/>
</test>
<test id="s1-s1-t2" name="startServer.bat and shutServer.bat Should Work Fine Latest Java" line="50">
<kw name="Clean Output Folders And Log Files" owner="utilities" type="SETUP">
<msg time="2025-02-24T13:17:28.114922" level="TRACE">Arguments: [  ]</msg>
<msg time="2025-02-24T13:17:28.115921" level="TRACE">Return: None</msg>
<status status="PASS" start="2025-02-24T13:17:28.114922" elapsed="0.000999"/>
</kw>
<kw name="Ensure Chocolatey Is Installed" owner="utilities">
<msg time="2025-02-24T13:17:28.115921" level="TRACE">Arguments: [  ]</msg>
<msg time="2025-02-24T13:17:29.435717" level="INFO">Output of 'choco -v': 2.4.2

Chocolatey is already installed.</msg>
<msg time="2025-02-24T13:17:29.435717" level="TRACE">Return: None</msg>
<status status="PASS" start="2025-02-24T13:17:28.115921" elapsed="1.319796"/>
</kw>
<kw name="Sleep" owner="BuiltIn">
<msg time="2025-02-24T13:17:29.437002" level="TRACE">Arguments: [ '1s' ]</msg>
<msg time="2025-02-24T13:17:30.437335" level="INFO">Slept 1 second.</msg>
<msg time="2025-02-24T13:17:30.437335" level="TRACE">Return: None</msg>
<arg>1s</arg>
<doc>Pauses the test executed for the given time.</doc>
<status status="PASS" start="2025-02-24T13:17:29.436800" elapsed="1.000535"/>
</kw>
<kw name="Refresh Env Variables" owner="utilities">
<msg time="2025-02-24T13:17:30.437895" level="TRACE">Arguments: [  ]</msg>
<msg time="2025-02-24T13:17:30.922907" level="TRACE">Return: None</msg>
<status status="PASS" start="2025-02-24T13:17:30.437895" elapsed="0.485012"/>
</kw>
<kw name="Sleep" owner="BuiltIn">
<msg time="2025-02-24T13:17:30.923906" level="TRACE">Arguments: [ '1s' ]</msg>
<msg time="2025-02-24T13:17:31.924460" level="INFO">Slept 1 second.</msg>
<msg time="2025-02-24T13:17:31.924460" level="TRACE">Return: None</msg>
<arg>1s</arg>
<doc>Pauses the test executed for the given time.</doc>
<status status="PASS" start="2025-02-24T13:17:30.923906" elapsed="1.000554"/>
</kw>
<kw name="Ensure Java Is Not Installed" owner="utilities">
<msg time="2025-02-24T13:17:31.924460" level="TRACE">Arguments: [  ]</msg>
<msg time="2025-02-24T13:17:35.144848" level="INFO">Chocolatey is installed. (ensure_java_is_not_installed)
Java is not installed on this computer.</msg>
<msg time="2025-02-24T13:17:35.144848" level="TRACE">Return: None</msg>
<status status="PASS" start="2025-02-24T13:17:31.924460" elapsed="3.220388"/>
</kw>
<kw name="Sleep" owner="BuiltIn">
<msg time="2025-02-24T13:17:35.145847" level="TRACE">Arguments: [ '1s' ]</msg>
<msg time="2025-02-24T13:17:36.146372" level="INFO">Slept 1 second.</msg>
<msg time="2025-02-24T13:17:36.146372" level="TRACE">Return: None</msg>
<arg>1s</arg>
<doc>Pauses the test executed for the given time.</doc>
<status status="PASS" start="2025-02-24T13:17:35.145847" elapsed="1.000525"/>
</kw>
<kw name="Refresh Env Variables" owner="utilities">
<msg time="2025-02-24T13:17:36.146372" level="TRACE">Arguments: [  ]</msg>
<msg time="2025-02-24T13:17:36.633794" level="TRACE">Return: None</msg>
<status status="PASS" start="2025-02-24T13:17:36.146372" elapsed="0.487422"/>
</kw>
<kw name="Sleep" owner="BuiltIn">
<msg time="2025-02-24T13:17:36.634760" level="TRACE">Arguments: [ '1s' ]</msg>
<msg time="2025-02-24T13:17:37.635319" level="INFO">Slept 1 second.</msg>
<msg time="2025-02-24T13:17:37.635319" level="TRACE">Return: None</msg>
<arg>1s</arg>
<doc>Pauses the test executed for the given time.</doc>
<status status="PASS" start="2025-02-24T13:17:36.633794" elapsed="1.001525"/>
</kw>
<kw name="Ensure Java Is Installed" owner="utilities">
<msg time="2025-02-24T13:17:37.636308" level="TRACE">Arguments: [ 'latest' ]</msg>
<msg time="2025-02-24T13:17:54.020391" level="INFO">Java is not installed. Installing now...
Output of 'choco -v': 2.4.2

Chocolatey is already installed.
Java latest has been installed.</msg>
<msg time="2025-02-24T13:17:54.020391" level="TRACE">Return: None</msg>
<arg>latest</arg>
<status status="PASS" start="2025-02-24T13:17:37.636308" elapsed="16.385083"/>
</kw>
<kw name="Sleep" owner="BuiltIn">
<msg time="2025-02-24T13:17:54.021391" level="TRACE">Arguments: [ '1s' ]</msg>
<msg time="2025-02-24T13:17:55.021990" level="INFO">Slept 1 second.</msg>
<msg time="2025-02-24T13:17:55.021990" level="TRACE">Return: None</msg>
<arg>1s</arg>
<doc>Pauses the test executed for the given time.</doc>
<status status="PASS" start="2025-02-24T13:17:54.021391" elapsed="1.000599"/>
</kw>
<kw name="Refresh Env Variables" owner="utilities">
<msg time="2025-02-24T13:17:55.021990" level="TRACE">Arguments: [  ]</msg>
<msg time="2025-02-24T13:17:55.363156" level="TRACE">Return: None</msg>
<status status="PASS" start="2025-02-24T13:17:55.021990" elapsed="0.341166"/>
</kw>
<kw name="Sleep" owner="BuiltIn">
<msg time="2025-02-24T13:17:55.363156" level="TRACE">Arguments: [ '1s' ]</msg>
<msg time="2025-02-24T13:17:56.363744" level="INFO">Slept 1 second.</msg>
<msg time="2025-02-24T13:17:56.363744" level="TRACE">Return: None</msg>
<arg>1s</arg>
<doc>Pauses the test executed for the given time.</doc>
<status status="PASS" start="2025-02-24T13:17:55.363156" elapsed="1.000588"/>
</kw>
<kw name="Sleep" owner="BuiltIn">
<msg time="2025-02-24T13:17:56.363744" level="TRACE">Arguments: [ '1s' ]</msg>
<msg time="2025-02-24T13:17:57.363884" level="INFO">Slept 1 second.</msg>
<msg time="2025-02-24T13:17:57.363884" level="TRACE">Return: None</msg>
<arg>1s</arg>
<doc>Pauses the test executed for the given time.</doc>
<status status="PASS" start="2025-02-24T13:17:56.363744" elapsed="1.000140"/>
</kw>
<kw name="Ensure Java Is Not Installed" owner="utilities">
<msg time="2025-02-24T13:17:57.363884" level="TRACE">Arguments: [  ]</msg>
<msg time="2025-02-24T13:18:09.113811" level="INFO">Chocolatey is installed. (ensure_java_is_not_installed)
Uninstalling Temurin with Chocolatey...
Java is not installed on this computer.</msg>
<msg time="2025-02-24T13:18:09.113811" level="TRACE">Return: None</msg>
<status status="PASS" start="2025-02-24T13:17:57.363884" elapsed="11.749927"/>
</kw>
<kw name="Sleep" owner="BuiltIn">
<msg time="2025-02-24T13:18:09.114809" level="TRACE">Arguments: [ '1s' ]</msg>
<msg time="2025-02-24T13:18:10.114906" level="INFO">Slept 1 second.</msg>
<msg time="2025-02-24T13:18:10.114906" level="TRACE">Return: None</msg>
<arg>1s</arg>
<doc>Pauses the test executed for the given time.</doc>
<status status="PASS" start="2025-02-24T13:18:09.114809" elapsed="1.000097"/>
</kw>
<kw name="Refresh Env Variables" owner="utilities">
<msg time="2025-02-24T13:18:10.114906" level="TRACE">Arguments: [  ]</msg>
<msg time="2025-02-24T13:18:10.452279" level="TRACE">Return: None</msg>
<status status="PASS" start="2025-02-24T13:18:10.114906" elapsed="0.337373"/>
</kw>
<doc>startServer.bat and shutServer.bat Should Work Fine (Latest Java)</doc>
<status status="PASS" start="2025-02-24T13:17:28.112919" elapsed="42.339360"/>
</test>
<status status="PASS" start="2025-02-24T13:15:43.072922" elapsed="147.381357"/>
</suite>
<suite id="s1-s2" name="ReportBurster-Server" source="C:\Projects\all-repos\src\prd\rb\asbl\src\uat\tests\ReportBurster-Server.robot">
<test id="s1-s2-t1" name="startServer.bat and shutServer.bat Scripts Should Work Fine" line="15">
<kw name="Clean Output Folders And Log Files" owner="utilities" type="SETUP">
<msg time="2025-02-24T13:18:10.794964" level="TRACE">Arguments: [ product='server' ]</msg>
<msg time="2025-02-24T13:18:10.801803" level="TRACE">Return: None</msg>
<arg>product=server</arg>
<status status="PASS" start="2025-02-24T13:18:10.794964" elapsed="0.006839"/>
</kw>
<kw name="Ensure Chocolatey Is Installed" owner="utilities">
<msg time="2025-02-24T13:18:10.801803" level="TRACE">Arguments: [  ]</msg>
<msg time="2025-02-24T13:18:11.661011" level="INFO">Output of 'choco -v': 2.4.2

Chocolatey is already installed.</msg>
<msg time="2025-02-24T13:18:11.661011" level="TRACE">Return: None</msg>
<status status="PASS" start="2025-02-24T13:18:10.801803" elapsed="0.859208"/>
</kw>
<kw name="Sleep" owner="BuiltIn">
<msg time="2025-02-24T13:18:11.661011" level="TRACE">Arguments: [ '1s' ]</msg>
<msg time="2025-02-24T13:18:12.661417" level="INFO">Slept 1 second.</msg>
<msg time="2025-02-24T13:18:12.661417" level="TRACE">Return: None</msg>
<arg>1s</arg>
<doc>Pauses the test executed for the given time.</doc>
<status status="PASS" start="2025-02-24T13:18:11.661011" elapsed="1.000406"/>
</kw>
<kw name="Refresh Env Variables" owner="utilities">
<msg time="2025-02-24T13:18:12.661417" level="TRACE">Arguments: [  ]</msg>
<msg time="2025-02-24T13:18:12.994969" level="TRACE">Return: None</msg>
<status status="PASS" start="2025-02-24T13:18:12.661417" elapsed="0.333552"/>
</kw>
<kw name="Sleep" owner="BuiltIn">
<msg time="2025-02-24T13:18:12.994969" level="TRACE">Arguments: [ '1s' ]</msg>
<msg time="2025-02-24T13:18:13.996465" level="INFO">Slept 1 second.</msg>
<msg time="2025-02-24T13:18:13.996465" level="TRACE">Return: None</msg>
<arg>1s</arg>
<doc>Pauses the test executed for the given time.</doc>
<status status="PASS" start="2025-02-24T13:18:12.994969" elapsed="1.001496"/>
</kw>
<kw name="Ensure Java Is Installed" owner="utilities">
<msg time="2025-02-24T13:18:13.997240" level="TRACE">Arguments: [  ]</msg>
<msg time="2025-02-24T13:18:36.567949" level="INFO">Java is not installed. Installing now...
Output of 'choco -v': 2.4.2

Chocolatey is already installed.
Java 11 has been installed.</msg>
<msg time="2025-02-24T13:18:36.567949" level="TRACE">Return: None</msg>
<status status="PASS" start="2025-02-24T13:18:13.997050" elapsed="22.570899"/>
</kw>
<kw name="Sleep" owner="BuiltIn">
<msg time="2025-02-24T13:18:36.569062" level="TRACE">Arguments: [ '1s' ]</msg>
<msg time="2025-02-24T13:18:37.569361" level="INFO">Slept 1 second.</msg>
<msg time="2025-02-24T13:18:37.569361" level="TRACE">Return: None</msg>
<arg>1s</arg>
<doc>Pauses the test executed for the given time.</doc>
<status status="PASS" start="2025-02-24T13:18:36.569062" elapsed="1.000299"/>
</kw>
<kw name="Refresh Env Variables" owner="utilities">
<msg time="2025-02-24T13:18:37.570368" level="TRACE">Arguments: [  ]</msg>
<msg time="2025-02-24T13:18:37.914848" level="TRACE">Return: None</msg>
<status status="PASS" start="2025-02-24T13:18:37.570368" elapsed="0.344480"/>
</kw>
<kw name="Sleep" owner="BuiltIn">
<msg time="2025-02-24T13:18:37.914848" level="TRACE">Arguments: [ '1s' ]</msg>
<msg time="2025-02-24T13:18:38.915379" level="INFO">Slept 1 second.</msg>
<msg time="2025-02-24T13:18:38.915379" level="TRACE">Return: None</msg>
<arg>1s</arg>
<doc>Pauses the test executed for the given time.</doc>
<status status="PASS" start="2025-02-24T13:18:37.914848" elapsed="1.000531"/>
</kw>
<kw name="startServer.bat and shutServer.bat Should Work Fine" owner="utilities">
<msg time="2025-02-24T13:18:38.919060" level="TRACE">Arguments: [  ]</msg>
<kw name="Sleep" owner="BuiltIn">
<msg time="2025-02-24T13:18:38.920060" level="TRACE">Arguments: [ '1s' ]</msg>
<msg time="2025-02-24T13:18:39.920769" level="INFO">Slept 1 second.</msg>
<msg time="2025-02-24T13:18:39.920769" level="TRACE">Return: None</msg>
<arg>1s</arg>
<doc>Pauses the test executed for the given time.</doc>
<status status="PASS" start="2025-02-24T13:18:38.919060" elapsed="1.001709"/>
</kw>
<kw name="Start Server" owner="utilities">
<msg time="2025-02-24T13:18:39.920769" level="TRACE">Arguments: [  ]</msg>
<msg time="2025-02-24T13:18:39.929123" level="TRACE">Return: &lt;Popen: returncode: None args: ['cmd.exe', '/c', 'C:\\Projects\\all-repos\\s...&gt;</msg>
<status status="PASS" start="2025-02-24T13:18:39.920769" elapsed="0.008354"/>
</kw>
<kw name="Wait Until Keyword Succeeds" owner="BuiltIn">
<msg time="2025-02-24T13:18:39.929627" level="TRACE">Arguments: [ '10x' | '3s' | 'Check Server Is Running' ]</msg>
<kw name="Check Server Is Running">
<msg time="2025-02-24T13:18:39.930633" level="TRACE">Arguments: [  ]</msg>
<kw name="Create Session" owner="RequestsLibrary">
<msg time="2025-02-24T13:18:39.930633" level="TRACE">Arguments: [ 'server' | 'http://localhost:9090' ]</msg>
<msg time="2025-02-24T13:18:39.930633" level="INFO">Creating Session using : alias=server, url=http://localhost:9090, headers={},                     cookies={}, auth=None, timeout=None, proxies=None, verify=False,                     debug=0 </msg>
<msg time="2025-02-24T13:18:39.930633" level="DEBUG">Creating session: server</msg>
<msg time="2025-02-24T13:18:39.930633" level="TRACE">Return: &lt;requests.sessions.Session object at 0x0000021D465FD340&gt;</msg>
<arg>server</arg>
<arg>${SERVER_URL}</arg>
<doc>Create Session: create a HTTP session to a server</doc>
<status status="PASS" start="2025-02-24T13:18:39.930633" elapsed="0.000000"/>
</kw>
<kw name="GET On Session" owner="RequestsLibrary">
<msg time="2025-02-24T13:18:39.931634" level="TRACE">Arguments: [ 'server' | '/' ]</msg>
<msg time="2025-02-24T13:18:39.934525" level="DEBUG">Starting new HTTP connection (1): localhost:9090</msg>
<msg time="2025-02-24T13:18:44.024228" level="DEBUG">Incremented Retry for (url='/'): RetryAdapter(total=2, connect=None, read=None, redirect=None, status=None)</msg>
<msg time="2025-02-24T13:18:44.024228" level="WARN">Retrying (RetryAdapter(total=2, connect=None, read=None, redirect=None, status=None)) after connection broken by 'NewConnectionError('&lt;urllib3.connection.HTTPConnection object at 0x0000021D2CCCF7D0&gt;: Failed to establish a new connection: [WinError 10061] No connection could be made because the target machine actively refused it')': /</msg>
<msg time="2025-02-24T13:18:44.026638" level="DEBUG">Starting new HTTP connection (2): localhost:9090</msg>
<msg time="2025-02-24T13:18:48.075460" level="DEBUG">Incremented Retry for (url='/'): RetryAdapter(total=1, connect=None, read=None, redirect=None, status=None)</msg>
<msg time="2025-02-24T13:18:48.276200" level="WARN">Retrying (RetryAdapter(total=1, connect=None, read=None, redirect=None, status=None)) after connection broken by 'NewConnectionError('&lt;urllib3.connection.HTTPConnection object at 0x0000021D2CCF0290&gt;: Failed to establish a new connection: [WinError 10061] No connection could be made because the target machine actively refused it')': /</msg>
<msg time="2025-02-24T13:18:48.279525" level="DEBUG">Starting new HTTP connection (3): localhost:9090</msg>
<msg time="2025-02-24T13:18:52.350659" level="DEBUG">Incremented Retry for (url='/'): RetryAdapter(total=0, connect=None, read=None, redirect=None, status=None)</msg>
<msg time="2025-02-24T13:18:52.751877" level="WARN">Retrying (RetryAdapter(total=0, connect=None, read=None, redirect=None, status=None)) after connection broken by 'NewConnectionError('&lt;urllib3.connection.HTTPConnection object at 0x0000021D46620140&gt;: Failed to establish a new connection: [WinError 10061] No connection could be made because the target machine actively refused it')': /</msg>
<msg time="2025-02-24T13:18:52.752893" level="DEBUG">Starting new HTTP connection (4): localhost:9090</msg>
<msg time="2025-02-24T13:18:56.804746" level="FAIL">ConnectionError: HTTPConnectionPool(host='localhost', port=9090): Max retries exceeded with url: / (Caused by NewConnectionError('&lt;urllib3.connection.HTTPConnection object at 0x0000021D46620F80&gt;: Failed to establish a new connection: [WinError 10061] No connection could be made because the target machine actively refused it'))</msg>
<msg time="2025-02-24T13:18:56.826139" level="DEBUG">Traceback (most recent call last):
  File "C:\Projects\all-repos\src\prd\rb\asbl\src\uat\.venv\Lib\site-packages\urllib3\connection.py", line 198, in _new_conn
    sock = connection.create_connection(
           ^^^^^^^^^^^^^^^^^^^^^^^^^^^^^
  File "C:\Projects\all-repos\src\prd\rb\asbl\src\uat\.venv\Lib\site-packages\urllib3\util\connection.py", line 85, in create_connection
    raise err
  File "C:\Projects\all-repos\src\prd\rb\asbl\src\uat\.venv\Lib\site-packages\urllib3\util\connection.py", line 73, in create_connection
    sock.connect(sa)
ConnectionRefusedError: [WinError 10061] No connection could be made because the target machine actively refused it

The above exception was the direct cause of the following exception:

Traceback (most recent call last):
  File "C:\Projects\all-repos\src\prd\rb\asbl\src\uat\.venv\Lib\site-packages\urllib3\connectionpool.py", line 787, in urlopen
    response = self._make_request(
               ^^^^^^^^^^^^^^^^^^^
  File "C:\Projects\all-repos\src\prd\rb\asbl\src\uat\.venv\Lib\site-packages\urllib3\connectionpool.py", line 493, in _make_request
    conn.request(
  File "C:\Projects\all-repos\src\prd\rb\asbl\src\uat\.venv\Lib\site-packages\urllib3\connection.py", line 445, in request
    self.endheaders()
  File "C:\Python312\Lib\http\client.py", line 1331, in endheaders
    self._send_output(message_body, encode_chunked=encode_chunked)
  File "C:\Python312\Lib\http\client.py", line 1091, in _send_output
    self.send(msg)
  File "C:\Python312\Lib\http\client.py", line 1035, in send
    self.connect()
  File "C:\Projects\all-repos\src\prd\rb\asbl\src\uat\.venv\Lib\site-packages\urllib3\connection.py", line 276, in connect
    self.sock = self._new_conn()
                ^^^^^^^^^^^^^^^^
  File "C:\Projects\all-repos\src\prd\rb\asbl\src\uat\.venv\Lib\site-packages\urllib3\connection.py", line 213, in _new_conn
    raise NewConnectionError(
urllib3.exceptions.NewConnectionError: &lt;urllib3.connection.HTTPConnection object at 0x0000021D46620F80&gt;: Failed to establish a new connection: [WinError 10061] No connection could be made because the target machine actively refused it

The above exception was the direct cause of the following exception:

Traceback (most recent call last):
  File "C:\Projects\all-repos\src\prd\rb\asbl\src\uat\.venv\Lib\site-packages\requests\adapters.py", line 667, in send
    resp = conn.urlopen(
           ^^^^^^^^^^^^^
  File "C:\Projects\all-repos\src\prd\rb\asbl\src\uat\.venv\Lib\site-packages\urllib3\connectionpool.py", line 871, in urlopen
    return self.urlopen(
           ^^^^^^^^^^^^^
  File "C:\Projects\all-repos\src\prd\rb\asbl\src\uat\.venv\Lib\site-packages\urllib3\connectionpool.py", line 871, in urlopen
    return self.urlopen(
           ^^^^^^^^^^^^^
  File "C:\Projects\all-repos\src\prd\rb\asbl\src\uat\.venv\Lib\site-packages\urllib3\connectionpool.py", line 871, in urlopen
    return self.urlopen(
           ^^^^^^^^^^^^^
  File "C:\Projects\all-repos\src\prd\rb\asbl\src\uat\.venv\Lib\site-packages\urllib3\connectionpool.py", line 841, in urlopen
    retries = retries.increment(
              ^^^^^^^^^^^^^^^^^^
  File "C:\Projects\all-repos\src\prd\rb\asbl\src\uat\.venv\Lib\site-packages\urllib3\util\retry.py", line 519, in increment
    raise MaxRetryError(_pool, url, reason) from reason  # type: ignore[arg-type]
    ^^^^^^^^^^^^^^^^^^^^^^^^^^^^^^^^^^^^^^^^^^^^^^^^^^^
urllib3.exceptions.MaxRetryError: HTTPConnectionPool(host='localhost', port=9090): Max retries exceeded with url: / (Caused by NewConnectionError('&lt;urllib3.connection.HTTPConnection object at 0x0000021D46620F80&gt;: Failed to establish a new connection: [WinError 10061] No connection could be made because the target machine actively refused it'))

During handling of the above exception, another exception occurred:

Traceback (most recent call last):
  File "C:\Projects\all-repos\src\prd\rb\asbl\src\uat\.venv\Lib\site-packages\RequestsLibrary\utils.py", line 154, in decorator
    return func(*args, **kwargs)
           ^^^^^^^^^^^^^^^^^^^^^
  File "C:\Projects\all-repos\src\prd\rb\asbl\src\uat\.venv\Lib\site-packages\RequestsLibrary\RequestsOnSessionKeywords.py", line 31, in get_on_session
    response = self._common_request("get", session, url,
               ^^^^^^^^^^^^^^^^^^^^^^^^^^^^^^^^^^^^^^^^^
  File "C:\Projects\all-repos\src\prd\rb\asbl\src\uat\.venv\Lib\site-packages\RequestsLibrary\RequestsKeywords.py", line 37, in _common_request
    resp = method_function(
           ^^^^^^^^^^^^^^^^
  File "C:\Projects\all-repos\src\prd\rb\asbl\src\uat\.venv\Lib\site-packages\requests\sessions.py", line 602, in get
    return self.request("GET", url, **kwargs)
           ^^^^^^^^^^^^^^^^^^^^^^^^^^^^^^^^^^
  File "C:\Projects\all-repos\src\prd\rb\asbl\src\uat\.venv\Lib\site-packages\requests\sessions.py", line 589, in request
    resp = self.send(prep, **send_kwargs)
           ^^^^^^^^^^^^^^^^^^^^^^^^^^^^^^
  File "C:\Projects\all-repos\src\prd\rb\asbl\src\uat\.venv\Lib\site-packages\requests\sessions.py", line 703, in send
    r = adapter.send(request, **kwargs)
        ^^^^^^^^^^^^^^^^^^^^^^^^^^^^^^^
  File "C:\Projects\all-repos\src\prd\rb\asbl\src\uat\.venv\Lib\site-packages\requests\adapters.py", line 700, in send
    raise ConnectionError(e, request=request)
requests.exceptions.ConnectionError: HTTPConnectionPool(host='localhost', port=9090): Max retries exceeded with url: / (Caused by NewConnectionError('&lt;urllib3.connection.HTTPConnection object at 0x0000021D46620F80&gt;: Failed to establish a new connection: [WinError 10061] No connection could be made because the target machine actively refused it'))</msg>
<var>${response}</var>
<arg>server</arg>
<arg>/</arg>
<doc>Sends a GET request on a previously created HTTP Session.</doc>
<status status="FAIL" start="2025-02-24T13:18:39.931634" elapsed="16.895505">ConnectionError: HTTPConnectionPool(host='localhost', port=9090): Max retries exceeded with url: / (Caused by NewConnectionError('&lt;urllib3.connection.HTTPConnection object at 0x0000021D46620F80&gt;: Failed to establish a new connection: [WinError 10061] No connection could be made because the target machine actively refused it'))</status>
</kw>
<kw name="Should Be Equal As Integers" owner="BuiltIn">
<arg>${response.status_code}</arg>
<arg>200</arg>
<doc>Fails if objects are unequal after converting them to integers.</doc>
<status status="NOT RUN" start="2025-02-24T13:18:56.827277" elapsed="0.000000"/>
</kw>
<status status="FAIL" start="2025-02-24T13:18:39.929627" elapsed="16.897650">ConnectionError: HTTPConnectionPool(host='localhost', port=9090): Max retries exceeded with url: / (Caused by NewConnectionError('&lt;urllib3.connection.HTTPConnection object at 0x0000021D46620F80&gt;: Failed to establish a new connection: [WinError 10061] No connection could be made because the target machine actively refused it'))</status>
</kw>
<kw name="Check Server Is Running">
<msg time="2025-02-24T13:18:59.828410" level="TRACE">Arguments: [  ]</msg>
<kw name="Create Session" owner="RequestsLibrary">
<msg time="2025-02-24T13:18:59.829371" level="TRACE">Arguments: [ 'server' | 'http://localhost:9090' ]</msg>
<msg time="2025-02-24T13:18:59.829371" level="INFO">Creating Session using : alias=server, url=http://localhost:9090, headers={},                     cookies={}, auth=None, timeout=None, proxies=None, verify=False,                     debug=0 </msg>
<msg time="2025-02-24T13:18:59.829371" level="DEBUG">Creating session: server</msg>
<msg time="2025-02-24T13:18:59.829371" level="TRACE">Return: &lt;requests.sessions.Session object at 0x0000021D464AA1B0&gt;</msg>
<arg>server</arg>
<arg>${SERVER_URL}</arg>
<doc>Create Session: create a HTTP session to a server</doc>
<status status="PASS" start="2025-02-24T13:18:59.828410" elapsed="0.000961"/>
</kw>
<kw name="GET On Session" owner="RequestsLibrary">
<msg time="2025-02-24T13:18:59.829371" level="TRACE">Arguments: [ 'server' | '/' ]</msg>
<msg time="2025-02-24T13:18:59.830411" level="DEBUG">Starting new HTTP connection (1): localhost:9090</msg>
<msg time="2025-02-24T13:18:59.969903" level="DEBUG">http://localhost:9090 "GET / HTTP/1.1" 200 4962</msg>
<msg time="2025-02-24T13:18:59.969903" level="INFO">GET Request : url=http://localhost:9090/ 
 path_url=/ 
 headers={'User-Agent': 'python-requests/2.32.3', 'Accept-Encoding': 'gzip, deflate', 'Accept': '*/*', 'Connection': 'keep-alive'} 
 body=None 
 </msg>
<msg time="2025-02-24T13:18:59.970904" level="INFO">GET Response : url=http://localhost:9090/ 
 status=200, reason= 
 headers={'Access-Control-Allow-Credentials': 'true', 'Access-Control-Allow-Origin': '*', 'Access-Control-Allow-Methods': 'GET, PUT, POST, DELETE, OPTIONS', 'Access-Control-Allow-Headers': 'Content-Type', 'Vary': 'Origin, Access-Control-Request-Method, Access-Control-Request-Headers', 'Last-Modified': 'Fri, 14 Feb 2025 22:53:35 GMT', 'Accept-Ranges': 'bytes', 'Content-Type': 'text/html;charset=UTF-8', 'Content-Language': 'en-US', 'Content-Length': '4962', 'Date': 'Mon, 24 Feb 2025 12:18:59 GMT', 'Keep-Alive': 'timeout=60', 'Connection': 'keep-alive'} 
 body=&lt;!DOCTYPE html&gt;&lt;html&gt;&lt;head&gt;
    &lt;meta charset="utf-8"&gt;
    &lt;title&gt;&lt;/title&gt;
    &lt;base href="/"&gt;

    &lt;meta name="viewport" content="width=device-width, initial-scale=1"&gt;
    &lt;link rel="icon" type="image/x-icon" href="assets/icons/icon.ico"&gt;
  &lt;style&gt;html{font-family:sans-serif;-ms-text-size-adjust:100%;-webkit-text-size-adjust:100%}body{margin:0}@media print{*,:after,:before{color:#000!important;text-shadow:none!important;background:0 0!important;box-shadow:none!important}}:after,:before{box-sizing:border-box}html{font-size:10px;-webkit-tap-highlight-color:rgba(0,0,0,0)}body{font-family:Helvetica Neue,Helvetica,Arial,sans-serif;font-size:14px;line-height:1.42857143;color:#333;background-color:#fff}@charset "UTF-8";html,body{height:100%}body{font-family:Source Sans Pro,Helvetica Neue,Helvetica,Arial,sans-serif;font-weight:400;overflow-x:hidden;overflow-y:auto}:root{--surface-a:#ffffff;--surface-b:#efefef;--surface-c:#e9ecef;--surface-d:#dee2e6;--surface-e:#ffffff;--surface-f:#ffffff;--text-color:#212529;--text-color-secondary:#6c757d;--primary-color:#007bff;--primary-color-text:#ffffff;--font-family:-apple-system, BlinkMacSystemFont, Segoe UI, Roboto, Helvetica, Arial, sans-serif, Apple Color Emoji, Segoe UI Emoji, Segoe UI Symbol;--surface-0:#ffffff;--surface-50:#f9fafb;--surface-100:#f8f9fa;--surface-200:#e9ecef;--surface-300:#dee2e6;--surface-400:#ced4da;--surface-500:#adb5bd;--surface-600:#6c757d;--surface-700:#495057;--surface-800:#343a40;--surface-900:#212529;--gray-50:#f9fafb;--gray-100:#f8f9fa;--gray-200:#e9ecef;--gray-300:#dee2e6;--gray-400:#ced4da;--gray-500:#adb5bd;--gray-600:#6c757d;--gray-700:#495057;--gray-800:#343a40;--gray-900:#212529;--content-padding:1.25rem;--inline-spacing:.5rem;--border-radius:4px;--surface-ground:#efefef;--surface-section:#ffffff;--surface-card:#ffffff;--surface-overlay:#ffffff;--surface-border:#dee2e6;--surface-hover:#e9ecef;--maskbg:rgba(0, 0, 0, .4);--focus-ring:0 0 0 .2rem rgba(38, 143, 255, .5);color-scheme:light}*{box-sizing:border-box}:root{--blue-50:#f3f8ff;--blue-100:#c5dcff;--blue-200:#97c1fe;--blue-300:#69a5fe;--blue-400:#3b8afd;--blue-500:#0d6efd;--blue-600:#0b5ed7;--blue-700:#094db1;--blue-800:#073d8b;--blue-900:#052c65;--green-50:#f4f9f6;--green-100:#c8e2d6;--green-200:#9ccbb5;--green-300:#70b595;--green-400:#459e74;--green-500:#198754;--green-600:#157347;--green-700:#125f3b;--green-800:#0e4a2e;--green-900:#0a3622;--yellow-50:#fffcf3;--yellow-100:#fff0c3;--yellow-200:#ffe494;--yellow-300:#ffd965;--yellow-400:#ffcd36;--yellow-500:#ffc107;--yellow-600:#d9a406;--yellow-700:#b38705;--yellow-800:#8c6a04;--yellow-900:#664d03;--cyan-50:#f3fcfe;--cyan-100:#c5f2fb;--cyan-200:#97e8f9;--cyan-300:#69def6;--cyan-400:#3bd4f3;--cyan-500:#0dcaf0;--cyan-600:#0baccc;--cyan-700:#098da8;--cyan-800:#076f84;--cyan-900:#055160;--pink-50:#fdf5f9;--pink-100:#f5cee1;--pink-200:#eda7ca;--pink-300:#e681b3;--pink-400:#de5a9b;--pink-500:#d63384;--pink-600:#b62b70;--pink-700:#96245c;--pink-800:#761c49;--pink-900:#561435;--indigo-50:#f7f3fe;--indigo-100:#dac6fc;--indigo-200:#bd98f9;--indigo-300:#a06bf7;--indigo-400:#833df4;--indigo-500:#6610f2;--indigo-600:#570ece;--indigo-700:#470ba9;--indigo-800:#380985;--indigo-900:#290661;--teal-50:#f4fcfa;--teal-100:#c9f2e6;--teal-200:#9fe8d2;--teal-300:#75debf;--teal-400:#4ad3ab;--teal-500:#20c997;--teal-600:#1bab80;--teal-700:#168d6a;--teal-800:#126f53;--teal-900:#0d503c;--orange-50:#fff9f3;--orange-100:#ffe0c7;--orange-200:#fec89a;--orange-300:#feaf6d;--orange-400:#fd9741;--orange-500:#fd7e14;--orange-600:#d76b11;--orange-700:#b1580e;--orange-800:#8b450b;--orange-900:#653208;--bluegray-50:#f8f9fb;--bluegray-100:#e0e4ea;--bluegray-200:#c7ced9;--bluegray-300:#aeb9c8;--bluegray-400:#95a3b8;--bluegray-500:#7c8ea7;--bluegray-600:#69798e;--bluegray-700:#576375;--bluegray-800:#444e5c;--bluegray-900:#323943;--purple-50:#f8f6fc;--purple-100:#dcd2f0;--purple-200:#c1aee4;--purple-300:#a68ad9;--purple-400:#8a66cd;--purple-500:#6f42c1;--purple-600:#5e38a4;--purple-700:#4e2e87;--purple-800:#3d246a;--purple-900:#2c1a4d;--red-50:#fdf5f6;--red-100:#f7cfd2;--red-200:#f0a8af;--red-300:#e9828c;--red-400:#e35b68;--red-500:#dc3545;--red-600:#bb2d3b;--red-700:#9a2530;--red-800:#791d26;--red-900:#58151c;--primary-50:#f2f8ff;--primary-100:#c2dfff;--primary-200:#91c6ff;--primary-300:#61adff;--primary-400:#3094ff;--primary-500:#007bff;--primary-600:#0069d9;--primary-700:#0056b3;--primary-800:#00448c;--primary-900:#003166}&lt;/style&gt;&lt;link rel="stylesheet" href="styles.25311701cd7e1e35.css" media="print" onload="this.media='all'"&gt;&lt;noscript&gt;&lt;link rel="stylesheet" href="styles.25311701cd7e1e35.css"&gt;&lt;/noscript&gt;&lt;/head&gt;
  &lt;body class="skin-blue"&gt;
    &lt;app-root&gt;Loading...&lt;/app-root&gt;
  &lt;script src="runtime.c1bd29ecf74be03c.js" type="module"&gt;&lt;/script&gt;&lt;script src="polyfills.4ae72b598e1b5927.js" type="module"&gt;&lt;/script&gt;&lt;script src="scripts.2212ee5021e2179d.js" defer&gt;&lt;/script&gt;&lt;script src="main.6a868c91aea6ec23.js" type="module"&gt;&lt;/script&gt;

&lt;/body&gt;&lt;/html&gt; 
 </msg>
<msg time="2025-02-24T13:18:59.970904" level="TRACE">Return: &lt;Response [200]&gt;</msg>
<msg time="2025-02-24T13:18:59.970904" level="INFO">${response} = &lt;Response [200]&gt;</msg>
<var>${response}</var>
<arg>server</arg>
<arg>/</arg>
<doc>Sends a GET request on a previously created HTTP Session.</doc>
<status status="PASS" start="2025-02-24T13:18:59.829371" elapsed="0.141533"/>
</kw>
<kw name="Should Be Equal As Integers" owner="BuiltIn">
<msg time="2025-02-24T13:18:59.971905" level="TRACE">Arguments: [ 200 | '200' ]</msg>
<msg time="2025-02-24T13:18:59.971905" level="INFO">Argument types are:
&lt;class 'int'&gt;
&lt;class 'str'&gt;</msg>
<msg time="2025-02-24T13:18:59.971905" level="TRACE">Return: None</msg>
<arg>${response.status_code}</arg>
<arg>200</arg>
<doc>Fails if objects are unequal after converting them to integers.</doc>
<status status="PASS" start="2025-02-24T13:18:59.970904" elapsed="0.001001"/>
</kw>
<msg time="2025-02-24T13:18:59.971905" level="TRACE">Return: None</msg>
<status status="PASS" start="2025-02-24T13:18:59.827461" elapsed="0.144444"/>
</kw>
<msg time="2025-02-24T13:18:59.971905" level="TRACE">Return: None</msg>
<arg>10x</arg>
<arg>3s</arg>
<arg>Check Server Is Running</arg>
<doc>Runs the specified keyword and retries if it fails.</doc>
<status status="PASS" start="2025-02-24T13:18:39.929627" elapsed="20.042278"/>
</kw>
<kw name="Sleep" owner="BuiltIn">
<msg time="2025-02-24T13:18:59.972903" level="TRACE">Arguments: [ '1s' ]</msg>
<msg time="2025-02-24T13:19:00.973841" level="INFO">Slept 1 second.</msg>
<msg time="2025-02-24T13:19:00.973841" level="TRACE">Return: None</msg>
<arg>1s</arg>
<doc>Pauses the test executed for the given time.</doc>
<status status="PASS" start="2025-02-24T13:18:59.972903" elapsed="1.000938"/>
</kw>
<kw name="Copy File" owner="OperatingSystem">
<msg time="2025-02-24T13:19:00.973841" level="TRACE">Arguments: [ 'C:\\Projects\\all-repos\\src\\prd\\rb\\asbl\\target/uat/rbs/ReportBurster/samples/burst/Payslips.pdf' | 'C:\\Projects\\all-repos\\src\\prd\\rb\\asbl\\target/uat/rbs/ReportBurster/poll' ]</msg>
<msg time="2025-02-24T13:19:00.989466" level="INFO" html="true">Copied file from '&lt;a href="file://C:\Projects\all-repos\src\prd\rb\asbl\target\uat\rbs\ReportBurster\samples\burst\Payslips.pdf"&gt;C:\Projects\all-repos\src\prd\rb\asbl\target\uat\rbs\ReportBurster\samples\burst\Payslips.pdf&lt;/a&gt;' to '&lt;a href="file://C:\Projects\all-repos\src\prd\rb\asbl\target\uat\rbs\ReportBurster\poll\Payslips.pdf"&gt;C:\Projects\all-repos\src\prd\rb\asbl\target\uat\rbs\ReportBurster\poll\Payslips.pdf&lt;/a&gt;'.</msg>
<msg time="2025-02-24T13:19:00.989466" level="TRACE">Return: 'C:\\Projects\\all-repos\\src\\prd\\rb\\asbl\\target\\uat\\rbs\\ReportBurster\\poll\\Payslips.pdf'</msg>
<arg>${PORTABLE_EXECUTABLE_DIR_SERVER}/samples/burst/Payslips.pdf</arg>
<arg>${PORTABLE_EXECUTABLE_DIR_SERVER}/poll</arg>
<doc>Copies the source file into the destination.</doc>
<status status="PASS" start="2025-02-24T13:19:00.973841" elapsed="0.015625"/>
</kw>
<kw name="Wait Until Keyword Succeeds" owner="BuiltIn">
<msg time="2025-02-24T13:19:00.989466" level="TRACE">Arguments: [ '10x' | '3s' | 'Check PDF Files Generated' | '3' ]</msg>
<kw name="Check PDF Files Generated">
<msg time="2025-02-24T13:19:00.990466" level="TRACE">Arguments: [ ${expected_count}='3' ]</msg>
<kw name="Count Files" owner="utilities">
<msg time="2025-02-24T13:19:00.990466" level="TRACE">Arguments: [ 'C:\\Projects\\all-repos\\src\\prd\\rb\\asbl\\target/uat/rbs/ReportBurster/output' | pattern='*.pdf' | recursive=True ]</msg>
<msg time="2025-02-24T13:19:00.990466" level="TRACE">Return: 0</msg>
<msg time="2025-02-24T13:19:00.990466" level="INFO">${count} = 0</msg>
<var>${count}</var>
<arg>${PORTABLE_EXECUTABLE_DIR_SERVER}/output</arg>
<arg>pattern=*.pdf</arg>
<arg>recursive=True</arg>
<status status="PASS" start="2025-02-24T13:19:00.990466" elapsed="0.001000"/>
</kw>
<kw name="Should Be Equal As Integers" owner="BuiltIn">
<msg time="2025-02-24T13:19:00.991466" level="TRACE">Arguments: [ 0 | '3' ]</msg>
<msg time="2025-02-24T13:19:00.991466" level="INFO">Argument types are:
&lt;class 'int'&gt;
&lt;class 'str'&gt;</msg>
<msg time="2025-02-24T13:19:00.991466" level="FAIL">0 != 3</msg>
<msg time="2025-02-24T13:19:00.991466" level="DEBUG">Traceback (most recent call last):
  None
AssertionError: 0 != 3</msg>
<arg>${count}</arg>
<arg>${expected_count}</arg>
<doc>Fails if objects are unequal after converting them to integers.</doc>
<status status="FAIL" start="2025-02-24T13:19:00.991466" elapsed="0.000000">0 != 3</status>
</kw>
<arg>3</arg>
<status status="FAIL" start="2025-02-24T13:19:00.990466" elapsed="0.001000">0 != 3</status>
</kw>
<kw name="Check PDF Files Generated">
<msg time="2025-02-24T13:19:03.991662" level="TRACE">Arguments: [ ${expected_count}='3' ]</msg>
<kw name="Count Files" owner="utilities">
<msg time="2025-02-24T13:19:03.991662" level="TRACE">Arguments: [ 'C:\\Projects\\all-repos\\src\\prd\\rb\\asbl\\target/uat/rbs/ReportBurster/output' | pattern='*.pdf' | recursive=True ]</msg>
<msg time="2025-02-24T13:19:03.992617" level="TRACE">Return: 0</msg>
<msg time="2025-02-24T13:19:03.992716" level="INFO">${count} = 0</msg>
<var>${count}</var>
<arg>${PORTABLE_EXECUTABLE_DIR_SERVER}/output</arg>
<arg>pattern=*.pdf</arg>
<arg>recursive=True</arg>
<status status="PASS" start="2025-02-24T13:19:03.991662" elapsed="0.001054"/>
</kw>
<kw name="Should Be Equal As Integers" owner="BuiltIn">
<msg time="2025-02-24T13:19:03.992716" level="TRACE">Arguments: [ 0 | '3' ]</msg>
<msg time="2025-02-24T13:19:03.992716" level="INFO">Argument types are:
&lt;class 'int'&gt;
&lt;class 'str'&gt;</msg>
<msg time="2025-02-24T13:19:03.992716" level="FAIL">0 != 3</msg>
<msg time="2025-02-24T13:19:03.992716" level="DEBUG">Traceback (most recent call last):
  None
AssertionError: 0 != 3</msg>
<arg>${count}</arg>
<arg>${expected_count}</arg>
<doc>Fails if objects are unequal after converting them to integers.</doc>
<status status="FAIL" start="2025-02-24T13:19:03.992716" elapsed="0.000000">0 != 3</status>
</kw>
<arg>3</arg>
<status status="FAIL" start="2025-02-24T13:19:03.991662" elapsed="0.001054">0 != 3</status>
</kw>
<kw name="Check PDF Files Generated">
<msg time="2025-02-24T13:19:06.992814" level="TRACE">Arguments: [ ${expected_count}='3' ]</msg>
<kw name="Count Files" owner="utilities">
<msg time="2025-02-24T13:19:06.992814" level="TRACE">Arguments: [ 'C:\\Projects\\all-repos\\src\\prd\\rb\\asbl\\target/uat/rbs/ReportBurster/output' | pattern='*.pdf' | recursive=True ]</msg>
<msg time="2025-02-24T13:19:06.993723" level="TRACE">Return: 0</msg>
<msg time="2025-02-24T13:19:06.993723" level="INFO">${count} = 0</msg>
<var>${count}</var>
<arg>${PORTABLE_EXECUTABLE_DIR_SERVER}/output</arg>
<arg>pattern=*.pdf</arg>
<arg>recursive=True</arg>
<status status="PASS" start="2025-02-24T13:19:06.992814" elapsed="0.000909"/>
</kw>
<kw name="Should Be Equal As Integers" owner="BuiltIn">
<msg time="2025-02-24T13:19:06.993723" level="TRACE">Arguments: [ 0 | '3' ]</msg>
<msg time="2025-02-24T13:19:06.993723" level="INFO">Argument types are:
&lt;class 'int'&gt;
&lt;class 'str'&gt;</msg>
<msg time="2025-02-24T13:19:06.993723" level="FAIL">0 != 3</msg>
<msg time="2025-02-24T13:19:06.993723" level="DEBUG">Traceback (most recent call last):
  None
AssertionError: 0 != 3</msg>
<arg>${count}</arg>
<arg>${expected_count}</arg>
<doc>Fails if objects are unequal after converting them to integers.</doc>
<status status="FAIL" start="2025-02-24T13:19:06.993723" elapsed="0.000000">0 != 3</status>
</kw>
<arg>3</arg>
<status status="FAIL" start="2025-02-24T13:19:06.992814" elapsed="0.000909">0 != 3</status>
</kw>
<kw name="Check PDF Files Generated">
<msg time="2025-02-24T13:19:09.994153" level="TRACE">Arguments: [ ${expected_count}='3' ]</msg>
<kw name="Count Files" owner="utilities">
<msg time="2025-02-24T13:19:09.994153" level="TRACE">Arguments: [ 'C:\\Projects\\all-repos\\src\\prd\\rb\\asbl\\target/uat/rbs/ReportBurster/output' | pattern='*.pdf' | recursive=True ]</msg>
<msg time="2025-02-24T13:19:09.995112" level="TRACE">Return: 0</msg>
<msg time="2025-02-24T13:19:09.995112" level="INFO">${count} = 0</msg>
<var>${count}</var>
<arg>${PORTABLE_EXECUTABLE_DIR_SERVER}/output</arg>
<arg>pattern=*.pdf</arg>
<arg>recursive=True</arg>
<status status="PASS" start="2025-02-24T13:19:09.994153" elapsed="0.000959"/>
</kw>
<kw name="Should Be Equal As Integers" owner="BuiltIn">
<msg time="2025-02-24T13:19:09.995112" level="TRACE">Arguments: [ 0 | '3' ]</msg>
<msg time="2025-02-24T13:19:09.995112" level="INFO">Argument types are:
&lt;class 'int'&gt;
&lt;class 'str'&gt;</msg>
<msg time="2025-02-24T13:19:09.995112" level="FAIL">0 != 3</msg>
<msg time="2025-02-24T13:19:09.995112" level="DEBUG">Traceback (most recent call last):
  None
AssertionError: 0 != 3</msg>
<arg>${count}</arg>
<arg>${expected_count}</arg>
<doc>Fails if objects are unequal after converting them to integers.</doc>
<status status="FAIL" start="2025-02-24T13:19:09.995112" elapsed="0.000000">0 != 3</status>
</kw>
<arg>3</arg>
<status status="FAIL" start="2025-02-24T13:19:09.994153" elapsed="0.000959">0 != 3</status>
</kw>
<kw name="Check PDF Files Generated">
<msg time="2025-02-24T13:19:12.995919" level="TRACE">Arguments: [ ${expected_count}='3' ]</msg>
<kw name="Count Files" owner="utilities">
<msg time="2025-02-24T13:19:12.995919" level="TRACE">Arguments: [ 'C:\\Projects\\all-repos\\src\\prd\\rb\\asbl\\target/uat/rbs/ReportBurster/output' | pattern='*.pdf' | recursive=True ]</msg>
<msg time="2025-02-24T13:19:12.996945" level="TRACE">Return: 0</msg>
<msg time="2025-02-24T13:19:12.996945" level="INFO">${count} = 0</msg>
<var>${count}</var>
<arg>${PORTABLE_EXECUTABLE_DIR_SERVER}/output</arg>
<arg>pattern=*.pdf</arg>
<arg>recursive=True</arg>
<status status="PASS" start="2025-02-24T13:19:12.995919" elapsed="0.001210"/>
</kw>
<kw name="Should Be Equal As Integers" owner="BuiltIn">
<msg time="2025-02-24T13:19:12.997129" level="TRACE">Arguments: [ 0 | '3' ]</msg>
<msg time="2025-02-24T13:19:12.997129" level="INFO">Argument types are:
&lt;class 'int'&gt;
&lt;class 'str'&gt;</msg>
<msg time="2025-02-24T13:19:12.997129" level="FAIL">0 != 3</msg>
<msg time="2025-02-24T13:19:12.997129" level="DEBUG">Traceback (most recent call last):
  None
AssertionError: 0 != 3</msg>
<arg>${count}</arg>
<arg>${expected_count}</arg>
<doc>Fails if objects are unequal after converting them to integers.</doc>
<status status="FAIL" start="2025-02-24T13:19:12.997129" elapsed="0.000000">0 != 3</status>
</kw>
<arg>3</arg>
<status status="FAIL" start="2025-02-24T13:19:12.995919" elapsed="0.001210">0 != 3</status>
</kw>
<kw name="Check PDF Files Generated">
<msg time="2025-02-24T13:19:15.997577" level="TRACE">Arguments: [ ${expected_count}='3' ]</msg>
<kw name="Count Files" owner="utilities">
<msg time="2025-02-24T13:19:15.997577" level="TRACE">Arguments: [ 'C:\\Projects\\all-repos\\src\\prd\\rb\\asbl\\target/uat/rbs/ReportBurster/output' | pattern='*.pdf' | recursive=True ]</msg>
<msg time="2025-02-24T13:19:15.997577" level="TRACE">Return: 0</msg>
<msg time="2025-02-24T13:19:15.997577" level="INFO">${count} = 0</msg>
<var>${count}</var>
<arg>${PORTABLE_EXECUTABLE_DIR_SERVER}/output</arg>
<arg>pattern=*.pdf</arg>
<arg>recursive=True</arg>
<status status="PASS" start="2025-02-24T13:19:15.997577" elapsed="0.000000"/>
</kw>
<kw name="Should Be Equal As Integers" owner="BuiltIn">
<msg time="2025-02-24T13:19:15.998624" level="TRACE">Arguments: [ 0 | '3' ]</msg>
<msg time="2025-02-24T13:19:15.998624" level="INFO">Argument types are:
&lt;class 'int'&gt;
&lt;class 'str'&gt;</msg>
<msg time="2025-02-24T13:19:15.998624" level="FAIL">0 != 3</msg>
<msg time="2025-02-24T13:19:15.998624" level="DEBUG">Traceback (most recent call last):
  None
AssertionError: 0 != 3</msg>
<arg>${count}</arg>
<arg>${expected_count}</arg>
<doc>Fails if objects are unequal after converting them to integers.</doc>
<status status="FAIL" start="2025-02-24T13:19:15.998624" elapsed="0.000000">0 != 3</status>
</kw>
<arg>3</arg>
<status status="FAIL" start="2025-02-24T13:19:15.997577" elapsed="0.001047">0 != 3</status>
</kw>
<kw name="Check PDF Files Generated">
<msg time="2025-02-24T13:19:18.999241" level="TRACE">Arguments: [ ${expected_count}='3' ]</msg>
<kw name="Count Files" owner="utilities">
<msg time="2025-02-24T13:19:18.999241" level="TRACE">Arguments: [ 'C:\\Projects\\all-repos\\src\\prd\\rb\\asbl\\target/uat/rbs/ReportBurster/output' | pattern='*.pdf' | recursive=True ]</msg>
<msg time="2025-02-24T13:19:19.000243" level="TRACE">Return: 0</msg>
<msg time="2025-02-24T13:19:19.000243" level="INFO">${count} = 0</msg>
<var>${count}</var>
<arg>${PORTABLE_EXECUTABLE_DIR_SERVER}/output</arg>
<arg>pattern=*.pdf</arg>
<arg>recursive=True</arg>
<status status="PASS" start="2025-02-24T13:19:18.999241" elapsed="0.001002"/>
</kw>
<kw name="Should Be Equal As Integers" owner="BuiltIn">
<msg time="2025-02-24T13:19:19.000243" level="TRACE">Arguments: [ 0 | '3' ]</msg>
<msg time="2025-02-24T13:19:19.000243" level="INFO">Argument types are:
&lt;class 'int'&gt;
&lt;class 'str'&gt;</msg>
<msg time="2025-02-24T13:19:19.001242" level="FAIL">0 != 3</msg>
<msg time="2025-02-24T13:19:19.001242" level="DEBUG">Traceback (most recent call last):
  None
AssertionError: 0 != 3</msg>
<arg>${count}</arg>
<arg>${expected_count}</arg>
<doc>Fails if objects are unequal after converting them to integers.</doc>
<status status="FAIL" start="2025-02-24T13:19:19.000243" elapsed="0.000999">0 != 3</status>
</kw>
<arg>3</arg>
<status status="FAIL" start="2025-02-24T13:19:18.999241" elapsed="0.002001">0 != 3</status>
</kw>
<kw name="Check PDF Files Generated">
<msg time="2025-02-24T13:19:22.002207" level="TRACE">Arguments: [ ${expected_count}='3' ]</msg>
<kw name="Count Files" owner="utilities">
<msg time="2025-02-24T13:19:22.002207" level="TRACE">Arguments: [ 'C:\\Projects\\all-repos\\src\\prd\\rb\\asbl\\target/uat/rbs/ReportBurster/output' | pattern='*.pdf' | recursive=True ]</msg>
<msg time="2025-02-24T13:19:22.003157" level="TRACE">Return: 3</msg>
<msg time="2025-02-24T13:19:22.003157" level="INFO">${count} = 3</msg>
<var>${count}</var>
<arg>${PORTABLE_EXECUTABLE_DIR_SERVER}/output</arg>
<arg>pattern=*.pdf</arg>
<arg>recursive=True</arg>
<status status="PASS" start="2025-02-24T13:19:22.002207" elapsed="0.000950"/>
</kw>
<kw name="Should Be Equal As Integers" owner="BuiltIn">
<msg time="2025-02-24T13:19:22.003157" level="TRACE">Arguments: [ 3 | '3' ]</msg>
<msg time="2025-02-24T13:19:22.003157" level="INFO">Argument types are:
&lt;class 'int'&gt;
&lt;class 'str'&gt;</msg>
<msg time="2025-02-24T13:19:22.004159" level="TRACE">Return: None</msg>
<arg>${count}</arg>
<arg>${expected_count}</arg>
<doc>Fails if objects are unequal after converting them to integers.</doc>
<status status="PASS" start="2025-02-24T13:19:22.003157" elapsed="0.001002"/>
</kw>
<msg time="2025-02-24T13:19:22.004159" level="TRACE">Return: None</msg>
<arg>3</arg>
<status status="PASS" start="2025-02-24T13:19:22.002207" elapsed="0.001952"/>
</kw>
<msg time="2025-02-24T13:19:22.004159" level="TRACE">Return: None</msg>
<arg>10x</arg>
<arg>3s</arg>
<arg>Check PDF Files Generated</arg>
<arg>3</arg>
<doc>Runs the specified keyword and retries if it fails.</doc>
<status status="PASS" start="2025-02-24T13:19:00.989466" elapsed="21.014693"/>
</kw>
<kw name="Sleep" owner="BuiltIn">
<msg time="2025-02-24T13:19:22.004159" level="TRACE">Arguments: [ '1s' ]</msg>
<msg time="2025-02-24T13:19:23.004495" level="INFO">Slept 1 second.</msg>
<msg time="2025-02-24T13:19:23.004495" level="TRACE">Return: None</msg>
<arg>1s</arg>
<doc>Pauses the test executed for the given time.</doc>
<status status="PASS" start="2025-02-24T13:19:22.004159" elapsed="1.000336"/>
</kw>
<kw name="Shut Server" owner="utilities">
<msg time="2025-02-24T13:19:23.004495" level="TRACE">Arguments: [  ]</msg>
<msg time="2025-02-24T13:19:23.009881" level="TRACE">Return: &lt;Popen: returncode: None args: ['cmd.exe', '/c', 'C:\\Projects\\all-repos\\s...&gt;</msg>
<status status="PASS" start="2025-02-24T13:19:23.004495" elapsed="0.005386"/>
</kw>
<kw name="Wait Until Keyword Succeeds" owner="BuiltIn">
<msg time="2025-02-24T13:19:23.010889" level="TRACE">Arguments: [ '10x' | '3s' | 'Check Server Is Not Running' ]</msg>
<kw name="Check Server Is Not Running">
<msg time="2025-02-24T13:19:23.010889" level="TRACE">Arguments: [  ]</msg>
<kw name="Create Session" owner="RequestsLibrary">
<msg time="2025-02-24T13:19:23.010889" level="TRACE">Arguments: [ 'server' | 'http://localhost:9090' ]</msg>
<msg time="2025-02-24T13:19:23.011886" level="INFO">Creating Session using : alias=server, url=http://localhost:9090, headers={},                     cookies={}, auth=None, timeout=None, proxies=None, verify=False,                     debug=0 </msg>
<msg time="2025-02-24T13:19:23.011886" level="DEBUG">Creating session: server</msg>
<msg time="2025-02-24T13:19:23.011886" level="TRACE">Return: &lt;requests.sessions.Session object at 0x0000021D464AA540&gt;</msg>
<arg>server</arg>
<arg>${SERVER_URL}</arg>
<doc>Create Session: create a HTTP session to a server</doc>
<status status="PASS" start="2025-02-24T13:19:23.010889" elapsed="0.000997"/>
</kw>
<kw name="Run Keyword And Ignore Error" owner="BuiltIn">
<msg time="2025-02-24T13:19:23.011886" level="TRACE">Arguments: [ 'GET On Session' | 'server' | '/' ]</msg>
<kw name="GET On Session" owner="RequestsLibrary">
<msg time="2025-02-24T13:19:23.011886" level="TRACE">Arguments: [ 'server' | '/' ]</msg>
<msg time="2025-02-24T13:19:23.012874" level="DEBUG">Starting new HTTP connection (1): localhost:9090</msg>
<msg time="2025-02-24T13:19:23.019269" level="DEBUG">http://localhost:9090 "GET / HTTP/1.1" 200 4962</msg>
<msg time="2025-02-24T13:19:23.020294" level="INFO">GET Request : url=http://localhost:9090/ 
 path_url=/ 
 headers={'User-Agent': 'python-requests/2.32.3', 'Accept-Encoding': 'gzip, deflate', 'Accept': '*/*', 'Connection': 'keep-alive'} 
 body=None 
 </msg>
<msg time="2025-02-24T13:19:23.020294" level="INFO">GET Response : url=http://localhost:9090/ 
 status=200, reason= 
 headers={'Access-Control-Allow-Credentials': 'true', 'Access-Control-Allow-Origin': '*', 'Access-Control-Allow-Methods': 'GET, PUT, POST, DELETE, OPTIONS', 'Access-Control-Allow-Headers': 'Content-Type', 'Vary': 'Origin, Access-Control-Request-Method, Access-Control-Request-Headers', 'Last-Modified': 'Fri, 14 Feb 2025 22:53:35 GMT', 'Accept-Ranges': 'bytes', 'Content-Type': 'text/html;charset=UTF-8', 'Content-Language': 'en-US', 'Content-Length': '4962', 'Date': 'Mon, 24 Feb 2025 12:19:23 GMT', 'Keep-Alive': 'timeout=60', 'Connection': 'keep-alive'} 
 body=&lt;!DOCTYPE html&gt;&lt;html&gt;&lt;head&gt;
    &lt;meta charset="utf-8"&gt;
    &lt;title&gt;&lt;/title&gt;
    &lt;base href="/"&gt;

    &lt;meta name="viewport" content="width=device-width, initial-scale=1"&gt;
    &lt;link rel="icon" type="image/x-icon" href="assets/icons/icon.ico"&gt;
  &lt;style&gt;html{font-family:sans-serif;-ms-text-size-adjust:100%;-webkit-text-size-adjust:100%}body{margin:0}@media print{*,:after,:before{color:#000!important;text-shadow:none!important;background:0 0!important;box-shadow:none!important}}:after,:before{box-sizing:border-box}html{font-size:10px;-webkit-tap-highlight-color:rgba(0,0,0,0)}body{font-family:Helvetica Neue,Helvetica,Arial,sans-serif;font-size:14px;line-height:1.42857143;color:#333;background-color:#fff}@charset "UTF-8";html,body{height:100%}body{font-family:Source Sans Pro,Helvetica Neue,Helvetica,Arial,sans-serif;font-weight:400;overflow-x:hidden;overflow-y:auto}:root{--surface-a:#ffffff;--surface-b:#efefef;--surface-c:#e9ecef;--surface-d:#dee2e6;--surface-e:#ffffff;--surface-f:#ffffff;--text-color:#212529;--text-color-secondary:#6c757d;--primary-color:#007bff;--primary-color-text:#ffffff;--font-family:-apple-system, BlinkMacSystemFont, Segoe UI, Roboto, Helvetica, Arial, sans-serif, Apple Color Emoji, Segoe UI Emoji, Segoe UI Symbol;--surface-0:#ffffff;--surface-50:#f9fafb;--surface-100:#f8f9fa;--surface-200:#e9ecef;--surface-300:#dee2e6;--surface-400:#ced4da;--surface-500:#adb5bd;--surface-600:#6c757d;--surface-700:#495057;--surface-800:#343a40;--surface-900:#212529;--gray-50:#f9fafb;--gray-100:#f8f9fa;--gray-200:#e9ecef;--gray-300:#dee2e6;--gray-400:#ced4da;--gray-500:#adb5bd;--gray-600:#6c757d;--gray-700:#495057;--gray-800:#343a40;--gray-900:#212529;--content-padding:1.25rem;--inline-spacing:.5rem;--border-radius:4px;--surface-ground:#efefef;--surface-section:#ffffff;--surface-card:#ffffff;--surface-overlay:#ffffff;--surface-border:#dee2e6;--surface-hover:#e9ecef;--maskbg:rgba(0, 0, 0, .4);--focus-ring:0 0 0 .2rem rgba(38, 143, 255, .5);color-scheme:light}*{box-sizing:border-box}:root{--blue-50:#f3f8ff;--blue-100:#c5dcff;--blue-200:#97c1fe;--blue-300:#69a5fe;--blue-400:#3b8afd;--blue-500:#0d6efd;--blue-600:#0b5ed7;--blue-700:#094db1;--blue-800:#073d8b;--blue-900:#052c65;--green-50:#f4f9f6;--green-100:#c8e2d6;--green-200:#9ccbb5;--green-300:#70b595;--green-400:#459e74;--green-500:#198754;--green-600:#157347;--green-700:#125f3b;--green-800:#0e4a2e;--green-900:#0a3622;--yellow-50:#fffcf3;--yellow-100:#fff0c3;--yellow-200:#ffe494;--yellow-300:#ffd965;--yellow-400:#ffcd36;--yellow-500:#ffc107;--yellow-600:#d9a406;--yellow-700:#b38705;--yellow-800:#8c6a04;--yellow-900:#664d03;--cyan-50:#f3fcfe;--cyan-100:#c5f2fb;--cyan-200:#97e8f9;--cyan-300:#69def6;--cyan-400:#3bd4f3;--cyan-500:#0dcaf0;--cyan-600:#0baccc;--cyan-700:#098da8;--cyan-800:#076f84;--cyan-900:#055160;--pink-50:#fdf5f9;--pink-100:#f5cee1;--pink-200:#eda7ca;--pink-300:#e681b3;--pink-400:#de5a9b;--pink-500:#d63384;--pink-600:#b62b70;--pink-700:#96245c;--pink-800:#761c49;--pink-900:#561435;--indigo-50:#f7f3fe;--indigo-100:#dac6fc;--indigo-200:#bd98f9;--indigo-300:#a06bf7;--indigo-400:#833df4;--indigo-500:#6610f2;--indigo-600:#570ece;--indigo-700:#470ba9;--indigo-800:#380985;--indigo-900:#290661;--teal-50:#f4fcfa;--teal-100:#c9f2e6;--teal-200:#9fe8d2;--teal-300:#75debf;--teal-400:#4ad3ab;--teal-500:#20c997;--teal-600:#1bab80;--teal-700:#168d6a;--teal-800:#126f53;--teal-900:#0d503c;--orange-50:#fff9f3;--orange-100:#ffe0c7;--orange-200:#fec89a;--orange-300:#feaf6d;--orange-400:#fd9741;--orange-500:#fd7e14;--orange-600:#d76b11;--orange-700:#b1580e;--orange-800:#8b450b;--orange-900:#653208;--bluegray-50:#f8f9fb;--bluegray-100:#e0e4ea;--bluegray-200:#c7ced9;--bluegray-300:#aeb9c8;--bluegray-400:#95a3b8;--bluegray-500:#7c8ea7;--bluegray-600:#69798e;--bluegray-700:#576375;--bluegray-800:#444e5c;--bluegray-900:#323943;--purple-50:#f8f6fc;--purple-100:#dcd2f0;--purple-200:#c1aee4;--purple-300:#a68ad9;--purple-400:#8a66cd;--purple-500:#6f42c1;--purple-600:#5e38a4;--purple-700:#4e2e87;--purple-800:#3d246a;--purple-900:#2c1a4d;--red-50:#fdf5f6;--red-100:#f7cfd2;--red-200:#f0a8af;--red-300:#e9828c;--red-400:#e35b68;--red-500:#dc3545;--red-600:#bb2d3b;--red-700:#9a2530;--red-800:#791d26;--red-900:#58151c;--primary-50:#f2f8ff;--primary-100:#c2dfff;--primary-200:#91c6ff;--primary-300:#61adff;--primary-400:#3094ff;--primary-500:#007bff;--primary-600:#0069d9;--primary-700:#0056b3;--primary-800:#00448c;--primary-900:#003166}&lt;/style&gt;&lt;link rel="stylesheet" href="styles.25311701cd7e1e35.css" media="print" onload="this.media='all'"&gt;&lt;noscript&gt;&lt;link rel="stylesheet" href="styles.25311701cd7e1e35.css"&gt;&lt;/noscript&gt;&lt;/head&gt;
  &lt;body class="skin-blue"&gt;
    &lt;app-root&gt;Loading...&lt;/app-root&gt;
  &lt;script src="runtime.c1bd29ecf74be03c.js" type="module"&gt;&lt;/script&gt;&lt;script src="polyfills.4ae72b598e1b5927.js" type="module"&gt;&lt;/script&gt;&lt;script src="scripts.2212ee5021e2179d.js" defer&gt;&lt;/script&gt;&lt;script src="main.6a868c91aea6ec23.js" type="module"&gt;&lt;/script&gt;

&lt;/body&gt;&lt;/html&gt; 
 </msg>
<msg time="2025-02-24T13:19:23.020294" level="TRACE">Return: &lt;Response [200]&gt;</msg>
<arg>server</arg>
<arg>/</arg>
<doc>Sends a GET request on a previously created HTTP Session.</doc>
<status status="PASS" start="2025-02-24T13:19:23.011886" elapsed="0.008408"/>
</kw>
<msg time="2025-02-24T13:19:23.020294" level="TRACE">Return: ('PASS', &lt;Response [200]&gt;)</msg>
<msg time="2025-02-24T13:19:23.020294" level="INFO">${result} = ('PASS', &lt;Response [200]&gt;)</msg>
<var>${result}</var>
<arg>GET On Session</arg>
<arg>server</arg>
<arg>/</arg>
<doc>Runs the given keyword with the given arguments and ignores possible error.</doc>
<status status="PASS" start="2025-02-24T13:19:23.011886" elapsed="0.008408"/>
</kw>
<kw name="Set Variable If" owner="BuiltIn">
<msg time="2025-02-24T13:19:23.021266" level="TRACE">Arguments: [ "'PASS' == 'PASS'" | '${result[1].status_code}' | '0' ]</msg>
<msg time="2025-02-24T13:19:23.021266" level="TRACE">Return: 200</msg>
<msg time="2025-02-24T13:19:23.021266" level="INFO">${status_code} = 200</msg>
<var>${status_code}</var>
<arg>'${result[0]}' == 'PASS'</arg>
<arg>${result[1].status_code}</arg>
<arg>0</arg>
<doc>Sets variable based on the given condition.</doc>
<status status="PASS" start="2025-02-24T13:19:23.020294" elapsed="0.000972"/>
</kw>
<kw name="Should Not Be Equal As Integers" owner="BuiltIn">
<msg time="2025-02-24T13:19:23.022266" level="TRACE">Arguments: [ 200 | '200' ]</msg>
<msg time="2025-02-24T13:19:23.022266" level="INFO">Argument types are:
&lt;class 'int'&gt;
&lt;class 'str'&gt;</msg>
<msg time="2025-02-24T13:19:23.022266" level="FAIL">200 == 200</msg>
<msg time="2025-02-24T13:19:23.022266" level="DEBUG">Traceback (most recent call last):
  None
AssertionError: 200 == 200</msg>
<arg>${status_code}</arg>
<arg>200</arg>
<doc>Fails if objects are equal after converting them to integers.</doc>
<status status="FAIL" start="2025-02-24T13:19:23.021266" elapsed="0.001000">200 == 200</status>
</kw>
<status status="FAIL" start="2025-02-24T13:19:23.010889" elapsed="0.011377">200 == 200</status>
</kw>
<kw name="Check Server Is Not Running">
<msg time="2025-02-24T13:19:26.022901" level="TRACE">Arguments: [  ]</msg>
<kw name="Create Session" owner="RequestsLibrary">
<msg time="2025-02-24T13:19:26.022901" level="TRACE">Arguments: [ 'server' | 'http://localhost:9090' ]</msg>
<msg time="2025-02-24T13:19:26.022901" level="INFO">Creating Session using : alias=server, url=http://localhost:9090, headers={},                     cookies={}, auth=None, timeout=None, proxies=None, verify=False,                     debug=0 </msg>
<msg time="2025-02-24T13:19:26.022901" level="DEBUG">Creating session: server</msg>
<msg time="2025-02-24T13:19:26.022901" level="TRACE">Return: &lt;requests.sessions.Session object at 0x0000021D46623680&gt;</msg>
<arg>server</arg>
<arg>${SERVER_URL}</arg>
<doc>Create Session: create a HTTP session to a server</doc>
<status status="PASS" start="2025-02-24T13:19:26.022901" elapsed="0.000000"/>
</kw>
<kw name="Run Keyword And Ignore Error" owner="BuiltIn">
<msg time="2025-02-24T13:19:26.023850" level="TRACE">Arguments: [ 'GET On Session' | 'server' | '/' ]</msg>
<kw name="GET On Session" owner="RequestsLibrary">
<msg time="2025-02-24T13:19:26.023850" level="TRACE">Arguments: [ 'server' | '/' ]</msg>
<msg time="2025-02-24T13:19:26.023850" level="DEBUG">Starting new HTTP connection (1): localhost:9090</msg>
<msg time="2025-02-24T13:19:30.070855" level="DEBUG">Incremented Retry for (url='/'): RetryAdapter(total=2, connect=None, read=None, redirect=None, status=None)</msg>
<msg time="2025-02-24T13:19:30.070855" level="WARN">Retrying (RetryAdapter(total=2, connect=None, read=None, redirect=None, status=None)) after connection broken by 'NewConnectionError('&lt;urllib3.connection.HTTPConnection object at 0x0000021D466BD370&gt;: Failed to establish a new connection: [WinError 10061] No connection could be made because the target machine actively refused it')': /</msg>
<msg time="2025-02-24T13:19:30.071856" level="DEBUG">Starting new HTTP connection (2): localhost:9090</msg>
<msg time="2025-02-24T13:19:34.108766" level="DEBUG">Incremented Retry for (url='/'): RetryAdapter(total=1, connect=None, read=None, redirect=None, status=None)</msg>
<msg time="2025-02-24T13:19:34.309454" level="WARN">Retrying (RetryAdapter(total=1, connect=None, read=None, redirect=None, status=None)) after connection broken by 'NewConnectionError('&lt;urllib3.connection.HTTPConnection object at 0x0000021D466BC350&gt;: Failed to establish a new connection: [WinError 10061] No connection could be made because the target machine actively refused it')': /</msg>
<msg time="2025-02-24T13:19:34.311000" level="DEBUG">Starting new HTTP connection (3): localhost:9090</msg>
<msg time="2025-02-24T13:19:38.397427" level="DEBUG">Incremented Retry for (url='/'): RetryAdapter(total=0, connect=None, read=None, redirect=None, status=None)</msg>
<msg time="2025-02-24T13:19:38.798218" level="WARN">Retrying (RetryAdapter(total=0, connect=None, read=None, redirect=None, status=None)) after connection broken by 'NewConnectionError('&lt;urllib3.connection.HTTPConnection object at 0x0000021D466BC9B0&gt;: Failed to establish a new connection: [WinError 10061] No connection could be made because the target machine actively refused it')': /</msg>
<msg time="2025-02-24T13:19:38.799139" level="DEBUG">Starting new HTTP connection (4): localhost:9090</msg>
<msg time="2025-02-24T13:19:42.865225" level="FAIL">ConnectionError: HTTPConnectionPool(host='localhost', port=9090): Max retries exceeded with url: / (Caused by NewConnectionError('&lt;urllib3.connection.HTTPConnection object at 0x0000021D466BCFB0&gt;: Failed to establish a new connection: [WinError 10061] No connection could be made because the target machine actively refused it'))</msg>
<msg time="2025-02-24T13:19:42.870773" level="DEBUG">Traceback (most recent call last):
  File "C:\Projects\all-repos\src\prd\rb\asbl\src\uat\.venv\Lib\site-packages\urllib3\connection.py", line 198, in _new_conn
    sock = connection.create_connection(
           ^^^^^^^^^^^^^^^^^^^^^^^^^^^^^
  File "C:\Projects\all-repos\src\prd\rb\asbl\src\uat\.venv\Lib\site-packages\urllib3\util\connection.py", line 85, in create_connection
    raise err
  File "C:\Projects\all-repos\src\prd\rb\asbl\src\uat\.venv\Lib\site-packages\urllib3\util\connection.py", line 73, in create_connection
    sock.connect(sa)
ConnectionRefusedError: [WinError 10061] No connection could be made because the target machine actively refused it

The above exception was the direct cause of the following exception:

Traceback (most recent call last):
  File "C:\Projects\all-repos\src\prd\rb\asbl\src\uat\.venv\Lib\site-packages\urllib3\connectionpool.py", line 787, in urlopen
    response = self._make_request(
               ^^^^^^^^^^^^^^^^^^^
  File "C:\Projects\all-repos\src\prd\rb\asbl\src\uat\.venv\Lib\site-packages\urllib3\connectionpool.py", line 493, in _make_request
    conn.request(
  File "C:\Projects\all-repos\src\prd\rb\asbl\src\uat\.venv\Lib\site-packages\urllib3\connection.py", line 445, in request
    self.endheaders()
  File "C:\Python312\Lib\http\client.py", line 1331, in endheaders
    self._send_output(message_body, encode_chunked=encode_chunked)
  File "C:\Python312\Lib\http\client.py", line 1091, in _send_output
    self.send(msg)
  File "C:\Python312\Lib\http\client.py", line 1035, in send
    self.connect()
  File "C:\Projects\all-repos\src\prd\rb\asbl\src\uat\.venv\Lib\site-packages\urllib3\connection.py", line 276, in connect
    self.sock = self._new_conn()
                ^^^^^^^^^^^^^^^^
  File "C:\Projects\all-repos\src\prd\rb\asbl\src\uat\.venv\Lib\site-packages\urllib3\connection.py", line 213, in _new_conn
    raise NewConnectionError(
urllib3.exceptions.NewConnectionError: &lt;urllib3.connection.HTTPConnection object at 0x0000021D466BCFB0&gt;: Failed to establish a new connection: [WinError 10061] No connection could be made because the target machine actively refused it

The above exception was the direct cause of the following exception:

Traceback (most recent call last):
  File "C:\Projects\all-repos\src\prd\rb\asbl\src\uat\.venv\Lib\site-packages\requests\adapters.py", line 667, in send
    resp = conn.urlopen(
           ^^^^^^^^^^^^^
  File "C:\Projects\all-repos\src\prd\rb\asbl\src\uat\.venv\Lib\site-packages\urllib3\connectionpool.py", line 871, in urlopen
    return self.urlopen(
           ^^^^^^^^^^^^^
  File "C:\Projects\all-repos\src\prd\rb\asbl\src\uat\.venv\Lib\site-packages\urllib3\connectionpool.py", line 871, in urlopen
    return self.urlopen(
           ^^^^^^^^^^^^^
  File "C:\Projects\all-repos\src\prd\rb\asbl\src\uat\.venv\Lib\site-packages\urllib3\connectionpool.py", line 871, in urlopen
    return self.urlopen(
           ^^^^^^^^^^^^^
  File "C:\Projects\all-repos\src\prd\rb\asbl\src\uat\.venv\Lib\site-packages\urllib3\connectionpool.py", line 841, in urlopen
    retries = retries.increment(
              ^^^^^^^^^^^^^^^^^^
  File "C:\Projects\all-repos\src\prd\rb\asbl\src\uat\.venv\Lib\site-packages\urllib3\util\retry.py", line 519, in increment
    raise MaxRetryError(_pool, url, reason) from reason  # type: ignore[arg-type]
    ^^^^^^^^^^^^^^^^^^^^^^^^^^^^^^^^^^^^^^^^^^^^^^^^^^^
urllib3.exceptions.MaxRetryError: HTTPConnectionPool(host='localhost', port=9090): Max retries exceeded with url: / (Caused by NewConnectionError('&lt;urllib3.connection.HTTPConnection object at 0x0000021D466BCFB0&gt;: Failed to establish a new connection: [WinError 10061] No connection could be made because the target machine actively refused it'))

During handling of the above exception, another exception occurred:

Traceback (most recent call last):
  File "C:\Projects\all-repos\src\prd\rb\asbl\src\uat\.venv\Lib\site-packages\RequestsLibrary\utils.py", line 154, in decorator
    return func(*args, **kwargs)
           ^^^^^^^^^^^^^^^^^^^^^
  File "C:\Projects\all-repos\src\prd\rb\asbl\src\uat\.venv\Lib\site-packages\RequestsLibrary\RequestsOnSessionKeywords.py", line 31, in get_on_session
    response = self._common_request("get", session, url,
               ^^^^^^^^^^^^^^^^^^^^^^^^^^^^^^^^^^^^^^^^^
  File "C:\Projects\all-repos\src\prd\rb\asbl\src\uat\.venv\Lib\site-packages\RequestsLibrary\RequestsKeywords.py", line 37, in _common_request
    resp = method_function(
           ^^^^^^^^^^^^^^^^
  File "C:\Projects\all-repos\src\prd\rb\asbl\src\uat\.venv\Lib\site-packages\requests\sessions.py", line 602, in get
    return self.request("GET", url, **kwargs)
           ^^^^^^^^^^^^^^^^^^^^^^^^^^^^^^^^^^
  File "C:\Projects\all-repos\src\prd\rb\asbl\src\uat\.venv\Lib\site-packages\requests\sessions.py", line 589, in request
    resp = self.send(prep, **send_kwargs)
           ^^^^^^^^^^^^^^^^^^^^^^^^^^^^^^
  File "C:\Projects\all-repos\src\prd\rb\asbl\src\uat\.venv\Lib\site-packages\requests\sessions.py", line 703, in send
    r = adapter.send(request, **kwargs)
        ^^^^^^^^^^^^^^^^^^^^^^^^^^^^^^^
  File "C:\Projects\all-repos\src\prd\rb\asbl\src\uat\.venv\Lib\site-packages\requests\adapters.py", line 700, in send
    raise ConnectionError(e, request=request)
requests.exceptions.ConnectionError: HTTPConnectionPool(host='localhost', port=9090): Max retries exceeded with url: / (Caused by NewConnectionError('&lt;urllib3.connection.HTTPConnection object at 0x0000021D466BCFB0&gt;: Failed to establish a new connection: [WinError 10061] No connection could be made because the target machine actively refused it'))</msg>
<arg>server</arg>
<arg>/</arg>
<doc>Sends a GET request on a previously created HTTP Session.</doc>
<status status="FAIL" start="2025-02-24T13:19:26.023850" elapsed="16.846923">ConnectionError: HTTPConnectionPool(host='localhost', port=9090): Max retries exceeded with url: / (Caused by NewConnectionError('&lt;urllib3.connection.HTTPConnection object at 0x0000021D466BCFB0&gt;: Failed to establish a new connection: [WinError 10061] No connection could be made because the target machine actively refused it'))</status>
</kw>
<msg time="2025-02-24T13:19:42.870773" level="TRACE">Return: ('FAIL',
 "ConnectionError: HTTPConnectionPool(host='localhost', port=9090): Max retries exceeded with url: / (Caused by NewConnectionError('&lt;urllib3.connection.HTTPConnection object at 0x0000021D466BCFB0&gt;: Failed to establish a new connection: [WinError 10061] No connection could be made because the target machine actively refused it'))")</msg>
<msg time="2025-02-24T13:19:42.871770" level="INFO">${result} = ('FAIL', "ConnectionError: HTTPConnectionPool(host='localhost', port=9090): Max retries exceeded with url: / (Caused by NewConnectionError('&lt;urllib3.connection.HTTPConnection object at 0x0000021D466BC...</msg>
<var>${result}</var>
<arg>GET On Session</arg>
<arg>server</arg>
<arg>/</arg>
<doc>Runs the given keyword with the given arguments and ignores possible error.</doc>
<status status="PASS" start="2025-02-24T13:19:26.023850" elapsed="16.847920"/>
</kw>
<kw name="Set Variable If" owner="BuiltIn">
<msg time="2025-02-24T13:19:42.871770" level="TRACE">Arguments: [ "'FAIL' == 'PASS'" | '${result[1].status_code}' | '0' ]</msg>
<msg time="2025-02-24T13:19:42.871770" level="TRACE">Return: '0'</msg>
<msg time="2025-02-24T13:19:42.871770" level="INFO">${status_code} = 0</msg>
<var>${status_code}</var>
<arg>'${result[0]}' == 'PASS'</arg>
<arg>${result[1].status_code}</arg>
<arg>0</arg>
<doc>Sets variable based on the given condition.</doc>
<status status="PASS" start="2025-02-24T13:19:42.871770" elapsed="0.001000"/>
</kw>
<kw name="Should Not Be Equal As Integers" owner="BuiltIn">
<msg time="2025-02-24T13:19:42.872770" level="TRACE">Arguments: [ '0' | '200' ]</msg>
<msg time="2025-02-24T13:19:42.872770" level="DEBUG">Argument types are:
&lt;class 'str'&gt;
&lt;class 'str'&gt;</msg>
<msg time="2025-02-24T13:19:42.872770" level="TRACE">Return: None</msg>
<arg>${status_code}</arg>
<arg>200</arg>
<doc>Fails if objects are equal after converting them to integers.</doc>
<status status="PASS" start="2025-02-24T13:19:42.872770" elapsed="0.000000"/>
</kw>
<msg time="2025-02-24T13:19:42.872770" level="TRACE">Return: None</msg>
<status status="PASS" start="2025-02-24T13:19:26.022901" elapsed="16.849869"/>
</kw>
<msg time="2025-02-24T13:19:42.872770" level="TRACE">Return: None</msg>
<arg>10x</arg>
<arg>3s</arg>
<arg>Check Server Is Not Running</arg>
<doc>Runs the specified keyword and retries if it fails.</doc>
<status status="PASS" start="2025-02-24T13:19:23.009881" elapsed="19.862889"/>
</kw>
<msg time="2025-02-24T13:19:42.872770" level="TRACE">Return: None</msg>
<status status="PASS" start="2025-02-24T13:18:38.918061" elapsed="63.954709"/>
</kw>
<kw name="Sleep" owner="BuiltIn">
<msg time="2025-02-24T13:19:42.873692" level="TRACE">Arguments: [ '1s' ]</msg>
<msg time="2025-02-24T13:19:43.874195" level="INFO">Slept 1 second.</msg>
<msg time="2025-02-24T13:19:43.874195" level="TRACE">Return: None</msg>
<arg>1s</arg>
<doc>Pauses the test executed for the given time.</doc>
<status status="PASS" start="2025-02-24T13:19:42.873692" elapsed="1.001225"/>
</kw>
<kw name="Ensure Java Is Not Installed" owner="utilities">
<msg time="2025-02-24T13:19:43.875923" level="TRACE">Arguments: [  ]</msg>
<msg time="2025-02-24T13:20:01.797289" level="INFO">Chocolatey is installed. (ensure_java_is_not_installed)
Uninstalling maven with Chocolatey...
Uninstalling Temurin11 with Chocolatey...
Java is not installed on this computer.</msg>
<msg time="2025-02-24T13:20:01.797289" level="TRACE">Return: None</msg>
<status status="PASS" start="2025-02-24T13:19:43.875923" elapsed="17.922401"/>
</kw>
<kw name="Sleep" owner="BuiltIn">
<msg time="2025-02-24T13:20:01.798324" level="TRACE">Arguments: [ '1s' ]</msg>
<msg time="2025-02-24T13:20:02.798932" level="INFO">Slept 1 second.</msg>
<msg time="2025-02-24T13:20:02.798932" level="TRACE">Return: None</msg>
<arg>1s</arg>
<doc>Pauses the test executed for the given time.</doc>
<status status="PASS" start="2025-02-24T13:20:01.798324" elapsed="1.001309"/>
</kw>
<kw name="Refresh Env Variables" owner="utilities">
<msg time="2025-02-24T13:20:02.800629" level="TRACE">Arguments: [  ]</msg>
<msg time="2025-02-24T13:20:03.134819" level="TRACE">Return: None</msg>
<status status="PASS" start="2025-02-24T13:20:02.800629" elapsed="0.334190"/>
</kw>
<kw name="Shut Server" owner="utilities" type="TEARDOWN">
<msg time="2025-02-24T13:20:03.135719" level="TRACE">Arguments: [  ]</msg>
<msg time="2025-02-24T13:20:03.136719" level="TRACE">Return: &lt;Popen: returncode: None args: ['cmd.exe', '/c', 'C:\\Projects\\all-repos\\s...&gt;</msg>
<status status="PASS" start="2025-02-24T13:20:03.134819" elapsed="0.001900"/>
</kw>
<doc>startServer.bat and shutServer.bat Scripts Should Work Fine</doc>
<status status="PASS" start="2025-02-24T13:18:10.792966" elapsed="112.344855"/>
</test>
<test id="s1-s2-t2" name="service.bat Should Work Fine" line="36">
<kw name="Clean Output Folders And Log Files" owner="utilities" type="SETUP">
<msg time="2025-02-24T13:20:03.143769" level="TRACE">Arguments: [ product='server' ]</msg>
<msg time="2025-02-24T13:20:03.147085" level="TRACE">Return: None</msg>
<arg>product=server</arg>
<status status="PASS" start="2025-02-24T13:20:03.143769" elapsed="0.003316"/>
</kw>
<kw name="Ensure Chocolatey Is Installed" owner="utilities">
<msg time="2025-02-24T13:20:03.148139" level="TRACE">Arguments: [  ]</msg>
<msg time="2025-02-24T13:20:04.020262" level="INFO">Output of 'choco -v': 2.4.2

Chocolatey is already installed.</msg>
<msg time="2025-02-24T13:20:04.020262" level="TRACE">Return: None</msg>
<status status="PASS" start="2025-02-24T13:20:03.148139" elapsed="0.872123"/>
</kw>
<kw name="Sleep" owner="BuiltIn">
<msg time="2025-02-24T13:20:04.021308" level="TRACE">Arguments: [ '1s' ]</msg>
<msg time="2025-02-24T13:20:05.021527" level="INFO">Slept 1 second.</msg>
<msg time="2025-02-24T13:20:05.021527" level="TRACE">Return: None</msg>
<arg>1s</arg>
<doc>Pauses the test executed for the given time.</doc>
[...]
<msg time="2025-02-24T13:31:40.849422" level="DEBUG">Remote response: status=200 | data={"value":[{"element-6066-11e4-a52e-4f735466cecf":"2fa904ae-267c-4dd3-938c-5d1616220c9a"}]} | headers=HTTPHeaderDict({'Content-Length': '90', 'Content-Type': 'application/json; charset=utf-8', 'cache-control': 'no-cache'})</msg>
<msg time="2025-02-24T13:31:40.849422" level="DEBUG">Finished Request</msg>
<msg time="2025-02-24T13:31:41.050421" level="DEBUG">POST http://localhost:49185/session/3e7c5ba66e988baadd0aa5529dedc215/elements {'using': 'css selector', 'value': '[id="btnMigrate"]'}</msg>
<msg time="2025-02-24T13:31:41.056421" level="DEBUG">http://localhost:49185 "POST /session/3e7c5ba66e988baadd0aa5529dedc215/elements HTTP/1.1" 200 0</msg>
<msg time="2025-02-24T13:31:41.056421" level="DEBUG">Remote response: status=200 | data={"value":[{"element-6066-11e4-a52e-4f735466cecf":"2fa904ae-267c-4dd3-938c-5d1616220c9a"}]} | headers=HTTPHeaderDict({'Content-Length': '90', 'Content-Type': 'application/json; charset=utf-8', 'cache-control': 'no-cache'})</msg>
<msg time="2025-02-24T13:31:41.056421" level="DEBUG">Finished Request</msg>
<msg time="2025-02-24T13:31:41.257438" level="DEBUG">POST http://localhost:49185/session/3e7c5ba66e988baadd0aa5529dedc215/elements {'using': 'css selector', 'value': '[id="btnMigrate"]'}</msg>
<msg time="2025-02-24T13:31:41.263438" level="DEBUG">http://localhost:49185 "POST /session/3e7c5ba66e988baadd0aa5529dedc215/elements HTTP/1.1" 200 0</msg>
<msg time="2025-02-24T13:31:41.263438" level="DEBUG">Remote response: status=200 | data={"value":[{"element-6066-11e4-a52e-4f735466cecf":"2fa904ae-267c-4dd3-938c-5d1616220c9a"}]} | headers=HTTPHeaderDict({'Content-Length': '90', 'Content-Type': 'application/json; charset=utf-8', 'cache-control': 'no-cache'})</msg>
<msg time="2025-02-24T13:31:41.263438" level="DEBUG">Finished Request</msg>
<msg time="2025-02-24T13:31:41.464435" level="DEBUG">POST http://localhost:49185/session/3e7c5ba66e988baadd0aa5529dedc215/elements {'using': 'css selector', 'value': '[id="btnMigrate"]'}</msg>
<msg time="2025-02-24T13:31:41.471434" level="DEBUG">http://localhost:49185 "POST /session/3e7c5ba66e988baadd0aa5529dedc215/elements HTTP/1.1" 200 0</msg>
<msg time="2025-02-24T13:31:41.471434" level="DEBUG">Remote response: status=200 | data={"value":[{"element-6066-11e4-a52e-4f735466cecf":"2fa904ae-267c-4dd3-938c-5d1616220c9a"}]} | headers=HTTPHeaderDict({'Content-Length': '90', 'Content-Type': 'application/json; charset=utf-8', 'cache-control': 'no-cache'})</msg>
<msg time="2025-02-24T13:31:41.471434" level="DEBUG">Finished Request</msg>
<msg time="2025-02-24T13:31:41.672435" level="DEBUG">POST http://localhost:49185/session/3e7c5ba66e988baadd0aa5529dedc215/elements {'using': 'css selector', 'value': '[id="btnMigrate"]'}</msg>
<msg time="2025-02-24T13:31:41.676434" level="DEBUG">http://localhost:49185 "POST /session/3e7c5ba66e988baadd0aa5529dedc215/elements HTTP/1.1" 200 0</msg>
<msg time="2025-02-24T13:31:41.677434" level="DEBUG">Remote response: status=200 | data={"value":[{"element-6066-11e4-a52e-4f735466cecf":"2fa904ae-267c-4dd3-938c-5d1616220c9a"}]} | headers=HTTPHeaderDict({'Content-Length': '90', 'Content-Type': 'application/json; charset=utf-8', 'cache-control': 'no-cache'})</msg>
<msg time="2025-02-24T13:31:41.677434" level="DEBUG">Finished Request</msg>
<msg time="2025-02-24T13:31:41.877945" level="DEBUG">POST http://localhost:49185/session/3e7c5ba66e988baadd0aa5529dedc215/elements {'using': 'css selector', 'value': '[id="btnMigrate"]'}</msg>
<msg time="2025-02-24T13:31:41.884946" level="DEBUG">http://localhost:49185 "POST /session/3e7c5ba66e988baadd0aa5529dedc215/elements HTTP/1.1" 200 0</msg>
<msg time="2025-02-24T13:31:41.884946" level="DEBUG">Remote response: status=200 | data={"value":[{"element-6066-11e4-a52e-4f735466cecf":"2fa904ae-267c-4dd3-938c-5d1616220c9a"}]} | headers=HTTPHeaderDict({'Content-Length': '90', 'Content-Type': 'application/json; charset=utf-8', 'cache-control': 'no-cache'})</msg>
<msg time="2025-02-24T13:31:41.884946" level="DEBUG">Finished Request</msg>
<msg time="2025-02-24T13:31:42.087020" level="DEBUG">POST http://localhost:49185/session/3e7c5ba66e988baadd0aa5529dedc215/elements {'using': 'css selector', 'value': '[id="btnMigrate"]'}</msg>
<msg time="2025-02-24T13:31:42.092174" level="DEBUG">http://localhost:49185 "POST /session/3e7c5ba66e988baadd0aa5529dedc215/elements HTTP/1.1" 200 0</msg>
<msg time="2025-02-24T13:31:42.092174" level="DEBUG">Remote response: status=200 | data={"value":[]} | headers=HTTPHeaderDict({'Content-Length': '12', 'Content-Type': 'application/json; charset=utf-8', 'cache-control': 'no-cache'})</msg>
<msg time="2025-02-24T13:31:42.093174" level="DEBUG">Finished Request</msg>
<msg time="2025-02-24T13:31:42.093174" level="TRACE">Return: None</msg>
<arg>id=btnMigrate</arg>
<doc>Waits until the element ``locator`` disappears from the current page.</doc>
<status status="PASS" start="2025-02-24T13:31:40.428169" elapsed="1.665005"/>
</kw>
<kw name="Wait Until Page Contains Element" owner="SeleniumLibrary">
<msg time="2025-02-24T13:31:42.093174" level="TRACE">Arguments: [ 'id=workingOn' | datetime.timedelta(seconds=50) ]</msg>
<msg time="2025-02-24T13:31:42.094175" level="DEBUG">POST http://localhost:49185/session/3e7c5ba66e988baadd0aa5529dedc215/elements {'using': 'css selector', 'value': '[id="workingOn"]'}</msg>
<msg time="2025-02-24T13:31:42.103362" level="DEBUG">http://localhost:49185 "POST /session/3e7c5ba66e988baadd0aa5529dedc215/elements HTTP/1.1" 200 0</msg>
<msg time="2025-02-24T13:31:42.103362" level="DEBUG">Remote response: status=200 | data={"value":[{"element-6066-11e4-a52e-4f735466cecf":"af2efd49-cdc2-4f77-8d70-97c01e49305b"}]} | headers=HTTPHeaderDict({'Content-Length': '90', 'Content-Type': 'application/json; charset=utf-8', 'cache-control': 'no-cache'})</msg>
<msg time="2025-02-24T13:31:42.103362" level="DEBUG">Finished Request</msg>
<msg time="2025-02-24T13:31:42.103362" level="TRACE">Return: None</msg>
<arg>id=workingOn</arg>
<arg>50</arg>
<doc>Waits until the element ``locator`` appears on the current page.</doc>
<status status="PASS" start="2025-02-24T13:31:42.093174" elapsed="0.010188"/>
</kw>
<kw name="Wait Until Page Does Not Contain Element" owner="SeleniumLibrary">
<msg time="2025-02-24T13:31:42.104362" level="TRACE">Arguments: [ 'id=workingOn' ]</msg>
<msg time="2025-02-24T13:31:42.104362" level="DEBUG">POST http://localhost:49185/session/3e7c5ba66e988baadd0aa5529dedc215/elements {'using': 'css selector', 'value': '[id="workingOn"]'}</msg>
<msg time="2025-02-24T13:31:42.110535" level="DEBUG">http://localhost:49185 "POST /session/3e7c5ba66e988baadd0aa5529dedc215/elements HTTP/1.1" 200 0</msg>
<msg time="2025-02-24T13:31:42.110535" level="DEBUG">Remote response: status=200 | data={"value":[{"element-6066-11e4-a52e-4f735466cecf":"af2efd49-cdc2-4f77-8d70-97c01e49305b"}]} | headers=HTTPHeaderDict({'Content-Length': '90', 'Content-Type': 'application/json; charset=utf-8', 'cache-control': 'no-cache'})</msg>
<msg time="2025-02-24T13:31:42.110535" level="DEBUG">Finished Request</msg>
<msg time="2025-02-24T13:31:42.311838" level="DEBUG">POST http://localhost:49185/session/3e7c5ba66e988baadd0aa5529dedc215/elements {'using': 'css selector', 'value': '[id="workingOn"]'}</msg>
<msg time="2025-02-24T13:31:42.316837" level="DEBUG">http://localhost:49185 "POST /session/3e7c5ba66e988baadd0aa5529dedc215/elements HTTP/1.1" 200 0</msg>
<msg time="2025-02-24T13:31:42.316837" level="DEBUG">Remote response: status=200 | data={"value":[]} | headers=HTTPHeaderDict({'Content-Length': '12', 'Content-Type': 'application/json; charset=utf-8', 'cache-control': 'no-cache'})</msg>
<msg time="2025-02-24T13:31:42.316837" level="DEBUG">Finished Request</msg>
<msg time="2025-02-24T13:31:42.316837" level="TRACE">Return: None</msg>
<arg>id=workingOn</arg>
<doc>Waits until the element ``locator`` disappears from the current page.</doc>
<status status="PASS" start="2025-02-24T13:31:42.104362" elapsed="0.212475"/>
</kw>
<kw name="Wait Until Page Contains Element" owner="SeleniumLibrary">
<msg time="2025-02-24T13:31:42.317839" level="TRACE">Arguments: [ 'id=noJobsRunning' ]</msg>
<msg time="2025-02-24T13:31:42.317839" level="DEBUG">POST http://localhost:49185/session/3e7c5ba66e988baadd0aa5529dedc215/elements {'using': 'css selector', 'value': '[id="noJobsRunning"]'}</msg>
<msg time="2025-02-24T13:31:42.322838" level="DEBUG">http://localhost:49185 "POST /session/3e7c5ba66e988baadd0aa5529dedc215/elements HTTP/1.1" 200 0</msg>
<msg time="2025-02-24T13:31:42.322838" level="DEBUG">Remote response: status=200 | data={"value":[{"element-6066-11e4-a52e-4f735466cecf":"c2ce115e-2458-4414-87e0-6c597533d354"}]} | headers=HTTPHeaderDict({'Content-Length': '90', 'Content-Type': 'application/json; charset=utf-8', 'cache-control': 'no-cache'})</msg>
<msg time="2025-02-24T13:31:42.322838" level="DEBUG">Finished Request</msg>
<msg time="2025-02-24T13:31:42.322838" level="TRACE">Return: None</msg>
<arg>id=noJobsRunning</arg>
<doc>Waits until the element ``locator`` appears on the current page.</doc>
<status status="PASS" start="2025-02-24T13:31:42.317839" elapsed="0.004999"/>
</kw>
<kw name="Page Should Contain Element" owner="SeleniumLibrary">
<msg time="2025-02-24T13:31:42.323838" level="TRACE">Arguments: [ 'id=btnGreatNoErrorsNoWarnings' ]</msg>
<msg time="2025-02-24T13:31:42.323838" level="DEBUG">POST http://localhost:49185/session/3e7c5ba66e988baadd0aa5529dedc215/elements {'using': 'css selector', 'value': '[id="btnGreatNoErrorsNoWarnings"]'}</msg>
<msg time="2025-02-24T13:31:42.327837" level="DEBUG">http://localhost:49185 "POST /session/3e7c5ba66e988baadd0aa5529dedc215/elements HTTP/1.1" 200 0</msg>
<msg time="2025-02-24T13:31:42.327837" level="DEBUG">Remote response: status=200 | data={"value":[{"element-6066-11e4-a52e-4f735466cecf":"9ba5da1d-6d6a-443f-b470-0f6952118b65"}]} | headers=HTTPHeaderDict({'Content-Length': '90', 'Content-Type': 'application/json; charset=utf-8', 'cache-control': 'no-cache'})</msg>
<msg time="2025-02-24T13:31:42.327837" level="DEBUG">Finished Request</msg>
<msg time="2025-02-24T13:31:42.328837" level="INFO">Current page contains element 'id=btnGreatNoErrorsNoWarnings'.</msg>
<msg time="2025-02-24T13:31:42.328837" level="TRACE">Return: None</msg>
<arg>id=btnGreatNoErrorsNoWarnings</arg>
<doc>Verifies that element ``locator`` is found on the current page.</doc>
<status status="PASS" start="2025-02-24T13:31:42.323838" elapsed="0.004999"/>
</kw>
<kw name="Sleep" owner="BuiltIn">
<msg time="2025-02-24T13:31:42.328837" level="TRACE">Arguments: [ '1s' ]</msg>
<msg time="2025-02-24T13:31:43.329187" level="INFO">Slept 1 second.</msg>
<msg time="2025-02-24T13:31:43.329187" level="TRACE">Return: None</msg>
<arg>1s</arg>
<doc>Pauses the test executed for the given time.</doc>
<status status="PASS" start="2025-02-24T13:31:42.328837" elapsed="1.000350"/>
</kw>
<kw name="Assert Configuration Files Were Migrated Correctly" owner="utilities">
<msg time="2025-02-24T13:31:43.329187" level="TRACE">Arguments: [  ]</msg>
<msg time="2025-02-24T13:31:43.330141" level="TRACE">Return: None</msg>
<status status="PASS" start="2025-02-24T13:31:43.329187" elapsed="0.000954"/>
</kw>
<kw name="Sleep" owner="BuiltIn">
<msg time="2025-02-24T13:31:43.330141" level="TRACE">Arguments: [ '1s' ]</msg>
<msg time="2025-02-24T13:31:44.330360" level="INFO">Slept 1 second.</msg>
<msg time="2025-02-24T13:31:44.330360" level="TRACE">Return: None</msg>
<arg>1s</arg>
<doc>Pauses the test executed for the given time.</doc>
<status status="PASS" start="2025-02-24T13:31:43.330141" elapsed="1.000219"/>
</kw>
<kw name="Ensure Java Is Not Installed" owner="utilities">
<msg time="2025-02-24T13:31:44.330360" level="TRACE">Arguments: [  ]</msg>
<msg time="2025-02-24T13:32:34.282072" level="INFO">Chocolatey is installed. (ensure_java_is_not_installed)
Uninstalling maven with Chocolatey...
Uninstalling Temurin11 with Chocolatey...
Java is not installed on this computer.</msg>
<msg time="2025-02-24T13:32:34.282072" level="TRACE">Return: None</msg>
<status status="PASS" start="2025-02-24T13:31:44.330360" elapsed="49.951712"/>
</kw>
<kw name="Sleep" owner="BuiltIn">
<msg time="2025-02-24T13:32:34.282072" level="TRACE">Arguments: [ '1s' ]</msg>
<msg time="2025-02-24T13:32:35.283027" level="INFO">Slept 1 second.</msg>
<msg time="2025-02-24T13:32:35.283027" level="TRACE">Return: None</msg>
<arg>1s</arg>
<doc>Pauses the test executed for the given time.</doc>
<status status="PASS" start="2025-02-24T13:32:34.282072" elapsed="1.001630"/>
</kw>
<kw name="Close Electron Application">
<msg time="2025-02-24T13:32:35.284700" level="TRACE">Arguments: [  ]</msg>
<kw name="Kill Reportburster Exe Process" owner="utilities">
<msg time="2025-02-24T13:32:35.285698" level="TRACE">Arguments: [ True ]</msg>
<msg time="2025-02-24T13:32:35.288335" level="INFO">Log file path: C:\Projects\all-repos\src\prd\rb\asbl\target/uat/rb/ReportBurster-letmeupdate\logs\electron.log</msg>
<msg time="2025-02-24T13:32:35.288335" level="TRACE">Return: None</msg>
<arg>${True}</arg>
<status status="PASS" start="2025-02-24T13:32:35.285698" elapsed="0.003628"/>
</kw>
<msg time="2025-02-24T13:32:35.289326" level="TRACE">Return: None</msg>
<doc>Kills the Electron application process</doc>
<status status="PASS" start="2025-02-24T13:32:35.284700" elapsed="0.004626"/>
</kw>
<kw name="Kill Reportburster Exe Process" owner="utilities" type="TEARDOWN">
<msg time="2025-02-24T13:32:35.291329" level="TRACE">Arguments: [  ]</msg>
<msg time="2025-02-24T13:32:35.294270" level="INFO">Log file path: C:\Projects\all-repos\src\prd\rb\asbl\target/uat/rb/ReportBurster\logs\electron.log
No process found with PID: 5552</msg>
<msg time="2025-02-24T13:32:35.294270" level="TRACE">Return: None</msg>
<status status="PASS" start="2025-02-24T13:32:35.290277" elapsed="0.003993"/>
</kw>
<doc>Let me manualy Update Should Work Fine</doc>
<status status="PASS" start="2025-02-24T13:30:22.385231" elapsed="132.910038"/>
</test>
<status status="PASS" start="2025-02-24T13:30:22.379526" elapsed="132.916744"/>
</suite>
<status status="PASS" start="2025-02-24T13:15:43.052236" elapsed="1012.245232"/>
</suite>
<statistics>
<total>
<stat pass="10" fail="0" skip="0">All Tests</stat>
</total>
<tag>
</tag>
<suite>
<stat name="Tests" id="s1" pass="10" fail="0" skip="0">Tests</stat>
<stat name="Different-Java-Versions" id="s1-s1" pass="2" fail="0" skip="0">Tests.Different-Java-Versions</stat>
<stat name="ReportBurster-Server" id="s1-s2" pass="2" fail="0" skip="0">Tests.ReportBurster-Server</stat>
<stat name="Reportburster.Bat" id="s1-s3" pass="1" fail="0" skip="0">Tests.Reportburster.Bat</stat>
<stat name="ReportBurster.exe-prerequisites" id="s1-s4" pass="3" fail="0" skip="0">Tests.ReportBurster.exe-prerequisites</stat>
<stat name="ReportBurster.exe-quickstart" id="s1-s5" pass="1" fail="0" skip="0">Tests.ReportBurster.exe-quickstart</stat>
<stat name="ReportBurster.exe-update" id="s1-s6" pass="1" fail="0" skip="0">Tests.ReportBurster.exe-update</stat>
</suite>
</statistics>
<errors>
<msg time="2025-02-24T13:18:44.024228" level="WARN">Retrying (RetryAdapter(total=2, connect=None, read=None, redirect=None, status=None)) after connection broken by 'NewConnectionError('&lt;urllib3.connection.HTTPConnection object at 0x0000021D2CCCF7D0&gt;: Failed to establish a new connection: [WinError 10061] No connection could be made because the target machine actively refused it')': /</msg>
<msg time="2025-02-24T13:18:48.276200" level="WARN">Retrying (RetryAdapter(total=1, connect=None, read=None, redirect=None, status=None)) after connection broken by 'NewConnectionError('&lt;urllib3.connection.HTTPConnection object at 0x0000021D2CCF0290&gt;: Failed to establish a new connection: [WinError 10061] No connection could be made because the target machine actively refused it')': /</msg>
<msg time="2025-02-24T13:18:52.751877" level="WARN">Retrying (RetryAdapter(total=0, connect=None, read=None, redirect=None, status=None)) after connection broken by 'NewConnectionError('&lt;urllib3.connection.HTTPConnection object at 0x0000021D46620140&gt;: Failed to establish a new connection: [WinError 10061] No connection could be made because the target machine actively refused it')': /</msg>
<msg time="2025-02-24T13:19:30.070855" level="WARN">Retrying (RetryAdapter(total=2, connect=None, read=None, redirect=None, status=None)) after connection broken by 'NewConnectionError('&lt;urllib3.connection.HTTPConnection object at 0x0000021D466BD370&gt;: Failed to establish a new connection: [WinError 10061] No connection could be made because the target machine actively refused it')': /</msg>
<msg time="2025-02-24T13:19:34.309454" level="WARN">Retrying (RetryAdapter(total=1, connect=None, read=None, redirect=None, status=None)) after connection broken by 'NewConnectionError('&lt;urllib3.connection.HTTPConnection object at 0x0000021D466BC350&gt;: Failed to establish a new connection: [WinError 10061] No connection could be made because the target machine actively refused it')': /</msg>
<msg time="2025-02-24T13:19:38.798218" level="WARN">Retrying (RetryAdapter(total=0, connect=None, read=None, redirect=None, status=None)) after connection broken by 'NewConnectionError('&lt;urllib3.connection.HTTPConnection object at 0x0000021D466BC9B0&gt;: Failed to establish a new connection: [WinError 10061] No connection could be made because the target machine actively refused it')': /</msg>
<msg time="2025-02-24T13:20:34.646727" level="WARN">Retrying (RetryAdapter(total=2, connect=None, read=None, redirect=None, status=None)) after connection broken by 'NewConnectionError('&lt;urllib3.connection.HTTPConnection object at 0x0000021D466D57C0&gt;: Failed to establish a new connection: [WinError 10061] No connection could be made because the target machine actively refused it')': /</msg>
<msg time="2025-02-24T13:20:38.905238" level="WARN">Retrying (RetryAdapter(total=1, connect=None, read=None, redirect=None, status=None)) after connection broken by 'NewConnectionError('&lt;urllib3.connection.HTTPConnection object at 0x0000021D466BDD90&gt;: Failed to establish a new connection: [WinError 10061] No connection could be made because the target machine actively refused it')': /</msg>
<msg time="2025-02-24T13:20:43.378556" level="WARN">Retrying (RetryAdapter(total=0, connect=None, read=None, redirect=None, status=None)) after connection broken by 'NewConnectionError('&lt;urllib3.connection.HTTPConnection object at 0x0000021D464C1460&gt;: Failed to establish a new connection: [WinError 10061] No connection could be made because the target machine actively refused it')': /</msg>
<msg time="2025-02-24T13:20:59.555309" level="WARN">Retrying (RetryAdapter(total=2, connect=None, read=None, redirect=None, status=None)) after connection broken by 'ConnectionResetError(10054, 'An existing connection was forcibly closed by the remote host', None, 10054, None)': /</msg>
<msg time="2025-02-24T13:21:03.813163" level="WARN">Retrying (RetryAdapter(total=1, connect=None, read=None, redirect=None, status=None)) after connection broken by 'NewConnectionError('&lt;urllib3.connection.HTTPConnection object at 0x0000021D466EB800&gt;: Failed to establish a new connection: [WinError 10061] No connection could be made because the target machine actively refused it')': /</msg>
<msg time="2025-02-24T13:21:08.294077" level="WARN">Retrying (RetryAdapter(total=0, connect=None, read=None, redirect=None, status=None)) after connection broken by 'NewConnectionError('&lt;urllib3.connection.HTTPConnection object at 0x0000021D466EBC50&gt;: Failed to establish a new connection: [WinError 10061] No connection could be made because the target machine actively refused it')': /</msg>
</errors>
</robot>
