<?xml version="1.0" encoding="UTF-8"?>
<robot generator="Rebot 7.2.2 (Python 3.12.6 on win32)" generated="2025-04-14T14:42:39.113087" rpa="false" schemaversion="5">
<suite id="s1" name="Tests" source="C:\Projects\all-repos\src\prd\rb\asbl\src\uat\tests">
<suite id="s1-s1" name="Different-Java-Versions" source="C:\Projects\all-repos\src\prd\rb\asbl\src\uat\tests\different-java-versions.robot">
<test id="s1-s1-t1" name="ReportBurster.exe Latest Java" line="24">
<kw name="Clean Output Folders And Log Files" owner="utilities" type="SETUP">
<msg time="2025-04-14T14:26:50.170499" level="TRACE">Arguments: [  ]</msg>
<msg time="2025-04-14T14:26:50.171500" level="TRACE">Return: None</msg>
<status status="PASS" start="2025-04-14T14:26:50.170499" elapsed="0.001001"/>
</kw>
<kw name="Ensure Chocolatey Is Installed" owner="utilities">
<msg time="2025-04-14T14:26:50.172499" level="TRACE">Arguments: [  ]</msg>
<msg time="2025-04-14T14:26:51.048700" level="INFO">Output of 'choco -v': 2.4.3

Chocolatey is already installed.</msg>
<msg time="2025-04-14T14:26:51.048700" level="TRACE">Return: None</msg>
<status status="PASS" start="2025-04-14T14:26:50.171500" elapsed="0.877200"/>
</kw>
<kw name="Sleep" owner="BuiltIn">
<msg time="2025-04-14T14:26:51.048700" level="TRACE">Arguments: [ '1s' ]</msg>
<msg time="2025-04-14T14:26:52.049175" level="INFO">Slept 1 second.</msg>
<msg time="2025-04-14T14:26:52.049175" level="TRACE">Return: None</msg>
<arg>1s</arg>
<doc>Pauses the test executed for the given time.</doc>
<status status="PASS" start="2025-04-14T14:26:51.048700" elapsed="1.000475"/>
</kw>
<kw name="Refresh Env Variables" owner="utilities">
<msg time="2025-04-14T14:26:52.049175" level="TRACE">Arguments: [  ]</msg>
<msg time="2025-04-14T14:26:52.467839" level="TRACE">Return: None</msg>
<status status="PASS" start="2025-04-14T14:26:52.049175" elapsed="0.418664"/>
</kw>
<kw name="Sleep" owner="BuiltIn">
<msg time="2025-04-14T14:26:52.467839" level="TRACE">Arguments: [ '1s' ]</msg>
<msg time="2025-04-14T14:26:53.467972" level="INFO">Slept 1 second.</msg>
<msg time="2025-04-14T14:26:53.467972" level="TRACE">Return: None</msg>
<arg>1s</arg>
<doc>Pauses the test executed for the given time.</doc>
<status status="PASS" start="2025-04-14T14:26:52.467839" elapsed="1.000133"/>
</kw>
<kw name="Ensure Java Is Not Installed" owner="utilities">
<msg time="2025-04-14T14:26:53.467972" level="TRACE">Arguments: [  ]</msg>
<msg time="2025-04-14T14:27:11.890370" level="INFO">Chocolatey is installed. (ensure_java_is_not_installed)
Uninstalling maven with Chocolatey...
Uninstalling Temurin11 with Chocolatey...
Java is not installed on this computer.</msg>
<msg time="2025-04-14T14:27:11.891371" level="TRACE">Return: None</msg>
<status status="PASS" start="2025-04-14T14:26:53.467972" elapsed="18.423399"/>
</kw>
<kw name="Sleep" owner="BuiltIn">
<msg time="2025-04-14T14:27:11.891371" level="TRACE">Arguments: [ '1s' ]</msg>
<msg time="2025-04-14T14:27:12.892009" level="INFO">Slept 1 second.</msg>
<msg time="2025-04-14T14:27:12.892009" level="TRACE">Return: None</msg>
<arg>1s</arg>
<doc>Pauses the test executed for the given time.</doc>
<status status="PASS" start="2025-04-14T14:27:11.891371" elapsed="1.000638"/>
</kw>
<kw name="Refresh Env Variables" owner="utilities">
<msg time="2025-04-14T14:27:12.892009" level="TRACE">Arguments: [  ]</msg>
<msg time="2025-04-14T14:27:13.240555" level="TRACE">Return: None</msg>
<status status="PASS" start="2025-04-14T14:27:12.892009" elapsed="0.349594"/>
</kw>
<kw name="Sleep" owner="BuiltIn">
<msg time="2025-04-14T14:27:13.241603" level="TRACE">Arguments: [ '1s' ]</msg>
<msg time="2025-04-14T14:27:14.241692" level="INFO">Slept 1 second.</msg>
<msg time="2025-04-14T14:27:14.241692" level="TRACE">Return: None</msg>
<arg>1s</arg>
<doc>Pauses the test executed for the given time.</doc>
<status status="PASS" start="2025-04-14T14:27:13.241603" elapsed="1.000089"/>
</kw>
<kw name="Ensure Java Is Installed" owner="utilities">
<msg time="2025-04-14T14:27:14.242608" level="TRACE">Arguments: [ 'latest' ]</msg>
<msg time="2025-04-14T14:27:28.502747" level="INFO">Java is not installed. Installing now...
Output of 'choco -v': 2.4.3

Chocolatey is already installed.
Java latest has been installed.</msg>
<msg time="2025-04-14T14:27:28.502747" level="TRACE">Return: None</msg>
<arg>latest</arg>
<status status="PASS" start="2025-04-14T14:27:14.242608" elapsed="14.260139"/>
</kw>
<kw name="Sleep" owner="BuiltIn">
<msg time="2025-04-14T14:27:28.502747" level="TRACE">Arguments: [ '1s' ]</msg>
<msg time="2025-04-14T14:27:29.504057" level="INFO">Slept 1 second.</msg>
<msg time="2025-04-14T14:27:29.504057" level="TRACE">Return: None</msg>
<arg>1s</arg>
<doc>Pauses the test executed for the given time.</doc>
<status status="PASS" start="2025-04-14T14:27:28.502747" elapsed="1.001310"/>
</kw>
<kw name="Refresh Env Variables" owner="utilities">
<msg time="2025-04-14T14:27:29.504057" level="TRACE">Arguments: [  ]</msg>
<msg time="2025-04-14T14:27:29.839448" level="TRACE">Return: None</msg>
<status status="PASS" start="2025-04-14T14:27:29.504057" elapsed="0.335590"/>
</kw>
<kw name="Sleep" owner="BuiltIn">
<msg time="2025-04-14T14:27:29.839647" level="TRACE">Arguments: [ '1s' ]</msg>
<msg time="2025-04-14T14:27:30.840367" level="INFO">Slept 1 second.</msg>
<msg time="2025-04-14T14:27:30.840367" level="TRACE">Return: None</msg>
<arg>1s</arg>
<doc>Pauses the test executed for the given time.</doc>
<status status="PASS" start="2025-04-14T14:27:29.839647" elapsed="1.000720"/>
</kw>
<kw name="Sleep" owner="BuiltIn">
<msg time="2025-04-14T14:27:30.841418" level="TRACE">Arguments: [ '1s' ]</msg>
<msg time="2025-04-14T14:27:31.841608" level="INFO">Slept 1 second.</msg>
<msg time="2025-04-14T14:27:31.841608" level="TRACE">Return: None</msg>
<arg>1s</arg>
<doc>Pauses the test executed for the given time.</doc>
<status status="PASS" start="2025-04-14T14:27:30.840367" elapsed="1.001241"/>
</kw>
<kw name="Ensure Java Is Not Installed" owner="utilities">
<msg time="2025-04-14T14:27:31.841608" level="TRACE">Arguments: [  ]</msg>
<msg time="2025-04-14T14:27:44.262922" level="INFO">Chocolatey is installed. (ensure_java_is_not_installed)
Uninstalling Temurin with Chocolatey...
Java is not installed on this computer.</msg>
<msg time="2025-04-14T14:27:44.262922" level="TRACE">Return: None</msg>
<status status="PASS" start="2025-04-14T14:27:31.841608" elapsed="12.421314"/>
</kw>
<kw name="Sleep" owner="BuiltIn">
<msg time="2025-04-14T14:27:44.263923" level="TRACE">Arguments: [ '1s' ]</msg>
<msg time="2025-04-14T14:27:45.264349" level="INFO">Slept 1 second.</msg>
<msg time="2025-04-14T14:27:45.264349" level="TRACE">Return: None</msg>
<arg>1s</arg>
<doc>Pauses the test executed for the given time.</doc>
<status status="PASS" start="2025-04-14T14:27:44.263923" elapsed="1.000426"/>
</kw>
<kw name="Refresh Env Variables" owner="utilities">
<msg time="2025-04-14T14:27:45.264349" level="TRACE">Arguments: [  ]</msg>
<msg time="2025-04-14T14:27:45.620146" level="TRACE">Return: None</msg>
<status status="PASS" start="2025-04-14T14:27:45.264349" elapsed="0.355797"/>
</kw>
<doc>Quickstart Payslips.pdf Should Work Fine (Latest Java)</doc>
<status status="PASS" start="2025-04-14T14:26:50.169499" elapsed="55.451648"/>
</test>
<test id="s1-s1-t2" name="startServer.bat and shutServer.bat Should Work Fine Latest Java" line="50">
<kw name="Clean Output Folders And Log Files" owner="utilities" type="SETUP">
<msg time="2025-04-14T14:27:45.625147" level="TRACE">Arguments: [  ]</msg>
<msg time="2025-04-14T14:27:45.626147" level="TRACE">Return: None</msg>
<status status="PASS" start="2025-04-14T14:27:45.624149" elapsed="0.001998"/>
</kw>
<kw name="Ensure Chocolatey Is Installed" owner="utilities">
<msg time="2025-04-14T14:27:45.627148" level="TRACE">Arguments: [  ]</msg>
<msg time="2025-04-14T14:27:46.548911" level="INFO">Output of 'choco -v': 2.4.3

Chocolatey is already installed.</msg>
<msg time="2025-04-14T14:27:46.548911" level="TRACE">Return: None</msg>
<status status="PASS" start="2025-04-14T14:27:45.626147" elapsed="0.922764"/>
</kw>
<kw name="Sleep" owner="BuiltIn">
<msg time="2025-04-14T14:27:46.550093" level="TRACE">Arguments: [ '1s' ]</msg>
<msg time="2025-04-14T14:27:47.550298" level="INFO">Slept 1 second.</msg>
<msg time="2025-04-14T14:27:47.550495" level="TRACE">Return: None</msg>
<arg>1s</arg>
<doc>Pauses the test executed for the given time.</doc>
<status status="PASS" start="2025-04-14T14:27:46.550093" elapsed="1.000402"/>
</kw>
<kw name="Refresh Env Variables" owner="utilities">
<msg time="2025-04-14T14:27:47.550495" level="TRACE">Arguments: [  ]</msg>
<msg time="2025-04-14T14:27:47.877781" level="TRACE">Return: None</msg>
<status status="PASS" start="2025-04-14T14:27:47.550495" elapsed="0.327286"/>
</kw>
<kw name="Sleep" owner="BuiltIn">
<msg time="2025-04-14T14:27:47.877781" level="TRACE">Arguments: [ '1s' ]</msg>
<msg time="2025-04-14T14:27:48.878924" level="INFO">Slept 1 second.</msg>
<msg time="2025-04-14T14:27:48.878924" level="TRACE">Return: None</msg>
<arg>1s</arg>
<doc>Pauses the test executed for the given time.</doc>
<status status="PASS" start="2025-04-14T14:27:47.877781" elapsed="1.001143"/>
</kw>
<kw name="Ensure Java Is Not Installed" owner="utilities">
<msg time="2025-04-14T14:27:48.880306" level="TRACE">Arguments: [  ]</msg>
<msg time="2025-04-14T14:27:51.025903" level="INFO">Chocolatey is installed. (ensure_java_is_not_installed)
Java is not installed on this computer.</msg>
<msg time="2025-04-14T14:27:51.025903" level="TRACE">Return: None</msg>
<status status="PASS" start="2025-04-14T14:27:48.880306" elapsed="2.145597"/>
</kw>
<kw name="Sleep" owner="BuiltIn">
<msg time="2025-04-14T14:27:51.026907" level="TRACE">Arguments: [ '1s' ]</msg>
<msg time="2025-04-14T14:27:52.027649" level="INFO">Slept 1 second.</msg>
<msg time="2025-04-14T14:27:52.027649" level="TRACE">Return: None</msg>
<arg>1s</arg>
<doc>Pauses the test executed for the given time.</doc>
<status status="PASS" start="2025-04-14T14:27:51.026907" elapsed="1.000742"/>
</kw>
<kw name="Refresh Env Variables" owner="utilities">
<msg time="2025-04-14T14:27:52.028104" level="TRACE">Arguments: [  ]</msg>
<msg time="2025-04-14T14:27:52.354663" level="TRACE">Return: None</msg>
<status status="PASS" start="2025-04-14T14:27:52.028104" elapsed="0.326559"/>
</kw>
<kw name="Sleep" owner="BuiltIn">
<msg time="2025-04-14T14:27:52.355578" level="TRACE">Arguments: [ '1s' ]</msg>
<msg time="2025-04-14T14:27:53.356255" level="INFO">Slept 1 second.</msg>
<msg time="2025-04-14T14:27:53.356255" level="TRACE">Return: None</msg>
<arg>1s</arg>
<doc>Pauses the test executed for the given time.</doc>
<status status="PASS" start="2025-04-14T14:27:52.355578" elapsed="1.000677"/>
</kw>
<kw name="Ensure Java Is Installed" owner="utilities">
<msg time="2025-04-14T14:27:53.358277" level="TRACE">Arguments: [ 'latest' ]</msg>
<msg time="2025-04-14T14:28:06.727007" level="INFO">Java is not installed. Installing now...
Output of 'choco -v': 2.4.3

Chocolatey is already installed.
Java latest has been installed.</msg>
<msg time="2025-04-14T14:28:06.727007" level="TRACE">Return: None</msg>
<arg>latest</arg>
<status status="PASS" start="2025-04-14T14:27:53.357282" elapsed="13.369725"/>
</kw>
<kw name="Sleep" owner="BuiltIn">
<msg time="2025-04-14T14:28:06.728050" level="TRACE">Arguments: [ '1s' ]</msg>
<msg time="2025-04-14T14:28:07.729006" level="INFO">Slept 1 second.</msg>
<msg time="2025-04-14T14:28:07.729006" level="TRACE">Return: None</msg>
<arg>1s</arg>
<doc>Pauses the test executed for the given time.</doc>
<status status="PASS" start="2025-04-14T14:28:06.727007" elapsed="1.001999"/>
</kw>
<kw name="Refresh Env Variables" owner="utilities">
<msg time="2025-04-14T14:28:07.729006" level="TRACE">Arguments: [  ]</msg>
<msg time="2025-04-14T14:28:08.072325" level="TRACE">Return: None</msg>
<status status="PASS" start="2025-04-14T14:28:07.729006" elapsed="0.344267"/>
</kw>
<kw name="Sleep" owner="BuiltIn">
<msg time="2025-04-14T14:28:08.073273" level="TRACE">Arguments: [ '1s' ]</msg>
<msg time="2025-04-14T14:28:09.073752" level="INFO">Slept 1 second.</msg>
<msg time="2025-04-14T14:28:09.073752" level="TRACE">Return: None</msg>
<arg>1s</arg>
<doc>Pauses the test executed for the given time.</doc>
<status status="PASS" start="2025-04-14T14:28:08.073273" elapsed="1.000479"/>
</kw>
<kw name="Sleep" owner="BuiltIn">
<msg time="2025-04-14T14:28:09.075499" level="TRACE">Arguments: [ '1s' ]</msg>
<msg time="2025-04-14T14:28:10.076136" level="INFO">Slept 1 second.</msg>
<msg time="2025-04-14T14:28:10.076136" level="TRACE">Return: None</msg>
<arg>1s</arg>
<doc>Pauses the test executed for the given time.</doc>
<status status="PASS" start="2025-04-14T14:28:09.074503" elapsed="1.001633"/>
</kw>
<kw name="Ensure Java Is Not Installed" owner="utilities">
<msg time="2025-04-14T14:28:10.077276" level="TRACE">Arguments: [  ]</msg>
<msg time="2025-04-14T14:28:21.904490" level="INFO">Chocolatey is installed. (ensure_java_is_not_installed)
Uninstalling Temurin with Chocolatey...
Java is not installed on this computer.</msg>
<msg time="2025-04-14T14:28:21.904490" level="TRACE">Return: None</msg>
<status status="PASS" start="2025-04-14T14:28:10.077276" elapsed="11.827214"/>
</kw>
<kw name="Sleep" owner="BuiltIn">
<msg time="2025-04-14T14:28:21.905534" level="TRACE">Arguments: [ '1s' ]</msg>
<msg time="2025-04-14T14:28:22.906570" level="INFO">Slept 1 second.</msg>
<msg time="2025-04-14T14:28:22.906570" level="TRACE">Return: None</msg>
<arg>1s</arg>
<doc>Pauses the test executed for the given time.</doc>
<status status="PASS" start="2025-04-14T14:28:21.905534" elapsed="1.001036"/>
</kw>
<kw name="Refresh Env Variables" owner="utilities">
<msg time="2025-04-14T14:28:22.908311" level="TRACE">Arguments: [  ]</msg>
<msg time="2025-04-14T14:28:23.261703" level="TRACE">Return: None</msg>
<status status="PASS" start="2025-04-14T14:28:22.908311" elapsed="0.353392"/>
</kw>
<doc>startServer.bat and shutServer.bat Should Work Fine (Latest Java)</doc>
<status status="PASS" start="2025-04-14T14:27:45.623146" elapsed="37.639511"/>
</test>
<status status="PASS" start="2025-04-14T14:26:49.537331" elapsed="93.726325"/>
</suite>
<suite id="s1-s2" name="ReportBurster-Server" source="C:\Projects\all-repos\src\prd\rb\asbl\src\uat\tests\ReportBurster-Server.robot">
<test id="s1-s2-t1" name="startServer.bat and shutServer.bat Scripts Should Work Fine" line="15">
<kw name="Clean Output Folders And Log Files" owner="utilities" type="SETUP">
<msg time="2025-04-14T14:28:23.559941" level="TRACE">Arguments: [ product='server' ]</msg>
<msg time="2025-04-14T14:28:23.562136" level="TRACE">Return: None</msg>
<arg>product=server</arg>
<status status="PASS" start="2025-04-14T14:28:23.558931" elapsed="0.003205"/>
</kw>
<kw name="Ensure Chocolatey Is Installed" owner="utilities">
<msg time="2025-04-14T14:28:23.562136" level="TRACE">Arguments: [  ]</msg>
<msg time="2025-04-14T14:28:24.397065" level="INFO">Output of 'choco -v': 2.4.3

Chocolatey is already installed.</msg>
<msg time="2025-04-14T14:28:24.397065" level="TRACE">Return: None</msg>
<status status="PASS" start="2025-04-14T14:28:23.562136" elapsed="0.834929"/>
</kw>
<kw name="Sleep" owner="BuiltIn">
<msg time="2025-04-14T14:28:24.397065" level="TRACE">Arguments: [ '1s' ]</msg>
<msg time="2025-04-14T14:28:25.397662" level="INFO">Slept 1 second.</msg>
<msg time="2025-04-14T14:28:25.397662" level="TRACE">Return: None</msg>
<arg>1s</arg>
<doc>Pauses the test executed for the given time.</doc>
<status status="PASS" start="2025-04-14T14:28:24.397065" elapsed="1.000597"/>
</kw>
<kw name="Refresh Env Variables" owner="utilities">
<msg time="2025-04-14T14:28:25.399749" level="TRACE">Arguments: [  ]</msg>
<msg time="2025-04-14T14:28:25.740509" level="TRACE">Return: None</msg>
<status status="PASS" start="2025-04-14T14:28:25.398751" elapsed="0.342759"/>
</kw>
<kw name="Sleep" owner="BuiltIn">
<msg time="2025-04-14T14:28:25.741510" level="TRACE">Arguments: [ '1s' ]</msg>
<msg time="2025-04-14T14:28:26.742082" level="INFO">Slept 1 second.</msg>
<msg time="2025-04-14T14:28:26.742082" level="TRACE">Return: None</msg>
<arg>1s</arg>
<doc>Pauses the test executed for the given time.</doc>
<status status="PASS" start="2025-04-14T14:28:25.741510" elapsed="1.000572"/>
</kw>
<kw name="Ensure Java Is Installed" owner="utilities">
<msg time="2025-04-14T14:28:26.744154" level="TRACE">Arguments: [  ]</msg>
<msg time="2025-04-14T14:28:48.389198" level="INFO">Java is not installed. Installing now...
Output of 'choco -v': 2.4.3

Chocolatey is already installed.
Java 11 has been installed.</msg>
<msg time="2025-04-14T14:28:48.389198" level="TRACE">Return: None</msg>
<status status="PASS" start="2025-04-14T14:28:26.743157" elapsed="21.646041"/>
</kw>
<kw name="Sleep" owner="BuiltIn">
<msg time="2025-04-14T14:28:48.389198" level="TRACE">Arguments: [ '1s' ]</msg>
<msg time="2025-04-14T14:28:49.389448" level="INFO">Slept 1 second.</msg>
<msg time="2025-04-14T14:28:49.389448" level="TRACE">Return: None</msg>
<arg>1s</arg>
<doc>Pauses the test executed for the given time.</doc>
<status status="PASS" start="2025-04-14T14:28:48.389198" elapsed="1.000250"/>
</kw>
<kw name="Refresh Env Variables" owner="utilities">
<msg time="2025-04-14T14:28:49.391050" level="TRACE">Arguments: [  ]</msg>
<msg time="2025-04-14T14:28:49.722382" level="TRACE">Return: None</msg>
<status status="PASS" start="2025-04-14T14:28:49.391050" elapsed="0.331332"/>
</kw>
<kw name="Sleep" owner="BuiltIn">
<msg time="2025-04-14T14:28:49.723287" level="TRACE">Arguments: [ '1s' ]</msg>
<msg time="2025-04-14T14:28:50.724090" level="INFO">Slept 1 second.</msg>
<msg time="2025-04-14T14:28:50.724090" level="TRACE">Return: None</msg>
<arg>1s</arg>
<doc>Pauses the test executed for the given time.</doc>
<status status="PASS" start="2025-04-14T14:28:49.723287" elapsed="1.000803"/>
</kw>
<kw name="startServer.bat and shutServer.bat Should Work Fine" owner="utilities">
<msg time="2025-04-14T14:28:50.725103" level="TRACE">Arguments: [  ]</msg>
<kw name="Sleep" owner="BuiltIn">
<msg time="2025-04-14T14:28:50.725103" level="TRACE">Arguments: [ '1s' ]</msg>
<msg time="2025-04-14T14:28:51.726972" level="INFO">Slept 1 second.</msg>
<msg time="2025-04-14T14:28:51.726972" level="TRACE">Return: None</msg>
<arg>1s</arg>
<doc>Pauses the test executed for the given time.</doc>
<status status="PASS" start="2025-04-14T14:28:50.725103" elapsed="1.001869"/>
</kw>
<kw name="Start Server" owner="utilities">
<msg time="2025-04-14T14:28:51.727688" level="TRACE">Arguments: [  ]</msg>
<msg time="2025-04-14T14:28:51.739656" level="TRACE">Return: &lt;Popen: returncode: None args: ['cmd.exe', '/c', 'C:\\Projects\\all-repos\\s...&gt;</msg>
<status status="PASS" start="2025-04-14T14:28:51.727688" elapsed="0.012969"/>
</kw>
<kw name="Wait Until Keyword Succeeds" owner="BuiltIn">
<msg time="2025-04-14T14:28:51.740657" level="TRACE">Arguments: [ '10x' | '3s' | 'Check Server Is Running' ]</msg>
<kw name="Check Server Is Running">
<msg time="2025-04-14T14:28:51.740657" level="TRACE">Arguments: [  ]</msg>
<kw name="Create Session" owner="RequestsLibrary">
<msg time="2025-04-14T14:28:51.740657" level="TRACE">Arguments: [ 'server' | 'http://localhost:9090' ]</msg>
<msg time="2025-04-14T14:28:51.741657" level="INFO">Creating Session using : alias=server, url=http://localhost:9090, headers={},                     cookies={}, auth=None, timeout=None, proxies=None, verify=False,                     debug=0 </msg>
<msg time="2025-04-14T14:28:51.741657" level="DEBUG">Creating session: server</msg>
<msg time="2025-04-14T14:28:51.741657" level="TRACE">Return: &lt;requests.sessions.Session object at 0x000002B85EFAD3A0&gt;</msg>
<arg>server</arg>
<arg>${SERVER_URL}</arg>
<doc>Create Session: create a HTTP session to a server</doc>
<status status="PASS" start="2025-04-14T14:28:51.740657" elapsed="0.001000"/>
</kw>
<kw name="GET On Session" owner="RequestsLibrary">
<msg time="2025-04-14T14:28:51.741657" level="TRACE">Arguments: [ 'server' | '/' ]</msg>
<msg time="2025-04-14T14:28:51.744658" level="DEBUG">Starting new HTTP connection (1): localhost:9090</msg>
<msg time="2025-04-14T14:28:55.821493" level="DEBUG">Incremented Retry for (url='/'): RetryAdapter(total=2, connect=None, read=None, redirect=None, status=None)</msg>
<msg time="2025-04-14T14:28:55.822476" level="WARN">Retrying (RetryAdapter(total=2, connect=None, read=None, redirect=None, status=None)) after connection broken by 'NewConnectionError('&lt;urllib3.connection.HTTPConnection object at 0x000002B85EFAD850&gt;: Failed to establish a new connection: [WinError 10061] No connection could be made because the target machine actively refused it')': /</msg>
<msg time="2025-04-14T14:28:55.825522" level="DEBUG">Starting new HTTP connection (2): localhost:9090</msg>
<msg time="2025-04-14T14:28:59.879204" level="DEBUG">Incremented Retry for (url='/'): RetryAdapter(total=1, connect=None, read=None, redirect=None, status=None)</msg>
<msg time="2025-04-14T14:29:00.080204" level="WARN">Retrying (RetryAdapter(total=1, connect=None, read=None, redirect=None, status=None)) after connection broken by 'NewConnectionError('&lt;urllib3.connection.HTTPConnection object at 0x000002B8456CFC50&gt;: Failed to establish a new connection: [WinError 10061] No connection could be made because the target machine actively refused it')': /</msg>
<msg time="2025-04-14T14:29:00.081430" level="DEBUG">Starting new HTTP connection (3): localhost:9090</msg>
<msg time="2025-04-14T14:29:04.147453" level="DEBUG">Incremented Retry for (url='/'): RetryAdapter(total=0, connect=None, read=None, redirect=None, status=None)</msg>
<msg time="2025-04-14T14:29:04.548302" level="WARN">Retrying (RetryAdapter(total=0, connect=None, read=None, redirect=None, status=None)) after connection broken by 'NewConnectionError('&lt;urllib3.connection.HTTPConnection object at 0x000002B85EFD04D0&gt;: Failed to establish a new connection: [WinError 10061] No connection could be made because the target machine actively refused it')': /</msg>
<msg time="2025-04-14T14:29:04.549302" level="DEBUG">Starting new HTTP connection (4): localhost:9090</msg>
<msg time="2025-04-14T14:29:05.667204" level="DEBUG">http://localhost:9090 "GET / HTTP/1.1" 200 4963</msg>
<msg time="2025-04-14T14:29:05.667204" level="INFO">GET Request : url=http://localhost:9090/ 
 path_url=/ 
 headers={'User-Agent': 'python-requests/2.32.3', 'Accept-Encoding': 'gzip, deflate', 'Accept': '*/*', 'Connection': 'keep-alive'} 
 body=None 
 </msg>
<msg time="2025-04-14T14:29:05.667204" level="INFO">GET Response : url=http://localhost:9090/ 
 status=200, reason= 
 headers={'Access-Control-Allow-Credentials': 'true', 'Access-Control-Allow-Origin': '*', 'Access-Control-Allow-Methods': 'GET, PUT, POST, DELETE, OPTIONS', 'Access-Control-Allow-Headers': 'Content-Type', 'Vary': 'Origin, Access-Control-Request-Method, Access-Control-Request-Headers', 'Last-Modified': 'Mon, 14 Apr 2025 09:14:21 GMT', 'Accept-Ranges': 'bytes', 'Content-Type': 'text/html;charset=UTF-8', 'Content-Language': 'en-US', 'Content-Length': '4963', 'Date': 'Mon, 14 Apr 2025 12:29:05 GMT', 'Keep-Alive': 'timeout=60', 'Connection': 'keep-alive'} 
 body=&lt;!DOCTYPE html&gt;&lt;html&gt;&lt;head&gt;
    &lt;meta charset="utf-8"&gt;
    &lt;title&gt;&lt;/title&gt;
    &lt;base href="/"&gt;

    &lt;meta name="viewport" content="width=device-width, initial-scale=1"&gt;
    &lt;link rel="icon" type="image/x-icon" href="assets/icons/icon.ico"&gt;
  &lt;style&gt;html{font-family:sans-serif;-ms-text-size-adjust:100%;-webkit-text-size-adjust:100%}body{margin:0}@media print{*,:after,:before{color:#000!important;text-shadow:none!important;background:0 0!important;box-shadow:none!important}}:after,:before{box-sizing:border-box}html{font-size:10px;-webkit-tap-highlight-color:rgba(0,0,0,0)}body{font-family:Helvetica Neue,Helvetica,Arial,sans-serif;font-size:14px;line-height:1.42857143;color:#333;background-color:#fff}@charset "UTF-8";html,body{height:100%}body{font-family:Source Sans Pro,Helvetica Neue,Helvetica,Arial,sans-serif;font-weight:400;overflow-x:hidden;overflow-y:auto}:root{--surface-a:#ffffff;--surface-b:#efefef;--surface-c:#e9ecef;--surface-d:#dee2e6;--surface-e:#ffffff;--surface-f:#ffffff;--text-color:#212529;--text-color-secondary:#6c757d;--primary-color:#007bff;--primary-color-text:#ffffff;--font-family:-apple-system, BlinkMacSystemFont, Segoe UI, Roboto, Helvetica, Arial, sans-serif, Apple Color Emoji, Segoe UI Emoji, Segoe UI Symbol;--surface-0:#ffffff;--surface-50:#f9fafb;--surface-100:#f8f9fa;--surface-200:#e9ecef;--surface-300:#dee2e6;--surface-400:#ced4da;--surface-500:#adb5bd;--surface-600:#6c757d;--surface-700:#495057;--surface-800:#343a40;--surface-900:#212529;--gray-50:#f9fafb;--gray-100:#f8f9fa;--gray-200:#e9ecef;--gray-300:#dee2e6;--gray-400:#ced4da;--gray-500:#adb5bd;--gray-600:#6c757d;--gray-700:#495057;--gray-800:#343a40;--gray-900:#212529;--content-padding:1.25rem;--inline-spacing:.5rem;--border-radius:4px;--surface-ground:#efefef;--surface-section:#ffffff;--surface-card:#ffffff;--surface-overlay:#ffffff;--surface-border:#dee2e6;--surface-hover:#e9ecef;--maskbg:rgba(0, 0, 0, .4);--focus-ring:0 0 0 .2rem rgba(38, 143, 255, .5);color-scheme:light}*{box-sizing:border-box}:root{--blue-50:#f3f8ff;--blue-100:#c5dcff;--blue-200:#97c1fe;--blue-300:#69a5fe;--blue-400:#3b8afd;--blue-500:#0d6efd;--blue-600:#0b5ed7;--blue-700:#094db1;--blue-800:#073d8b;--blue-900:#052c65;--green-50:#f4f9f6;--green-100:#c8e2d6;--green-200:#9ccbb5;--green-300:#70b595;--green-400:#459e74;--green-500:#198754;--green-600:#157347;--green-700:#125f3b;--green-800:#0e4a2e;--green-900:#0a3622;--yellow-50:#fffcf3;--yellow-100:#fff0c3;--yellow-200:#ffe494;--yellow-300:#ffd965;--yellow-400:#ffcd36;--yellow-500:#ffc107;--yellow-600:#d9a406;--yellow-700:#b38705;--yellow-800:#8c6a04;--yellow-900:#664d03;--cyan-50:#f3fcfe;--cyan-100:#c5f2fb;--cyan-200:#97e8f9;--cyan-300:#69def6;--cyan-400:#3bd4f3;--cyan-500:#0dcaf0;--cyan-600:#0baccc;--cyan-700:#098da8;--cyan-800:#076f84;--cyan-900:#055160;--pink-50:#fdf5f9;--pink-100:#f5cee1;--pink-200:#eda7ca;--pink-300:#e681b3;--pink-400:#de5a9b;--pink-500:#d63384;--pink-600:#b62b70;--pink-700:#96245c;--pink-800:#761c49;--pink-900:#561435;--indigo-50:#f7f3fe;--indigo-100:#dac6fc;--indigo-200:#bd98f9;--indigo-300:#a06bf7;--indigo-400:#833df4;--indigo-500:#6610f2;--indigo-600:#570ece;--indigo-700:#470ba9;--indigo-800:#380985;--indigo-900:#290661;--teal-50:#f4fcfa;--teal-100:#c9f2e6;--teal-200:#9fe8d2;--teal-300:#75debf;--teal-400:#4ad3ab;--teal-500:#20c997;--teal-600:#1bab80;--teal-700:#168d6a;--teal-800:#126f53;--teal-900:#0d503c;--orange-50:#fff9f3;--orange-100:#ffe0c7;--orange-200:#fec89a;--orange-300:#feaf6d;--orange-400:#fd9741;--orange-500:#fd7e14;--orange-600:#d76b11;--orange-700:#b1580e;--orange-800:#8b450b;--orange-900:#653208;--bluegray-50:#f8f9fb;--bluegray-100:#e0e4ea;--bluegray-200:#c7ced9;--bluegray-300:#aeb9c8;--bluegray-400:#95a3b8;--bluegray-500:#7c8ea7;--bluegray-600:#69798e;--bluegray-700:#576375;--bluegray-800:#444e5c;--bluegray-900:#323943;--purple-50:#f8f6fc;--purple-100:#dcd2f0;--purple-200:#c1aee4;--purple-300:#a68ad9;--purple-400:#8a66cd;--purple-500:#6f42c1;--purple-600:#5e38a4;--purple-700:#4e2e87;--purple-800:#3d246a;--purple-900:#2c1a4d;--red-50:#fdf5f6;--red-100:#f7cfd2;--red-200:#f0a8af;--red-300:#e9828c;--red-400:#e35b68;--red-500:#dc3545;--red-600:#bb2d3b;--red-700:#9a2530;--red-800:#791d26;--red-900:#58151c;--primary-50:#f2f8ff;--primary-100:#c2dfff;--primary-200:#91c6ff;--primary-300:#61adff;--primary-400:#3094ff;--primary-500:#007bff;--primary-600:#0069d9;--primary-700:#0056b3;--primary-800:#00448c;--primary-900:#003166}&lt;/style&gt;&lt;link rel="stylesheet" href="styles.fe00d9e1de829f6d.css" media="print" onload="this.media='all'"&gt;&lt;noscript&gt;&lt;link rel="stylesheet" href="styles.fe00d9e1de829f6d.css"&gt;&lt;/noscript&gt;&lt;/head&gt;
  &lt;body class="skin-black"&gt;
    &lt;app-root&gt;Loading...&lt;/app-root&gt;
  &lt;script src="runtime.c1bd29ecf74be03c.js" type="module"&gt;&lt;/script&gt;&lt;script src="polyfills.4ae72b598e1b5927.js" type="module"&gt;&lt;/script&gt;&lt;script src="scripts.2212ee5021e2179d.js" defer&gt;&lt;/script&gt;&lt;script src="main.3c4807ab684b3a29.js" type="module"&gt;&lt;/script&gt;

&lt;/body&gt;&lt;/html&gt; 
 </msg>
<msg time="2025-04-14T14:29:05.668204" level="TRACE">Return: &lt;Response [200]&gt;</msg>
<msg time="2025-04-14T14:29:05.668204" level="INFO">${response} = &lt;Response [200]&gt;</msg>
<var>${response}</var>
<arg>server</arg>
<arg>/</arg>
<doc>Sends a GET request on a previously created HTTP Session.</doc>
<status status="PASS" start="2025-04-14T14:28:51.741657" elapsed="13.926547"/>
</kw>
<kw name="Should Be Equal As Integers" owner="BuiltIn">
<msg time="2025-04-14T14:29:05.669203" level="TRACE">Arguments: [ 200 | '200' ]</msg>
<msg time="2025-04-14T14:29:05.669203" level="INFO">Argument types are:
&lt;class 'int'&gt;
&lt;class 'str'&gt;</msg>
<msg time="2025-04-14T14:29:05.669203" level="TRACE">Return: None</msg>
<arg>${response.status_code}</arg>
<arg>200</arg>
<doc>Fails if objects are unequal after converting them to integers.</doc>
<status status="PASS" start="2025-04-14T14:29:05.668204" elapsed="0.000999"/>
</kw>
<msg time="2025-04-14T14:29:05.669203" level="TRACE">Return: None</msg>
<status status="PASS" start="2025-04-14T14:28:51.740657" elapsed="13.928546"/>
</kw>
<msg time="2025-04-14T14:29:05.669203" level="TRACE">Return: None</msg>
<arg>10x</arg>
<arg>3s</arg>
<arg>Check Server Is Running</arg>
<doc>Runs the specified keyword and retries if it fails.</doc>
<status status="PASS" start="2025-04-14T14:28:51.740657" elapsed="13.928546"/>
</kw>
<kw name="Sleep" owner="BuiltIn">
<msg time="2025-04-14T14:29:05.669203" level="TRACE">Arguments: [ '1s' ]</msg>
<msg time="2025-04-14T14:29:06.670713" level="INFO">Slept 1 second.</msg>
<msg time="2025-04-14T14:29:06.670713" level="TRACE">Return: None</msg>
<arg>1s</arg>
<doc>Pauses the test executed for the given time.</doc>
<status status="PASS" start="2025-04-14T14:29:05.669203" elapsed="1.001510"/>
</kw>
<kw name="Copy File" owner="OperatingSystem">
<msg time="2025-04-14T14:29:06.675793" level="TRACE">Arguments: [ 'C:\\Projects\\all-repos\\src\\prd\\rb\\asbl\\target/uat/rbs/ReportBurster/samples/burst/Payslips.pdf' | 'C:\\Projects\\all-repos\\src\\prd\\rb\\asbl\\target/uat/rbs/ReportBurster/poll' ]</msg>
<msg time="2025-04-14T14:29:06.679117" level="INFO" html="true">Copied file from '&lt;a href="file://C:\Projects\all-repos\src\prd\rb\asbl\target\uat\rbs\ReportBurster\samples\burst\Payslips.pdf"&gt;C:\Projects\all-repos\src\prd\rb\asbl\target\uat\rbs\ReportBurster\samples\burst\Payslips.pdf&lt;/a&gt;' to '&lt;a href="file://C:\Projects\all-repos\src\prd\rb\asbl\target\uat\rbs\ReportBurster\poll\Payslips.pdf"&gt;C:\Projects\all-repos\src\prd\rb\asbl\target\uat\rbs\ReportBurster\poll\Payslips.pdf&lt;/a&gt;'.</msg>
<msg time="2025-04-14T14:29:06.679117" level="TRACE">Return: 'C:\\Projects\\all-repos\\src\\prd\\rb\\asbl\\target\\uat\\rbs\\ReportBurster\\poll\\Payslips.pdf'</msg>
<arg>${PORTABLE_EXECUTABLE_DIR_SERVER}/samples/burst/Payslips.pdf</arg>
<arg>${PORTABLE_EXECUTABLE_DIR_SERVER}/poll</arg>
<doc>Copies the source file into the destination.</doc>
<status status="PASS" start="2025-04-14T14:29:06.671791" elapsed="0.007326"/>
</kw>
<kw name="Wait Until Keyword Succeeds" owner="BuiltIn">
<msg time="2025-04-14T14:29:06.679117" level="TRACE">Arguments: [ '10x' | '3s' | 'Check PDF Files Generated' | '3' ]</msg>
<kw name="Check PDF Files Generated">
<msg time="2025-04-14T14:29:06.680282" level="TRACE">Arguments: [ ${expected_count}='3' ]</msg>
<kw name="Count Files" owner="utilities">
<msg time="2025-04-14T14:29:06.680500" level="TRACE">Arguments: [ 'C:\\Projects\\all-repos\\src\\prd\\rb\\asbl\\target/uat/rbs/ReportBurster/output' | pattern='*.pdf' | recursive=True ]</msg>
<msg time="2025-04-14T14:29:06.680500" level="TRACE">Return: 0</msg>
<msg time="2025-04-14T14:29:06.680500" level="INFO">${count} = 0</msg>
<var>${count}</var>
<arg>${PORTABLE_EXECUTABLE_DIR_SERVER}/output</arg>
<arg>pattern=*.pdf</arg>
<arg>recursive=True</arg>
<status status="PASS" start="2025-04-14T14:29:06.680282" elapsed="0.000218"/>
</kw>
<kw name="Should Be Equal As Integers" owner="BuiltIn">
<msg time="2025-04-14T14:29:06.680500" level="TRACE">Arguments: [ 0 | '3' ]</msg>
<msg time="2025-04-14T14:29:06.680500" level="INFO">Argument types are:
&lt;class 'int'&gt;
&lt;class 'str'&gt;</msg>
<msg time="2025-04-14T14:29:06.681546" level="FAIL">0 != 3</msg>
<msg time="2025-04-14T14:29:06.681546" level="DEBUG">Traceback (most recent call last):
  None
AssertionError: 0 != 3</msg>
<arg>${count}</arg>
<arg>${expected_count}</arg>
<doc>Fails if objects are unequal after converting them to integers.</doc>
<status status="FAIL" start="2025-04-14T14:29:06.680500" elapsed="0.001046">0 != 3</status>
</kw>
<arg>3</arg>
<status status="FAIL" start="2025-04-14T14:29:06.680163" elapsed="0.001383">0 != 3</status>
</kw>
<kw name="Check PDF Files Generated">
<msg time="2025-04-14T14:29:09.682115" level="TRACE">Arguments: [ ${expected_count}='3' ]</msg>
<kw name="Count Files" owner="utilities">
<msg time="2025-04-14T14:29:09.683185" level="TRACE">Arguments: [ 'C:\\Projects\\all-repos\\src\\prd\\rb\\asbl\\target/uat/rbs/ReportBurster/output' | pattern='*.pdf' | recursive=True ]</msg>
<msg time="2025-04-14T14:29:09.684186" level="TRACE">Return: 0</msg>
<msg time="2025-04-14T14:29:09.684186" level="INFO">${count} = 0</msg>
<var>${count}</var>
<arg>${PORTABLE_EXECUTABLE_DIR_SERVER}/output</arg>
<arg>pattern=*.pdf</arg>
<arg>recursive=True</arg>
<status status="PASS" start="2025-04-14T14:29:09.683185" elapsed="0.001001"/>
</kw>
<kw name="Should Be Equal As Integers" owner="BuiltIn">
<msg time="2025-04-14T14:29:09.685186" level="TRACE">Arguments: [ 0 | '3' ]</msg>
<msg time="2025-04-14T14:29:09.685186" level="INFO">Argument types are:
&lt;class 'int'&gt;
&lt;class 'str'&gt;</msg>
<msg time="2025-04-14T14:29:09.686182" level="FAIL">0 != 3</msg>
<msg time="2025-04-14T14:29:09.686182" level="DEBUG">Traceback (most recent call last):
  None
AssertionError: 0 != 3</msg>
<arg>${count}</arg>
<arg>${expected_count}</arg>
<doc>Fails if objects are unequal after converting them to integers.</doc>
<status status="FAIL" start="2025-04-14T14:29:09.685186" elapsed="0.000996">0 != 3</status>
</kw>
<arg>3</arg>
<status status="FAIL" start="2025-04-14T14:29:09.682115" elapsed="0.004067">0 != 3</status>
</kw>
<kw name="Check PDF Files Generated">
<msg time="2025-04-14T14:29:12.686811" level="TRACE">Arguments: [ ${expected_count}='3' ]</msg>
<kw name="Count Files" owner="utilities">
<msg time="2025-04-14T14:29:12.686811" level="TRACE">Arguments: [ 'C:\\Projects\\all-repos\\src\\prd\\rb\\asbl\\target/uat/rbs/ReportBurster/output' | pattern='*.pdf' | recursive=True ]</msg>
<msg time="2025-04-14T14:29:12.686811" level="TRACE">Return: 0</msg>
<msg time="2025-04-14T14:29:12.687810" level="INFO">${count} = 0</msg>
<var>${count}</var>
<arg>${PORTABLE_EXECUTABLE_DIR_SERVER}/output</arg>
<arg>pattern=*.pdf</arg>
<arg>recursive=True</arg>
<status status="PASS" start="2025-04-14T14:29:12.686811" elapsed="0.000999"/>
</kw>
<kw name="Should Be Equal As Integers" owner="BuiltIn">
<msg time="2025-04-14T14:29:12.687810" level="TRACE">Arguments: [ 0 | '3' ]</msg>
<msg time="2025-04-14T14:29:12.687810" level="INFO">Argument types are:
&lt;class 'int'&gt;
&lt;class 'str'&gt;</msg>
<msg time="2025-04-14T14:29:12.687810" level="FAIL">0 != 3</msg>
<msg time="2025-04-14T14:29:12.687810" level="DEBUG">Traceback (most recent call last):
  None
AssertionError: 0 != 3</msg>
<arg>${count}</arg>
<arg>${expected_count}</arg>
<doc>Fails if objects are unequal after converting them to integers.</doc>
<status status="FAIL" start="2025-04-14T14:29:12.687810" elapsed="0.000000">0 != 3</status>
</kw>
<arg>3</arg>
<status status="FAIL" start="2025-04-14T14:29:12.686811" elapsed="0.000999">0 != 3</status>
</kw>
<kw name="Check PDF Files Generated">
<msg time="2025-04-14T14:29:15.687965" level="TRACE">Arguments: [ ${expected_count}='3' ]</msg>
<kw name="Count Files" owner="utilities">
<msg time="2025-04-14T14:29:15.687965" level="TRACE">Arguments: [ 'C:\\Projects\\all-repos\\src\\prd\\rb\\asbl\\target/uat/rbs/ReportBurster/output' | pattern='*.pdf' | recursive=True ]</msg>
<msg time="2025-04-14T14:29:15.688967" level="TRACE">Return: 0</msg>
<msg time="2025-04-14T14:29:15.688967" level="INFO">${count} = 0</msg>
<var>${count}</var>
<arg>${PORTABLE_EXECUTABLE_DIR_SERVER}/output</arg>
<arg>pattern=*.pdf</arg>
<arg>recursive=True</arg>
<status status="PASS" start="2025-04-14T14:29:15.687965" elapsed="0.001002"/>
</kw>
<kw name="Should Be Equal As Integers" owner="BuiltIn">
<msg time="2025-04-14T14:29:15.688967" level="TRACE">Arguments: [ 0 | '3' ]</msg>
<msg time="2025-04-14T14:29:15.688967" level="INFO">Argument types are:
&lt;class 'int'&gt;
&lt;class 'str'&gt;</msg>
<msg time="2025-04-14T14:29:15.688967" level="FAIL">0 != 3</msg>
<msg time="2025-04-14T14:29:15.688967" level="DEBUG">Traceback (most recent call last):
  None
AssertionError: 0 != 3</msg>
<arg>${count}</arg>
<arg>${expected_count}</arg>
<doc>Fails if objects are unequal after converting them to integers.</doc>
<status status="FAIL" start="2025-04-14T14:29:15.688967" elapsed="0.000000">0 != 3</status>
</kw>
<arg>3</arg>
<status status="FAIL" start="2025-04-14T14:29:15.687965" elapsed="0.001002">0 != 3</status>
</kw>
<kw name="Check PDF Files Generated">
<msg time="2025-04-14T14:29:18.689111" level="TRACE">Arguments: [ ${expected_count}='3' ]</msg>
<kw name="Count Files" owner="utilities">
<msg time="2025-04-14T14:29:18.689111" level="TRACE">Arguments: [ 'C:\\Projects\\all-repos\\src\\prd\\rb\\asbl\\target/uat/rbs/ReportBurster/output' | pattern='*.pdf' | recursive=True ]</msg>
<msg time="2025-04-14T14:29:18.690155" level="TRACE">Return: 0</msg>
<msg time="2025-04-14T14:29:18.690229" level="INFO">${count} = 0</msg>
<var>${count}</var>
<arg>${PORTABLE_EXECUTABLE_DIR_SERVER}/output</arg>
<arg>pattern=*.pdf</arg>
<arg>recursive=True</arg>
<status status="PASS" start="2025-04-14T14:29:18.689111" elapsed="0.001118"/>
</kw>
<kw name="Should Be Equal As Integers" owner="BuiltIn">
<msg time="2025-04-14T14:29:18.690378" level="TRACE">Arguments: [ 0 | '3' ]</msg>
<msg time="2025-04-14T14:29:18.690378" level="INFO">Argument types are:
&lt;class 'int'&gt;
&lt;class 'str'&gt;</msg>
<msg time="2025-04-14T14:29:18.690378" level="FAIL">0 != 3</msg>
<msg time="2025-04-14T14:29:18.690378" level="DEBUG">Traceback (most recent call last):
  None
AssertionError: 0 != 3</msg>
<arg>${count}</arg>
<arg>${expected_count}</arg>
<doc>Fails if objects are unequal after converting them to integers.</doc>
<status status="FAIL" start="2025-04-14T14:29:18.690378" elapsed="0.000000">0 != 3</status>
</kw>
<arg>3</arg>
<status status="FAIL" start="2025-04-14T14:29:18.689111" elapsed="0.001267">0 != 3</status>
</kw>
<kw name="Check PDF Files Generated">
<msg time="2025-04-14T14:29:21.690625" level="TRACE">Arguments: [ ${expected_count}='3' ]</msg>
<kw name="Count Files" owner="utilities">
<msg time="2025-04-14T14:29:21.690625" level="TRACE">Arguments: [ 'C:\\Projects\\all-repos\\src\\prd\\rb\\asbl\\target/uat/rbs/ReportBurster/output' | pattern='*.pdf' | recursive=True ]</msg>
<msg time="2025-04-14T14:29:21.691654" level="TRACE">Return: 3</msg>
<msg time="2025-04-14T14:29:21.691654" level="INFO">${count} = 3</msg>
<var>${count}</var>
<arg>${PORTABLE_EXECUTABLE_DIR_SERVER}/output</arg>
<arg>pattern=*.pdf</arg>
<arg>recursive=True</arg>
<status status="PASS" start="2025-04-14T14:29:21.690625" elapsed="0.001029"/>
</kw>
<kw name="Should Be Equal As Integers" owner="BuiltIn">
<msg time="2025-04-14T14:29:21.691654" level="TRACE">Arguments: [ 3 | '3' ]</msg>
<msg time="2025-04-14T14:29:21.691654" level="INFO">Argument types are:
&lt;class 'int'&gt;
&lt;class 'str'&gt;</msg>
<msg time="2025-04-14T14:29:21.691654" level="TRACE">Return: None</msg>
<arg>${count}</arg>
<arg>${expected_count}</arg>
<doc>Fails if objects are unequal after converting them to integers.</doc>
<status status="PASS" start="2025-04-14T14:29:21.691654" elapsed="0.000000"/>
</kw>
<msg time="2025-04-14T14:29:21.691654" level="TRACE">Return: None</msg>
<arg>3</arg>
<status status="PASS" start="2025-04-14T14:29:21.690625" elapsed="0.001029"/>
</kw>
<msg time="2025-04-14T14:29:21.691654" level="TRACE">Return: None</msg>
<arg>10x</arg>
<arg>3s</arg>
<arg>Check PDF Files Generated</arg>
<arg>3</arg>
<doc>Runs the specified keyword and retries if it fails.</doc>
<status status="PASS" start="2025-04-14T14:29:06.679117" elapsed="15.012537"/>
</kw>
<kw name="Sleep" owner="BuiltIn">
<msg time="2025-04-14T14:29:21.692675" level="TRACE">Arguments: [ '1s' ]</msg>
<msg time="2025-04-14T14:29:22.693200" level="INFO">Slept 1 second.</msg>
<msg time="2025-04-14T14:29:22.693200" level="TRACE">Return: None</msg>
<arg>1s</arg>
<doc>Pauses the test executed for the given time.</doc>
<status status="PASS" start="2025-04-14T14:29:21.692675" elapsed="1.000525"/>
</kw>
<kw name="Shut Server" owner="utilities">
<msg time="2025-04-14T14:29:22.693200" level="TRACE">Arguments: [  ]</msg>
<msg time="2025-04-14T14:29:22.699140" level="TRACE">Return: &lt;Popen: returncode: None args: ['cmd.exe', '/c', 'C:\\Projects\\all-repos\\s...&gt;</msg>
<status status="PASS" start="2025-04-14T14:29:22.693200" elapsed="0.005940"/>
</kw>
<kw name="Wait Until Keyword Succeeds" owner="BuiltIn">
<msg time="2025-04-14T14:29:22.699140" level="TRACE">Arguments: [ '10x' | '3s' | 'Check Server Is Not Running' ]</msg>
<kw name="Check Server Is Not Running">
<msg time="2025-04-14T14:29:22.700386" level="TRACE">Arguments: [  ]</msg>
<kw name="Create Session" owner="RequestsLibrary">
<msg time="2025-04-14T14:29:22.700386" level="TRACE">Arguments: [ 'server' | 'http://localhost:9090' ]</msg>
<msg time="2025-04-14T14:29:22.700386" level="INFO">Creating Session using : alias=server, url=http://localhost:9090, headers={},                     cookies={}, auth=None, timeout=None, proxies=None, verify=False,                     debug=0 </msg>
<msg time="2025-04-14T14:29:22.700386" level="DEBUG">Creating session: server</msg>
<msg time="2025-04-14T14:29:22.700386" level="TRACE">Return: &lt;requests.sessions.Session object at 0x000002B85EFD2870&gt;</msg>
<arg>server</arg>
<arg>${SERVER_URL}</arg>
<doc>Create Session: create a HTTP session to a server</doc>
<status status="PASS" start="2025-04-14T14:29:22.700386" elapsed="0.000000"/>
</kw>
<kw name="Run Keyword And Ignore Error" owner="BuiltIn">
<msg time="2025-04-14T14:29:22.700386" level="TRACE">Arguments: [ 'GET On Session' | 'server' | '/' ]</msg>
<kw name="GET On Session" owner="RequestsLibrary">
<msg time="2025-04-14T14:29:22.701389" level="TRACE">Arguments: [ 'server' | '/' ]</msg>
<msg time="2025-04-14T14:29:22.702399" level="DEBUG">Starting new HTTP connection (1): localhost:9090</msg>
<msg time="2025-04-14T14:29:22.707389" level="DEBUG">http://localhost:9090 "GET / HTTP/1.1" 200 4963</msg>
<msg time="2025-04-14T14:29:22.707389" level="INFO">GET Request : url=http://localhost:9090/ 
 path_url=/ 
 headers={'User-Agent': 'python-requests/2.32.3', 'Accept-Encoding': 'gzip, deflate', 'Accept': '*/*', 'Connection': 'keep-alive'} 
 body=None 
 </msg>
<msg time="2025-04-14T14:29:22.707389" level="INFO">GET Response : url=http://localhost:9090/ 
 status=200, reason= 
 headers={'Access-Control-Allow-Credentials': 'true', 'Access-Control-Allow-Origin': '*', 'Access-Control-Allow-Methods': 'GET, PUT, POST, DELETE, OPTIONS', 'Access-Control-Allow-Headers': 'Content-Type', 'Vary': 'Origin, Access-Control-Request-Method, Access-Control-Request-Headers', 'Last-Modified': 'Mon, 14 Apr 2025 09:14:21 GMT', 'Accept-Ranges': 'bytes', 'Content-Type': 'text/html;charset=UTF-8', 'Content-Language': 'en-US', 'Content-Length': '4963', 'Date': 'Mon, 14 Apr 2025 12:29:22 GMT', 'Keep-Alive': 'timeout=60', 'Connection': 'keep-alive'} 
 body=&lt;!DOCTYPE html&gt;&lt;html&gt;&lt;head&gt;
    &lt;meta charset="utf-8"&gt;
    &lt;title&gt;&lt;/title&gt;
    &lt;base href="/"&gt;

    &lt;meta name="viewport" content="width=device-width, initial-scale=1"&gt;
    &lt;link rel="icon" type="image/x-icon" href="assets/icons/icon.ico"&gt;
  &lt;style&gt;html{font-family:sans-serif;-ms-text-size-adjust:100%;-webkit-text-size-adjust:100%}body{margin:0}@media print{*,:after,:before{color:#000!important;text-shadow:none!important;background:0 0!important;box-shadow:none!important}}:after,:before{box-sizing:border-box}html{font-size:10px;-webkit-tap-highlight-color:rgba(0,0,0,0)}body{font-family:Helvetica Neue,Helvetica,Arial,sans-serif;font-size:14px;line-height:1.42857143;color:#333;background-color:#fff}@charset "UTF-8";html,body{height:100%}body{font-family:Source Sans Pro,Helvetica Neue,Helvetica,Arial,sans-serif;font-weight:400;overflow-x:hidden;overflow-y:auto}:root{--surface-a:#ffffff;--surface-b:#efefef;--surface-c:#e9ecef;--surface-d:#dee2e6;--surface-e:#ffffff;--surface-f:#ffffff;--text-color:#212529;--text-color-secondary:#6c757d;--primary-color:#007bff;--primary-color-text:#ffffff;--font-family:-apple-system, BlinkMacSystemFont, Segoe UI, Roboto, Helvetica, Arial, sans-serif, Apple Color Emoji, Segoe UI Emoji, Segoe UI Symbol;--surface-0:#ffffff;--surface-50:#f9fafb;--surface-100:#f8f9fa;--surface-200:#e9ecef;--surface-300:#dee2e6;--surface-400:#ced4da;--surface-500:#adb5bd;--surface-600:#6c757d;--surface-700:#495057;--surface-800:#343a40;--surface-900:#212529;--gray-50:#f9fafb;--gray-100:#f8f9fa;--gray-200:#e9ecef;--gray-300:#dee2e6;--gray-400:#ced4da;--gray-500:#adb5bd;--gray-600:#6c757d;--gray-700:#495057;--gray-800:#343a40;--gray-900:#212529;--content-padding:1.25rem;--inline-spacing:.5rem;--border-radius:4px;--surface-ground:#efefef;--surface-section:#ffffff;--surface-card:#ffffff;--surface-overlay:#ffffff;--surface-border:#dee2e6;--surface-hover:#e9ecef;--maskbg:rgba(0, 0, 0, .4);--focus-ring:0 0 0 .2rem rgba(38, 143, 255, .5);color-scheme:light}*{box-sizing:border-box}:root{--blue-50:#f3f8ff;--blue-100:#c5dcff;--blue-200:#97c1fe;--blue-300:#69a5fe;--blue-400:#3b8afd;--blue-500:#0d6efd;--blue-600:#0b5ed7;--blue-700:#094db1;--blue-800:#073d8b;--blue-900:#052c65;--green-50:#f4f9f6;--green-100:#c8e2d6;--green-200:#9ccbb5;--green-300:#70b595;--green-400:#459e74;--green-500:#198754;--green-600:#157347;--green-700:#125f3b;--green-800:#0e4a2e;--green-900:#0a3622;--yellow-50:#fffcf3;--yellow-100:#fff0c3;--yellow-200:#ffe494;--yellow-300:#ffd965;--yellow-400:#ffcd36;--yellow-500:#ffc107;--yellow-600:#d9a406;--yellow-700:#b38705;--yellow-800:#8c6a04;--yellow-900:#664d03;--cyan-50:#f3fcfe;--cyan-100:#c5f2fb;--cyan-200:#97e8f9;--cyan-300:#69def6;--cyan-400:#3bd4f3;--cyan-500:#0dcaf0;--cyan-600:#0baccc;--cyan-700:#098da8;--cyan-800:#076f84;--cyan-900:#055160;--pink-50:#fdf5f9;--pink-100:#f5cee1;--pink-200:#eda7ca;--pink-300:#e681b3;--pink-400:#de5a9b;--pink-500:#d63384;--pink-600:#b62b70;--pink-700:#96245c;--pink-800:#761c49;--pink-900:#561435;--indigo-50:#f7f3fe;--indigo-100:#dac6fc;--indigo-200:#bd98f9;--indigo-300:#a06bf7;--indigo-400:#833df4;--indigo-500:#6610f2;--indigo-600:#570ece;--indigo-700:#470ba9;--indigo-800:#380985;--indigo-900:#290661;--teal-50:#f4fcfa;--teal-100:#c9f2e6;--teal-200:#9fe8d2;--teal-300:#75debf;--teal-400:#4ad3ab;--teal-500:#20c997;--teal-600:#1bab80;--teal-700:#168d6a;--teal-800:#126f53;--teal-900:#0d503c;--orange-50:#fff9f3;--orange-100:#ffe0c7;--orange-200:#fec89a;--orange-300:#feaf6d;--orange-400:#fd9741;--orange-500:#fd7e14;--orange-600:#d76b11;--orange-700:#b1580e;--orange-800:#8b450b;--orange-900:#653208;--bluegray-50:#f8f9fb;--bluegray-100:#e0e4ea;--bluegray-200:#c7ced9;--bluegray-300:#aeb9c8;--bluegray-400:#95a3b8;--bluegray-500:#7c8ea7;--bluegray-600:#69798e;--bluegray-700:#576375;--bluegray-800:#444e5c;--bluegray-900:#323943;--purple-50:#f8f6fc;--purple-100:#dcd2f0;--purple-200:#c1aee4;--purple-300:#a68ad9;--purple-400:#8a66cd;--purple-500:#6f42c1;--purple-600:#5e38a4;--purple-700:#4e2e87;--purple-800:#3d246a;--purple-900:#2c1a4d;--red-50:#fdf5f6;--red-100:#f7cfd2;--red-200:#f0a8af;--red-300:#e9828c;--red-400:#e35b68;--red-500:#dc3545;--red-600:#bb2d3b;--red-700:#9a2530;--red-800:#791d26;--red-900:#58151c;--primary-50:#f2f8ff;--primary-100:#c2dfff;--primary-200:#91c6ff;--primary-300:#61adff;--primary-400:#3094ff;--primary-500:#007bff;--primary-600:#0069d9;--primary-700:#0056b3;--primary-800:#00448c;--primary-900:#003166}&lt;/style&gt;&lt;link rel="stylesheet" href="styles.fe00d9e1de829f6d.css" media="print" onload="this.media='all'"&gt;&lt;noscript&gt;&lt;link rel="stylesheet" href="styles.fe00d9e1de829f6d.css"&gt;&lt;/noscript&gt;&lt;/head&gt;
  &lt;body class="skin-black"&gt;
    &lt;app-root&gt;Loading...&lt;/app-root&gt;
  &lt;script src="runtime.c1bd29ecf74be03c.js" type="module"&gt;&lt;/script&gt;&lt;script src="polyfills.4ae72b598e1b5927.js" type="module"&gt;&lt;/script&gt;&lt;script src="scripts.2212ee5021e2179d.js" defer&gt;&lt;/script&gt;&lt;script src="main.3c4807ab684b3a29.js" type="module"&gt;&lt;/script&gt;

&lt;/body&gt;&lt;/html&gt; 
 </msg>
<msg time="2025-04-14T14:29:22.708394" level="TRACE">Return: &lt;Response [200]&gt;</msg>
<arg>server</arg>
<arg>/</arg>
<doc>Sends a GET request on a previously created HTTP Session.</doc>
<status status="PASS" start="2025-04-14T14:29:22.701389" elapsed="0.007005"/>
</kw>
<msg time="2025-04-14T14:29:22.708394" level="TRACE">Return: ('PASS', &lt;Response [200]&gt;)</msg>
<msg time="2025-04-14T14:29:22.708394" level="INFO">${result} = ('PASS', &lt;Response [200]&gt;)</msg>
<var>${result}</var>
<arg>GET On Session</arg>
<arg>server</arg>
<arg>/</arg>
<doc>Runs the given keyword with the given arguments and ignores possible error.</doc>
<status status="PASS" start="2025-04-14T14:29:22.700386" elapsed="0.008008"/>
</kw>
<kw name="Set Variable If" owner="BuiltIn">
<msg time="2025-04-14T14:29:22.709616" level="TRACE">Arguments: [ "'PASS' == 'PASS'" | '${result[1].status_code}' | '0' ]</msg>
<msg time="2025-04-14T14:29:22.709616" level="TRACE">Return: 200</msg>
<msg time="2025-04-14T14:29:22.709616" level="INFO">${status_code} = 200</msg>
<var>${status_code}</var>
<arg>'${result[0]}' == 'PASS'</arg>
<arg>${result[1].status_code}</arg>
<arg>0</arg>
<doc>Sets variable based on the given condition.</doc>
<status status="PASS" start="2025-04-14T14:29:22.709427" elapsed="0.000189"/>
</kw>
<kw name="Should Not Be Equal As Integers" owner="BuiltIn">
<msg time="2025-04-14T14:29:22.710645" level="TRACE">Arguments: [ 200 | '200' ]</msg>
<msg time="2025-04-14T14:29:22.710645" level="INFO">Argument types are:
&lt;class 'int'&gt;
&lt;class 'str'&gt;</msg>
<msg time="2025-04-14T14:29:22.710645" level="FAIL">200 == 200</msg>
<msg time="2025-04-14T14:29:22.710645" level="DEBUG">Traceback (most recent call last):
  None
AssertionError: 200 == 200</msg>
<arg>${status_code}</arg>
<arg>200</arg>
<doc>Fails if objects are equal after converting them to integers.</doc>
<status status="FAIL" start="2025-04-14T14:29:22.710645" elapsed="0.000000">200 == 200</status>
</kw>
<status status="FAIL" start="2025-04-14T14:29:22.700200" elapsed="0.010445">200 == 200</status>
</kw>
<kw name="Check Server Is Not Running">
<msg time="2025-04-14T14:29:25.711186" level="TRACE">Arguments: [  ]</msg>
<kw name="Create Session" owner="RequestsLibrary">
<msg time="2025-04-14T14:29:25.711186" level="TRACE">Arguments: [ 'server' | 'http://localhost:9090' ]</msg>
<msg time="2025-04-14T14:29:25.711186" level="INFO">Creating Session using : alias=server, url=http://localhost:9090, headers={},                     cookies={}, auth=None, timeout=None, proxies=None, verify=False,                     debug=0 </msg>
<msg time="2025-04-14T14:29:25.711186" level="DEBUG">Creating session: server</msg>
<msg time="2025-04-14T14:29:25.711186" level="TRACE">Return: &lt;requests.sessions.Session object at 0x000002B85EFD1760&gt;</msg>
<arg>server</arg>
<arg>${SERVER_URL}</arg>
<doc>Create Session: create a HTTP session to a server</doc>
<status status="PASS" start="2025-04-14T14:29:25.711186" elapsed="0.000000"/>
</kw>
<kw name="Run Keyword And Ignore Error" owner="BuiltIn">
<msg time="2025-04-14T14:29:25.711997" level="TRACE">Arguments: [ 'GET On Session' | 'server' | '/' ]</msg>
<kw name="GET On Session" owner="RequestsLibrary">
<msg time="2025-04-14T14:29:25.711997" level="TRACE">Arguments: [ 'server' | '/' ]</msg>
<msg time="2025-04-14T14:29:25.711997" level="DEBUG">Starting new HTTP connection (1): localhost:9090</msg>
<msg time="2025-04-14T14:29:29.774839" level="DEBUG">Incremented Retry for (url='/'): RetryAdapter(total=2, connect=None, read=None, redirect=None, status=None)</msg>
<msg time="2025-04-14T14:29:29.774839" level="WARN">Retrying (RetryAdapter(total=2, connect=None, read=None, redirect=None, status=None)) after connection broken by 'NewConnectionError('&lt;urllib3.connection.HTTPConnection object at 0x000002B85EFF0080&gt;: Failed to establish a new connection: [WinError 10061] No connection could be made because the target machine actively refused it')': /</msg>
<msg time="2025-04-14T14:29:29.776768" level="DEBUG">Starting new HTTP connection (2): localhost:9090</msg>
<msg time="2025-04-14T14:29:33.829901" level="DEBUG">Incremented Retry for (url='/'): RetryAdapter(total=1, connect=None, read=None, redirect=None, status=None)</msg>
<msg time="2025-04-14T14:29:34.030975" level="WARN">Retrying (RetryAdapter(total=1, connect=None, read=None, redirect=None, status=None)) after connection broken by 'NewConnectionError('&lt;urllib3.connection.HTTPConnection object at 0x000002B85EFF0440&gt;: Failed to establish a new connection: [WinError 10061] No connection could be made because the target machine actively refused it')': /</msg>
<msg time="2025-04-14T14:29:34.032143" level="DEBUG">Starting new HTTP connection (3): localhost:9090</msg>
<msg time="2025-04-14T14:29:38.091955" level="DEBUG">Incremented Retry for (url='/'): RetryAdapter(total=0, connect=None, read=None, redirect=None, status=None)</msg>
<msg time="2025-04-14T14:29:38.493271" level="WARN">Retrying (RetryAdapter(total=0, connect=None, read=None, redirect=None, status=None)) after connection broken by 'NewConnectionError('&lt;urllib3.connection.HTTPConnection object at 0x000002B85EFD26F0&gt;: Failed to establish a new connection: [WinError 10061] No connection could be made because the target machine actively refused it')': /</msg>
<msg time="2025-04-14T14:29:38.494310" level="DEBUG">Starting new HTTP connection (4): localhost:9090</msg>
<msg time="2025-04-14T14:29:42.566051" level="FAIL">ConnectionError: HTTPConnectionPool(host='localhost', port=9090): Max retries exceeded with url: / (Caused by NewConnectionError('&lt;urllib3.connection.HTTPConnection object at 0x000002B85EE3DD60&gt;: Failed to establish a new connection: [WinError 10061] No connection could be made because the target machine actively refused it'))</msg>
<msg time="2025-04-14T14:29:42.571009" level="DEBUG">Traceback (most recent call last):
  File "C:\Projects\all-repos\src\prd\rb\asbl\src\uat\.venv\Lib\site-packages\urllib3\connection.py", line 198, in _new_conn
    sock = connection.create_connection(
           ^^^^^^^^^^^^^^^^^^^^^^^^^^^^^
  File "C:\Projects\all-repos\src\prd\rb\asbl\src\uat\.venv\Lib\site-packages\urllib3\util\connection.py", line 85, in create_connection
    raise err
  File "C:\Projects\all-repos\src\prd\rb\asbl\src\uat\.venv\Lib\site-packages\urllib3\util\connection.py", line 73, in create_connection
    sock.connect(sa)
ConnectionRefusedError: [WinError 10061] No connection could be made because the target machine actively refused it

The above exception was the direct cause of the following exception:

Traceback (most recent call last):
  File "C:\Projects\all-repos\src\prd\rb\asbl\src\uat\.venv\Lib\site-packages\urllib3\connectionpool.py", line 787, in urlopen
    response = self._make_request(
               ^^^^^^^^^^^^^^^^^^^
  File "C:\Projects\all-repos\src\prd\rb\asbl\src\uat\.venv\Lib\site-packages\urllib3\connectionpool.py", line 493, in _make_request
    conn.request(
  File "C:\Projects\all-repos\src\prd\rb\asbl\src\uat\.venv\Lib\site-packages\urllib3\connection.py", line 445, in request
    self.endheaders()
  File "C:\Python312\Lib\http\client.py", line 1331, in endheaders
    self._send_output(message_body, encode_chunked=encode_chunked)
  File "C:\Python312\Lib\http\client.py", line 1091, in _send_output
    self.send(msg)
  File "C:\Python312\Lib\http\client.py", line 1035, in send
    self.connect()
  File "C:\Projects\all-repos\src\prd\rb\asbl\src\uat\.venv\Lib\site-packages\urllib3\connection.py", line 276, in connect
    self.sock = self._new_conn()
                ^^^^^^^^^^^^^^^^
  File "C:\Projects\all-repos\src\prd\rb\asbl\src\uat\.venv\Lib\site-packages\urllib3\connection.py", line 213, in _new_conn
    raise NewConnectionError(
urllib3.exceptions.NewConnectionError: &lt;urllib3.connection.HTTPConnection object at 0x000002B85EE3DD60&gt;: Failed to establish a new connection: [WinError 10061] No connection could be made because the target machine actively refused it

The above exception was the direct cause of the following exception:

Traceback (most recent call last):
  File "C:\Projects\all-repos\src\prd\rb\asbl\src\uat\.venv\Lib\site-packages\requests\adapters.py", line 667, in send
    resp = conn.urlopen(
           ^^^^^^^^^^^^^
  File "C:\Projects\all-repos\src\prd\rb\asbl\src\uat\.venv\Lib\site-packages\urllib3\connectionpool.py", line 871, in urlopen
    return self.urlopen(
           ^^^^^^^^^^^^^
  File "C:\Projects\all-repos\src\prd\rb\asbl\src\uat\.venv\Lib\site-packages\urllib3\connectionpool.py", line 871, in urlopen
    return self.urlopen(
           ^^^^^^^^^^^^^
  File "C:\Projects\all-repos\src\prd\rb\asbl\src\uat\.venv\Lib\site-packages\urllib3\connectionpool.py", line 871, in urlopen
    return self.urlopen(
           ^^^^^^^^^^^^^
  File "C:\Projects\all-repos\src\prd\rb\asbl\src\uat\.venv\Lib\site-packages\urllib3\connectionpool.py", line 841, in urlopen
    retries = retries.increment(
              ^^^^^^^^^^^^^^^^^^
  File "C:\Projects\all-repos\src\prd\rb\asbl\src\uat\.venv\Lib\site-packages\urllib3\util\retry.py", line 519, in increment
    raise MaxRetryError(_pool, url, reason) from reason  # type: ignore[arg-type]
    ^^^^^^^^^^^^^^^^^^^^^^^^^^^^^^^^^^^^^^^^^^^^^^^^^^^
urllib3.exceptions.MaxRetryError: HTTPConnectionPool(host='localhost', port=9090): Max retries exceeded with url: / (Caused by NewConnectionError('&lt;urllib3.connection.HTTPConnection object at 0x000002B85EE3DD60&gt;: Failed to establish a new connection: [WinError 10061] No connection could be made because the target machine actively refused it'))

During handling of the above exception, another exception occurred:

Traceback (most recent call last):
  File "C:\Projects\all-repos\src\prd\rb\asbl\src\uat\.venv\Lib\site-packages\RequestsLibrary\utils.py", line 154, in decorator
    return func(*args, **kwargs)
           ^^^^^^^^^^^^^^^^^^^^^
  File "C:\Projects\all-repos\src\prd\rb\asbl\src\uat\.venv\Lib\site-packages\RequestsLibrary\RequestsOnSessionKeywords.py", line 31, in get_on_session
    response = self._common_request("get", session, url,
               ^^^^^^^^^^^^^^^^^^^^^^^^^^^^^^^^^^^^^^^^^
  File "C:\Projects\all-repos\src\prd\rb\asbl\src\uat\.venv\Lib\site-packages\RequestsLibrary\RequestsKeywords.py", line 37, in _common_request
    resp = method_function(
           ^^^^^^^^^^^^^^^^
  File "C:\Projects\all-repos\src\prd\rb\asbl\src\uat\.venv\Lib\site-packages\requests\sessions.py", line 602, in get
    return self.request("GET", url, **kwargs)
           ^^^^^^^^^^^^^^^^^^^^^^^^^^^^^^^^^^
  File "C:\Projects\all-repos\src\prd\rb\asbl\src\uat\.venv\Lib\site-packages\requests\sessions.py", line 589, in request
    resp = self.send(prep, **send_kwargs)
           ^^^^^^^^^^^^^^^^^^^^^^^^^^^^^^
  File "C:\Projects\all-repos\src\prd\rb\asbl\src\uat\.venv\Lib\site-packages\requests\sessions.py", line 703, in send
    r = adapter.send(request, **kwargs)
        ^^^^^^^^^^^^^^^^^^^^^^^^^^^^^^^
  File "C:\Projects\all-repos\src\prd\rb\asbl\src\uat\.venv\Lib\site-packages\requests\adapters.py", line 700, in send
    raise ConnectionError(e, request=request)
requests.exceptions.ConnectionError: HTTPConnectionPool(host='localhost', port=9090): Max retries exceeded with url: / (Caused by NewConnectionError('&lt;urllib3.connection.HTTPConnection object at 0x000002B85EE3DD60&gt;: Failed to establish a new connection: [WinError 10061] No connection could be made because the target machine actively refused it'))</msg>
<arg>server</arg>
<arg>/</arg>
<doc>Sends a GET request on a previously created HTTP Session.</doc>
<status status="FAIL" start="2025-04-14T14:29:25.711997" elapsed="16.859012">ConnectionError: HTTPConnectionPool(host='localhost', port=9090): Max retries exceeded with url: / (Caused by NewConnectionError('&lt;urllib3.connection.HTTPConnection object at 0x000002B85EE3DD60&gt;: Failed to establish a new connection: [WinError 10061] No connection could be made because the target machine actively refused it'))</status>
</kw>
<msg time="2025-04-14T14:29:42.571009" level="TRACE">Return: ('FAIL',
 "ConnectionError: HTTPConnectionPool(host='localhost', port=9090): Max retries exceeded with url: / (Caused by NewConnectionError('&lt;urllib3.connection.HTTPConnection object at 0x000002B85EE3DD60&gt;: Failed to establish a new connection: [WinError 10061] No connection could be made because the target machine actively refused it'))")</msg>
<msg time="2025-04-14T14:29:42.571009" level="INFO">${result} = ('FAIL', "ConnectionError: HTTPConnectionPool(host='localhost', port=9090): Max retries exceeded with url: / (Caused by NewConnectionError('&lt;urllib3.connection.HTTPConnection object at 0x000002B85EE3D...</msg>
<var>${result}</var>
<arg>GET On Session</arg>
<arg>server</arg>
<arg>/</arg>
<doc>Runs the given keyword with the given arguments and ignores possible error.</doc>
<status status="PASS" start="2025-04-14T14:29:25.711997" elapsed="16.859012"/>
</kw>
<kw name="Set Variable If" owner="BuiltIn">
<msg time="2025-04-14T14:29:42.572009" level="TRACE">Arguments: [ "'FAIL' == 'PASS'" | '${result[1].status_code}' | '0' ]</msg>
<msg time="2025-04-14T14:29:42.572009" level="TRACE">Return: '0'</msg>
<msg time="2025-04-14T14:29:42.572009" level="INFO">${status_code} = 0</msg>
<var>${status_code}</var>
<arg>'${result[0]}' == 'PASS'</arg>
<arg>${result[1].status_code}</arg>
<arg>0</arg>
<doc>Sets variable based on the given condition.</doc>
<status status="PASS" start="2025-04-14T14:29:42.571009" elapsed="0.001000"/>
</kw>
<kw name="Should Not Be Equal As Integers" owner="BuiltIn">
<msg time="2025-04-14T14:29:42.572009" level="TRACE">Arguments: [ '0' | '200' ]</msg>
<msg time="2025-04-14T14:29:42.572009" level="DEBUG">Argument types are:
&lt;class 'str'&gt;
&lt;class 'str'&gt;</msg>
<msg time="2025-04-14T14:29:42.572009" level="TRACE">Return: None</msg>
<arg>${status_code}</arg>
<arg>200</arg>
<doc>Fails if objects are equal after converting them to integers.</doc>
<status status="PASS" start="2025-04-14T14:29:42.572009" elapsed="0.000000"/>
</kw>
<msg time="2025-04-14T14:29:42.572009" level="TRACE">Return: None</msg>
<status status="PASS" start="2025-04-14T14:29:25.711186" elapsed="16.860823"/>
</kw>
<msg time="2025-04-14T14:29:42.572009" level="TRACE">Return: None</msg>
<arg>10x</arg>
<arg>3s</arg>
<arg>Check Server Is Not Running</arg>
<doc>Runs the specified keyword and retries if it fails.</doc>
<status status="PASS" start="2025-04-14T14:29:22.699140" elapsed="19.872869"/>
</kw>
<msg time="2025-04-14T14:29:42.572009" level="TRACE">Return: None</msg>
<status status="PASS" start="2025-04-14T14:28:50.725103" elapsed="51.846906"/>
</kw>
<kw name="Sleep" owner="BuiltIn">
<msg time="2025-04-14T14:29:42.573009" level="TRACE">Arguments: [ '1s' ]</msg>
<msg time="2025-04-14T14:29:43.573455" level="INFO">Slept 1 second.</msg>
<msg time="2025-04-14T14:29:43.573455" level="TRACE">Return: None</msg>
<arg>1s</arg>
<doc>Pauses the test executed for the given time.</doc>
<status status="PASS" start="2025-04-14T14:29:42.573009" elapsed="1.000446"/>
</kw>
<kw name="Ensure Java Is Not Installed" owner="utilities">
<msg time="2025-04-14T14:29:43.573455" level="TRACE">Arguments: [  ]</msg>
<msg time="2025-04-14T14:30:01.874427" level="INFO">Chocolatey is installed. (ensure_java_is_not_installed)
Uninstalling maven with Chocolatey...
Uninstalling Temurin11 with Chocolatey...
Java is not installed on this computer.</msg>
<msg time="2025-04-14T14:30:01.874427" level="TRACE">Return: None</msg>
<status status="PASS" start="2025-04-14T14:29:43.573455" elapsed="18.300972"/>
</kw>
<kw name="Sleep" owner="BuiltIn">
<msg time="2025-04-14T14:30:01.874427" level="TRACE">Arguments: [ '1s' ]</msg>
<msg time="2025-04-14T14:30:02.874751" level="INFO">Slept 1 second.</msg>
<msg time="2025-04-14T14:30:02.874751" level="TRACE">Return: None</msg>
<arg>1s</arg>
<doc>Pauses the test executed for the given time.</doc>
<status status="PASS" start="2025-04-14T14:30:01.874427" elapsed="1.000324"/>
</kw>
<kw name="Refresh Env Variables" owner="utilities">
<msg time="2025-04-14T14:30:02.875859" level="TRACE">Arguments: [  ]</msg>
<msg time="2025-04-14T14:30:03.217160" level="TRACE">Return: None</msg>
<status status="PASS" start="2025-04-14T14:30:02.875859" elapsed="0.341301"/>
</kw>
<kw name="Shut Server" owner="utilities" type="TEARDOWN">
<msg time="2025-04-14T14:30:03.217160" level="TRACE">Arguments: [  ]</msg>
<msg time="2025-04-14T14:30:03.219075" level="TRACE">Return: &lt;Popen: returncode: None args: ['cmd.exe', '/c', 'C:\\Projects\\all-repos\\s...&gt;</msg>
<status status="PASS" start="2025-04-14T14:30:03.217160" elapsed="0.001915"/>
</kw>
<doc>startServer.bat and shutServer.bat Scripts Should Work Fine</doc>
<status status="PASS" start="2025-04-14T14:28:23.556910" elapsed="99.662165"/>
</test>
<test id="s1-s2-t2" name="service.bat Should Work Fine" line="36">
<kw name="Clean Output Folders And Log Files" owner="utilities" type="SETUP">
<msg time="2025-04-14T14:30:03.223445" level="TRACE">Arguments: [ product='server' ]</msg>
<msg time="2025-04-14T14:30:03.226401" level="TRACE">Return: None</msg>
<arg>product=server</arg>
<status status="PASS" start="2025-04-14T14:30:03.222628" elapsed="0.003773"/>
</kw>
<kw name="Ensure Chocolatey Is Installed" owner="utilities">
<msg time="2025-04-14T14:30:03.226401" level="TRACE">Arguments: [  ]</msg>
<msg time="2025-04-14T14:30:04.072326" level="INFO">Output of 'choco -v': 2.4.3

Chocolatey is already installed.</msg>
<msg time="2025-04-14T14:30:04.072326" level="TRACE">Return: None</msg>
<status status="PASS" start="2025-04-14T14:30:03.226401" elapsed="0.845925"/>
</kw>
<kw name="Sleep" owner="BuiltIn">
<msg time="2025-04-14T14:30:04.072326" level="TRACE">Arguments: [ '1s' ]</msg>
<msg time="2025-04-14T14:30:05.072916" level="INFO">Slept 1 second.</msg>
<msg time="2025-04-14T14:30:05.072916" level="TRACE">Return: None</msg>
<arg>1s</arg>
<doc>Pauses the test executed for the given time.</doc>
<status status="PASS" start="2025-04-14T14:30:04.072326" elapsed="1.000590"/>
</kw>
<kw name="Refresh Env Variables" owner="utilities">
<msg time="2025-04-14T14:30:05.073917" level="TRACE">Arguments: [  ]</msg>
<msg time="2025-04-14T14:30:05.398266" level="TRACE">Return: None</msg>
<status status="PASS" start="2025-04-14T14:30:05.073917" elapsed="0.325363"/>
</kw>
<kw name="Ensure Java Is Installed" owner="utilities">
<msg time="2025-04-14T14:30:05.399637" level="TRACE">Arguments: [  ]</msg>
<msg time="2025-04-14T14:30:26.777679" level="INFO">Java is not installed. Installing now...
Output of 'choco -v': 2.4.3

Chocolatey is already installed.
Java 11 has been installed.</msg>
<msg time="2025-04-14T14:30:26.777679" level="TRACE">Return: None</msg>
<status status="PASS" start="2025-04-14T14:30:05.399637" elapsed="21.378042"/>
</kw>
<kw name="Sleep" owner="BuiltIn">
<msg time="2025-04-14T14:30:26.777679" level="TRACE">Arguments: [ '1s' ]</msg>
<msg time="2025-04-14T14:30:27.777680" level="INFO">Slept 1 second.</msg>
<msg time="2025-04-14T14:30:27.777680" level="TRACE">Return: None</msg>
<arg>1s</arg>
<doc>Pauses the test executed for the given time.</doc>
<status status="PASS" start="2025-04-14T14:30:26.777679" elapsed="1.000001"/>
</kw>
<kw name="Refresh Env Variables" owner="utilities">
<msg time="2025-04-14T14:30:27.778705" level="TRACE">Arguments: [  ]</msg>
<msg time="2025-04-14T14:30:28.116077" level="TRACE">Return: None</msg>
<status status="PASS" start="2025-04-14T14:30:27.778705" elapsed="0.337372"/>
</kw>
<kw name="Service Uninstall" owner="utilities">
<msg time="2025-04-14T14:30:28.116077" level="TRACE">Arguments: [  ]</msg>
<msg time="2025-04-14T14:30:28.749797" level="TRACE">Return: "2025-04-14 14:30:28,726 INFO  - Uninstalling service 'ReportBurster Server (rbsj)'...\r\n2025-04-14 14:30:28,733 WARN  - Service 'ReportBurster Server (rbsj)' does not exist.\r\nService ReportBurster Server removed\r\n"</msg>
<msg time="2025-04-14T14:30:28.749797" level="INFO">${output} = 2025-04-14 14:30:28,726 INFO  - Uninstalling service 'ReportBurster Server (rbsj)'...
2025-04-14 14:30:28,733 WARN  - Service 'ReportBurster Server (rbsj)' does not exist.
Service ReportBurster Serv...</msg>
<var>${output}</var>
<status status="PASS" start="2025-04-14T14:30:28.116077" elapsed="0.633720"/>
</kw>
<kw name="Text Contains Either" owner="utilities">
<msg time="2025-04-14T14:30:28.749797" level="TRACE">Arguments: [ "2025-04-14 14:30:28,726 INFO  - Uninstalling service 'ReportBurster Server (rbsj)'...\r\n2025-04-14 14:30:28,733 WARN  - Service 'ReportBurster Server (rbsj)' does not exist.\r\nService ReportBurster Server removed\r\n" | 'uninstalled successfully' | 'does not exist' ]</msg>
<msg time="2025-04-14T14:30:28.749797" level="TRACE">Return: True</msg>
<arg>${output}</arg>
<arg>uninstalled successfully</arg>
<arg>does not exist</arg>
<status status="PASS" start="2025-04-14T14:30:28.749797" elapsed="0.000000"/>
</kw>
<kw name="Service Install" owner="utilities">
<msg time="2025-04-14T14:30:28.750906" level="TRACE">Arguments: [  ]</msg>
<msg time="2025-04-14T14:30:29.384848" level="TRACE">Return: "2025-04-14 14:30:29,348 INFO  - Installing service 'ReportBurster Server (rbsj)'...\r\n2025-04-14 14:30:29,368 INFO  - Service 'ReportBurster Server (rbsj)' was installed successfully.\r\nService ReportBurster Server installed\r\n"</msg>
<msg time="2025-04-14T14:30:29.385875" level="INFO">${output} = 2025-04-14 14:30:29,348 INFO  - Installing service 'ReportBurster Server (rbsj)'...
2025-04-14 14:30:29,368 INFO  - Service 'ReportBurster Server (rbsj)' was installed successfully.
Service ReportBu...</msg>
<var>${output}</var>
<status status="PASS" start="2025-04-14T14:30:28.750906" elapsed="0.634969"/>
</kw>
<kw name="Should Contain" owner="BuiltIn">
<msg time="2025-04-14T14:30:29.385875" level="TRACE">Arguments: [ "2025-04-14 14:30:29,348 INFO  - Installing service 'ReportBurster Server (rbsj)'...\r\n2025-04-14 14:30:29,368 INFO  - Service 'ReportBurster Server (rbsj)' was installed successfully.\r\nService ReportBurster Server installed\r\n" | 'installed successfully' ]</msg>
<msg time="2025-04-14T14:30:29.385875" level="TRACE">Return: None</msg>
<arg>${output}</arg>
<arg>installed successfully</arg>
<doc>Fails if ``container`` does not contain ``item`` one or more times.</doc>
<status status="PASS" start="2025-04-14T14:30:29.385875" elapsed="0.000000"/>
</kw>
<kw name="Run" owner="OperatingSystem">
<msg time="2025-04-14T14:30:29.385875" level="TRACE">Arguments: [ 'sc query rbsj' ]</msg>
<msg time="2025-04-14T14:30:29.391155" level="INFO">Running command 'sc query rbsj 2&gt;&amp;1'.</msg>
<msg time="2025-04-14T14:30:29.404828" level="TRACE">Return: '\nSERVICE_NAME: rbsj \n        TYPE               : 10  WIN32_OWN_PROCESS  \n        STATE              : 1  STOPPED \n        WIN32_EXIT_CODE    : 1077  (0x435)\n        SERVICE_EXIT_CODE  : 0  (0x0)\n        CHECKPOINT         : 0x0\n        WAIT_HINT          : 0x0'</msg>
<msg time="2025-04-14T14:30:29.404828" level="INFO">${service_status} = 
SERVICE_NAME: rbsj 
        TYPE               : 10  WIN32_OWN_PROCESS  
        STATE              : 1  STOPPED 
        WIN32_EXIT_CODE    : 1077  (0x435)
        SERVICE_EXIT_CODE  : 0  (0x0)
    ...</msg>
<var>${service_status}</var>
<arg>sc query rbsj</arg>
<doc>Runs the given command in the system and returns the output.</doc>
<status status="PASS" start="2025-04-14T14:30:29.385875" elapsed="0.018953"/>
</kw>
<kw name="Should Contain" owner="BuiltIn">
<msg time="2025-04-14T14:30:29.405829" level="TRACE">Arguments: [ '\nSERVICE_NAME: rbsj \n        TYPE               : 10  WIN32_OWN_PROCESS  \n        STATE              : 1  STOPPED \n        WIN32_EXIT_CODE    : 1077  (0x435)\n        SERVICE_EXIT_CODE  : 0  (0x0)\n        CHECKPOINT         : 0x0\n        WAIT_HINT          : 0x0' | 'STOPPED' ]</msg>
<msg time="2025-04-14T14:30:29.405829" level="TRACE">Return: None</msg>
<arg>${service_status}</arg>
<arg>STOPPED</arg>
<doc>Fails if ``container`` does not contain ``item`` one or more times.</doc>
<status status="PASS" start="2025-04-14T14:30:29.405829" elapsed="0.000000"/>
</kw>
<kw name="Run" owner="OperatingSystem">
<msg time="2025-04-14T14:30:29.405829" level="TRACE">Arguments: [ 'sc start rbsj' ]</msg>
<msg time="2025-04-14T14:30:29.410140" level="INFO">Running command 'sc start rbsj 2&gt;&amp;1'.</msg>
<msg time="2025-04-14T14:30:29.815973" level="TRACE">Return: '\nSERVICE_NAME: rbsj \n        TYPE               : 10  WIN32_OWN_PROCESS  \n        STATE              : 2  START_PENDING \n                                (NOT_STOPPABLE, NOT_PAUSABLE, IGNORES_SHUTDOWN)\n        WIN32_EXIT_CODE    : 0  (0x0)\n        SERVICE_EXIT_CODE  : 0  (0x0)\n        CHECKPOINT         : 0x0\n        WAIT_HINT          : 0x7d0\n        PID                : 36948\n        FLAGS              : '</msg>
<arg>sc start rbsj</arg>
<doc>Runs the given command in the system and returns the output.</doc>
<status status="PASS" start="2025-04-14T14:30:29.405829" elapsed="0.410144"/>
</kw>
<kw name="Wait Until Keyword Succeeds" owner="BuiltIn">
<msg time="2025-04-14T14:30:29.815973" level="TRACE">Arguments: [ '10x' | '3s' | 'Check Server Is Running' ]</msg>
<kw name="Check Server Is Running">
<msg time="2025-04-14T14:30:29.815973" level="TRACE">Arguments: [  ]</msg>
<kw name="Create Session" owner="RequestsLibrary">
<msg time="2025-04-14T14:30:29.816972" level="TRACE">Arguments: [ 'server' | 'http://localhost:9090' ]</msg>
<msg time="2025-04-14T14:30:29.816972" level="INFO">Creating Session using : alias=server, url=http://localhost:9090, headers={},                     cookies={}, auth=None, timeout=None, proxies=None, verify=False,                     debug=0 </msg>
<msg time="2025-04-14T14:30:29.816972" level="DEBUG">Creating session: server</msg>
<msg time="2025-04-14T14:30:29.816972" level="TRACE">Return: &lt;requests.sessions.Session object at 0x000002B85EFF2930&gt;</msg>
<arg>server</arg>
<arg>${SERVER_URL}</arg>
<doc>Create Session: create a HTTP session to a server</doc>
<status status="PASS" start="2025-04-14T14:30:29.816972" elapsed="0.000000"/>
</kw>
<kw name="GET On Session" owner="RequestsLibrary">
<msg time="2025-04-14T14:30:29.816972" level="TRACE">Arguments: [ 'server' | '/' ]</msg>
<msg time="2025-04-14T14:30:29.817971" level="DEBUG">Starting new HTTP connection (1): localhost:9090</msg>
<msg time="2025-04-14T14:30:33.892968" level="DEBUG">Incremented Retry for (url='/'): RetryAdapter(total=2, connect=None, read=None, redirect=None, status=None)</msg>
<msg time="2025-04-14T14:30:33.894024" level="WARN">Retrying (RetryAdapter(total=2, connect=None, read=None, redirect=None, status=None)) after connection broken by 'NewConnectionError('&lt;urllib3.connection.HTTPConnection object at 0x000002B85F084230&gt;: Failed to establish a new connection: [WinError 10061] No connection could be made because the target machine actively refused it')': /</msg>
<msg time="2025-04-14T14:30:33.896966" level="DEBUG">Starting new HTTP connection (2): localhost:9090</msg>
<msg time="2025-04-14T14:30:37.965458" level="DEBUG">Incremented Retry for (url='/'): RetryAdapter(total=1, connect=None, read=None, redirect=None, status=None)</msg>
<msg time="2025-04-14T14:30:38.166056" level="WARN">Retrying (RetryAdapter(total=1, connect=None, read=None, redirect=None, status=None)) after connection broken by 'NewConnectionError('&lt;urllib3.connection.HTTPConnection object at 0x000002B85F0849E0&gt;: Failed to establish a new connection: [WinError 10061] No connection could be made because the target machine actively refused it')': /</msg>
<msg time="2025-04-14T14:30:38.166961" level="DEBUG">Starting new HTTP connection (3): localhost:9090</msg>
<msg time="2025-04-14T14:30:42.222347" level="DEBUG">Incremented Retry for (url='/'): RetryAdapter(total=0, connect=None, read=None, redirect=None, status=None)</msg>
<msg time="2025-04-14T14:30:42.623171" level="WARN">Retrying (RetryAdapter(total=0, connect=None, read=None, redirect=None, status=None)) after connection broken by 'NewConnectionError('&lt;urllib3.connection.HTTPConnection object at 0x000002B85EE74740&gt;: Failed to establish a new connection: [WinError 10061] No connection could be made because the target machine actively refused it')': /</msg>
<msg time="2025-04-14T14:30:42.624172" level="DEBUG">Starting new HTTP connection (4): localhost:9090</msg>
<msg time="2025-04-14T14:30:43.735171" level="DEBUG">http://localhost:9090 "GET / HTTP/1.1" 200 4963</msg>
<msg time="2025-04-14T14:30:43.736171" level="INFO">GET Request : url=http://localhost:9090/ 
 path_url=/ 
 headers={'User-Agent': 'python-requests/2.32.3', 'Accept-Encoding': 'gzip, deflate', 'Accept': '*/*', 'Connection': 'keep-alive'} 
 body=None 
 </msg>
<msg time="2025-04-14T14:30:43.736171" level="INFO">GET Response : url=http://localhost:9090/ 
 status=200, reason= 
 headers={'Access-Control-Allow-Credentials': 'true', 'Access-Control-Allow-Origin': '*', 'Access-Control-Allow-Methods': 'GET, PUT, POST, DELETE, OPTIONS', 'Access-Control-Allow-Headers': 'Content-Type', 'Vary': 'Origin, Access-Control-Request-Method, Access-Control-Request-Headers', 'Last-Modified': 'Mon, 14 Apr 2025 09:14:21 GMT', 'Accept-Ranges': 'bytes', 'Content-Type': 'text/html;charset=UTF-8', 'Content-Language': 'en-US', 'Content-Length': '4963', 'Date': 'Mon, 14 Apr 2025 12:30:43 GMT', 'Keep-Alive': 'timeout=60', 'Connection': 'keep-alive'} 
 body=&lt;!DOCTYPE html&gt;&lt;html&gt;&lt;head&gt;
    &lt;meta charset="utf-8"&gt;
[...]
<msg time="2025-04-14T14:41:43.595874" level="DEBUG">Remote response: status=200 | data={"value":[{"element-6066-11e4-a52e-4f735466cecf":"2de447e1-f5cf-4e6f-a83d-f90f54d8f247"}]} | headers=HTTPHeaderDict({'Content-Length': '90', 'Content-Type': 'application/json; charset=utf-8', 'cache-control': 'no-cache'})</msg>
<msg time="2025-04-14T14:41:43.595874" level="DEBUG">Finished Request</msg>
<msg time="2025-04-14T14:41:43.796874" level="DEBUG">POST http://localhost:55213/session/43fc69b5e4334cf558c20ae6e2fa14cc/elements {'using': 'css selector', 'value': '[id="btnMigrate"]'}</msg>
<msg time="2025-04-14T14:41:43.802874" level="DEBUG">http://localhost:55213 "POST /session/43fc69b5e4334cf558c20ae6e2fa14cc/elements HTTP/1.1" 200 0</msg>
<msg time="2025-04-14T14:41:43.802874" level="DEBUG">Remote response: status=200 | data={"value":[{"element-6066-11e4-a52e-4f735466cecf":"2de447e1-f5cf-4e6f-a83d-f90f54d8f247"}]} | headers=HTTPHeaderDict({'Content-Length': '90', 'Content-Type': 'application/json; charset=utf-8', 'cache-control': 'no-cache'})</msg>
<msg time="2025-04-14T14:41:43.803875" level="DEBUG">Finished Request</msg>
<msg time="2025-04-14T14:41:44.004616" level="DEBUG">POST http://localhost:55213/session/43fc69b5e4334cf558c20ae6e2fa14cc/elements {'using': 'css selector', 'value': '[id="btnMigrate"]'}</msg>
<msg time="2025-04-14T14:41:44.009617" level="DEBUG">http://localhost:55213 "POST /session/43fc69b5e4334cf558c20ae6e2fa14cc/elements HTTP/1.1" 200 0</msg>
<msg time="2025-04-14T14:41:44.009617" level="DEBUG">Remote response: status=200 | data={"value":[{"element-6066-11e4-a52e-4f735466cecf":"2de447e1-f5cf-4e6f-a83d-f90f54d8f247"}]} | headers=HTTPHeaderDict({'Content-Length': '90', 'Content-Type': 'application/json; charset=utf-8', 'cache-control': 'no-cache'})</msg>
<msg time="2025-04-14T14:41:44.009617" level="DEBUG">Finished Request</msg>
<msg time="2025-04-14T14:41:44.210618" level="DEBUG">POST http://localhost:55213/session/43fc69b5e4334cf558c20ae6e2fa14cc/elements {'using': 'css selector', 'value': '[id="btnMigrate"]'}</msg>
<msg time="2025-04-14T14:41:44.216619" level="DEBUG">http://localhost:55213 "POST /session/43fc69b5e4334cf558c20ae6e2fa14cc/elements HTTP/1.1" 200 0</msg>
<msg time="2025-04-14T14:41:44.216619" level="DEBUG">Remote response: status=200 | data={"value":[{"element-6066-11e4-a52e-4f735466cecf":"2de447e1-f5cf-4e6f-a83d-f90f54d8f247"}]} | headers=HTTPHeaderDict({'Content-Length': '90', 'Content-Type': 'application/json; charset=utf-8', 'cache-control': 'no-cache'})</msg>
<msg time="2025-04-14T14:41:44.216619" level="DEBUG">Finished Request</msg>
<msg time="2025-04-14T14:41:44.417619" level="DEBUG">POST http://localhost:55213/session/43fc69b5e4334cf558c20ae6e2fa14cc/elements {'using': 'css selector', 'value': '[id="btnMigrate"]'}</msg>
<msg time="2025-04-14T14:41:44.422619" level="DEBUG">http://localhost:55213 "POST /session/43fc69b5e4334cf558c20ae6e2fa14cc/elements HTTP/1.1" 200 0</msg>
<msg time="2025-04-14T14:41:44.422619" level="DEBUG">Remote response: status=200 | data={"value":[{"element-6066-11e4-a52e-4f735466cecf":"2de447e1-f5cf-4e6f-a83d-f90f54d8f247"}]} | headers=HTTPHeaderDict({'Content-Length': '90', 'Content-Type': 'application/json; charset=utf-8', 'cache-control': 'no-cache'})</msg>
<msg time="2025-04-14T14:41:44.422619" level="DEBUG">Finished Request</msg>
<msg time="2025-04-14T14:41:44.623659" level="DEBUG">POST http://localhost:55213/session/43fc69b5e4334cf558c20ae6e2fa14cc/elements {'using': 'css selector', 'value': '[id="btnMigrate"]'}</msg>
<msg time="2025-04-14T14:41:44.629617" level="DEBUG">http://localhost:55213 "POST /session/43fc69b5e4334cf558c20ae6e2fa14cc/elements HTTP/1.1" 200 0</msg>
<msg time="2025-04-14T14:41:44.629617" level="DEBUG">Remote response: status=200 | data={"value":[{"element-6066-11e4-a52e-4f735466cecf":"2de447e1-f5cf-4e6f-a83d-f90f54d8f247"}]} | headers=HTTPHeaderDict({'Content-Length': '90', 'Content-Type': 'application/json; charset=utf-8', 'cache-control': 'no-cache'})</msg>
<msg time="2025-04-14T14:41:44.629617" level="DEBUG">Finished Request</msg>
<msg time="2025-04-14T14:41:44.830618" level="DEBUG">POST http://localhost:55213/session/43fc69b5e4334cf558c20ae6e2fa14cc/elements {'using': 'css selector', 'value': '[id="btnMigrate"]'}</msg>
<msg time="2025-04-14T14:41:44.839618" level="DEBUG">http://localhost:55213 "POST /session/43fc69b5e4334cf558c20ae6e2fa14cc/elements HTTP/1.1" 200 0</msg>
<msg time="2025-04-14T14:41:44.839618" level="DEBUG">Remote response: status=200 | data={"value":[]} | headers=HTTPHeaderDict({'Content-Length': '12', 'Content-Type': 'application/json; charset=utf-8', 'cache-control': 'no-cache'})</msg>
<msg time="2025-04-14T14:41:44.839618" level="DEBUG">Finished Request</msg>
<msg time="2025-04-14T14:41:44.839618" level="TRACE">Return: None</msg>
<arg>id=btnMigrate</arg>
<doc>Waits until the element ``locator`` disappears from the current page.</doc>
<status status="PASS" start="2025-04-14T14:41:43.588877" elapsed="1.250741"/>
</kw>
<kw name="Wait Until Page Contains Element" owner="SeleniumLibrary">
<msg time="2025-04-14T14:41:44.840621" level="TRACE">Arguments: [ 'id=workingOn' | datetime.timedelta(seconds=50) ]</msg>
<msg time="2025-04-14T14:41:44.840621" level="DEBUG">POST http://localhost:55213/session/43fc69b5e4334cf558c20ae6e2fa14cc/elements {'using': 'css selector', 'value': '[id="workingOn"]'}</msg>
<msg time="2025-04-14T14:41:44.850620" level="DEBUG">http://localhost:55213 "POST /session/43fc69b5e4334cf558c20ae6e2fa14cc/elements HTTP/1.1" 200 0</msg>
<msg time="2025-04-14T14:41:44.850620" level="DEBUG">Remote response: status=200 | data={"value":[{"element-6066-11e4-a52e-4f735466cecf":"699c3957-16cb-4547-87df-a62a12518eeb"}]} | headers=HTTPHeaderDict({'Content-Length': '90', 'Content-Type': 'application/json; charset=utf-8', 'cache-control': 'no-cache'})</msg>
<msg time="2025-04-14T14:41:44.850620" level="DEBUG">Finished Request</msg>
<msg time="2025-04-14T14:41:44.850620" level="TRACE">Return: None</msg>
<arg>id=workingOn</arg>
<arg>50</arg>
<doc>Waits until the element ``locator`` appears on the current page.</doc>
<status status="PASS" start="2025-04-14T14:41:44.840621" elapsed="0.009999"/>
</kw>
<kw name="Wait Until Page Does Not Contain Element" owner="SeleniumLibrary">
<msg time="2025-04-14T14:41:44.851621" level="TRACE">Arguments: [ 'id=workingOn' ]</msg>
<msg time="2025-04-14T14:41:44.851621" level="DEBUG">POST http://localhost:55213/session/43fc69b5e4334cf558c20ae6e2fa14cc/elements {'using': 'css selector', 'value': '[id="workingOn"]'}</msg>
<msg time="2025-04-14T14:41:44.857617" level="DEBUG">http://localhost:55213 "POST /session/43fc69b5e4334cf558c20ae6e2fa14cc/elements HTTP/1.1" 200 0</msg>
<msg time="2025-04-14T14:41:44.857617" level="DEBUG">Remote response: status=200 | data={"value":[{"element-6066-11e4-a52e-4f735466cecf":"699c3957-16cb-4547-87df-a62a12518eeb"}]} | headers=HTTPHeaderDict({'Content-Length': '90', 'Content-Type': 'application/json; charset=utf-8', 'cache-control': 'no-cache'})</msg>
<msg time="2025-04-14T14:41:44.857617" level="DEBUG">Finished Request</msg>
<msg time="2025-04-14T14:41:45.058226" level="DEBUG">POST http://localhost:55213/session/43fc69b5e4334cf558c20ae6e2fa14cc/elements {'using': 'css selector', 'value': '[id="workingOn"]'}</msg>
<msg time="2025-04-14T14:41:45.064226" level="DEBUG">http://localhost:55213 "POST /session/43fc69b5e4334cf558c20ae6e2fa14cc/elements HTTP/1.1" 200 0</msg>
<msg time="2025-04-14T14:41:45.064226" level="DEBUG">Remote response: status=200 | data={"value":[]} | headers=HTTPHeaderDict({'Content-Length': '12', 'Content-Type': 'application/json; charset=utf-8', 'cache-control': 'no-cache'})</msg>
<msg time="2025-04-14T14:41:45.064226" level="DEBUG">Finished Request</msg>
<msg time="2025-04-14T14:41:45.064226" level="TRACE">Return: None</msg>
<arg>id=workingOn</arg>
<doc>Waits until the element ``locator`` disappears from the current page.</doc>
<status status="PASS" start="2025-04-14T14:41:44.851621" elapsed="0.212605"/>
</kw>
<kw name="Wait Until Page Contains Element" owner="SeleniumLibrary">
<msg time="2025-04-14T14:41:45.065225" level="TRACE">Arguments: [ 'id=noJobsRunning' ]</msg>
<msg time="2025-04-14T14:41:45.065225" level="DEBUG">POST http://localhost:55213/session/43fc69b5e4334cf558c20ae6e2fa14cc/elements {'using': 'css selector', 'value': '[id="noJobsRunning"]'}</msg>
<msg time="2025-04-14T14:41:45.074229" level="DEBUG">http://localhost:55213 "POST /session/43fc69b5e4334cf558c20ae6e2fa14cc/elements HTTP/1.1" 200 0</msg>
<msg time="2025-04-14T14:41:45.074229" level="DEBUG">Remote response: status=200 | data={"value":[{"element-6066-11e4-a52e-4f735466cecf":"cedbc19b-6243-4e3f-a875-3265ea5d400e"}]} | headers=HTTPHeaderDict({'Content-Length': '90', 'Content-Type': 'application/json; charset=utf-8', 'cache-control': 'no-cache'})</msg>
<msg time="2025-04-14T14:41:45.074229" level="DEBUG">Finished Request</msg>
<msg time="2025-04-14T14:41:45.074229" level="TRACE">Return: None</msg>
<arg>id=noJobsRunning</arg>
<doc>Waits until the element ``locator`` appears on the current page.</doc>
<status status="PASS" start="2025-04-14T14:41:45.065225" elapsed="0.009004"/>
</kw>
<kw name="Page Should Contain Element" owner="SeleniumLibrary">
<msg time="2025-04-14T14:41:45.075228" level="TRACE">Arguments: [ 'id=btnGreatNoErrorsNoWarnings' ]</msg>
<msg time="2025-04-14T14:41:45.075228" level="DEBUG">POST http://localhost:55213/session/43fc69b5e4334cf558c20ae6e2fa14cc/elements {'using': 'css selector', 'value': '[id="btnGreatNoErrorsNoWarnings"]'}</msg>
<msg time="2025-04-14T14:41:45.082229" level="DEBUG">http://localhost:55213 "POST /session/43fc69b5e4334cf558c20ae6e2fa14cc/elements HTTP/1.1" 200 0</msg>
<msg time="2025-04-14T14:41:45.082229" level="DEBUG">Remote response: status=200 | data={"value":[{"element-6066-11e4-a52e-4f735466cecf":"b87f3874-50f4-410f-826e-cd58dc48879d"}]} | headers=HTTPHeaderDict({'Content-Length': '90', 'Content-Type': 'application/json; charset=utf-8', 'cache-control': 'no-cache'})</msg>
<msg time="2025-04-14T14:41:45.082229" level="DEBUG">Finished Request</msg>
<msg time="2025-04-14T14:41:45.082229" level="INFO">Current page contains element 'id=btnGreatNoErrorsNoWarnings'.</msg>
<msg time="2025-04-14T14:41:45.082229" level="TRACE">Return: None</msg>
<arg>id=btnGreatNoErrorsNoWarnings</arg>
<doc>Verifies that element ``locator`` is found on the current page.</doc>
<status status="PASS" start="2025-04-14T14:41:45.075228" elapsed="0.007001"/>
</kw>
<kw name="Sleep" owner="BuiltIn">
<msg time="2025-04-14T14:41:45.082229" level="TRACE">Arguments: [ '1s' ]</msg>
<msg time="2025-04-14T14:41:46.083543" level="INFO">Slept 1 second.</msg>
<msg time="2025-04-14T14:41:46.083543" level="TRACE">Return: None</msg>
<arg>1s</arg>
<doc>Pauses the test executed for the given time.</doc>
<status status="PASS" start="2025-04-14T14:41:45.082229" elapsed="1.001314"/>
</kw>
<kw name="Assert Configuration Files Were Migrated Correctly" owner="utilities">
<msg time="2025-04-14T14:41:46.083543" level="TRACE">Arguments: [  ]</msg>
<msg time="2025-04-14T14:41:46.084544" level="TRACE">Return: None</msg>
<status status="PASS" start="2025-04-14T14:41:46.083543" elapsed="0.001001"/>
</kw>
<kw name="Sleep" owner="BuiltIn">
<msg time="2025-04-14T14:41:46.084544" level="TRACE">Arguments: [ '1s' ]</msg>
<msg time="2025-04-14T14:41:47.085111" level="INFO">Slept 1 second.</msg>
<msg time="2025-04-14T14:41:47.085111" level="TRACE">Return: None</msg>
<arg>1s</arg>
<doc>Pauses the test executed for the given time.</doc>
<status status="PASS" start="2025-04-14T14:41:46.084544" elapsed="1.000567"/>
</kw>
<kw name="Ensure Java Is Not Installed" owner="utilities">
<msg time="2025-04-14T14:41:47.085111" level="TRACE">Arguments: [  ]</msg>
<msg time="2025-04-14T14:42:38.044399" level="INFO">Chocolatey is installed. (ensure_java_is_not_installed)
Uninstalling maven with Chocolatey...
Uninstalling Temurin11 with Chocolatey...
Java is not installed on this computer.</msg>
<msg time="2025-04-14T14:42:38.044399" level="TRACE">Return: None</msg>
<status status="PASS" start="2025-04-14T14:41:47.085111" elapsed="50.959288"/>
</kw>
<kw name="Sleep" owner="BuiltIn">
<msg time="2025-04-14T14:42:38.045401" level="TRACE">Arguments: [ '1s' ]</msg>
<msg time="2025-04-14T14:42:39.045791" level="INFO">Slept 1 second.</msg>
<msg time="2025-04-14T14:42:39.045791" level="TRACE">Return: None</msg>
<arg>1s</arg>
<doc>Pauses the test executed for the given time.</doc>
<status status="PASS" start="2025-04-14T14:42:38.045401" elapsed="1.000390"/>
</kw>
<kw name="Close Electron Application">
<msg time="2025-04-14T14:42:39.045791" level="TRACE">Arguments: [  ]</msg>
<kw name="Kill Reportburster Exe Process" owner="utilities">
<msg time="2025-04-14T14:42:39.045791" level="TRACE">Arguments: [ True ]</msg>
<msg time="2025-04-14T14:42:39.046794" level="INFO">Log file path: C:\Projects\all-repos\src\prd\rb\asbl\target/uat/rb/ReportBurster-letmeupdate\logs\electron.log</msg>
<msg time="2025-04-14T14:42:39.046794" level="TRACE">Return: None</msg>
<arg>${True}</arg>
<status status="PASS" start="2025-04-14T14:42:39.045791" elapsed="0.001003"/>
</kw>
<msg time="2025-04-14T14:42:39.046794" level="TRACE">Return: None</msg>
<doc>Kills the Electron application process</doc>
<status status="PASS" start="2025-04-14T14:42:39.045791" elapsed="0.001989"/>
</kw>
<kw name="Kill Reportburster Exe Process" owner="utilities" type="TEARDOWN">
<msg time="2025-04-14T14:42:39.047780" level="TRACE">Arguments: [  ]</msg>
<msg time="2025-04-14T14:42:39.047780" level="INFO">Log file path: C:\Projects\all-repos\src\prd\rb\asbl\target/uat/rb/ReportBurster\logs\electron.log
No process found with PID: 3380</msg>
<msg time="2025-04-14T14:42:39.047780" level="TRACE">Return: None</msg>
<status status="PASS" start="2025-04-14T14:42:39.047780" elapsed="0.000000"/>
</kw>
<doc>Let me manualy Update Should Work Fine</doc>
<status status="PASS" start="2025-04-14T14:40:25.947305" elapsed="133.101455"/>
</test>
<status status="PASS" start="2025-04-14T14:40:25.941306" elapsed="133.110670"/>
</suite>
<status status="PASS" start="2025-04-14T14:26:49.518335" elapsed="949.534652"/>
</suite>
<statistics>
<total>
<stat pass="10" fail="0" skip="0">All Tests</stat>
</total>
<tag>
</tag>
<suite>
<stat name="Tests" id="s1" pass="10" fail="0" skip="0">Tests</stat>
<stat name="Different-Java-Versions" id="s1-s1" pass="2" fail="0" skip="0">Tests.Different-Java-Versions</stat>
<stat name="ReportBurster-Server" id="s1-s2" pass="2" fail="0" skip="0">Tests.ReportBurster-Server</stat>
<stat name="Reportburster.Bat" id="s1-s3" pass="1" fail="0" skip="0">Tests.Reportburster.Bat</stat>
<stat name="ReportBurster.exe-prerequisites" id="s1-s4" pass="3" fail="0" skip="0">Tests.ReportBurster.exe-prerequisites</stat>
<stat name="ReportBurster.exe-quickstart" id="s1-s5" pass="1" fail="0" skip="0">Tests.ReportBurster.exe-quickstart</stat>
<stat name="ReportBurster.exe-update" id="s1-s6" pass="1" fail="0" skip="0">Tests.ReportBurster.exe-update</stat>
</suite>
</statistics>
<errors>
<msg time="2025-04-14T14:28:55.822476" level="WARN">Retrying (RetryAdapter(total=2, connect=None, read=None, redirect=None, status=None)) after connection broken by 'NewConnectionError('&lt;urllib3.connection.HTTPConnection object at 0x000002B85EFAD850&gt;: Failed to establish a new connection: [WinError 10061] No connection could be made because the target machine actively refused it')': /</msg>
<msg time="2025-04-14T14:29:00.080204" level="WARN">Retrying (RetryAdapter(total=1, connect=None, read=None, redirect=None, status=None)) after connection broken by 'NewConnectionError('&lt;urllib3.connection.HTTPConnection object at 0x000002B8456CFC50&gt;: Failed to establish a new connection: [WinError 10061] No connection could be made because the target machine actively refused it')': /</msg>
<msg time="2025-04-14T14:29:04.548302" level="WARN">Retrying (RetryAdapter(total=0, connect=None, read=None, redirect=None, status=None)) after connection broken by 'NewConnectionError('&lt;urllib3.connection.HTTPConnection object at 0x000002B85EFD04D0&gt;: Failed to establish a new connection: [WinError 10061] No connection could be made because the target machine actively refused it')': /</msg>
<msg time="2025-04-14T14:29:29.774839" level="WARN">Retrying (RetryAdapter(total=2, connect=None, read=None, redirect=None, status=None)) after connection broken by 'NewConnectionError('&lt;urllib3.connection.HTTPConnection object at 0x000002B85EFF0080&gt;: Failed to establish a new connection: [WinError 10061] No connection could be made because the target machine actively refused it')': /</msg>
<msg time="2025-04-14T14:29:34.030975" level="WARN">Retrying (RetryAdapter(total=1, connect=None, read=None, redirect=None, status=None)) after connection broken by 'NewConnectionError('&lt;urllib3.connection.HTTPConnection object at 0x000002B85EFF0440&gt;: Failed to establish a new connection: [WinError 10061] No connection could be made because the target machine actively refused it')': /</msg>
<msg time="2025-04-14T14:29:38.493271" level="WARN">Retrying (RetryAdapter(total=0, connect=None, read=None, redirect=None, status=None)) after connection broken by 'NewConnectionError('&lt;urllib3.connection.HTTPConnection object at 0x000002B85EFD26F0&gt;: Failed to establish a new connection: [WinError 10061] No connection could be made because the target machine actively refused it')': /</msg>
<msg time="2025-04-14T14:30:33.894024" level="WARN">Retrying (RetryAdapter(total=2, connect=None, read=None, redirect=None, status=None)) after connection broken by 'NewConnectionError('&lt;urllib3.connection.HTTPConnection object at 0x000002B85F084230&gt;: Failed to establish a new connection: [WinError 10061] No connection could be made because the target machine actively refused it')': /</msg>
<msg time="2025-04-14T14:30:38.166056" level="WARN">Retrying (RetryAdapter(total=1, connect=None, read=None, redirect=None, status=None)) after connection broken by 'NewConnectionError('&lt;urllib3.connection.HTTPConnection object at 0x000002B85F0849E0&gt;: Failed to establish a new connection: [WinError 10061] No connection could be made because the target machine actively refused it')': /</msg>
<msg time="2025-04-14T14:30:42.623171" level="WARN">Retrying (RetryAdapter(total=0, connect=None, read=None, redirect=None, status=None)) after connection broken by 'NewConnectionError('&lt;urllib3.connection.HTTPConnection object at 0x000002B85EE74740&gt;: Failed to establish a new connection: [WinError 10061] No connection could be made because the target machine actively refused it')': /</msg>
<msg time="2025-04-14T14:30:58.788688" level="WARN">Retrying (RetryAdapter(total=2, connect=None, read=None, redirect=None, status=None)) after connection broken by 'ConnectionResetError(10054, 'An existing connection was forcibly closed by the remote host', None, 10054, None)': /</msg>
<msg time="2025-04-14T14:31:03.058541" level="WARN">Retrying (RetryAdapter(total=1, connect=None, read=None, redirect=None, status=None)) after connection broken by 'NewConnectionError('&lt;urllib3.connection.HTTPConnection object at 0x000002B85EFF18B0&gt;: Failed to establish a new connection: [WinError 10061] No connection could be made because the target machine actively refused it')': /</msg>
<msg time="2025-04-14T14:31:07.518146" level="WARN">Retrying (RetryAdapter(total=0, connect=None, read=None, redirect=None, status=None)) after connection broken by 'NewConnectionError('&lt;urllib3.connection.HTTPConnection object at 0x000002B85F0A11F0&gt;: Failed to establish a new connection: [WinError 10061] No connection could be made because the target machine actively refused it')': /</msg>
</errors>
</robot>
