<?xml version="1.0" encoding="UTF-8"?>
<robot generator="Rebot 7.2.2 (Python 3.12.6 on win32)" generated="2025-04-14T12:16:52.326100" rpa="false" schemaversion="5">
<suite id="s1" name="Tests" source="C:\Projects\all-repos\src\prd\rb\asbl\src\uat\tests">
<suite id="s1-s1" name="Different-Java-Versions" source="C:\Projects\all-repos\src\prd\rb\asbl\src\uat\tests\different-java-versions.robot">
<test id="s1-s1-t1" name="ReportBurster.exe Latest Java" line="24">
<kw name="Clean Output Folders And Log Files" owner="utilities" type="SETUP">
<msg time="2025-04-14T11:20:09.690028" level="TRACE">Arguments: [  ]</msg>
<msg time="2025-04-14T11:20:09.691029" level="TRACE">Return: None</msg>
<status status="PASS" start="2025-04-14T11:20:09.689027" elapsed="0.002002"/>
</kw>
<kw name="Ensure Chocolatey Is Installed" owner="utilities">
<msg time="2025-04-14T11:20:09.692028" level="TRACE">Arguments: [  ]</msg>
<msg time="2025-04-14T11:20:10.558452" level="INFO">Output of 'choco -v': 2.4.3

Chocolatey is already installed.</msg>
<msg time="2025-04-14T11:20:10.558452" level="TRACE">Return: None</msg>
<status status="PASS" start="2025-04-14T11:20:09.692028" elapsed="0.866424"/>
</kw>
<kw name="Sleep" owner="BuiltIn">
<msg time="2025-04-14T11:20:10.559451" level="TRACE">Arguments: [ '1s' ]</msg>
<msg time="2025-04-14T11:20:11.559749" level="INFO">Slept 1 second.</msg>
<msg time="2025-04-14T11:20:11.559749" level="TRACE">Return: None</msg>
<arg>1s</arg>
<doc>Pauses the test executed for the given time.</doc>
<status status="PASS" start="2025-04-14T11:20:10.559451" elapsed="1.000298"/>
</kw>
<kw name="Refresh Env Variables" owner="utilities">
<msg time="2025-04-14T11:20:11.559749" level="TRACE">Arguments: [  ]</msg>
<msg time="2025-04-14T11:20:11.894944" level="TRACE">Return: None</msg>
<status status="PASS" start="2025-04-14T11:20:11.559749" elapsed="0.335195"/>
</kw>
<kw name="Sleep" owner="BuiltIn">
<msg time="2025-04-14T11:20:11.895945" level="TRACE">Arguments: [ '1s' ]</msg>
<msg time="2025-04-14T11:20:12.896532" level="INFO">Slept 1 second.</msg>
<msg time="2025-04-14T11:20:12.896532" level="TRACE">Return: None</msg>
<arg>1s</arg>
<doc>Pauses the test executed for the given time.</doc>
<status status="PASS" start="2025-04-14T11:20:11.895945" elapsed="1.000587"/>
</kw>
<kw name="Ensure Java Is Not Installed" owner="utilities">
<msg time="2025-04-14T11:20:12.897257" level="TRACE">Arguments: [  ]</msg>
<msg time="2025-04-14T11:20:34.471648" level="INFO">Chocolatey is installed. (ensure_java_is_not_installed)
Uninstalling maven with Chocolatey...
Uninstalling Temurin11 with Chocolatey...
Java is not installed on this computer.</msg>
<msg time="2025-04-14T11:20:34.471648" level="TRACE">Return: None</msg>
<status status="PASS" start="2025-04-14T11:20:12.896532" elapsed="21.575116"/>
</kw>
<kw name="Sleep" owner="BuiltIn">
<msg time="2025-04-14T11:20:34.471648" level="TRACE">Arguments: [ '1s' ]</msg>
<msg time="2025-04-14T11:20:35.472302" level="INFO">Slept 1 second.</msg>
<msg time="2025-04-14T11:20:35.472302" level="TRACE">Return: None</msg>
<arg>1s</arg>
<doc>Pauses the test executed for the given time.</doc>
<status status="PASS" start="2025-04-14T11:20:34.471648" elapsed="1.000654"/>
</kw>
<kw name="Refresh Env Variables" owner="utilities">
<msg time="2025-04-14T11:20:35.472868" level="TRACE">Arguments: [  ]</msg>
<msg time="2025-04-14T11:20:35.814341" level="TRACE">Return: None</msg>
<status status="PASS" start="2025-04-14T11:20:35.472868" elapsed="0.341473"/>
</kw>
<kw name="Sleep" owner="BuiltIn">
<msg time="2025-04-14T11:20:35.815289" level="TRACE">Arguments: [ '1s' ]</msg>
<msg time="2025-04-14T11:20:36.816221" level="INFO">Slept 1 second.</msg>
<msg time="2025-04-14T11:20:36.816221" level="TRACE">Return: None</msg>
<arg>1s</arg>
<doc>Pauses the test executed for the given time.</doc>
<status status="PASS" start="2025-04-14T11:20:35.814341" elapsed="1.001880"/>
</kw>
<kw name="Ensure Java Is Installed" owner="utilities">
<msg time="2025-04-14T11:20:36.817011" level="TRACE">Arguments: [ 'latest' ]</msg>
<msg time="2025-04-14T11:20:52.032251" level="INFO">Java is not installed. Installing now...
Output of 'choco -v': 2.4.3

Chocolatey is already installed.
Java latest has been installed.</msg>
<msg time="2025-04-14T11:20:52.033252" level="TRACE">Return: None</msg>
<arg>latest</arg>
<status status="PASS" start="2025-04-14T11:20:36.817011" elapsed="15.216241"/>
</kw>
<kw name="Sleep" owner="BuiltIn">
<msg time="2025-04-14T11:20:52.033252" level="TRACE">Arguments: [ '1s' ]</msg>
<msg time="2025-04-14T11:20:53.033651" level="INFO">Slept 1 second.</msg>
<msg time="2025-04-14T11:20:53.033651" level="TRACE">Return: None</msg>
<arg>1s</arg>
<doc>Pauses the test executed for the given time.</doc>
<status status="PASS" start="2025-04-14T11:20:52.033252" elapsed="1.000399"/>
</kw>
<kw name="Refresh Env Variables" owner="utilities">
<msg time="2025-04-14T11:20:53.034663" level="TRACE">Arguments: [  ]</msg>
<msg time="2025-04-14T11:20:53.389094" level="TRACE">Return: None</msg>
<status status="PASS" start="2025-04-14T11:20:53.033651" elapsed="0.356345"/>
</kw>
<kw name="Sleep" owner="BuiltIn">
<msg time="2025-04-14T11:20:53.389996" level="TRACE">Arguments: [ '1s' ]</msg>
<msg time="2025-04-14T11:20:54.390626" level="INFO">Slept 1 second.</msg>
<msg time="2025-04-14T11:20:54.390626" level="TRACE">Return: None</msg>
<arg>1s</arg>
<doc>Pauses the test executed for the given time.</doc>
<status status="PASS" start="2025-04-14T11:20:53.389996" elapsed="1.000630"/>
</kw>
<kw name="Sleep" owner="BuiltIn">
<msg time="2025-04-14T11:20:54.392344" level="TRACE">Arguments: [ '1s' ]</msg>
<msg time="2025-04-14T11:20:55.394042" level="INFO">Slept 1 second.</msg>
<msg time="2025-04-14T11:20:55.394376" level="TRACE">Return: None</msg>
<arg>1s</arg>
<doc>Pauses the test executed for the given time.</doc>
<status status="PASS" start="2025-04-14T11:20:54.392344" elapsed="1.002032"/>
</kw>
<kw name="Ensure Java Is Not Installed" owner="utilities">
<msg time="2025-04-14T11:20:55.395663" level="TRACE">Arguments: [  ]</msg>
<msg time="2025-04-14T11:21:10.057563" level="INFO">Chocolatey is installed. (ensure_java_is_not_installed)
Uninstalling Temurin with Chocolatey...
Java is not installed on this computer.</msg>
<msg time="2025-04-14T11:21:10.057563" level="TRACE">Return: None</msg>
<status status="PASS" start="2025-04-14T11:20:55.395663" elapsed="14.661900"/>
</kw>
<kw name="Sleep" owner="BuiltIn">
<msg time="2025-04-14T11:21:10.057563" level="TRACE">Arguments: [ '1s' ]</msg>
<msg time="2025-04-14T11:21:11.058362" level="INFO">Slept 1 second.</msg>
<msg time="2025-04-14T11:21:11.058362" level="TRACE">Return: None</msg>
<arg>1s</arg>
<doc>Pauses the test executed for the given time.</doc>
<status status="PASS" start="2025-04-14T11:21:10.057563" elapsed="1.000799"/>
</kw>
<kw name="Refresh Env Variables" owner="utilities">
<msg time="2025-04-14T11:21:11.059020" level="TRACE">Arguments: [  ]</msg>
<msg time="2025-04-14T11:21:11.391815" level="TRACE">Return: None</msg>
<status status="PASS" start="2025-04-14T11:21:11.058362" elapsed="0.334403"/>
</kw>
<doc>Quickstart Payslips.pdf Should Work Fine (Latest Java)</doc>
<status status="PASS" start="2025-04-14T11:20:09.688028" elapsed="61.704737"/>
</test>
<test id="s1-s1-t2" name="startServer.bat and shutServer.bat Should Work Fine Latest Java" line="50">
<kw name="Clean Output Folders And Log Files" owner="utilities" type="SETUP">
<msg time="2025-04-14T11:21:11.394763" level="TRACE">Arguments: [  ]</msg>
<msg time="2025-04-14T11:21:11.394763" level="TRACE">Return: None</msg>
<status status="PASS" start="2025-04-14T11:21:11.393720" elapsed="0.001043"/>
</kw>
<kw name="Ensure Chocolatey Is Installed" owner="utilities">
<msg time="2025-04-14T11:21:11.395752" level="TRACE">Arguments: [  ]</msg>
<msg time="2025-04-14T11:21:12.257543" level="INFO">Output of 'choco -v': 2.4.3

Chocolatey is already installed.</msg>
<msg time="2025-04-14T11:21:12.257543" level="TRACE">Return: None</msg>
<status status="PASS" start="2025-04-14T11:21:11.395752" elapsed="0.861791"/>
</kw>
<kw name="Sleep" owner="BuiltIn">
<msg time="2025-04-14T11:21:12.258543" level="TRACE">Arguments: [ '1s' ]</msg>
<msg time="2025-04-14T11:21:13.258949" level="INFO">Slept 1 second.</msg>
<msg time="2025-04-14T11:21:13.258949" level="TRACE">Return: None</msg>
<arg>1s</arg>
<doc>Pauses the test executed for the given time.</doc>
<status status="PASS" start="2025-04-14T11:21:12.258543" elapsed="1.000406"/>
</kw>
<kw name="Refresh Env Variables" owner="utilities">
<msg time="2025-04-14T11:21:13.260626" level="TRACE">Arguments: [  ]</msg>
<msg time="2025-04-14T11:21:13.644494" level="TRACE">Return: None</msg>
<status status="PASS" start="2025-04-14T11:21:13.259659" elapsed="0.384835"/>
</kw>
<kw name="Sleep" owner="BuiltIn">
<msg time="2025-04-14T11:21:13.645494" level="TRACE">Arguments: [ '1s' ]</msg>
<msg time="2025-04-14T11:21:14.645828" level="INFO">Slept 1 second.</msg>
<msg time="2025-04-14T11:21:14.645828" level="TRACE">Return: None</msg>
<arg>1s</arg>
<doc>Pauses the test executed for the given time.</doc>
<status status="PASS" start="2025-04-14T11:21:13.645494" elapsed="1.000334"/>
</kw>
<kw name="Ensure Java Is Not Installed" owner="utilities">
<msg time="2025-04-14T11:21:14.645828" level="TRACE">Arguments: [  ]</msg>
<msg time="2025-04-14T11:21:16.780025" level="INFO">Chocolatey is installed. (ensure_java_is_not_installed)
Java is not installed on this computer.</msg>
<msg time="2025-04-14T11:21:16.780025" level="TRACE">Return: None</msg>
<status status="PASS" start="2025-04-14T11:21:14.645828" elapsed="2.134197"/>
</kw>
<kw name="Sleep" owner="BuiltIn">
<msg time="2025-04-14T11:21:16.780025" level="TRACE">Arguments: [ '1s' ]</msg>
<msg time="2025-04-14T11:21:17.780488" level="INFO">Slept 1 second.</msg>
<msg time="2025-04-14T11:21:17.780488" level="TRACE">Return: None</msg>
<arg>1s</arg>
<doc>Pauses the test executed for the given time.</doc>
<status status="PASS" start="2025-04-14T11:21:16.780025" elapsed="1.000463"/>
</kw>
<kw name="Refresh Env Variables" owner="utilities">
<msg time="2025-04-14T11:21:17.780488" level="TRACE">Arguments: [  ]</msg>
<msg time="2025-04-14T11:21:18.110124" level="TRACE">Return: None</msg>
<status status="PASS" start="2025-04-14T11:21:17.780488" elapsed="0.329636"/>
</kw>
<kw name="Sleep" owner="BuiltIn">
<msg time="2025-04-14T11:21:18.111124" level="TRACE">Arguments: [ '1s' ]</msg>
<msg time="2025-04-14T11:21:19.112163" level="INFO">Slept 1 second.</msg>
<msg time="2025-04-14T11:21:19.112163" level="TRACE">Return: None</msg>
<arg>1s</arg>
<doc>Pauses the test executed for the given time.</doc>
<status status="PASS" start="2025-04-14T11:21:18.111124" elapsed="1.001730"/>
</kw>
<kw name="Ensure Java Is Installed" owner="utilities">
<msg time="2025-04-14T11:21:19.114835" level="TRACE">Arguments: [ 'latest' ]</msg>
<msg time="2025-04-14T11:21:34.825933" level="INFO">Java is not installed. Installing now...
Output of 'choco -v': 2.4.3

Chocolatey is already installed.
Java latest has been installed.</msg>
<msg time="2025-04-14T11:21:34.825933" level="TRACE">Return: None</msg>
<arg>latest</arg>
<status status="PASS" start="2025-04-14T11:21:19.114835" elapsed="15.711098"/>
</kw>
<kw name="Sleep" owner="BuiltIn">
<msg time="2025-04-14T11:21:34.825933" level="TRACE">Arguments: [ '1s' ]</msg>
<msg time="2025-04-14T11:21:35.826115" level="INFO">Slept 1 second.</msg>
<msg time="2025-04-14T11:21:35.826115" level="TRACE">Return: None</msg>
<arg>1s</arg>
<doc>Pauses the test executed for the given time.</doc>
<status status="PASS" start="2025-04-14T11:21:34.825933" elapsed="1.000182"/>
</kw>
<kw name="Refresh Env Variables" owner="utilities">
<msg time="2025-04-14T11:21:35.826757" level="TRACE">Arguments: [  ]</msg>
<msg time="2025-04-14T11:21:36.180124" level="TRACE">Return: None</msg>
<status status="PASS" start="2025-04-14T11:21:35.826757" elapsed="0.353367"/>
</kw>
<kw name="Sleep" owner="BuiltIn">
<msg time="2025-04-14T11:21:36.180124" level="TRACE">Arguments: [ '1s' ]</msg>
<msg time="2025-04-14T11:21:37.180496" level="INFO">Slept 1 second.</msg>
<msg time="2025-04-14T11:21:37.180496" level="TRACE">Return: None</msg>
<arg>1s</arg>
<doc>Pauses the test executed for the given time.</doc>
<status status="PASS" start="2025-04-14T11:21:36.180124" elapsed="1.000372"/>
</kw>
<kw name="Sleep" owner="BuiltIn">
<msg time="2025-04-14T11:21:37.182555" level="TRACE">Arguments: [ '1s' ]</msg>
<msg time="2025-04-14T11:21:38.182815" level="INFO">Slept 1 second.</msg>
<msg time="2025-04-14T11:21:38.182815" level="TRACE">Return: None</msg>
<arg>1s</arg>
<doc>Pauses the test executed for the given time.</doc>
<status status="PASS" start="2025-04-14T11:21:37.181552" elapsed="1.001263"/>
</kw>
<kw name="Ensure Java Is Not Installed" owner="utilities">
<msg time="2025-04-14T11:21:38.183455" level="TRACE">Arguments: [  ]</msg>
<msg time="2025-04-14T11:21:53.152916" level="INFO">Chocolatey is installed. (ensure_java_is_not_installed)
Uninstalling Temurin with Chocolatey...
Java is not installed on this computer.</msg>
<msg time="2025-04-14T11:21:53.152916" level="TRACE">Return: None</msg>
<status status="PASS" start="2025-04-14T11:21:38.183455" elapsed="14.969461"/>
</kw>
<kw name="Sleep" owner="BuiltIn">
<msg time="2025-04-14T11:21:53.152916" level="TRACE">Arguments: [ '1s' ]</msg>
<msg time="2025-04-14T11:21:54.153174" level="INFO">Slept 1 second.</msg>
<msg time="2025-04-14T11:21:54.153174" level="TRACE">Return: None</msg>
<arg>1s</arg>
<doc>Pauses the test executed for the given time.</doc>
<status status="PASS" start="2025-04-14T11:21:53.152916" elapsed="1.000258"/>
</kw>
<kw name="Refresh Env Variables" owner="utilities">
<msg time="2025-04-14T11:21:54.154123" level="TRACE">Arguments: [  ]</msg>
<msg time="2025-04-14T11:21:54.480917" level="TRACE">Return: None</msg>
<status status="PASS" start="2025-04-14T11:21:54.154123" elapsed="0.326794"/>
</kw>
<doc>startServer.bat and shutServer.bat Should Work Fine (Latest Java)</doc>
<status status="PASS" start="2025-04-14T11:21:11.393720" elapsed="43.088198"/>
</test>
<status status="PASS" start="2025-04-14T11:20:09.070078" elapsed="105.412839"/>
</suite>
<suite id="s1-s2" name="ReportBurster-Server.robot" source="C:\Projects\all-repos\src\prd\rb\asbl\src\uat\tests\ReportBurster-Server.robot.robot">
<test id="s1-s2-t1" name="startServer.bat and shutServer.bat Scripts Should Work Fine" line="15">
<kw name="Clean Output Folders And Log Files" owner="utilities" type="SETUP">
<msg time="2025-04-14T11:21:54.773121" level="TRACE">Arguments: [ product='server' ]</msg>
<msg time="2025-04-14T11:21:54.775128" level="TRACE">Return: None</msg>
<arg>product=server</arg>
<status status="PASS" start="2025-04-14T11:21:54.772132" elapsed="0.002996"/>
</kw>
<kw name="Ensure Chocolatey Is Installed" owner="utilities">
<msg time="2025-04-14T11:21:54.776121" level="TRACE">Arguments: [  ]</msg>
<msg time="2025-04-14T11:21:55.621588" level="INFO">Output of 'choco -v': 2.4.3

Chocolatey is already installed.</msg>
<msg time="2025-04-14T11:21:55.621588" level="TRACE">Return: None</msg>
<status status="PASS" start="2025-04-14T11:21:54.776121" elapsed="0.845467"/>
</kw>
<kw name="Sleep" owner="BuiltIn">
<msg time="2025-04-14T11:21:55.621588" level="TRACE">Arguments: [ '1s' ]</msg>
<msg time="2025-04-14T11:21:56.621815" level="INFO">Slept 1 second.</msg>
<msg time="2025-04-14T11:21:56.621815" level="TRACE">Return: None</msg>
<arg>1s</arg>
<doc>Pauses the test executed for the given time.</doc>
<status status="PASS" start="2025-04-14T11:21:55.621588" elapsed="1.000227"/>
</kw>
<kw name="Refresh Env Variables" owner="utilities">
<msg time="2025-04-14T11:21:56.621815" level="TRACE">Arguments: [  ]</msg>
<msg time="2025-04-14T11:21:56.955610" level="TRACE">Return: None</msg>
<status status="PASS" start="2025-04-14T11:21:56.621815" elapsed="0.333795"/>
</kw>
<kw name="Sleep" owner="BuiltIn">
<msg time="2025-04-14T11:21:56.955610" level="TRACE">Arguments: [ '1s' ]</msg>
<msg time="2025-04-14T11:21:57.956256" level="INFO">Slept 1 second.</msg>
<msg time="2025-04-14T11:21:57.956256" level="TRACE">Return: None</msg>
<arg>1s</arg>
<doc>Pauses the test executed for the given time.</doc>
<status status="PASS" start="2025-04-14T11:21:56.955610" elapsed="1.000646"/>
</kw>
<kw name="Ensure Java Is Installed" owner="utilities">
<msg time="2025-04-14T11:21:57.956762" level="TRACE">Arguments: [  ]</msg>
<msg time="2025-04-14T11:22:21.369392" level="INFO">Java is not installed. Installing now...
Output of 'choco -v': 2.4.3

Chocolatey is already installed.
Java 11 has been installed.</msg>
<msg time="2025-04-14T11:22:21.369392" level="TRACE">Return: None</msg>
<status status="PASS" start="2025-04-14T11:21:57.956762" elapsed="23.412630"/>
</kw>
<kw name="Sleep" owner="BuiltIn">
<msg time="2025-04-14T11:22:21.370393" level="TRACE">Arguments: [ '1s' ]</msg>
<msg time="2025-04-14T11:22:22.370612" level="INFO">Slept 1 second.</msg>
<msg time="2025-04-14T11:22:22.370612" level="TRACE">Return: None</msg>
<arg>1s</arg>
<doc>Pauses the test executed for the given time.</doc>
<status status="PASS" start="2025-04-14T11:22:21.370393" elapsed="1.000219"/>
</kw>
<kw name="Refresh Env Variables" owner="utilities">
<msg time="2025-04-14T11:22:22.370612" level="TRACE">Arguments: [  ]</msg>
<msg time="2025-04-14T11:22:22.699079" level="TRACE">Return: None</msg>
<status status="PASS" start="2025-04-14T11:22:22.370612" elapsed="0.329409"/>
</kw>
<kw name="Sleep" owner="BuiltIn">
<msg time="2025-04-14T11:22:22.700021" level="TRACE">Arguments: [ '1s' ]</msg>
<msg time="2025-04-14T11:22:23.700415" level="INFO">Slept 1 second.</msg>
<msg time="2025-04-14T11:22:23.700415" level="TRACE">Return: None</msg>
<arg>1s</arg>
<doc>Pauses the test executed for the given time.</doc>
<status status="PASS" start="2025-04-14T11:22:22.700021" elapsed="1.000394"/>
</kw>
<kw name="startServer.bat and shutServer.bat Should Work Fine" owner="utilities">
<msg time="2025-04-14T11:22:23.701416" level="TRACE">Arguments: [  ]</msg>
<kw name="Sleep" owner="BuiltIn">
<msg time="2025-04-14T11:22:23.701416" level="TRACE">Arguments: [ '1s' ]</msg>
<msg time="2025-04-14T11:22:24.702322" level="INFO">Slept 1 second.</msg>
<msg time="2025-04-14T11:22:24.702322" level="TRACE">Return: None</msg>
<arg>1s</arg>
<doc>Pauses the test executed for the given time.</doc>
<status status="PASS" start="2025-04-14T11:22:23.701416" elapsed="1.000906"/>
</kw>
<kw name="Start Server" owner="utilities">
<msg time="2025-04-14T11:22:24.702322" level="TRACE">Arguments: [  ]</msg>
<msg time="2025-04-14T11:22:24.713317" level="TRACE">Return: &lt;Popen: returncode: None args: ['cmd.exe', '/c', 'C:\\Projects\\all-repos\\s...&gt;</msg>
<status status="PASS" start="2025-04-14T11:22:24.702322" elapsed="0.010995"/>
</kw>
<kw name="Wait Until Keyword Succeeds" owner="BuiltIn">
<msg time="2025-04-14T11:22:24.713317" level="TRACE">Arguments: [ '10x' | '3s' | 'Check Server Is Running' ]</msg>
<kw name="Check Server Is Running">
<msg time="2025-04-14T11:22:24.714319" level="TRACE">Arguments: [  ]</msg>
<kw name="Create Session" owner="RequestsLibrary">
<msg time="2025-04-14T11:22:24.714319" level="TRACE">Arguments: [ 'server' | 'http://localhost:9090' ]</msg>
<msg time="2025-04-14T11:22:24.714319" level="INFO">Creating Session using : alias=server, url=http://localhost:9090, headers={},                     cookies={}, auth=None, timeout=None, proxies=None, verify=False,                     debug=0 </msg>
<msg time="2025-04-14T11:22:24.714319" level="DEBUG">Creating session: server</msg>
<msg time="2025-04-14T11:22:24.714319" level="TRACE">Return: &lt;requests.sessions.Session object at 0x000001E97EA3D220&gt;</msg>
<arg>server</arg>
<arg>${SERVER_URL}</arg>
<doc>Create Session: create a HTTP session to a server</doc>
<status status="PASS" start="2025-04-14T11:22:24.714319" elapsed="0.000000"/>
</kw>
<kw name="GET On Session" owner="RequestsLibrary">
<msg time="2025-04-14T11:22:24.714319" level="TRACE">Arguments: [ 'server' | '/' ]</msg>
<msg time="2025-04-14T11:22:24.717317" level="DEBUG">Starting new HTTP connection (1): localhost:9090</msg>
<msg time="2025-04-14T11:22:28.779671" level="DEBUG">Incremented Retry for (url='/'): RetryAdapter(total=2, connect=None, read=None, redirect=None, status=None)</msg>
<msg time="2025-04-14T11:22:28.779671" level="WARN">Retrying (RetryAdapter(total=2, connect=None, read=None, redirect=None, status=None)) after connection broken by 'NewConnectionError('&lt;urllib3.connection.HTTPConnection object at 0x000001E97DEE41D0&gt;: Failed to establish a new connection: [WinError 10061] No connection could be made because the target machine actively refused it')': /</msg>
<msg time="2025-04-14T11:22:28.782699" level="DEBUG">Starting new HTTP connection (2): localhost:9090</msg>
<msg time="2025-04-14T11:22:32.819357" level="DEBUG">Incremented Retry for (url='/'): RetryAdapter(total=1, connect=None, read=None, redirect=None, status=None)</msg>
<msg time="2025-04-14T11:22:33.020359" level="WARN">Retrying (RetryAdapter(total=1, connect=None, read=None, redirect=None, status=None)) after connection broken by 'NewConnectionError('&lt;urllib3.connection.HTTPConnection object at 0x000001E9650DFB90&gt;: Failed to establish a new connection: [WinError 10061] No connection could be made because the target machine actively refused it')': /</msg>
<msg time="2025-04-14T11:22:33.021358" level="DEBUG">Starting new HTTP connection (3): localhost:9090</msg>
<msg time="2025-04-14T11:22:37.097135" level="DEBUG">Incremented Retry for (url='/'): RetryAdapter(total=0, connect=None, read=None, redirect=None, status=None)</msg>
<msg time="2025-04-14T11:22:37.497963" level="WARN">Retrying (RetryAdapter(total=0, connect=None, read=None, redirect=None, status=None)) after connection broken by 'NewConnectionError('&lt;urllib3.connection.HTTPConnection object at 0x000001E97EA605C0&gt;: Failed to establish a new connection: [WinError 10061] No connection could be made because the target machine actively refused it')': /</msg>
<msg time="2025-04-14T11:22:37.498977" level="DEBUG">Starting new HTTP connection (4): localhost:9090</msg>
<msg time="2025-04-14T11:22:38.629059" level="DEBUG">http://localhost:9090 "GET / HTTP/1.1" 200 4963</msg>
<msg time="2025-04-14T11:22:38.630058" level="INFO">GET Request : url=http://localhost:9090/ 
 path_url=/ 
 headers={'User-Agent': 'python-requests/2.32.3', 'Accept-Encoding': 'gzip, deflate', 'Accept': '*/*', 'Connection': 'keep-alive'} 
 body=None 
 </msg>
<msg time="2025-04-14T11:22:38.630058" level="INFO">GET Response : url=http://localhost:9090/ 
 status=200, reason= 
 headers={'Access-Control-Allow-Credentials': 'true', 'Access-Control-Allow-Origin': '*', 'Access-Control-Allow-Methods': 'GET, PUT, POST, DELETE, OPTIONS', 'Access-Control-Allow-Headers': 'Content-Type', 'Vary': 'Origin, Access-Control-Request-Method, Access-Control-Request-Headers', 'Last-Modified': 'Mon, 14 Apr 2025 09:14:21 GMT', 'Accept-Ranges': 'bytes', 'Content-Type': 'text/html;charset=UTF-8', 'Content-Language': 'en-US', 'Content-Length': '4963', 'Date': 'Mon, 14 Apr 2025 09:22:38 GMT', 'Keep-Alive': 'timeout=60', 'Connection': 'keep-alive'} 
 body=&lt;!DOCTYPE html&gt;&lt;html&gt;&lt;head&gt;
    &lt;meta charset="utf-8"&gt;
    &lt;title&gt;&lt;/title&gt;
    &lt;base href="/"&gt;

    &lt;meta name="viewport" content="width=device-width, initial-scale=1"&gt;
    &lt;link rel="icon" type="image/x-icon" href="assets/icons/icon.ico"&gt;
  &lt;style&gt;html{font-family:sans-serif;-ms-text-size-adjust:100%;-webkit-text-size-adjust:100%}body{margin:0}@media print{*,:after,:before{color:#000!important;text-shadow:none!important;background:0 0!important;box-shadow:none!important}}:after,:before{box-sizing:border-box}html{font-size:10px;-webkit-tap-highlight-color:rgba(0,0,0,0)}body{font-family:Helvetica Neue,Helvetica,Arial,sans-serif;font-size:14px;line-height:1.42857143;color:#333;background-color:#fff}@charset "UTF-8";html,body{height:100%}body{font-family:Source Sans Pro,Helvetica Neue,Helvetica,Arial,sans-serif;font-weight:400;overflow-x:hidden;overflow-y:auto}:root{--surface-a:#ffffff;--surface-b:#efefef;--surface-c:#e9ecef;--surface-d:#dee2e6;--surface-e:#ffffff;--surface-f:#ffffff;--text-color:#212529;--text-color-secondary:#6c757d;--primary-color:#007bff;--primary-color-text:#ffffff;--font-family:-apple-system, BlinkMacSystemFont, Segoe UI, Roboto, Helvetica, Arial, sans-serif, Apple Color Emoji, Segoe UI Emoji, Segoe UI Symbol;--surface-0:#ffffff;--surface-50:#f9fafb;--surface-100:#f8f9fa;--surface-200:#e9ecef;--surface-300:#dee2e6;--surface-400:#ced4da;--surface-500:#adb5bd;--surface-600:#6c757d;--surface-700:#495057;--surface-800:#343a40;--surface-900:#212529;--gray-50:#f9fafb;--gray-100:#f8f9fa;--gray-200:#e9ecef;--gray-300:#dee2e6;--gray-400:#ced4da;--gray-500:#adb5bd;--gray-600:#6c757d;--gray-700:#495057;--gray-800:#343a40;--gray-900:#212529;--content-padding:1.25rem;--inline-spacing:.5rem;--border-radius:4px;--surface-ground:#efefef;--surface-section:#ffffff;--surface-card:#ffffff;--surface-overlay:#ffffff;--surface-border:#dee2e6;--surface-hover:#e9ecef;--maskbg:rgba(0, 0, 0, .4);--focus-ring:0 0 0 .2rem rgba(38, 143, 255, .5);color-scheme:light}*{box-sizing:border-box}:root{--blue-50:#f3f8ff;--blue-100:#c5dcff;--blue-200:#97c1fe;--blue-300:#69a5fe;--blue-400:#3b8afd;--blue-500:#0d6efd;--blue-600:#0b5ed7;--blue-700:#094db1;--blue-800:#073d8b;--blue-900:#052c65;--green-50:#f4f9f6;--green-100:#c8e2d6;--green-200:#9ccbb5;--green-300:#70b595;--green-400:#459e74;--green-500:#198754;--green-600:#157347;--green-700:#125f3b;--green-800:#0e4a2e;--green-900:#0a3622;--yellow-50:#fffcf3;--yellow-100:#fff0c3;--yellow-200:#ffe494;--yellow-300:#ffd965;--yellow-400:#ffcd36;--yellow-500:#ffc107;--yellow-600:#d9a406;--yellow-700:#b38705;--yellow-800:#8c6a04;--yellow-900:#664d03;--cyan-50:#f3fcfe;--cyan-100:#c5f2fb;--cyan-200:#97e8f9;--cyan-300:#69def6;--cyan-400:#3bd4f3;--cyan-500:#0dcaf0;--cyan-600:#0baccc;--cyan-700:#098da8;--cyan-800:#076f84;--cyan-900:#055160;--pink-50:#fdf5f9;--pink-100:#f5cee1;--pink-200:#eda7ca;--pink-300:#e681b3;--pink-400:#de5a9b;--pink-500:#d63384;--pink-600:#b62b70;--pink-700:#96245c;--pink-800:#761c49;--pink-900:#561435;--indigo-50:#f7f3fe;--indigo-100:#dac6fc;--indigo-200:#bd98f9;--indigo-300:#a06bf7;--indigo-400:#833df4;--indigo-500:#6610f2;--indigo-600:#570ece;--indigo-700:#470ba9;--indigo-800:#380985;--indigo-900:#290661;--teal-50:#f4fcfa;--teal-100:#c9f2e6;--teal-200:#9fe8d2;--teal-300:#75debf;--teal-400:#4ad3ab;--teal-500:#20c997;--teal-600:#1bab80;--teal-700:#168d6a;--teal-800:#126f53;--teal-900:#0d503c;--orange-50:#fff9f3;--orange-100:#ffe0c7;--orange-200:#fec89a;--orange-300:#feaf6d;--orange-400:#fd9741;--orange-500:#fd7e14;--orange-600:#d76b11;--orange-700:#b1580e;--orange-800:#8b450b;--orange-900:#653208;--bluegray-50:#f8f9fb;--bluegray-100:#e0e4ea;--bluegray-200:#c7ced9;--bluegray-300:#aeb9c8;--bluegray-400:#95a3b8;--bluegray-500:#7c8ea7;--bluegray-600:#69798e;--bluegray-700:#576375;--bluegray-800:#444e5c;--bluegray-900:#323943;--purple-50:#f8f6fc;--purple-100:#dcd2f0;--purple-200:#c1aee4;--purple-300:#a68ad9;--purple-400:#8a66cd;--purple-500:#6f42c1;--purple-600:#5e38a4;--purple-700:#4e2e87;--purple-800:#3d246a;--purple-900:#2c1a4d;--red-50:#fdf5f6;--red-100:#f7cfd2;--red-200:#f0a8af;--red-300:#e9828c;--red-400:#e35b68;--red-500:#dc3545;--red-600:#bb2d3b;--red-700:#9a2530;--red-800:#791d26;--red-900:#58151c;--primary-50:#f2f8ff;--primary-100:#c2dfff;--primary-200:#91c6ff;--primary-300:#61adff;--primary-400:#3094ff;--primary-500:#007bff;--primary-600:#0069d9;--primary-700:#0056b3;--primary-800:#00448c;--primary-900:#003166}&lt;/style&gt;&lt;link rel="stylesheet" href="styles.fe00d9e1de829f6d.css" media="print" onload="this.media='all'"&gt;&lt;noscript&gt;&lt;link rel="stylesheet" href="styles.fe00d9e1de829f6d.css"&gt;&lt;/noscript&gt;&lt;/head&gt;
  &lt;body class="skin-black"&gt;
    &lt;app-root&gt;Loading...&lt;/app-root&gt;
  &lt;script src="runtime.c1bd29ecf74be03c.js" type="module"&gt;&lt;/script&gt;&lt;script src="polyfills.4ae72b598e1b5927.js" type="module"&gt;&lt;/script&gt;&lt;script src="scripts.2212ee5021e2179d.js" defer&gt;&lt;/script&gt;&lt;script src="main.3c4807ab684b3a29.js" type="module"&gt;&lt;/script&gt;

&lt;/body&gt;&lt;/html&gt; 
 </msg>
<msg time="2025-04-14T11:22:38.630058" level="TRACE">Return: &lt;Response [200]&gt;</msg>
<msg time="2025-04-14T11:22:38.630058" level="INFO">${response} = &lt;Response [200]&gt;</msg>
<var>${response}</var>
<arg>server</arg>
<arg>/</arg>
<doc>Sends a GET request on a previously created HTTP Session.</doc>
<status status="PASS" start="2025-04-14T11:22:24.714319" elapsed="13.915739"/>
</kw>
<kw name="Should Be Equal As Integers" owner="BuiltIn">
<msg time="2025-04-14T11:22:38.631059" level="TRACE">Arguments: [ 200 | '200' ]</msg>
<msg time="2025-04-14T11:22:38.631059" level="INFO">Argument types are:
&lt;class 'int'&gt;
&lt;class 'str'&gt;</msg>
<msg time="2025-04-14T11:22:38.632059" level="TRACE">Return: None</msg>
<arg>${response.status_code}</arg>
<arg>200</arg>
<doc>Fails if objects are unequal after converting them to integers.</doc>
<status status="PASS" start="2025-04-14T11:22:38.631059" elapsed="0.001000"/>
</kw>
<msg time="2025-04-14T11:22:38.632059" level="TRACE">Return: None</msg>
<status status="PASS" start="2025-04-14T11:22:24.713317" elapsed="13.918742"/>
</kw>
<msg time="2025-04-14T11:22:38.632059" level="TRACE">Return: None</msg>
<arg>10x</arg>
<arg>3s</arg>
<arg>Check Server Is Running</arg>
<doc>Runs the specified keyword and retries if it fails.</doc>
<status status="PASS" start="2025-04-14T11:22:24.713317" elapsed="13.918742"/>
</kw>
<kw name="Sleep" owner="BuiltIn">
<msg time="2025-04-14T11:22:38.632059" level="TRACE">Arguments: [ '1s' ]</msg>
<msg time="2025-04-14T11:22:39.632916" level="INFO">Slept 1 second.</msg>
<msg time="2025-04-14T11:22:39.632916" level="TRACE">Return: None</msg>
<arg>1s</arg>
<doc>Pauses the test executed for the given time.</doc>
<status status="PASS" start="2025-04-14T11:22:38.632059" elapsed="1.000857"/>
</kw>
<kw name="Copy File" owner="OperatingSystem">
<msg time="2025-04-14T11:22:39.637563" level="TRACE">Arguments: [ 'C:\\Projects\\all-repos\\src\\prd\\rb\\asbl\\target/uat/rbs/ReportBurster/samples/burst/Payslips.pdf' | 'C:\\Projects\\all-repos\\src\\prd\\rb\\asbl\\target/uat/rbs/ReportBurster/poll' ]</msg>
<msg time="2025-04-14T11:22:39.646562" level="INFO" html="true">Copied file from '&lt;a href="file://C:\Projects\all-repos\src\prd\rb\asbl\target\uat\rbs\ReportBurster\samples\burst\Payslips.pdf"&gt;C:\Projects\all-repos\src\prd\rb\asbl\target\uat\rbs\ReportBurster\samples\burst\Payslips.pdf&lt;/a&gt;' to '&lt;a href="file://C:\Projects\all-repos\src\prd\rb\asbl\target\uat\rbs\ReportBurster\poll\Payslips.pdf"&gt;C:\Projects\all-repos\src\prd\rb\asbl\target\uat\rbs\ReportBurster\poll\Payslips.pdf&lt;/a&gt;'.</msg>
<msg time="2025-04-14T11:22:39.647563" level="TRACE">Return: 'C:\\Projects\\all-repos\\src\\prd\\rb\\asbl\\target\\uat\\rbs\\ReportBurster\\poll\\Payslips.pdf'</msg>
<arg>${PORTABLE_EXECUTABLE_DIR_SERVER}/samples/burst/Payslips.pdf</arg>
<arg>${PORTABLE_EXECUTABLE_DIR_SERVER}/poll</arg>
<doc>Copies the source file into the destination.</doc>
<status status="PASS" start="2025-04-14T11:22:39.633563" elapsed="0.014000"/>
</kw>
<kw name="Wait Until Keyword Succeeds" owner="BuiltIn">
<msg time="2025-04-14T11:22:39.648562" level="TRACE">Arguments: [ '10x' | '3s' | 'Check PDF Files Generated' | '3' ]</msg>
<kw name="Check PDF Files Generated">
<msg time="2025-04-14T11:22:39.649561" level="TRACE">Arguments: [ ${expected_count}='3' ]</msg>
<kw name="Count Files" owner="utilities">
<msg time="2025-04-14T11:22:39.650561" level="TRACE">Arguments: [ 'C:\\Projects\\all-repos\\src\\prd\\rb\\asbl\\target/uat/rbs/ReportBurster/output' | pattern='*.pdf' | recursive=True ]</msg>
<msg time="2025-04-14T11:22:39.651563" level="TRACE">Return: 0</msg>
<msg time="2025-04-14T11:22:39.651563" level="INFO">${count} = 0</msg>
<var>${count}</var>
<arg>${PORTABLE_EXECUTABLE_DIR_SERVER}/output</arg>
<arg>pattern=*.pdf</arg>
<arg>recursive=True</arg>
<status status="PASS" start="2025-04-14T11:22:39.649561" elapsed="0.002002"/>
</kw>
<kw name="Should Be Equal As Integers" owner="BuiltIn">
<msg time="2025-04-14T11:22:39.651563" level="TRACE">Arguments: [ 0 | '3' ]</msg>
<msg time="2025-04-14T11:22:39.651563" level="INFO">Argument types are:
&lt;class 'int'&gt;
&lt;class 'str'&gt;</msg>
<msg time="2025-04-14T11:22:39.651563" level="FAIL">0 != 3</msg>
<msg time="2025-04-14T11:22:39.652554" level="DEBUG">Traceback (most recent call last):
  None
AssertionError: 0 != 3</msg>
<arg>${count}</arg>
<arg>${expected_count}</arg>
<doc>Fails if objects are unequal after converting them to integers.</doc>
<status status="FAIL" start="2025-04-14T11:22:39.651563" elapsed="0.000991">0 != 3</status>
</kw>
<arg>3</arg>
<status status="FAIL" start="2025-04-14T11:22:39.648562" elapsed="0.003992">0 != 3</status>
</kw>
<kw name="Check PDF Files Generated">
<msg time="2025-04-14T11:22:42.652885" level="TRACE">Arguments: [ ${expected_count}='3' ]</msg>
<kw name="Count Files" owner="utilities">
<msg time="2025-04-14T11:22:42.652885" level="TRACE">Arguments: [ 'C:\\Projects\\all-repos\\src\\prd\\rb\\asbl\\target/uat/rbs/ReportBurster/output' | pattern='*.pdf' | recursive=True ]</msg>
<msg time="2025-04-14T11:22:42.652885" level="TRACE">Return: 0</msg>
<msg time="2025-04-14T11:22:42.653884" level="INFO">${count} = 0</msg>
<var>${count}</var>
<arg>${PORTABLE_EXECUTABLE_DIR_SERVER}/output</arg>
<arg>pattern=*.pdf</arg>
<arg>recursive=True</arg>
<status status="PASS" start="2025-04-14T11:22:42.652885" elapsed="0.000999"/>
</kw>
<kw name="Should Be Equal As Integers" owner="BuiltIn">
<msg time="2025-04-14T11:22:42.653884" level="TRACE">Arguments: [ 0 | '3' ]</msg>
<msg time="2025-04-14T11:22:42.653884" level="INFO">Argument types are:
&lt;class 'int'&gt;
&lt;class 'str'&gt;</msg>
<msg time="2025-04-14T11:22:42.653884" level="FAIL">0 != 3</msg>
<msg time="2025-04-14T11:22:42.653884" level="DEBUG">Traceback (most recent call last):
  None
AssertionError: 0 != 3</msg>
<arg>${count}</arg>
<arg>${expected_count}</arg>
<doc>Fails if objects are unequal after converting them to integers.</doc>
<status status="FAIL" start="2025-04-14T11:22:42.653884" elapsed="0.000000">0 != 3</status>
</kw>
<arg>3</arg>
<status status="FAIL" start="2025-04-14T11:22:42.652885" elapsed="0.000999">0 != 3</status>
</kw>
<kw name="Check PDF Files Generated">
<msg time="2025-04-14T11:22:45.654216" level="TRACE">Arguments: [ ${expected_count}='3' ]</msg>
<kw name="Count Files" owner="utilities">
<msg time="2025-04-14T11:22:45.654216" level="TRACE">Arguments: [ 'C:\\Projects\\all-repos\\src\\prd\\rb\\asbl\\target/uat/rbs/ReportBurster/output' | pattern='*.pdf' | recursive=True ]</msg>
<msg time="2025-04-14T11:22:45.655216" level="TRACE">Return: 0</msg>
<msg time="2025-04-14T11:22:45.655216" level="INFO">${count} = 0</msg>
<var>${count}</var>
<arg>${PORTABLE_EXECUTABLE_DIR_SERVER}/output</arg>
<arg>pattern=*.pdf</arg>
<arg>recursive=True</arg>
<status status="PASS" start="2025-04-14T11:22:45.654216" elapsed="0.001000"/>
</kw>
<kw name="Should Be Equal As Integers" owner="BuiltIn">
<msg time="2025-04-14T11:22:45.655216" level="TRACE">Arguments: [ 0 | '3' ]</msg>
<msg time="2025-04-14T11:22:45.655216" level="INFO">Argument types are:
&lt;class 'int'&gt;
&lt;class 'str'&gt;</msg>
<msg time="2025-04-14T11:22:45.655216" level="FAIL">0 != 3</msg>
<msg time="2025-04-14T11:22:45.655216" level="DEBUG">Traceback (most recent call last):
  None
AssertionError: 0 != 3</msg>
<arg>${count}</arg>
<arg>${expected_count}</arg>
<doc>Fails if objects are unequal after converting them to integers.</doc>
<status status="FAIL" start="2025-04-14T11:22:45.655216" elapsed="0.000000">0 != 3</status>
</kw>
<arg>3</arg>
<status status="FAIL" start="2025-04-14T11:22:45.654216" elapsed="0.001000">0 != 3</status>
</kw>
<kw name="Check PDF Files Generated">
<msg time="2025-04-14T11:22:48.655556" level="TRACE">Arguments: [ ${expected_count}='3' ]</msg>
<kw name="Count Files" owner="utilities">
<msg time="2025-04-14T11:22:48.655556" level="TRACE">Arguments: [ 'C:\\Projects\\all-repos\\src\\prd\\rb\\asbl\\target/uat/rbs/ReportBurster/output' | pattern='*.pdf' | recursive=True ]</msg>
<msg time="2025-04-14T11:22:48.656584" level="TRACE">Return: 0</msg>
<msg time="2025-04-14T11:22:48.656584" level="INFO">${count} = 0</msg>
<var>${count}</var>
<arg>${PORTABLE_EXECUTABLE_DIR_SERVER}/output</arg>
<arg>pattern=*.pdf</arg>
<arg>recursive=True</arg>
<status status="PASS" start="2025-04-14T11:22:48.655556" elapsed="0.001028"/>
</kw>
<kw name="Should Be Equal As Integers" owner="BuiltIn">
<msg time="2025-04-14T11:22:48.656584" level="TRACE">Arguments: [ 0 | '3' ]</msg>
<msg time="2025-04-14T11:22:48.656584" level="INFO">Argument types are:
&lt;class 'int'&gt;
&lt;class 'str'&gt;</msg>
<msg time="2025-04-14T11:22:48.656584" level="FAIL">0 != 3</msg>
<msg time="2025-04-14T11:22:48.656584" level="DEBUG">Traceback (most recent call last):
  None
AssertionError: 0 != 3</msg>
<arg>${count}</arg>
<arg>${expected_count}</arg>
<doc>Fails if objects are unequal after converting them to integers.</doc>
<status status="FAIL" start="2025-04-14T11:22:48.656584" elapsed="0.000000">0 != 3</status>
</kw>
<arg>3</arg>
<status status="FAIL" start="2025-04-14T11:22:48.655556" elapsed="0.001028">0 != 3</status>
</kw>
<kw name="Check PDF Files Generated">
<msg time="2025-04-14T11:22:51.657715" level="TRACE">Arguments: [ ${expected_count}='3' ]</msg>
<kw name="Count Files" owner="utilities">
<msg time="2025-04-14T11:22:51.657715" level="TRACE">Arguments: [ 'C:\\Projects\\all-repos\\src\\prd\\rb\\asbl\\target/uat/rbs/ReportBurster/output' | pattern='*.pdf' | recursive=True ]</msg>
<msg time="2025-04-14T11:22:51.658715" level="TRACE">Return: 0</msg>
<msg time="2025-04-14T11:22:51.658715" level="INFO">${count} = 0</msg>
<var>${count}</var>
<arg>${PORTABLE_EXECUTABLE_DIR_SERVER}/output</arg>
<arg>pattern=*.pdf</arg>
<arg>recursive=True</arg>
<status status="PASS" start="2025-04-14T11:22:51.657715" elapsed="0.001000"/>
</kw>
<kw name="Should Be Equal As Integers" owner="BuiltIn">
<msg time="2025-04-14T11:22:51.658715" level="TRACE">Arguments: [ 0 | '3' ]</msg>
<msg time="2025-04-14T11:22:51.658715" level="INFO">Argument types are:
&lt;class 'int'&gt;
&lt;class 'str'&gt;</msg>
<msg time="2025-04-14T11:22:51.658715" level="FAIL">0 != 3</msg>
<msg time="2025-04-14T11:22:51.658715" level="DEBUG">Traceback (most recent call last):
  None
AssertionError: 0 != 3</msg>
<arg>${count}</arg>
<arg>${expected_count}</arg>
<doc>Fails if objects are unequal after converting them to integers.</doc>
<status status="FAIL" start="2025-04-14T11:22:51.658715" elapsed="0.000000">0 != 3</status>
</kw>
<arg>3</arg>
<status status="FAIL" start="2025-04-14T11:22:51.657715" elapsed="0.001000">0 != 3</status>
</kw>
<kw name="Check PDF Files Generated">
<msg time="2025-04-14T11:22:54.659778" level="TRACE">Arguments: [ ${expected_count}='3' ]</msg>
<kw name="Count Files" owner="utilities">
<msg time="2025-04-14T11:22:54.659778" level="TRACE">Arguments: [ 'C:\\Projects\\all-repos\\src\\prd\\rb\\asbl\\target/uat/rbs/ReportBurster/output' | pattern='*.pdf' | recursive=True ]</msg>
<msg time="2025-04-14T11:22:54.660733" level="TRACE">Return: 3</msg>
<msg time="2025-04-14T11:22:54.660733" level="INFO">${count} = 3</msg>
<var>${count}</var>
<arg>${PORTABLE_EXECUTABLE_DIR_SERVER}/output</arg>
<arg>pattern=*.pdf</arg>
<arg>recursive=True</arg>
<status status="PASS" start="2025-04-14T11:22:54.659778" elapsed="0.000955"/>
</kw>
<kw name="Should Be Equal As Integers" owner="BuiltIn">
<msg time="2025-04-14T11:22:54.660733" level="TRACE">Arguments: [ 3 | '3' ]</msg>
<msg time="2025-04-14T11:22:54.660733" level="INFO">Argument types are:
&lt;class 'int'&gt;
&lt;class 'str'&gt;</msg>
<msg time="2025-04-14T11:22:54.660733" level="TRACE">Return: None</msg>
<arg>${count}</arg>
<arg>${expected_count}</arg>
<doc>Fails if objects are unequal after converting them to integers.</doc>
<status status="PASS" start="2025-04-14T11:22:54.660733" elapsed="0.000000"/>
</kw>
<msg time="2025-04-14T11:22:54.661726" level="TRACE">Return: None</msg>
<arg>3</arg>
<status status="PASS" start="2025-04-14T11:22:54.659778" elapsed="0.001948"/>
</kw>
<msg time="2025-04-14T11:22:54.661726" level="TRACE">Return: None</msg>
<arg>10x</arg>
<arg>3s</arg>
<arg>Check PDF Files Generated</arg>
<arg>3</arg>
<doc>Runs the specified keyword and retries if it fails.</doc>
<status status="PASS" start="2025-04-14T11:22:39.647563" elapsed="15.014163"/>
</kw>
<kw name="Sleep" owner="BuiltIn">
<msg time="2025-04-14T11:22:54.661726" level="TRACE">Arguments: [ '1s' ]</msg>
<msg time="2025-04-14T11:22:55.662535" level="INFO">Slept 1 second.</msg>
<msg time="2025-04-14T11:22:55.662535" level="TRACE">Return: None</msg>
<arg>1s</arg>
<doc>Pauses the test executed for the given time.</doc>
<status status="PASS" start="2025-04-14T11:22:54.661726" elapsed="1.000809"/>
</kw>
<kw name="Shut Server" owner="utilities">
<msg time="2025-04-14T11:22:55.662535" level="TRACE">Arguments: [  ]</msg>
<msg time="2025-04-14T11:22:55.668438" level="TRACE">Return: &lt;Popen: returncode: None args: ['cmd.exe', '/c', 'C:\\Projects\\all-repos\\s...&gt;</msg>
<status status="PASS" start="2025-04-14T11:22:55.662535" elapsed="0.005903"/>
</kw>
<kw name="Wait Until Keyword Succeeds" owner="BuiltIn">
<msg time="2025-04-14T11:22:55.668438" level="TRACE">Arguments: [ '10x' | '3s' | 'Check Server Is Not Running' ]</msg>
<kw name="Check Server Is Not Running">
<msg time="2025-04-14T11:22:55.669437" level="TRACE">Arguments: [  ]</msg>
<kw name="Create Session" owner="RequestsLibrary">
<msg time="2025-04-14T11:22:55.669437" level="TRACE">Arguments: [ 'server' | 'http://localhost:9090' ]</msg>
<msg time="2025-04-14T11:22:55.669437" level="INFO">Creating Session using : alias=server, url=http://localhost:9090, headers={},                     cookies={}, auth=None, timeout=None, proxies=None, verify=False,                     debug=0 </msg>
<msg time="2025-04-14T11:22:55.669437" level="DEBUG">Creating session: server</msg>
<msg time="2025-04-14T11:22:55.670438" level="TRACE">Return: &lt;requests.sessions.Session object at 0x000001E97EA62930&gt;</msg>
<arg>server</arg>
<arg>${SERVER_URL}</arg>
<doc>Create Session: create a HTTP session to a server</doc>
<status status="PASS" start="2025-04-14T11:22:55.669437" elapsed="0.001001"/>
</kw>
<kw name="Run Keyword And Ignore Error" owner="BuiltIn">
<msg time="2025-04-14T11:22:55.670438" level="TRACE">Arguments: [ 'GET On Session' | 'server' | '/' ]</msg>
<kw name="GET On Session" owner="RequestsLibrary">
<msg time="2025-04-14T11:22:55.670438" level="TRACE">Arguments: [ 'server' | '/' ]</msg>
<msg time="2025-04-14T11:22:55.671438" level="DEBUG">Starting new HTTP connection (1): localhost:9090</msg>
<msg time="2025-04-14T11:22:55.677438" level="DEBUG">http://localhost:9090 "GET / HTTP/1.1" 200 4963</msg>
<msg time="2025-04-14T11:22:55.677438" level="INFO">GET Request : url=http://localhost:9090/ 
 path_url=/ 
 headers={'User-Agent': 'python-requests/2.32.3', 'Accept-Encoding': 'gzip, deflate', 'Accept': '*/*', 'Connection': 'keep-alive'} 
 body=None 
 </msg>
<msg time="2025-04-14T11:22:55.678437" level="INFO">GET Response : url=http://localhost:9090/ 
 status=200, reason= 
 headers={'Access-Control-Allow-Credentials': 'true', 'Access-Control-Allow-Origin': '*', 'Access-Control-Allow-Methods': 'GET, PUT, POST, DELETE, OPTIONS', 'Access-Control-Allow-Headers': 'Content-Type', 'Vary': 'Origin, Access-Control-Request-Method, Access-Control-Request-Headers', 'Last-Modified': 'Mon, 14 Apr 2025 09:14:21 GMT', 'Accept-Ranges': 'bytes', 'Content-Type': 'text/html;charset=UTF-8', 'Content-Language': 'en-US', 'Content-Length': '4963', 'Date': 'Mon, 14 Apr 2025 09:22:55 GMT', 'Keep-Alive': 'timeout=60', 'Connection': 'keep-alive'} 
 body=&lt;!DOCTYPE html&gt;&lt;html&gt;&lt;head&gt;
    &lt;meta charset="utf-8"&gt;
    &lt;title&gt;&lt;/title&gt;
    &lt;base href="/"&gt;

    &lt;meta name="viewport" content="width=device-width, initial-scale=1"&gt;
    &lt;link rel="icon" type="image/x-icon" href="assets/icons/icon.ico"&gt;
  &lt;style&gt;html{font-family:sans-serif;-ms-text-size-adjust:100%;-webkit-text-size-adjust:100%}body{margin:0}@media print{*,:after,:before{color:#000!important;text-shadow:none!important;background:0 0!important;box-shadow:none!important}}:after,:before{box-sizing:border-box}html{font-size:10px;-webkit-tap-highlight-color:rgba(0,0,0,0)}body{font-family:Helvetica Neue,Helvetica,Arial,sans-serif;font-size:14px;line-height:1.42857143;color:#333;background-color:#fff}@charset "UTF-8";html,body{height:100%}body{font-family:Source Sans Pro,Helvetica Neue,Helvetica,Arial,sans-serif;font-weight:400;overflow-x:hidden;overflow-y:auto}:root{--surface-a:#ffffff;--surface-b:#efefef;--surface-c:#e9ecef;--surface-d:#dee2e6;--surface-e:#ffffff;--surface-f:#ffffff;--text-color:#212529;--text-color-secondary:#6c757d;--primary-color:#007bff;--primary-color-text:#ffffff;--font-family:-apple-system, BlinkMacSystemFont, Segoe UI, Roboto, Helvetica, Arial, sans-serif, Apple Color Emoji, Segoe UI Emoji, Segoe UI Symbol;--surface-0:#ffffff;--surface-50:#f9fafb;--surface-100:#f8f9fa;--surface-200:#e9ecef;--surface-300:#dee2e6;--surface-400:#ced4da;--surface-500:#adb5bd;--surface-600:#6c757d;--surface-700:#495057;--surface-800:#343a40;--surface-900:#212529;--gray-50:#f9fafb;--gray-100:#f8f9fa;--gray-200:#e9ecef;--gray-300:#dee2e6;--gray-400:#ced4da;--gray-500:#adb5bd;--gray-600:#6c757d;--gray-700:#495057;--gray-800:#343a40;--gray-900:#212529;--content-padding:1.25rem;--inline-spacing:.5rem;--border-radius:4px;--surface-ground:#efefef;--surface-section:#ffffff;--surface-card:#ffffff;--surface-overlay:#ffffff;--surface-border:#dee2e6;--surface-hover:#e9ecef;--maskbg:rgba(0, 0, 0, .4);--focus-ring:0 0 0 .2rem rgba(38, 143, 255, .5);color-scheme:light}*{box-sizing:border-box}:root{--blue-50:#f3f8ff;--blue-100:#c5dcff;--blue-200:#97c1fe;--blue-300:#69a5fe;--blue-400:#3b8afd;--blue-500:#0d6efd;--blue-600:#0b5ed7;--blue-700:#094db1;--blue-800:#073d8b;--blue-900:#052c65;--green-50:#f4f9f6;--green-100:#c8e2d6;--green-200:#9ccbb5;--green-300:#70b595;--green-400:#459e74;--green-500:#198754;--green-600:#157347;--green-700:#125f3b;--green-800:#0e4a2e;--green-900:#0a3622;--yellow-50:#fffcf3;--yellow-100:#fff0c3;--yellow-200:#ffe494;--yellow-300:#ffd965;--yellow-400:#ffcd36;--yellow-500:#ffc107;--yellow-600:#d9a406;--yellow-700:#b38705;--yellow-800:#8c6a04;--yellow-900:#664d03;--cyan-50:#f3fcfe;--cyan-100:#c5f2fb;--cyan-200:#97e8f9;--cyan-300:#69def6;--cyan-400:#3bd4f3;--cyan-500:#0dcaf0;--cyan-600:#0baccc;--cyan-700:#098da8;--cyan-800:#076f84;--cyan-900:#055160;--pink-50:#fdf5f9;--pink-100:#f5cee1;--pink-200:#eda7ca;--pink-300:#e681b3;--pink-400:#de5a9b;--pink-500:#d63384;--pink-600:#b62b70;--pink-700:#96245c;--pink-800:#761c49;--pink-900:#561435;--indigo-50:#f7f3fe;--indigo-100:#dac6fc;--indigo-200:#bd98f9;--indigo-300:#a06bf7;--indigo-400:#833df4;--indigo-500:#6610f2;--indigo-600:#570ece;--indigo-700:#470ba9;--indigo-800:#380985;--indigo-900:#290661;--teal-50:#f4fcfa;--teal-100:#c9f2e6;--teal-200:#9fe8d2;--teal-300:#75debf;--teal-400:#4ad3ab;--teal-500:#20c997;--teal-600:#1bab80;--teal-700:#168d6a;--teal-800:#126f53;--teal-900:#0d503c;--orange-50:#fff9f3;--orange-100:#ffe0c7;--orange-200:#fec89a;--orange-300:#feaf6d;--orange-400:#fd9741;--orange-500:#fd7e14;--orange-600:#d76b11;--orange-700:#b1580e;--orange-800:#8b450b;--orange-900:#653208;--bluegray-50:#f8f9fb;--bluegray-100:#e0e4ea;--bluegray-200:#c7ced9;--bluegray-300:#aeb9c8;--bluegray-400:#95a3b8;--bluegray-500:#7c8ea7;--bluegray-600:#69798e;--bluegray-700:#576375;--bluegray-800:#444e5c;--bluegray-900:#323943;--purple-50:#f8f6fc;--purple-100:#dcd2f0;--purple-200:#c1aee4;--purple-300:#a68ad9;--purple-400:#8a66cd;--purple-500:#6f42c1;--purple-600:#5e38a4;--purple-700:#4e2e87;--purple-800:#3d246a;--purple-900:#2c1a4d;--red-50:#fdf5f6;--red-100:#f7cfd2;--red-200:#f0a8af;--red-300:#e9828c;--red-400:#e35b68;--red-500:#dc3545;--red-600:#bb2d3b;--red-700:#9a2530;--red-800:#791d26;--red-900:#58151c;--primary-50:#f2f8ff;--primary-100:#c2dfff;--primary-200:#91c6ff;--primary-300:#61adff;--primary-400:#3094ff;--primary-500:#007bff;--primary-600:#0069d9;--primary-700:#0056b3;--primary-800:#00448c;--primary-900:#003166}&lt;/style&gt;&lt;link rel="stylesheet" href="styles.fe00d9e1de829f6d.css" media="print" onload="this.media='all'"&gt;&lt;noscript&gt;&lt;link rel="stylesheet" href="styles.fe00d9e1de829f6d.css"&gt;&lt;/noscript&gt;&lt;/head&gt;
  &lt;body class="skin-black"&gt;
    &lt;app-root&gt;Loading...&lt;/app-root&gt;
  &lt;script src="runtime.c1bd29ecf74be03c.js" type="module"&gt;&lt;/script&gt;&lt;script src="polyfills.4ae72b598e1b5927.js" type="module"&gt;&lt;/script&gt;&lt;script src="scripts.2212ee5021e2179d.js" defer&gt;&lt;/script&gt;&lt;script src="main.3c4807ab684b3a29.js" type="module"&gt;&lt;/script&gt;

&lt;/body&gt;&lt;/html&gt; 
 </msg>
<msg time="2025-04-14T11:22:55.678437" level="TRACE">Return: &lt;Response [200]&gt;</msg>
<arg>server</arg>
<arg>/</arg>
<doc>Sends a GET request on a previously created HTTP Session.</doc>
<status status="PASS" start="2025-04-14T11:22:55.670438" elapsed="0.007999"/>
</kw>
<msg time="2025-04-14T11:22:55.678437" level="TRACE">Return: ('PASS', &lt;Response [200]&gt;)</msg>
<msg time="2025-04-14T11:22:55.678437" level="INFO">${result} = ('PASS', &lt;Response [200]&gt;)</msg>
<var>${result}</var>
<arg>GET On Session</arg>
<arg>server</arg>
<arg>/</arg>
<doc>Runs the given keyword with the given arguments and ignores possible error.</doc>
<status status="PASS" start="2025-04-14T11:22:55.670438" elapsed="0.007999"/>
</kw>
<kw name="Set Variable If" owner="BuiltIn">
<msg time="2025-04-14T11:22:55.679437" level="TRACE">Arguments: [ "'PASS' == 'PASS'" | '${result[1].status_code}' | '0' ]</msg>
<msg time="2025-04-14T11:22:55.679437" level="TRACE">Return: 200</msg>
<msg time="2025-04-14T11:22:55.679437" level="INFO">${status_code} = 200</msg>
<var>${status_code}</var>
<arg>'${result[0]}' == 'PASS'</arg>
<arg>${result[1].status_code}</arg>
<arg>0</arg>
<doc>Sets variable based on the given condition.</doc>
<status status="PASS" start="2025-04-14T11:22:55.678437" elapsed="0.001000"/>
</kw>
<kw name="Should Not Be Equal As Integers" owner="BuiltIn">
<msg time="2025-04-14T11:22:55.679437" level="TRACE">Arguments: [ 200 | '200' ]</msg>
<msg time="2025-04-14T11:22:55.679437" level="INFO">Argument types are:
&lt;class 'int'&gt;
&lt;class 'str'&gt;</msg>
<msg time="2025-04-14T11:22:55.680437" level="FAIL">200 == 200</msg>
<msg time="2025-04-14T11:22:55.680437" level="DEBUG">Traceback (most recent call last):
  None
AssertionError: 200 == 200</msg>
<arg>${status_code}</arg>
<arg>200</arg>
<doc>Fails if objects are equal after converting them to integers.</doc>
<status status="FAIL" start="2025-04-14T11:22:55.679437" elapsed="0.001000">200 == 200</status>
</kw>
<status status="FAIL" start="2025-04-14T11:22:55.669437" elapsed="0.011000">200 == 200</status>
</kw>
<kw name="Check Server Is Not Running">
<msg time="2025-04-14T11:22:58.681134" level="TRACE">Arguments: [  ]</msg>
<kw name="Create Session" owner="RequestsLibrary">
<msg time="2025-04-14T11:22:58.681134" level="TRACE">Arguments: [ 'server' | 'http://localhost:9090' ]</msg>
<msg time="2025-04-14T11:22:58.681134" level="INFO">Creating Session using : alias=server, url=http://localhost:9090, headers={},                     cookies={}, auth=None, timeout=None, proxies=None, verify=False,                     debug=0 </msg>
<msg time="2025-04-14T11:22:58.682080" level="DEBUG">Creating session: server</msg>
<msg time="2025-04-14T11:22:58.682080" level="TRACE">Return: &lt;requests.sessions.Session object at 0x000001E97EA60170&gt;</msg>
<arg>server</arg>
<arg>${SERVER_URL}</arg>
<doc>Create Session: create a HTTP session to a server</doc>
<status status="PASS" start="2025-04-14T11:22:58.681134" elapsed="0.000946"/>
</kw>
<kw name="Run Keyword And Ignore Error" owner="BuiltIn">
<msg time="2025-04-14T11:22:58.682080" level="TRACE">Arguments: [ 'GET On Session' | 'server' | '/' ]</msg>
<kw name="GET On Session" owner="RequestsLibrary">
<msg time="2025-04-14T11:22:58.682080" level="TRACE">Arguments: [ 'server' | '/' ]</msg>
<msg time="2025-04-14T11:22:58.683080" level="DEBUG">Starting new HTTP connection (1): localhost:9090</msg>
<msg time="2025-04-14T11:23:02.755814" level="DEBUG">Incremented Retry for (url='/'): RetryAdapter(total=2, connect=None, read=None, redirect=None, status=None)</msg>
<msg time="2025-04-14T11:23:02.755814" level="WARN">Retrying (RetryAdapter(total=2, connect=None, read=None, redirect=None, status=None)) after connection broken by 'NewConnectionError('&lt;urllib3.connection.HTTPConnection object at 0x000001E97EA800B0&gt;: Failed to establish a new connection: [WinError 10061] No connection could be made because the target machine actively refused it')': /</msg>
<msg time="2025-04-14T11:23:02.756793" level="DEBUG">Starting new HTTP connection (2): localhost:9090</msg>
<msg time="2025-04-14T11:23:06.832232" level="DEBUG">Incremented Retry for (url='/'): RetryAdapter(total=1, connect=None, read=None, redirect=None, status=None)</msg>
<msg time="2025-04-14T11:23:07.033658" level="WARN">Retrying (RetryAdapter(total=1, connect=None, read=None, redirect=None, status=None)) after connection broken by 'NewConnectionError('&lt;urllib3.connection.HTTPConnection object at 0x000001E97EA80470&gt;: Failed to establish a new connection: [WinError 10061] No connection could be made because the target machine actively refused it')': /</msg>
<msg time="2025-04-14T11:23:07.033658" level="DEBUG">Starting new HTTP connection (3): localhost:9090</msg>
<msg time="2025-04-14T11:23:11.113126" level="DEBUG">Incremented Retry for (url='/'): RetryAdapter(total=0, connect=None, read=None, redirect=None, status=None)</msg>
<msg time="2025-04-14T11:23:11.514422" level="WARN">Retrying (RetryAdapter(total=0, connect=None, read=None, redirect=None, status=None)) after connection broken by 'NewConnectionError('&lt;urllib3.connection.HTTPConnection object at 0x000001E97EA627B0&gt;: Failed to establish a new connection: [WinError 10061] No connection could be made because the target machine actively refused it')': /</msg>
<msg time="2025-04-14T11:23:11.514422" level="DEBUG">Starting new HTTP connection (4): localhost:9090</msg>
<msg time="2025-04-14T11:23:15.566696" level="FAIL">ConnectionError: HTTPConnectionPool(host='localhost', port=9090): Max retries exceeded with url: / (Caused by NewConnectionError('&lt;urllib3.connection.HTTPConnection object at 0x000001E97E8CDE50&gt;: Failed to establish a new connection: [WinError 10061] No connection could be made because the target machine actively refused it'))</msg>
<msg time="2025-04-14T11:23:15.570619" level="DEBUG">Traceback (most recent call last):
  File "C:\Projects\all-repos\src\prd\rb\asbl\src\uat\.venv\Lib\site-packages\urllib3\connection.py", line 198, in _new_conn
    sock = connection.create_connection(
           ^^^^^^^^^^^^^^^^^^^^^^^^^^^^^
  File "C:\Projects\all-repos\src\prd\rb\asbl\src\uat\.venv\Lib\site-packages\urllib3\util\connection.py", line 85, in create_connection
    raise err
  File "C:\Projects\all-repos\src\prd\rb\asbl\src\uat\.venv\Lib\site-packages\urllib3\util\connection.py", line 73, in create_connection
    sock.connect(sa)
ConnectionRefusedError: [WinError 10061] No connection could be made because the target machine actively refused it

The above exception was the direct cause of the following exception:

Traceback (most recent call last):
  File "C:\Projects\all-repos\src\prd\rb\asbl\src\uat\.venv\Lib\site-packages\urllib3\connectionpool.py", line 787, in urlopen
    response = self._make_request(
               ^^^^^^^^^^^^^^^^^^^
  File "C:\Projects\all-repos\src\prd\rb\asbl\src\uat\.venv\Lib\site-packages\urllib3\connectionpool.py", line 493, in _make_request
    conn.request(
  File "C:\Projects\all-repos\src\prd\rb\asbl\src\uat\.venv\Lib\site-packages\urllib3\connection.py", line 445, in request
    self.endheaders()
  File "C:\Python312\Lib\http\client.py", line 1331, in endheaders
    self._send_output(message_body, encode_chunked=encode_chunked)
  File "C:\Python312\Lib\http\client.py", line 1091, in _send_output
    self.send(msg)
  File "C:\Python312\Lib\http\client.py", line 1035, in send
    self.connect()
  File "C:\Projects\all-repos\src\prd\rb\asbl\src\uat\.venv\Lib\site-packages\urllib3\connection.py", line 276, in connect
    self.sock = self._new_conn()
                ^^^^^^^^^^^^^^^^
  File "C:\Projects\all-repos\src\prd\rb\asbl\src\uat\.venv\Lib\site-packages\urllib3\connection.py", line 213, in _new_conn
    raise NewConnectionError(
urllib3.exceptions.NewConnectionError: &lt;urllib3.connection.HTTPConnection object at 0x000001E97E8CDE50&gt;: Failed to establish a new connection: [WinError 10061] No connection could be made because the target machine actively refused it

The above exception was the direct cause of the following exception:

Traceback (most recent call last):
  File "C:\Projects\all-repos\src\prd\rb\asbl\src\uat\.venv\Lib\site-packages\requests\adapters.py", line 667, in send
    resp = conn.urlopen(
           ^^^^^^^^^^^^^
  File "C:\Projects\all-repos\src\prd\rb\asbl\src\uat\.venv\Lib\site-packages\urllib3\connectionpool.py", line 871, in urlopen
    return self.urlopen(
           ^^^^^^^^^^^^^
  File "C:\Projects\all-repos\src\prd\rb\asbl\src\uat\.venv\Lib\site-packages\urllib3\connectionpool.py", line 871, in urlopen
    return self.urlopen(
           ^^^^^^^^^^^^^
  File "C:\Projects\all-repos\src\prd\rb\asbl\src\uat\.venv\Lib\site-packages\urllib3\connectionpool.py", line 871, in urlopen
    return self.urlopen(
           ^^^^^^^^^^^^^
  File "C:\Projects\all-repos\src\prd\rb\asbl\src\uat\.venv\Lib\site-packages\urllib3\connectionpool.py", line 841, in urlopen
    retries = retries.increment(
              ^^^^^^^^^^^^^^^^^^
  File "C:\Projects\all-repos\src\prd\rb\asbl\src\uat\.venv\Lib\site-packages\urllib3\util\retry.py", line 519, in increment
    raise MaxRetryError(_pool, url, reason) from reason  # type: ignore[arg-type]
    ^^^^^^^^^^^^^^^^^^^^^^^^^^^^^^^^^^^^^^^^^^^^^^^^^^^
urllib3.exceptions.MaxRetryError: HTTPConnectionPool(host='localhost', port=9090): Max retries exceeded with url: / (Caused by NewConnectionError('&lt;urllib3.connection.HTTPConnection object at 0x000001E97E8CDE50&gt;: Failed to establish a new connection: [WinError 10061] No connection could be made because the target machine actively refused it'))

During handling of the above exception, another exception occurred:

Traceback (most recent call last):
  File "C:\Projects\all-repos\src\prd\rb\asbl\src\uat\.venv\Lib\site-packages\RequestsLibrary\utils.py", line 154, in decorator
    return func(*args, **kwargs)
           ^^^^^^^^^^^^^^^^^^^^^
  File "C:\Projects\all-repos\src\prd\rb\asbl\src\uat\.venv\Lib\site-packages\RequestsLibrary\RequestsOnSessionKeywords.py", line 31, in get_on_session
    response = self._common_request("get", session, url,
               ^^^^^^^^^^^^^^^^^^^^^^^^^^^^^^^^^^^^^^^^^
  File "C:\Projects\all-repos\src\prd\rb\asbl\src\uat\.venv\Lib\site-packages\RequestsLibrary\RequestsKeywords.py", line 37, in _common_request
    resp = method_function(
           ^^^^^^^^^^^^^^^^
  File "C:\Projects\all-repos\src\prd\rb\asbl\src\uat\.venv\Lib\site-packages\requests\sessions.py", line 602, in get
    return self.request("GET", url, **kwargs)
           ^^^^^^^^^^^^^^^^^^^^^^^^^^^^^^^^^^
  File "C:\Projects\all-repos\src\prd\rb\asbl\src\uat\.venv\Lib\site-packages\requests\sessions.py", line 589, in request
    resp = self.send(prep, **send_kwargs)
           ^^^^^^^^^^^^^^^^^^^^^^^^^^^^^^
  File "C:\Projects\all-repos\src\prd\rb\asbl\src\uat\.venv\Lib\site-packages\requests\sessions.py", line 703, in send
    r = adapter.send(request, **kwargs)
        ^^^^^^^^^^^^^^^^^^^^^^^^^^^^^^^
  File "C:\Projects\all-repos\src\prd\rb\asbl\src\uat\.venv\Lib\site-packages\requests\adapters.py", line 700, in send
    raise ConnectionError(e, request=request)
requests.exceptions.ConnectionError: HTTPConnectionPool(host='localhost', port=9090): Max retries exceeded with url: / (Caused by NewConnectionError('&lt;urllib3.connection.HTTPConnection object at 0x000001E97E8CDE50&gt;: Failed to establish a new connection: [WinError 10061] No connection could be made because the target machine actively refused it'))</msg>
<arg>server</arg>
<arg>/</arg>
<doc>Sends a GET request on a previously created HTTP Session.</doc>
<status status="FAIL" start="2025-04-14T11:22:58.682080" elapsed="16.889520">ConnectionError: HTTPConnectionPool(host='localhost', port=9090): Max retries exceeded with url: / (Caused by NewConnectionError('&lt;urllib3.connection.HTTPConnection object at 0x000001E97E8CDE50&gt;: Failed to establish a new connection: [WinError 10061] No connection could be made because the target machine actively refused it'))</status>
</kw>
<msg time="2025-04-14T11:23:15.571600" level="TRACE">Return: ('FAIL',
 "ConnectionError: HTTPConnectionPool(host='localhost', port=9090): Max retries exceeded with url: / (Caused by NewConnectionError('&lt;urllib3.connection.HTTPConnection object at 0x000001E97E8CDE50&gt;: Failed to establish a new connection: [WinError 10061] No connection could be made because the target machine actively refused it'))")</msg>
<msg time="2025-04-14T11:23:15.571600" level="INFO">${result} = ('FAIL', "ConnectionError: HTTPConnectionPool(host='localhost', port=9090): Max retries exceeded with url: / (Caused by NewConnectionError('&lt;urllib3.connection.HTTPConnection object at 0x000001E97E8CD...</msg>
<var>${result}</var>
<arg>GET On Session</arg>
<arg>server</arg>
<arg>/</arg>
<doc>Runs the given keyword with the given arguments and ignores possible error.</doc>
<status status="PASS" start="2025-04-14T11:22:58.682080" elapsed="16.889520"/>
</kw>
<kw name="Set Variable If" owner="BuiltIn">
<msg time="2025-04-14T11:23:15.571600" level="TRACE">Arguments: [ "'FAIL' == 'PASS'" | '${result[1].status_code}' | '0' ]</msg>
<msg time="2025-04-14T11:23:15.572600" level="TRACE">Return: '0'</msg>
<msg time="2025-04-14T11:23:15.572600" level="INFO">${status_code} = 0</msg>
<var>${status_code}</var>
<arg>'${result[0]}' == 'PASS'</arg>
<arg>${result[1].status_code}</arg>
<arg>0</arg>
<doc>Sets variable based on the given condition.</doc>
<status status="PASS" start="2025-04-14T11:23:15.571600" elapsed="0.001000"/>
</kw>
<kw name="Should Not Be Equal As Integers" owner="BuiltIn">
<msg time="2025-04-14T11:23:15.572600" level="TRACE">Arguments: [ '0' | '200' ]</msg>
<msg time="2025-04-14T11:23:15.572600" level="DEBUG">Argument types are:
&lt;class 'str'&gt;
&lt;class 'str'&gt;</msg>
<msg time="2025-04-14T11:23:15.572600" level="TRACE">Return: None</msg>
<arg>${status_code}</arg>
<arg>200</arg>
<doc>Fails if objects are equal after converting them to integers.</doc>
<status status="PASS" start="2025-04-14T11:23:15.572600" elapsed="0.000000"/>
</kw>
<msg time="2025-04-14T11:23:15.572600" level="TRACE">Return: None</msg>
<status status="PASS" start="2025-04-14T11:22:58.681134" elapsed="16.891466"/>
</kw>
<msg time="2025-04-14T11:23:15.572600" level="TRACE">Return: None</msg>
<arg>10x</arg>
<arg>3s</arg>
<arg>Check Server Is Not Running</arg>
<doc>Runs the specified keyword and retries if it fails.</doc>
<status status="PASS" start="2025-04-14T11:22:55.668438" elapsed="19.904162"/>
</kw>
<msg time="2025-04-14T11:23:15.572600" level="TRACE">Return: None</msg>
<status status="PASS" start="2025-04-14T11:22:23.701416" elapsed="51.871184"/>
</kw>
<kw name="Sleep" owner="BuiltIn">
<msg time="2025-04-14T11:23:15.573600" level="TRACE">Arguments: [ '1s' ]</msg>
<msg time="2025-04-14T11:23:16.574273" level="INFO">Slept 1 second.</msg>
<msg time="2025-04-14T11:23:16.574273" level="TRACE">Return: None</msg>
<arg>1s</arg>
<doc>Pauses the test executed for the given time.</doc>
<status status="PASS" start="2025-04-14T11:23:15.573600" elapsed="1.000673"/>
</kw>
<kw name="Ensure Java Is Not Installed" owner="utilities">
<msg time="2025-04-14T11:23:16.574273" level="TRACE">Arguments: [  ]</msg>
<msg time="2025-04-14T11:23:36.524204" level="INFO">Chocolatey is installed. (ensure_java_is_not_installed)
Uninstalling maven with Chocolatey...
Uninstalling Temurin11 with Chocolatey...
Java is not installed on this computer.</msg>
<msg time="2025-04-14T11:23:36.524204" level="TRACE">Return: None</msg>
<status status="PASS" start="2025-04-14T11:23:16.574273" elapsed="19.950913"/>
</kw>
<kw name="Sleep" owner="BuiltIn">
<msg time="2025-04-14T11:23:36.525186" level="TRACE">Arguments: [ '1s' ]</msg>
<msg time="2025-04-14T11:23:37.525461" level="INFO">Slept 1 second.</msg>
<msg time="2025-04-14T11:23:37.525461" level="TRACE">Return: None</msg>
<arg>1s</arg>
<doc>Pauses the test executed for the given time.</doc>
<status status="PASS" start="2025-04-14T11:23:36.525186" elapsed="1.000275"/>
</kw>
<kw name="Refresh Env Variables" owner="utilities">
<msg time="2025-04-14T11:23:37.525461" level="TRACE">Arguments: [  ]</msg>
<msg time="2025-04-14T11:23:37.932537" level="TRACE">Return: None</msg>
<status status="PASS" start="2025-04-14T11:23:37.525461" elapsed="0.407076"/>
</kw>
<kw name="Shut Server" owner="utilities" type="TEARDOWN">
<msg time="2025-04-14T11:23:37.932537" level="TRACE">Arguments: [  ]</msg>
<msg time="2025-04-14T11:23:37.934519" level="TRACE">Return: &lt;Popen: returncode: None args: ['cmd.exe', '/c', 'C:\\Projects\\all-repos\\s...&gt;</msg>
<status status="PASS" start="2025-04-14T11:23:37.932537" elapsed="0.001982"/>
</kw>
<doc>startServer.bat and shutServer.bat Scripts Should Work Fine</doc>
<status status="PASS" start="2025-04-14T11:21:54.772132" elapsed="103.163387"/>
</test>
<test id="s1-s2-t2" name="service.bat Should Work Fine" line="36">
<kw name="Clean Output Folders And Log Files" owner="utilities" type="SETUP">
<msg time="2025-04-14T11:23:37.938518" level="TRACE">Arguments: [ product='server' ]</msg>
<msg time="2025-04-14T11:23:37.940519" level="TRACE">Return: None</msg>
<arg>product=server</arg>
<status status="PASS" start="2025-04-14T11:23:37.938518" elapsed="0.002001"/>
</kw>
<kw name="Ensure Chocolatey Is Installed" owner="utilities">
<msg time="2025-04-14T11:23:37.941530" level="TRACE">Arguments: [  ]</msg>
<msg time="2025-04-14T11:23:38.901892" level="INFO">Output of 'choco -v': 2.4.3

Chocolatey is already installed.</msg>
<msg time="2025-04-14T11:23:38.901892" level="TRACE">Return: None</msg>
<status status="PASS" start="2025-04-14T11:23:37.941530" elapsed="0.960362"/>
</kw>
<kw name="Sleep" owner="BuiltIn">
<msg time="2025-04-14T11:23:38.902891" level="TRACE">Arguments: [ '1s' ]</msg>
<msg time="2025-04-14T11:23:39.903178" level="INFO">Slept 1 second.</msg>
<msg time="2025-04-14T11:23:39.903178" level="TRACE">Return: None</msg>
<arg>1s</arg>
<doc>Pauses the test executed for the given time.</doc>
<status status="PASS" start="2025-04-14T11:23:38.902891" elapsed="1.000287"/>
</kw>
<kw name="Refresh Env Variables" owner="utilities">
<msg time="2025-04-14T11:23:39.904106" level="TRACE">Arguments: [  ]</msg>
<msg time="2025-04-14T11:23:40.247463" level="TRACE">Return: None</msg>
<status status="PASS" start="2025-04-14T11:23:39.904106" elapsed="0.343357"/>
</kw>
<kw name="Ensure Java Is Installed" owner="utilities">
<msg time="2025-04-14T11:23:40.248368" level="TRACE">Arguments: [  ]</msg>
<msg time="2025-04-14T11:24:04.819285" level="INFO">Java is not installed. Installing now...
Output of 'choco -v': 2.4.3

Chocolatey is already installed.
Java 11 has been installed.</msg>
<msg time="2025-04-14T11:24:04.819285" level="TRACE">Return: None</msg>
<status status="PASS" start="2025-04-14T11:23:40.248368" elapsed="24.570917"/>
</kw>
<kw name="Sleep" owner="BuiltIn">
<msg time="2025-04-14T11:24:04.820286" level="TRACE">Arguments: [ '1s' ]</msg>
<msg time="2025-04-14T11:24:05.820958" level="INFO">Slept 1 second.</msg>
<msg time="2025-04-14T11:24:05.820958" level="TRACE">Return: None</msg>
<arg>1s</arg>
<doc>Pauses the test executed for the given time.</doc>
<status status="PASS" start="2025-04-14T11:24:04.820286" elapsed="1.000672"/>
</kw>
<kw name="Refresh Env Variables" owner="utilities">
<msg time="2025-04-14T11:24:05.822124" level="TRACE">Arguments: [  ]</msg>
<msg time="2025-04-14T11:24:06.166560" level="TRACE">Return: None</msg>
<status status="PASS" start="2025-04-14T11:24:05.822124" elapsed="0.344436"/>
</kw>
<kw name="Service Uninstall" owner="utilities">
<msg time="2025-04-14T11:24:06.167469" level="TRACE">Arguments: [  ]</msg>
<msg time="2025-04-14T11:24:06.851693" level="TRACE">Return: "2025-04-14 11:24:06,828 INFO  - Uninstalling service 'ReportBurster Server (rbsj)'...\r\n2025-04-14 11:24:06,834 WARN  - Service 'ReportBurster Server (rbsj)' does not exist.\r\nService ReportBurster Server removed\r\n"</msg>
<msg time="2025-04-14T11:24:06.851693" level="INFO">${output} = 2025-04-14 11:24:06,828 INFO  - Uninstalling service 'ReportBurster Server (rbsj)'...
2025-04-14 11:24:06,834 WARN  - Service 'ReportBurster Server (rbsj)' does not exist.
Service ReportBurster Serv...</msg>
<var>${output}</var>
<status status="PASS" start="2025-04-14T11:24:06.167469" elapsed="0.684224"/>
</kw>
<kw name="Text Contains Either" owner="utilities">
<msg time="2025-04-14T11:24:06.851693" level="TRACE">Arguments: [ "2025-04-14 11:24:06,828 INFO  - Uninstalling service 'ReportBurster Server (rbsj)'...\r\n2025-04-14 11:24:06,834 WARN  - Service 'ReportBurster Server (rbsj)' does not exist.\r\nService ReportBurster Server removed\r\n" | 'uninstalled successfully' | 'does not exist' ]</msg>
<msg time="2025-04-14T11:24:06.851693" level="TRACE">Return: True</msg>
<arg>${output}</arg>
<arg>uninstalled successfully</arg>
<arg>does not exist</arg>
<status status="PASS" start="2025-04-14T11:24:06.851693" elapsed="0.000000"/>
</kw>
<kw name="Service Install" owner="utilities">
<msg time="2025-04-14T11:24:06.852694" level="TRACE">Arguments: [  ]</msg>
<msg time="2025-04-14T11:24:07.495900" level="TRACE">Return: "2025-04-14 11:24:07,455 INFO  - Installing service 'ReportBurster Server (rbsj)'...\r\n2025-04-14 11:24:07,478 INFO  - Service 'ReportBurster Server (rbsj)' was installed successfully.\r\nService ReportBurster Server installed\r\n"</msg>
<msg time="2025-04-14T11:24:07.495900" level="INFO">${output} = 2025-04-14 11:24:07,455 INFO  - Installing service 'ReportBurster Server (rbsj)'...
2025-04-14 11:24:07,478 INFO  - Service 'ReportBurster Server (rbsj)' was installed successfully.
Service ReportBu...</msg>
<var>${output}</var>
<status status="PASS" start="2025-04-14T11:24:06.852694" elapsed="0.643206"/>
</kw>
<kw name="Should Contain" owner="BuiltIn">
<msg time="2025-04-14T11:24:07.495900" level="TRACE">Arguments: [ "2025-04-14 11:24:07,455 INFO  - Installing service 'ReportBurster Server (rbsj)'...\r\n2025-04-14 11:24:07,478 INFO  - Service 'ReportBurster Server (rbsj)' was installed successfully.\r\nService ReportBurster Server installed\r\n" | 'installed successfully' ]</msg>
<msg time="2025-04-14T11:24:07.495900" level="TRACE">Return: None</msg>
<arg>${output}</arg>
<arg>installed successfully</arg>
<doc>Fails if ``container`` does not contain ``item`` one or more times.</doc>
<status status="PASS" start="2025-04-14T11:24:07.495900" elapsed="0.001001"/>
</kw>
<kw name="Run" owner="OperatingSystem">
<msg time="2025-04-14T11:24:07.496901" level="TRACE">Arguments: [ 'sc query rbsj' ]</msg>
<msg time="2025-04-14T11:24:07.501901" level="INFO">Running command 'sc query rbsj 2&gt;&amp;1'.</msg>
<msg time="2025-04-14T11:24:07.514900" level="TRACE">Return: '\nSERVICE_NAME: rbsj \n        TYPE               : 10  WIN32_OWN_PROCESS  \n        STATE              : 1  STOPPED \n        WIN32_EXIT_CODE    : 1077  (0x435)\n        SERVICE_EXIT_CODE  : 0  (0x0)\n        CHECKPOINT         : 0x0\n        WAIT_HINT          : 0x0'</msg>
<msg time="2025-04-14T11:24:07.514900" level="INFO">${service_status} = 
SERVICE_NAME: rbsj 
        TYPE               : 10  WIN32_OWN_PROCESS  
        STATE              : 1  STOPPED 
        WIN32_EXIT_CODE    : 1077  (0x435)
        SERVICE_EXIT_CODE  : 0  (0x0)
    ...</msg>
<var>${service_status}</var>
<arg>sc query rbsj</arg>
<doc>Runs the given command in the system and returns the output.</doc>
<status status="PASS" start="2025-04-14T11:24:07.496901" elapsed="0.017999"/>
</kw>
<kw name="Should Contain" owner="BuiltIn">
<msg time="2025-04-14T11:24:07.515901" level="TRACE">Arguments: [ '\nSERVICE_NAME: rbsj \n        TYPE               : 10  WIN32_OWN_PROCESS  \n        STATE              : 1  STOPPED \n        WIN32_EXIT_CODE    : 1077  (0x435)\n        SERVICE_EXIT_CODE  : 0  (0x0)\n        CHECKPOINT         : 0x0\n        WAIT_HINT          : 0x0' | 'STOPPED' ]</msg>
<msg time="2025-04-14T11:24:07.515901" level="TRACE">Return: None</msg>
<arg>${service_status}</arg>
<arg>STOPPED</arg>
<doc>Fails if ``container`` does not contain ``item`` one or more times.</doc>
<status status="PASS" start="2025-04-14T11:24:07.515901" elapsed="0.000000"/>
</kw>
<kw name="Run" owner="OperatingSystem">
<msg time="2025-04-14T11:24:07.515901" level="TRACE">Arguments: [ 'sc start rbsj' ]</msg>
<msg time="2025-04-14T11:24:07.520900" level="INFO">Running command 'sc start rbsj 2&gt;&amp;1'.</msg>
<msg time="2025-04-14T11:24:07.946667" level="TRACE">Return: '\nSERVICE_NAME: rbsj \n        TYPE               : 10  WIN32_OWN_PROCESS  \n        STATE              : 2  START_PENDING \n                                (NOT_STOPPABLE, NOT_PAUSABLE, IGNORES_SHUTDOWN)\n        WIN32_EXIT_CODE    : 0  (0x0)\n        SERVICE_EXIT_CODE  : 0  (0x0)\n        CHECKPOINT         : 0x0\n        WAIT_HINT          : 0x7d0\n        PID                : 9412\n        FLAGS              : '</msg>
<arg>sc start rbsj</arg>
<doc>Runs the given command in the system and returns the output.</doc>
<status status="PASS" start="2025-04-14T11:24:07.515901" elapsed="0.430766"/>
</kw>
<kw name="Wait Until Keyword Succeeds" owner="BuiltIn">
<msg time="2025-04-14T11:24:07.947667" level="TRACE">Arguments: [ '10x' | '3s' | 'Check Server Is Running' ]</msg>
<kw name="Check Server Is Running">
<msg time="2025-04-14T11:24:07.947667" level="TRACE">Arguments: [  ]</msg>
<kw name="Create Session" owner="RequestsLibrary">
<msg time="2025-04-14T11:24:07.947667" level="TRACE">Arguments: [ 'server' | 'http://localhost:9090' ]</msg>
<msg time="2025-04-14T11:24:07.947667" level="INFO">Creating Session using : alias=server, url=http://localhost:9090, headers={},                     cookies={}, auth=None, timeout=None, proxies=None, verify=False,                     debug=0 </msg>
<msg time="2025-04-14T11:24:07.947667" level="DEBUG">Creating session: server</msg>
<msg time="2025-04-14T11:24:07.947667" level="TRACE">Return: &lt;requests.sessions.Session object at 0x000001E97EA81E50&gt;</msg>
<arg>server</arg>
<arg>${SERVER_URL}</arg>
<doc>Create Session: create a HTTP session to a server</doc>
<status status="PASS" start="2025-04-14T11:24:07.947667" elapsed="0.000000"/>
</kw>
<kw name="GET On Session" owner="RequestsLibrary">
<msg time="2025-04-14T11:24:07.948667" level="TRACE">Arguments: [ 'server' | '/' ]</msg>
<msg time="2025-04-14T11:24:07.948667" level="DEBUG">Starting new HTTP connection (1): localhost:9090</msg>
<msg time="2025-04-14T11:24:12.013356" level="DEBUG">Incremented Retry for (url='/'): RetryAdapter(total=2, connect=None, read=None, redirect=None, status=None)</msg>
<msg time="2025-04-14T11:24:12.013356" level="WARN">Retrying (RetryAdapter(total=2, connect=None, read=None, redirect=None, status=None)) after connection broken by 'NewConnectionError('&lt;urllib3.connection.HTTPConnection object at 0x000001E97EB185F0&gt;: Failed to establish a new connection: [WinError 10061] No connection could be made because the target machine actively refused it')': /</msg>
<msg time="2025-04-14T11:24:12.017350" level="DEBUG">Starting new HTTP connection (2): localhost:9090</msg>
<msg time="2025-04-14T11:24:16.070431" level="DEBUG">Incremented Retry for (url='/'): RetryAdapter(total=1, connect=None, read=None, redirect=None, status=None)</msg>
<msg time="2025-04-14T11:24:16.271455" level="WARN">Retrying (RetryAdapter(total=1, connect=None, read=None, redirect=None, status=None)) after connection broken by 'NewConnectionError('&lt;urllib3.connection.HTTPConnection object at 0x000001E97EB18710&gt;: Failed to establish a new connection: [WinError 10061] No connection could be made because the target machine actively refused it')': /</msg>
<msg time="2025-04-14T11:24:16.272455" level="DEBUG">Starting new HTTP connection (3): localhost:9090</msg>
<msg time="2025-04-14T11:24:20.332207" level="DEBUG">Incremented Retry for (url='/'): RetryAdapter(total=0, connect=None, read=None, redirect=None, status=None)</msg>
<msg time="2025-04-14T11:24:20.733005" level="WARN">Retrying (RetryAdapter(total=0, connect=None, read=None, redirect=None, status=None)) after connection broken by 'NewConnectionError('&lt;urllib3.connection.HTTPConnection object at 0x000001E97EA62F90&gt;: Failed to establish a new connection: [WinError 10061] No connection could be made because the target machine actively refused it')': /</msg>
<msg time="2025-04-14T11:24:20.734005" level="DEBUG">Starting new HTTP connection (4): localhost:9090</msg>
<msg time="2025-04-14T11:24:23.907363" level="DEBUG">http://localhost:9090 "GET / HTTP/1.1" 200 4963</msg>
<msg time="2025-04-14T11:24:23.907363" level="INFO">GET Request : url=http://localhost:9090/ 
 path_url=/ 
 headers={'User-Agent': 'python-requests/2.32.3', 'Accept-Encoding': 'gzip, deflate', 'Accept': '*/*', 'Connection': 'keep-alive'} 
 body=None 
 </msg>
<msg time="2025-04-14T11:24:23.907363" level="INFO">GET Response : url=http://localhost:9090/ 
 status=200, reason= 
 headers={'Access-Control-Allow-Credentials': 'true', 'Access-Control-Allow-Origin': '*', 'Access-Control-Allow-Methods': 'GET, PUT, POST, DELETE, OPTIONS', 'Access-Control-Allow-Headers': 'Content-Type', 'Vary': 'Origin, Access-Control-Request-Method, Access-Control-Request-Headers', 'Last-Modified': 'Mon, 14 Apr 2025 09:14:21 GMT', 'Accept-Ranges': 'bytes', 'Content-Type': 'text/html;charset=UTF-8', 'Content-Language': 'en-US', 'Content-Length': '4963', 'Date': 'Mon, 14 Apr 2025 09:24:23 GMT', 'Keep-Alive': 'timeout=60', 'Connection': 'keep-alive'} 
 body=&lt;!DOCTYPE html&gt;&lt;html&gt;&lt;head&gt;
[...]
</kw>
<kw name="Wait Until Page Contains Element" owner="SeleniumLibrary">
<arg>id=btnSelectExistingInstallation</arg>
<doc>Waits until the element ``locator`` appears on the current page.</doc>
<status status="NOT RUN" start="2025-04-14T12:16:52.189102" elapsed="0.000000"/>
</kw>
<kw name="Sleep" owner="BuiltIn">
<arg>1s</arg>
<doc>Pauses the test executed for the given time.</doc>
<status status="NOT RUN" start="2025-04-14T12:16:52.189102" elapsed="0.000000"/>
</kw>
<kw name="Get Project Path" owner="utilities">
<var>${PROJECT_PATH}</var>
<status status="NOT RUN" start="2025-04-14T12:16:52.191103" elapsed="0.000000"/>
</kw>
<kw name="Click Button" owner="SeleniumLibrary">
<arg>id=btnSelectExistingInstallation</arg>
<doc>Clicks the button identified by ``locator``.</doc>
<status status="NOT RUN" start="2025-04-14T12:16:52.191103" elapsed="0.000000"/>
</kw>
<kw name="Sleep" owner="BuiltIn">
<arg>1s</arg>
<doc>Pauses the test executed for the given time.</doc>
<status status="NOT RUN" start="2025-04-14T12:16:52.191103" elapsed="0.000998"/>
</kw>
<kw name="Open Folder" owner="utilities">
<arg>Select the installation/location path from where you want to migrate your existing configuration values and data. The selected folder should contain the DocumentBurster.exe/ReportBurster.exe file</arg>
<arg>${PROJECT_PATH}/frontend/reporting/testground</arg>
<status status="NOT RUN" start="2025-04-14T12:16:52.192101" elapsed="0.000000"/>
</kw>
<kw name="Sleep" owner="BuiltIn">
<arg>1s</arg>
<doc>Pauses the test executed for the given time.</doc>
<status status="NOT RUN" start="2025-04-14T12:16:52.192101" elapsed="0.000000"/>
</kw>
<kw name="Wait Until Page Contains Element" owner="SeleniumLibrary">
<arg>id=errorMsg</arg>
<doc>Waits until the element ``locator`` appears on the current page.</doc>
<status status="NOT RUN" start="2025-04-14T12:16:52.193101" elapsed="0.000000"/>
</kw>
<kw name="Sleep" owner="BuiltIn">
<arg>2s</arg>
<doc>Pauses the test executed for the given time.</doc>
<status status="NOT RUN" start="2025-04-14T12:16:52.193101" elapsed="0.000000"/>
</kw>
<kw name="Click Button" owner="SeleniumLibrary">
<arg>id=btnSelectExistingInstallation</arg>
<doc>Clicks the button identified by ``locator``.</doc>
<status status="NOT RUN" start="2025-04-14T12:16:52.193101" elapsed="0.000000"/>
</kw>
<kw name="Sleep" owner="BuiltIn">
<arg>2s</arg>
<doc>Pauses the test executed for the given time.</doc>
<status status="NOT RUN" start="2025-04-14T12:16:52.194102" elapsed="0.000000"/>
</kw>
<kw name="Open Folder" owner="utilities">
<arg>Select the installation/location path from where you want to migrate your existing configuration values and data. The selected folder should contain the DocumentBurster.exe/ReportBurster.exe file</arg>
<arg>${PROJECT_PATH}/frontend/reporting/testground/upgrade/baseline/DocumentBurster</arg>
<status status="NOT RUN" start="2025-04-14T12:16:52.194102" elapsed="0.000000"/>
</kw>
<kw name="Sleep" owner="BuiltIn">
<arg>1s</arg>
<doc>Pauses the test executed for the given time.</doc>
<status status="NOT RUN" start="2025-04-14T12:16:52.194102" elapsed="0.000000"/>
</kw>
<kw name="Wait Until Page Contains Element" owner="SeleniumLibrary">
<arg>id=btnMigrate</arg>
<doc>Waits until the element ``locator`` appears on the current page.</doc>
<status status="NOT RUN" start="2025-04-14T12:16:52.195101" elapsed="0.000000"/>
</kw>
<kw name="Wait Until Page Contains Element" owner="SeleniumLibrary">
<arg>xpath=//ol/li[contains(.//text(), 'baseline')]</arg>
<doc>Waits until the element ``locator`` appears on the current page.</doc>
<status status="NOT RUN" start="2025-04-14T12:16:52.195101" elapsed="0.000000"/>
</kw>
<kw name="Wait Until Page Contains Element" owner="SeleniumLibrary">
<arg>xpath=//ol/li[contains(.//text(), 'DocumentBurster/config/burst/settings.xml')]</arg>
<doc>Waits until the element ``locator`` appears on the current page.</doc>
<status status="NOT RUN" start="2025-04-14T12:16:52.196102" elapsed="0.000000"/>
</kw>
<kw name="Wait Until Page Contains Element" owner="SeleniumLibrary">
<arg>xpath=//ol/li[contains(.//text(), 'connections/eml-contact.xml')]</arg>
<doc>Waits until the element ``locator`` appears on the current page.</doc>
<status status="NOT RUN" start="2025-04-14T12:16:52.196102" elapsed="0.000000"/>
</kw>
<kw name="Wait Until Page Contains Element" owner="SeleniumLibrary">
<arg>xpath=//ol/li[contains(.//text(), 'reports/custom-10-2-0/reporting.xml')]</arg>
<doc>Waits until the element ``locator`` appears on the current page.</doc>
<status status="NOT RUN" start="2025-04-14T12:16:52.196102" elapsed="0.000000"/>
</kw>
<kw name="Wait Until Page Contains Element" owner="SeleniumLibrary">
<arg>xpath=//ol/li[contains(.//text(), 'reports/custom-10-2-0/settings.xml')]</arg>
<doc>Waits until the element ``locator`` appears on the current page.</doc>
<status status="NOT RUN" start="2025-04-14T12:16:52.197101" elapsed="0.000000"/>
</kw>
<kw name="Wait Until Page Contains Element" owner="SeleniumLibrary">
<arg>xpath=//ol/li[contains(.//text(), 'reports/custom-9-1-5/reporting.xml')]</arg>
<doc>Waits until the element ``locator`` appears on the current page.</doc>
<status status="NOT RUN" start="2025-04-14T12:16:52.197101" elapsed="0.000000"/>
</kw>
<kw name="Wait Until Page Contains Element" owner="SeleniumLibrary">
<arg>xpath=//ol/li[contains(.//text(), 'reports/custom-9-1-5/settings.xml')]</arg>
<doc>Waits until the element ``locator`` appears on the current page.</doc>
<status status="NOT RUN" start="2025-04-14T12:16:52.197101" elapsed="0.000000"/>
</kw>
<kw name="Wait Until Page Contains Element" owner="SeleniumLibrary">
<arg>xpath=//ol/li[contains(.//text(), 'reports/my-reports-1020/reporting.xml')]</arg>
<doc>Waits until the element ``locator`` appears on the current page.</doc>
<status status="NOT RUN" start="2025-04-14T12:16:52.198101" elapsed="0.000000"/>
</kw>
<kw name="Wait Until Page Contains Element" owner="SeleniumLibrary">
<arg>xpath=//ol/li[contains(.//text(), 'reports/my-reports-1020/settings.xml')]</arg>
<doc>Waits until the element ``locator`` appears on the current page.</doc>
<status status="NOT RUN" start="2025-04-14T12:16:52.198101" elapsed="0.000000"/>
</kw>
<kw name="Wait Until Page Contains Element" owner="SeleniumLibrary">
<arg>xpath=//ol/li[contains(.//text(), 'reports/my-reports-915/reporting.xml')]</arg>
<doc>Waits until the element ``locator`` appears on the current page.</doc>
<status status="NOT RUN" start="2025-04-14T12:16:52.198101" elapsed="0.000000"/>
</kw>
<kw name="Wait Until Page Contains Element" owner="SeleniumLibrary">
<arg>xpath=//ol/li[contains(.//text(), 'reports/my-reports-915/settings.xml')]</arg>
<doc>Waits until the element ``locator`` appears on the current page.</doc>
<status status="NOT RUN" start="2025-04-14T12:16:52.201102" elapsed="0.000000"/>
</kw>
<kw name="Sleep" owner="BuiltIn">
<arg>1s</arg>
<doc>Pauses the test executed for the given time.</doc>
<status status="NOT RUN" start="2025-04-14T12:16:52.202103" elapsed="0.000000"/>
</kw>
<kw name="Click Button" owner="SeleniumLibrary">
<arg>id=btnMigrate</arg>
<doc>Clicks the button identified by ``locator``.</doc>
<status status="NOT RUN" start="2025-04-14T12:16:52.203105" elapsed="0.000000"/>
</kw>
<kw name="Wait Until Page Contains Element" owner="SeleniumLibrary">
<arg>css=.dburst-button-question-decline</arg>
<doc>Waits until the element ``locator`` appears on the current page.</doc>
<status status="NOT RUN" start="2025-04-14T12:16:52.203105" elapsed="0.000000"/>
</kw>
<kw name="Sleep" owner="BuiltIn">
<arg>1s</arg>
<doc>Pauses the test executed for the given time.</doc>
<status status="NOT RUN" start="2025-04-14T12:16:52.204102" elapsed="0.000000"/>
</kw>
<kw name="Click Button" owner="SeleniumLibrary">
<arg>css=.dburst-button-question-decline</arg>
<doc>Clicks the button identified by ``locator``.</doc>
<status status="NOT RUN" start="2025-04-14T12:16:52.204102" elapsed="0.000000"/>
</kw>
<kw name="Click Button" owner="SeleniumLibrary">
<arg>id=btnMigrate</arg>
<doc>Clicks the button identified by ``locator``.</doc>
<status status="NOT RUN" start="2025-04-14T12:16:52.205101" elapsed="0.000000"/>
</kw>
<kw name="Wait Until Page Contains Element" owner="SeleniumLibrary">
<arg>css=.dburst-button-question-confirm</arg>
<doc>Waits until the element ``locator`` appears on the current page.</doc>
<status status="NOT RUN" start="2025-04-14T12:16:52.206102" elapsed="0.000000"/>
</kw>
<kw name="Sleep" owner="BuiltIn">
<arg>1s</arg>
<doc>Pauses the test executed for the given time.</doc>
<status status="NOT RUN" start="2025-04-14T12:16:52.206102" elapsed="0.000000"/>
</kw>
<kw name="Click Button" owner="SeleniumLibrary">
<arg>css=.dburst-button-question-confirm</arg>
<doc>Clicks the button identified by ``locator``.</doc>
<status status="NOT RUN" start="2025-04-14T12:16:52.207102" elapsed="0.000000"/>
</kw>
<kw name="Wait Until Page Does Not Contain Element" owner="SeleniumLibrary">
<arg>id=btnMigrate</arg>
<doc>Waits until the element ``locator`` disappears from the current page.</doc>
<status status="NOT RUN" start="2025-04-14T12:16:52.207102" elapsed="0.000000"/>
</kw>
<kw name="Wait Until Page Contains Element" owner="SeleniumLibrary">
<arg>id=workingOn</arg>
<arg>50</arg>
<doc>Waits until the element ``locator`` appears on the current page.</doc>
<status status="NOT RUN" start="2025-04-14T12:16:52.207102" elapsed="0.000000"/>
</kw>
<kw name="Wait Until Page Does Not Contain Element" owner="SeleniumLibrary">
<arg>id=workingOn</arg>
<doc>Waits until the element ``locator`` disappears from the current page.</doc>
<status status="NOT RUN" start="2025-04-14T12:16:52.208102" elapsed="0.000000"/>
</kw>
<kw name="Wait Until Page Contains Element" owner="SeleniumLibrary">
<arg>id=noJobsRunning</arg>
<doc>Waits until the element ``locator`` appears on the current page.</doc>
<status status="NOT RUN" start="2025-04-14T12:16:52.208102" elapsed="0.000000"/>
</kw>
<kw name="Page Should Contain Element" owner="SeleniumLibrary">
<arg>id=btnGreatNoErrorsNoWarnings</arg>
<doc>Verifies that element ``locator`` is found on the current page.</doc>
<status status="NOT RUN" start="2025-04-14T12:16:52.208102" elapsed="0.001000"/>
</kw>
<kw name="Sleep" owner="BuiltIn">
<arg>1s</arg>
<doc>Pauses the test executed for the given time.</doc>
<status status="NOT RUN" start="2025-04-14T12:16:52.209102" elapsed="0.000000"/>
</kw>
<kw name="Assert Configuration Files Were Migrated Correctly" owner="utilities">
<status status="NOT RUN" start="2025-04-14T12:16:52.209102" elapsed="0.000000"/>
</kw>
<kw name="Sleep" owner="BuiltIn">
<arg>1s</arg>
<doc>Pauses the test executed for the given time.</doc>
<status status="NOT RUN" start="2025-04-14T12:16:52.210112" elapsed="0.000000"/>
</kw>
<kw name="Ensure Java Is Not Installed" owner="utilities">
<status status="NOT RUN" start="2025-04-14T12:16:52.210112" elapsed="0.000000"/>
</kw>
<kw name="Sleep" owner="BuiltIn">
<arg>1s</arg>
<doc>Pauses the test executed for the given time.</doc>
<status status="NOT RUN" start="2025-04-14T12:16:52.211102" elapsed="0.000000"/>
</kw>
<kw name="Close Electron Application">
<doc>Kills the Electron application process</doc>
<status status="NOT RUN" start="2025-04-14T12:16:52.211102" elapsed="0.000000"/>
</kw>
<kw name="Kill Reportburster Exe Process" owner="utilities" type="TEARDOWN">
<msg time="2025-04-14T12:16:52.212102" level="TRACE">Arguments: [  ]</msg>
<msg time="2025-04-14T12:16:52.213103" level="INFO">Log file path: C:\Projects\all-repos\src\prd\rb\asbl\target/uat/rb/ReportBurster\logs\electron.log
No process found with PID: 33280</msg>
<msg time="2025-04-14T12:16:52.213103" level="TRACE">Return: None</msg>
<status status="PASS" start="2025-04-14T12:16:52.212102" elapsed="0.001001"/>
</kw>
<doc>Let me manualy Update Should Work Fine</doc>
<status status="FAIL" start="2025-04-14T12:16:43.278712" elapsed="8.934391">PermissionError: [WinError 32] The process cannot access the file because it is being used by another process: 'C:\\Projects\\all-repos\\src\\prd\\rb\\asbl\\target/uat/rb/ReportBurster-letmeupdate\\lib\\server\\rb-server.jar'
[RETRY] FAIL on 3. retry.</status>
</test>
<status status="FAIL" start="2025-04-14T11:39:53.425611" elapsed="2218.789491"/>
</suite>
<status status="FAIL" start="2025-04-14T11:20:09.057078" elapsed="3403.160024"/>
</suite>
<statistics>
<total>
<stat pass="8" fail="2" skip="0">All Tests</stat>
</total>
<tag>
</tag>
<suite>
<stat name="Tests" id="s1" pass="8" fail="2" skip="0">Tests</stat>
<stat name="Different-Java-Versions" id="s1-s1" pass="2" fail="0" skip="0">Tests.Different-Java-Versions</stat>
<stat name="ReportBurster-Server.robot" id="s1-s2" pass="2" fail="0" skip="0">Tests.ReportBurster-Server.robot</stat>
<stat name="Reportburster.Bat" id="s1-s3" pass="1" fail="0" skip="0">Tests.Reportburster.Bat</stat>
<stat name="ReportBurster.exe-prerequisites" id="s1-s4" pass="3" fail="0" skip="0">Tests.ReportBurster.exe-prerequisites</stat>
<stat name="ReportBurster.exe-quickstart" id="s1-s5" pass="0" fail="1" skip="0">Tests.ReportBurster.exe-quickstart</stat>
<stat name="ReportBurster.exe-update" id="s1-s6" pass="0" fail="1" skip="0">Tests.ReportBurster.exe-update</stat>
</suite>
</statistics>
<errors>
<msg time="2025-04-14T11:22:28.779671" level="WARN">Retrying (RetryAdapter(total=2, connect=None, read=None, redirect=None, status=None)) after connection broken by 'NewConnectionError('&lt;urllib3.connection.HTTPConnection object at 0x000001E97DEE41D0&gt;: Failed to establish a new connection: [WinError 10061] No connection could be made because the target machine actively refused it')': /</msg>
<msg time="2025-04-14T11:22:33.020359" level="WARN">Retrying (RetryAdapter(total=1, connect=None, read=None, redirect=None, status=None)) after connection broken by 'NewConnectionError('&lt;urllib3.connection.HTTPConnection object at 0x000001E9650DFB90&gt;: Failed to establish a new connection: [WinError 10061] No connection could be made because the target machine actively refused it')': /</msg>
<msg time="2025-04-14T11:22:37.497963" level="WARN">Retrying (RetryAdapter(total=0, connect=None, read=None, redirect=None, status=None)) after connection broken by 'NewConnectionError('&lt;urllib3.connection.HTTPConnection object at 0x000001E97EA605C0&gt;: Failed to establish a new connection: [WinError 10061] No connection could be made because the target machine actively refused it')': /</msg>
<msg time="2025-04-14T11:23:02.755814" level="WARN">Retrying (RetryAdapter(total=2, connect=None, read=None, redirect=None, status=None)) after connection broken by 'NewConnectionError('&lt;urllib3.connection.HTTPConnection object at 0x000001E97EA800B0&gt;: Failed to establish a new connection: [WinError 10061] No connection could be made because the target machine actively refused it')': /</msg>
<msg time="2025-04-14T11:23:07.033658" level="WARN">Retrying (RetryAdapter(total=1, connect=None, read=None, redirect=None, status=None)) after connection broken by 'NewConnectionError('&lt;urllib3.connection.HTTPConnection object at 0x000001E97EA80470&gt;: Failed to establish a new connection: [WinError 10061] No connection could be made because the target machine actively refused it')': /</msg>
<msg time="2025-04-14T11:23:11.514422" level="WARN">Retrying (RetryAdapter(total=0, connect=None, read=None, redirect=None, status=None)) after connection broken by 'NewConnectionError('&lt;urllib3.connection.HTTPConnection object at 0x000001E97EA627B0&gt;: Failed to establish a new connection: [WinError 10061] No connection could be made because the target machine actively refused it')': /</msg>
<msg time="2025-04-14T11:24:12.013356" level="WARN">Retrying (RetryAdapter(total=2, connect=None, read=None, redirect=None, status=None)) after connection broken by 'NewConnectionError('&lt;urllib3.connection.HTTPConnection object at 0x000001E97EB185F0&gt;: Failed to establish a new connection: [WinError 10061] No connection could be made because the target machine actively refused it')': /</msg>
<msg time="2025-04-14T11:24:16.271455" level="WARN">Retrying (RetryAdapter(total=1, connect=None, read=None, redirect=None, status=None)) after connection broken by 'NewConnectionError('&lt;urllib3.connection.HTTPConnection object at 0x000001E97EB18710&gt;: Failed to establish a new connection: [WinError 10061] No connection could be made because the target machine actively refused it')': /</msg>
<msg time="2025-04-14T11:24:20.733005" level="WARN">Retrying (RetryAdapter(total=0, connect=None, read=None, redirect=None, status=None)) after connection broken by 'NewConnectionError('&lt;urllib3.connection.HTTPConnection object at 0x000001E97EA62F90&gt;: Failed to establish a new connection: [WinError 10061] No connection could be made because the target machine actively refused it')': /</msg>
<msg time="2025-04-14T11:24:38.954248" level="WARN">Retrying (RetryAdapter(total=2, connect=None, read=None, redirect=None, status=None)) after connection broken by 'ConnectionResetError(10054, 'An existing connection was forcibly closed by the remote host', None, 10054, None)': /</msg>
<msg time="2025-04-14T11:24:43.224812" level="WARN">Retrying (RetryAdapter(total=1, connect=None, read=None, redirect=None, status=None)) after connection broken by 'NewConnectionError('&lt;urllib3.connection.HTTPConnection object at 0x000001E97EA81970&gt;: Failed to establish a new connection: [WinError 10061] No connection could be made because the target machine actively refused it')': /</msg>
<msg time="2025-04-14T11:24:47.689997" level="WARN">Retrying (RetryAdapter(total=0, connect=None, read=None, redirect=None, status=None)) after connection broken by 'NewConnectionError('&lt;urllib3.connection.HTTPConnection object at 0x000001E97EB30E60&gt;: Failed to establish a new connection: [WinError 10061] No connection could be made because the target machine actively refused it')': /</msg>
<msg time="2025-04-14T11:38:18.266500" level="WARN" html="true">Test '&lt;a onclick="makeElementVisible('s1-s5-t1')" href="#s1-s5-t1" title="Link to details"&gt;Quickstart Payslips.pdf Should Work Fine&lt;/a&gt;' has been retried 3 times (max: 3).</msg>
<msg time="2025-04-14T11:39:53.367554" level="WARN">Keyword 'Capture Page Screenshot' could not be run on failure: Message: timeout: Timed out receiving message from renderer: 10.000
  (Session info: chrome=106.0.5249.103)
Stacktrace:
Backtrace:
	Cr_z_deflate [0x00007FF74F9EC872+125282]
	Ordinal0 [0x00007FF74F94B9D2+2210258]
	Ordinal0 [0x00007FF74F8134EB+931051]
	Ordinal0 [0x00007FF74F8048CD+870605]
	Ordinal0 [0x00007FF74F80479E+870302]
	Ordinal0 [0x00007FF74F8035CF+865743]
	Ordinal0 [0x00007FF74F803E1E+867870]
	Ordinal0 [0x00007FF74F81AD7C+961916]
	Ordinal0 [0x00007FF74F880EEE+1380078]
	Ordinal0 [0x00007FF74F86028A+1245834]
	Ordinal0 [0x00007FF74F873D3E+1326398]
	Ordinal0 [0x00007FF74F8600A3+1245347]
	Ordinal0 [0x00007FF74F83B8A8+1095848]
	Ordinal0 [0x00007FF74F83C89F+1099935]
	Cr_z_crc32_z [0x00007FF74FD70508+593320]
	Cr_z_crc32_z [0x00007FF74FD63415+539829]
	GetHandleVerifier [0x00007FF74FAB8D1C+756956]
	GetHandleVerifier [0x00007FF74FAB7863+751651]
	Ordinal0 [0x00007FF74F955CDD+2251997]
	Ordinal0 [0x00007FF74F95BFD4+2277332]
	Ordinal0 [0x00007FF74F95C105+2277637]
	Ordinal0 [0x00007FF74F9682BD+2327229]
	BaseThreadInitThunk [0x00007FFF76B07374+20]
	RtlUserThreadStart [0x00007FFF77D1CC91+33]
</msg>
<msg time="2025-04-14T12:16:43.278712" level="WARN" html="true">Test '&lt;a onclick="makeElementVisible('s1-s6-t1')" href="#s1-s6-t1" title="Link to details"&gt;Let me manualy Update Should Work Fine&lt;/a&gt;' has been retried 3 times (max: 3).</msg>
</errors>
</robot>
