<?xml version="1.0" encoding="UTF-8"?>
<robot generator="Robot 7.1.1 (Python 3.12.6 on win32)" generated="2025-01-28T00:05:23.835360" rpa="false" schemaversion="5">
<suite id="s1" name="Tests" source="C:\Projects\all-repos\src\prd\rb\asbl\src\uat\tests">
<suite id="s1-s1" name="ReportBurster.exe-prerequisites" source="C:\Projects\all-repos\src\prd\rb\asbl\src\uat\tests\ReportBurster.exe-prerequisites.robot">
<test id="s1-s1-t1" name="Prerequisites Java 8 Installed Should Let The User Know That At Least Java 11 Is Required" line="11">
<kw name="Clean State" type="SETUP">
<msg time="2025-01-28T00:05:25.146641" level="TRACE">Arguments: [  ]</msg>
<kw name="Clean Output Folders And Log Files" owner="utilities">
<msg time="2025-01-28T00:05:25.147618" level="TRACE">Arguments: [  ]</msg>
<msg time="2025-01-28T00:05:25.149733" level="TRACE">Return: None</msg>
<status status="PASS" start="2025-01-28T00:05:25.147618" elapsed="0.002115"/>
</kw>
<kw name="Close ReportBurster Application">
<msg time="2025-01-28T00:05:25.149733" level="TRACE">Arguments: [  ]</msg>
<kw name="Kill Reportburster Exe Process" owner="utilities">
<msg time="2025-01-28T00:05:25.149733" level="TRACE">Arguments: [  ]</msg>
<msg time="2025-01-28T00:05:25.151084" level="INFO">Log file path: C:\Projects\all-repos\src\prd\rb\asbl\target/uat/rb/ReportBurster\logs\electron.log
No process found with PID: 16552</msg>
<msg time="2025-01-28T00:05:25.151084" level="TRACE">Return: None</msg>
<status status="PASS" start="2025-01-28T00:05:25.149733" elapsed="0.001351"/>
</kw>
<msg time="2025-01-28T00:05:25.151084" level="TRACE">Return: None</msg>
<doc>Close ReportBurster Application</doc>
<status status="PASS" start="2025-01-28T00:05:25.149733" elapsed="0.001351"/>
</kw>
<msg time="2025-01-28T00:05:25.151084" level="TRACE">Return: None</msg>
<doc>Clean Output Folders and Log Files</doc>
<status status="PASS" start="2025-01-28T00:05:25.146641" elapsed="0.005125"/>
</kw>
<kw name="Ensure Chocolatey Is Installed" owner="utilities">
<msg time="2025-01-28T00:05:25.151766" level="TRACE">Arguments: [  ]</msg>
<msg time="2025-01-28T00:05:26.770466" level="INFO">Output of 'choco -v': 2.4.1

Chocolatey is already installed.</msg>
<msg time="2025-01-28T00:05:26.770466" level="TRACE">Return: None</msg>
<status status="PASS" start="2025-01-28T00:05:25.151766" elapsed="1.618700"/>
</kw>
<kw name="Ensure Java Is Installed" owner="utilities">
<msg time="2025-01-28T00:05:26.771416" level="TRACE">Arguments: [ version='8' ]</msg>
<msg time="2025-01-28T00:05:53.407189" level="INFO">Java is not installed. Installing now...
Output of 'choco -v': 2.4.1

Chocolatey is already installed.
Java 8 has been installed.</msg>
<msg time="2025-01-28T00:05:53.407189" level="TRACE">Return: None</msg>
<arg>version=8</arg>
<status status="PASS" start="2025-01-28T00:05:26.770466" elapsed="26.637436"/>
</kw>
<kw name="Sleep" owner="BuiltIn">
<msg time="2025-01-28T00:05:53.408876" level="TRACE">Arguments: [ '1s' ]</msg>
<msg time="2025-01-28T00:05:54.409056" level="INFO">Slept 1 second.</msg>
<msg time="2025-01-28T00:05:54.409056" level="TRACE">Return: None</msg>
<arg>1s</arg>
<doc>Pauses the test executed for the given time.</doc>
<status status="PASS" start="2025-01-28T00:05:53.408876" elapsed="1.000180"/>
</kw>
<kw name="Refresh Env Variables" owner="utilities">
<msg time="2025-01-28T00:05:54.410696" level="TRACE">Arguments: [  ]</msg>
<msg time="2025-01-28T00:05:55.636629" level="TRACE">Return: None</msg>
<status status="PASS" start="2025-01-28T00:05:54.410696" elapsed="1.225933"/>
</kw>
<kw name="Sleep" owner="BuiltIn">
<msg time="2025-01-28T00:05:55.637463" level="TRACE">Arguments: [ '1s' ]</msg>
<msg time="2025-01-28T00:05:56.638076" level="INFO">Slept 1 second.</msg>
<msg time="2025-01-28T00:05:56.638076" level="TRACE">Return: None</msg>
<arg>1s</arg>
<doc>Pauses the test executed for the given time.</doc>
<status status="PASS" start="2025-01-28T00:05:55.637463" elapsed="1.000613"/>
</kw>
<kw name="Open Electron Application">
<msg time="2025-01-28T00:05:56.642105" level="TRACE">Arguments: [  ]</msg>
<kw name="Set Variable" owner="BuiltIn">
<msg time="2025-01-28T00:05:56.646106" level="TRACE">Arguments: [ 'cmd /c "where /q refreshenv &amp;&amp; (call refreshenv &amp;&amp; start C:\\Projects\\all-repos\\src\\prd\\rb\\asbl\\target/uat/rb/ReportBurster\\ReportBurster.exe --remote-debugging-port=9222) || start C:\\Projects\\all-repos\\src\\prd\\rb\\asbl\\target/uat/rb/ReportBurster\\ReportBurster.exe --remote-debugging-port=9222"' ]</msg>
<msg time="2025-01-28T00:05:56.647106" level="TRACE">Return: 'cmd /c "where /q refreshenv &amp;&amp; (call refreshenv &amp;&amp; start C:\\Projects\\all-repos\\src\\prd\\rb\\asbl\\target/uat/rb/ReportBurster\\ReportBurster.exe --remote-debugging-port=9222) || start C:\\Projects\\all-repos\\src\\prd\\rb\\asbl\\target/uat/rb/ReportBurster\\ReportBurster.exe --remote-debugging-port=9222"'</msg>
<msg time="2025-01-28T00:05:56.647106" level="INFO">${electron_command} = cmd /c "where /q refreshenv &amp;&amp; (call refreshenv &amp;&amp; start C:\Projects\all-repos\src\prd\rb\asbl\target/uat/rb/ReportBurster\ReportBurster.exe --remote-debugging-port=9222) || start C:\Projects\all-repo...</msg>
<var>${electron_command}</var>
<arg>cmd /c "where /q refreshenv &amp;&amp; (call refreshenv &amp;&amp; start ${signal_electron.binary_location} --remote-debugging-port=9222) || start ${signal_electron.binary_location} --remote-debugging-port=9222"</arg>
<doc>Returns the given values which can then be assigned to a variables.</doc>
<status status="PASS" start="2025-01-28T00:05:56.642802" elapsed="0.004304"/>
</kw>
<kw name="Get Parent Directory" owner="utilities">
<msg time="2025-01-28T00:05:56.649106" level="TRACE">Arguments: [ 'C:\\Projects\\all-repos\\src\\prd\\rb\\asbl\\target/uat/rb/ReportBurster\\ReportBurster.exe' ]</msg>
<msg time="2025-01-28T00:05:56.649106" level="TRACE">Return: 'C:\\Projects\\all-repos\\src\\prd\\rb\\asbl\\target/uat/rb/ReportBurster'</msg>
<msg time="2025-01-28T00:05:56.650108" level="INFO">${working_dir} = C:\Projects\all-repos\src\prd\rb\asbl\target/uat/rb/ReportBurster</msg>
<var>${working_dir}</var>
<arg>${signal_electron.binary_location}</arg>
<status status="PASS" start="2025-01-28T00:05:56.648105" elapsed="0.002003"/>
</kw>
<kw name="Start Process" owner="Process">
<msg time="2025-01-28T00:05:56.651108" level="TRACE">Arguments: [ 'cmd /c "where /q refreshenv &amp;&amp; (call refreshenv &amp;&amp; start C:\\Projects\\all-repos\\src\\prd\\rb\\asbl\\target/uat/rb/ReportBurster\\ReportBurster.exe --remote-debugging-port=9222) || start C:\\Projects\\all-repos\\src\\prd\\rb\\asbl\\target/uat/rb/ReportBurster\\ReportBurster.exe --remote-debugging-port=9222"' | cwd='C:\\Projects\\all-repos\\src\\prd\\rb\\asbl\\target/uat/rb/ReportBurster' | shell='True' ]</msg>
<msg time="2025-01-28T00:05:56.651108" level="INFO">Starting process:
cmd /c "where /q refreshenv &amp;&amp; (call refreshenv &amp;&amp; start C:\Projects\all-repos\src\prd\rb\asbl\target/uat/rb/ReportBurster\ReportBurster.exe --remote-debugging-port=9222) || start C:\Projects\all-repos\src\prd\rb\asbl\target/uat/rb/ReportBurster\ReportBurster.exe --remote-debugging-port=9222"</msg>
<msg time="2025-01-28T00:05:56.651108" level="DEBUG">Process configuration:
cwd:     C:\Projects\all-repos\src\prd\rb\asbl\target\uat\rb\ReportBurster
shell:   True
stdout:  PIPE
stderr:  PIPE
stdin:   None
alias:   None
env:     None</msg>
<msg time="2025-01-28T00:05:56.675063" level="TRACE">Return: &lt;Popen: returncode: None args: 'cmd /c "where /q refreshenv &amp;&amp; (call refresh...&gt;</msg>
<arg>${electron_command}</arg>
<arg>cwd=${working_dir}</arg>
<arg>shell=True</arg>
<doc>Starts a new process on background.</doc>
<status status="PASS" start="2025-01-28T00:05:56.650108" elapsed="0.025954"/>
</kw>
<kw name="Sleep" owner="BuiltIn">
<msg time="2025-01-28T00:05:56.677121" level="TRACE">Arguments: [ '1s' ]</msg>
<msg time="2025-01-28T00:05:57.677380" level="INFO">Slept 1 second.</msg>
<msg time="2025-01-28T00:05:57.677380" level="TRACE">Return: None</msg>
<arg>1s</arg>
<doc>Pauses the test executed for the given time.</doc>
<status status="PASS" start="2025-01-28T00:05:56.676062" elapsed="1.001318"/>
</kw>
<kw name="Evaluate" owner="BuiltIn">
<msg time="2025-01-28T00:05:57.678377" level="TRACE">Arguments: [ "sys.modules['selenium.webdriver'].ChromeOptions()" | 'sys, selenium.webdriver' ]</msg>
<msg time="2025-01-28T00:05:57.679378" level="TRACE">Return: &lt;selenium.webdriver.chrome.options.Options object at 0x000001BFD96FBF80&gt;</msg>
<msg time="2025-01-28T00:05:57.679378" level="INFO">${options} = &lt;selenium.webdriver.chrome.options.Options object at 0x000001BFD96FBF80&gt;</msg>
<var>${options}</var>
<arg>sys.modules['selenium.webdriver'].ChromeOptions()</arg>
<arg>sys, selenium.webdriver</arg>
<doc>Evaluates the given expression in Python and returns the result.</doc>
<status status="PASS" start="2025-01-28T00:05:57.678377" elapsed="0.001001"/>
</kw>
<kw name="Call Method" owner="BuiltIn">
<msg time="2025-01-28T00:05:57.680378" level="TRACE">Arguments: [ &lt;selenium.webdriver.chrome.options.Options object at 0x000001BFD96FBF80&gt; | 'add_experimental_option' | 'debuggerAddress' | 'localhost:9222' ]</msg>
<msg time="2025-01-28T00:05:57.680378" level="TRACE">Return: None</msg>
<arg>${options}</arg>
<arg>add_experimental_option</arg>
<arg>debuggerAddress</arg>
<arg>localhost:9222</arg>
<doc>Calls the named method of the given object with the provided arguments.</doc>
<status status="PASS" start="2025-01-28T00:05:57.680378" elapsed="0.001003"/>
</kw>
<kw name="Create Webdriver" owner="SeleniumLibrary">
<msg time="2025-01-28T00:05:57.682380" level="TRACE">Arguments: [ 'Chrome' | service=&lt;selenium.webdriver.chrome.service.Service object at 0x000001BFD840B560&gt; | options=&lt;selenium.webdriver.chrome.options.Options object at 0x000001BFD96FBF80&gt; ]</msg>
<msg time="2025-01-28T00:05:57.682380" level="INFO">Creating an instance of the Chrome WebDriver.</msg>
<msg time="2025-01-28T00:05:57.683380" level="DEBUG">Skipping Selenium Manager; path to chrome driver specified in Service class: C:\Projects\all-repos\src\prd\rb\frontend/reporting/node_modules/electron-chromedriver/bin/chromedriver.exe</msg>
<msg time="2025-01-28T00:05:57.696382" level="DEBUG">Started executable: `C:\Projects\all-repos\src\prd\rb\frontend/reporting/node_modules/electron-chromedriver/bin/chromedriver.exe` in a child process with pid: 30564 using 0 to output -3</msg>
<msg time="2025-01-28T00:05:58.227541" level="DEBUG">POST http://localhost:51810/session {'capabilities': {'firstMatch': [{}], 'alwaysMatch': {'browserName': 'chrome', 'pageLoadStrategy': &lt;PageLoadStrategy.normal: 'normal'&gt;, 'goog:chromeOptions': {'debuggerAddress': 'localhost:9222', 'extensions': [], 'args': []}}}}</msg>
<msg time="2025-01-28T00:05:58.229500" level="DEBUG">Starting new HTTP connection (1): localhost:51810</msg>
<msg time="2025-01-28T00:06:36.389205" level="DEBUG">http://localhost:51810 "POST /session HTTP/1.1" 200 0</msg>
<msg time="2025-01-28T00:06:36.390247" level="DEBUG">Remote response: status=200 | data={"value":{"capabilities":{"acceptInsecureCerts":false,"browserName":"chrome","browserVersion":"106.0.5249.103","chrome":{"chromedriverVersion":"106.0.5249.51 (916bca209b16f8c0d4fac47d332c637cf07f2016-refs/heads/main@{#1037919})"},"goog:chromeOptions":{"debuggerAddress":"localhost:9222"},"pageLoadStrategy":"normal","platformName":"","proxy":{},"setWindowRect":false,"strictFileInteractability":false,"timeouts":{"implicit":0,"pageLoad":300000,"script":30000},"unhandledPromptBehavior":"dismiss and notify","webauthn:extension:credBlob":true,"webauthn:extension:largeBlob":true,"webauthn:virtualAuthenticators":true},"sessionId":"c5f585c55a8cf6a1778f48672017c467"}} | headers=HTTPHeaderDict({'Content-Length': '665', 'Content-Type': 'application/json; charset=utf-8', 'cache-control': 'no-cache'})</msg>
<msg time="2025-01-28T00:06:36.390247" level="DEBUG">Finished Request</msg>
<msg time="2025-01-28T00:06:36.391214" level="DEBUG">Created Chrome WebDriver instance with session id c5f585c55a8cf6a1778f48672017c467.</msg>
<msg time="2025-01-28T00:06:36.391390" level="TRACE">Return: 1</msg>
<arg>Chrome</arg>
<arg>service=${signal_service}</arg>
<arg>options=${options}</arg>
<doc>Creates an instance of Selenium WebDriver.</doc>
<status status="PASS" start="2025-01-28T00:05:57.681381" elapsed="38.710009"/>
</kw>
<msg time="2025-01-28T00:06:36.391390" level="TRACE">Return: None</msg>
<doc>Open's your electron application by providing browser binary via
C:\Projects\all-repos\src\prd\rb\asbl\target/uat/rb/ReportBurster\ReportBurster.exe and chromedriver binary via C:\Projects\all-repos\src\prd\rb\frontend/reporting/node_modules/electron-chromedriver/bin/chromedriver.exe
see vars.py for more details.</doc>
<status status="PASS" start="2025-01-28T00:05:56.641105" elapsed="39.751102"/>
</kw>
<kw name="Sleep" owner="BuiltIn">
<msg time="2025-01-28T00:06:36.393213" level="TRACE">Arguments: [ '1s' ]</msg>
<msg time="2025-01-28T00:06:37.393876" level="INFO">Slept 1 second.</msg>
<msg time="2025-01-28T00:06:37.394253" level="TRACE">Return: None</msg>
<arg>1s</arg>
<doc>Pauses the test executed for the given time.</doc>
<status status="PASS" start="2025-01-28T00:06:36.392207" elapsed="1.002046"/>
</kw>
<kw name="Wait Until Page Contains Element" owner="SeleniumLibrary">
<msg time="2025-01-28T00:06:37.396268" level="TRACE">Arguments: [ 'id=burstFile' | timeout=datetime.timedelta(seconds=30) ]</msg>
<msg time="2025-01-28T00:06:37.396917" level="DEBUG">POST http://localhost:51810/session/c5f585c55a8cf6a1778f48672017c467/elements {'using': 'css selector', 'value': '[id="burstFile"]'}</msg>
<msg time="2025-01-28T00:06:37.467080" level="DEBUG">http://localhost:51810 "POST /session/c5f585c55a8cf6a1778f48672017c467/elements HTTP/1.1" 200 0</msg>
<msg time="2025-01-28T00:06:37.468076" level="DEBUG">Remote response: status=200 | data={"value":[{"element-6066-11e4-a52e-4f735466cecf":"fc3b4643-c1e6-461e-b8a8-7407966e434c"}]} | headers=HTTPHeaderDict({'Content-Length': '90', 'Content-Type': 'application/json; charset=utf-8', 'cache-control': 'no-cache'})</msg>
<msg time="2025-01-28T00:06:37.468076" level="DEBUG">Finished Request</msg>
<msg time="2025-01-28T00:06:37.468076" level="TRACE">Return: None</msg>
<arg>id=burstFile</arg>
<arg>timeout=30</arg>
<doc>Waits until the element ``locator`` appears on the current page.</doc>
<status status="PASS" start="2025-01-28T00:06:37.395148" elapsed="0.072928"/>
</kw>
<kw name="Wait Until Page Contains Element" owner="SeleniumLibrary">
<msg time="2025-01-28T00:06:37.470079" level="TRACE">Arguments: [ 'id=javaInstallationOld' | timeout=datetime.timedelta(seconds=30) ]</msg>
<msg time="2025-01-28T00:06:37.470079" level="DEBUG">POST http://localhost:51810/session/c5f585c55a8cf6a1778f48672017c467/elements {'using': 'css selector', 'value': '[id="javaInstallationOld"]'}</msg>
<msg time="2025-01-28T00:06:37.486074" level="DEBUG">http://localhost:51810 "POST /session/c5f585c55a8cf6a1778f48672017c467/elements HTTP/1.1" 200 0</msg>
<msg time="2025-01-28T00:06:37.486074" level="DEBUG">Remote response: status=200 | data={"value":[{"element-6066-11e4-a52e-4f735466cecf":"c1fcd6a4-1b0f-4ec2-8dfa-43f326c52a15"}]} | headers=HTTPHeaderDict({'Content-Length': '90', 'Content-Type': 'application/json; charset=utf-8', 'cache-control': 'no-cache'})</msg>
<msg time="2025-01-28T00:06:37.486074" level="DEBUG">Finished Request</msg>
<msg time="2025-01-28T00:06:37.486074" level="TRACE">Return: None</msg>
<arg>id=javaInstallationOld</arg>
<arg>timeout=30</arg>
<doc>Waits until the element ``locator`` appears on the current page.</doc>
<status status="PASS" start="2025-01-28T00:06:37.470079" elapsed="0.015995"/>
</kw>
<kw name="Sleep" owner="BuiltIn">
<msg time="2025-01-28T00:06:37.487073" level="TRACE">Arguments: [ '1s' ]</msg>
<msg time="2025-01-28T00:06:38.487819" level="INFO">Slept 1 second.</msg>
<msg time="2025-01-28T00:06:38.487819" level="TRACE">Return: None</msg>
<arg>1s</arg>
<doc>Pauses the test executed for the given time.</doc>
<status status="PASS" start="2025-01-28T00:06:37.487073" elapsed="1.001325"/>
</kw>
<kw name="Ensure Java Is Not Installed" owner="utilities">
<msg time="2025-01-28T00:06:38.489426" level="TRACE">Arguments: [  ]</msg>
<msg time="2025-01-28T00:07:58.994447" level="INFO">Chocolatey is installed. (ensure_java_is_not_installed)
Uninstalling maven with Chocolatey...
Uninstalling Temurin11 with Chocolatey...
Uninstalling Temurin8 with Chocolatey...
Java is not installed on this computer.</msg>
<msg time="2025-01-28T00:07:58.994447" level="TRACE">Return: None</msg>
<status status="PASS" start="2025-01-28T00:06:38.489426" elapsed="80.506023"/>
</kw>
<kw name="Close ReportBurster Application">
<msg time="2025-01-28T00:07:58.995449" level="TRACE">Arguments: [  ]</msg>
<kw name="Kill Reportburster Exe Process" owner="utilities">
<msg time="2025-01-28T00:07:58.996447" level="TRACE">Arguments: [  ]</msg>
<msg time="2025-01-28T00:07:58.996447" level="INFO">Log file path: C:\Projects\all-repos\src\prd\rb\asbl\target/uat/rb/ReportBurster\logs\electron.log</msg>
<msg time="2025-01-28T00:07:58.996447" level="TRACE">Return: None</msg>
<status status="PASS" start="2025-01-28T00:07:58.995449" elapsed="0.000998"/>
</kw>
<msg time="2025-01-28T00:07:58.997448" level="TRACE">Return: None</msg>
<doc>Close ReportBurster Application</doc>
<status status="PASS" start="2025-01-28T00:07:58.995449" elapsed="0.001999"/>
</kw>
<kw name="Kill Reportburster Exe Process" owner="utilities" type="TEARDOWN">
<msg time="2025-01-28T00:07:58.998447" level="TRACE">Arguments: [  ]</msg>
<msg time="2025-01-28T00:07:59.019447" level="INFO">Log file path: C:\Projects\all-repos\src\prd\rb\asbl\target/uat/rb/ReportBurster\logs\electron.log</msg>
<msg time="2025-01-28T00:07:59.019447" level="TRACE">Return: None</msg>
<status status="PASS" start="2025-01-28T00:07:58.998447" elapsed="0.021000"/>
</kw>
<doc>Prerequisites Java 8 Installed Should Let The User Know That At Least Java 11 Is Required</doc>
<status status="PASS" start="2025-01-28T00:05:25.144584" elapsed="153.874863"/>
</test>
<test id="s1-s1-t2" name="Prerequisites Chocolatey Is Installed and Java Not Installed Should Allow User To Install Java" line="26">
<kw name="Clean State" type="SETUP">
<msg time="2025-01-28T00:07:59.034863" level="TRACE">Arguments: [  ]</msg>
<kw name="Clean Output Folders And Log Files" owner="utilities">
<msg time="2025-01-28T00:07:59.035864" level="TRACE">Arguments: [  ]</msg>
<msg time="2025-01-28T00:07:59.036865" level="TRACE">Return: None</msg>
<status status="PASS" start="2025-01-28T00:07:59.034863" elapsed="0.002002"/>
</kw>
<kw name="Close ReportBurster Application">
<msg time="2025-01-28T00:07:59.036865" level="TRACE">Arguments: [  ]</msg>
<kw name="Kill Reportburster Exe Process" owner="utilities">
<msg time="2025-01-28T00:07:59.037864" level="TRACE">Arguments: [  ]</msg>
<msg time="2025-01-28T00:07:59.044494" level="INFO">Log file path: C:\Projects\all-repos\src\prd\rb\asbl\target/uat/rb/ReportBurster\logs\electron.log
No process found with PID: 23288</msg>
<msg time="2025-01-28T00:07:59.045494" level="TRACE">Return: None</msg>
<status status="PASS" start="2025-01-28T00:07:59.037864" elapsed="0.007630"/>
</kw>
<msg time="2025-01-28T00:07:59.045494" level="TRACE">Return: None</msg>
<doc>Close ReportBurster Application</doc>
<status status="PASS" start="2025-01-28T00:07:59.036865" elapsed="0.008629"/>
</kw>
<msg time="2025-01-28T00:07:59.045494" level="TRACE">Return: None</msg>
<doc>Clean Output Folders and Log Files</doc>
<status status="PASS" start="2025-01-28T00:07:59.034863" elapsed="0.010631"/>
</kw>
<kw name="Ensure Chocolatey Is Installed" owner="utilities">
<msg time="2025-01-28T00:07:59.046493" level="TRACE">Arguments: [  ]</msg>
<msg time="2025-01-28T00:08:01.071488" level="INFO">Output of 'choco -v': 2.4.1

Chocolatey is already installed.</msg>
<msg time="2025-01-28T00:08:01.072519" level="TRACE">Return: None</msg>
<status status="PASS" start="2025-01-28T00:07:59.045494" elapsed="2.027025"/>
</kw>
<kw name="Ensure Java Is Not Installed" owner="utilities">
<msg time="2025-01-28T00:08:01.073005" level="TRACE">Arguments: [  ]</msg>
<msg time="2025-01-28T00:08:05.070863" level="INFO">Chocolatey is installed. (ensure_java_is_not_installed)
Java is not installed on this computer.</msg>
<msg time="2025-01-28T00:08:05.070863" level="TRACE">Return: None</msg>
<status status="PASS" start="2025-01-28T00:08:01.073005" elapsed="3.997858"/>
</kw>
<kw name="Sleep" owner="BuiltIn">
<msg time="2025-01-28T00:08:05.072091" level="TRACE">Arguments: [ '1s' ]</msg>
<msg time="2025-01-28T00:08:06.072713" level="INFO">Slept 1 second.</msg>
<msg time="2025-01-28T00:08:06.072713" level="TRACE">Return: None</msg>
<arg>1s</arg>
<doc>Pauses the test executed for the given time.</doc>
<status status="PASS" start="2025-01-28T00:08:05.072091" elapsed="1.000622"/>
</kw>
<kw name="Refresh Env Variables" owner="utilities">
<msg time="2025-01-28T00:08:06.074323" level="TRACE">Arguments: [  ]</msg>
<msg time="2025-01-28T00:08:06.979031" level="TRACE">Return: None</msg>
<status status="PASS" start="2025-01-28T00:08:06.074323" elapsed="0.905704"/>
</kw>
<kw name="Sleep" owner="BuiltIn">
<msg time="2025-01-28T00:08:06.981067" level="TRACE">Arguments: [ '1s' ]</msg>
<msg time="2025-01-28T00:08:07.981888" level="INFO">Slept 1 second.</msg>
<msg time="2025-01-28T00:08:07.981888" level="TRACE">Return: None</msg>
<arg>1s</arg>
<doc>Pauses the test executed for the given time.</doc>
<status status="PASS" start="2025-01-28T00:08:06.981067" elapsed="1.000821"/>
</kw>
<kw name="Open Electron Application">
<msg time="2025-01-28T00:08:07.985127" level="TRACE">Arguments: [  ]</msg>
<kw name="Set Variable" owner="BuiltIn">
<msg time="2025-01-28T00:08:07.989167" level="TRACE">Arguments: [ 'cmd /c "where /q refreshenv &amp;&amp; (call refreshenv &amp;&amp; start C:\\Projects\\all-repos\\src\\prd\\rb\\asbl\\target/uat/rb/ReportBurster\\ReportBurster.exe --remote-debugging-port=9222) || start C:\\Projects\\all-repos\\src\\prd\\rb\\asbl\\target/uat/rb/ReportBurster\\ReportBurster.exe --remote-debugging-port=9222"' ]</msg>
<msg time="2025-01-28T00:08:07.990175" level="TRACE">Return: 'cmd /c "where /q refreshenv &amp;&amp; (call refreshenv &amp;&amp; start C:\\Projects\\all-repos\\src\\prd\\rb\\asbl\\target/uat/rb/ReportBurster\\ReportBurster.exe --remote-debugging-port=9222) || start C:\\Projects\\all-repos\\src\\prd\\rb\\asbl\\target/uat/rb/ReportBurster\\ReportBurster.exe --remote-debugging-port=9222"'</msg>
<msg time="2025-01-28T00:08:07.990175" level="INFO">${electron_command} = cmd /c "where /q refreshenv &amp;&amp; (call refreshenv &amp;&amp; start C:\Projects\all-repos\src\prd\rb\asbl\target/uat/rb/ReportBurster\ReportBurster.exe --remote-debugging-port=9222) || start C:\Projects\all-repo...</msg>
<var>${electron_command}</var>
<arg>cmd /c "where /q refreshenv &amp;&amp; (call refreshenv &amp;&amp; start ${signal_electron.binary_location} --remote-debugging-port=9222) || start ${signal_electron.binary_location} --remote-debugging-port=9222"</arg>
<doc>Returns the given values which can then be assigned to a variables.</doc>
<status status="PASS" start="2025-01-28T00:08:07.986173" elapsed="0.004002"/>
</kw>
<kw name="Get Parent Directory" owner="utilities">
<msg time="2025-01-28T00:08:07.992174" level="TRACE">Arguments: [ 'C:\\Projects\\all-repos\\src\\prd\\rb\\asbl\\target/uat/rb/ReportBurster\\ReportBurster.exe' ]</msg>
<msg time="2025-01-28T00:08:07.992174" level="TRACE">Return: 'C:\\Projects\\all-repos\\src\\prd\\rb\\asbl\\target/uat/rb/ReportBurster'</msg>
<msg time="2025-01-28T00:08:07.993174" level="INFO">${working_dir} = C:\Projects\all-repos\src\prd\rb\asbl\target/uat/rb/ReportBurster</msg>
<var>${working_dir}</var>
<arg>${signal_electron.binary_location}</arg>
<status status="PASS" start="2025-01-28T00:08:07.991167" elapsed="0.002007"/>
</kw>
<kw name="Start Process" owner="Process">
<msg time="2025-01-28T00:08:07.994136" level="TRACE">Arguments: [ 'cmd /c "where /q refreshenv &amp;&amp; (call refreshenv &amp;&amp; start C:\\Projects\\all-repos\\src\\prd\\rb\\asbl\\target/uat/rb/ReportBurster\\ReportBurster.exe --remote-debugging-port=9222) || start C:\\Projects\\all-repos\\src\\prd\\rb\\asbl\\target/uat/rb/ReportBurster\\ReportBurster.exe --remote-debugging-port=9222"' | cwd='C:\\Projects\\all-repos\\src\\prd\\rb\\asbl\\target/uat/rb/ReportBurster' | shell='True' ]</msg>
<msg time="2025-01-28T00:08:07.994136" level="INFO">Starting process:
cmd /c "where /q refreshenv &amp;&amp; (call refreshenv &amp;&amp; start C:\Projects\all-repos\src\prd\rb\asbl\target/uat/rb/ReportBurster\ReportBurster.exe --remote-debugging-port=9222) || start C:\Projects\all-repos\src\prd\rb\asbl\target/uat/rb/ReportBurster\ReportBurster.exe --remote-debugging-port=9222"</msg>
<msg time="2025-01-28T00:08:07.995173" level="DEBUG">Process configuration:
cwd:     C:\Projects\all-repos\src\prd\rb\asbl\target\uat\rb\ReportBurster
shell:   True
stdout:  PIPE
stderr:  PIPE
stdin:   None
alias:   None
env:     None</msg>
<msg time="2025-01-28T00:08:08.000177" level="TRACE">Return: &lt;Popen: returncode: None args: 'cmd /c "where /q refreshenv &amp;&amp; (call refresh...&gt;</msg>
<arg>${electron_command}</arg>
<arg>cwd=${working_dir}</arg>
<arg>shell=True</arg>
<doc>Starts a new process on background.</doc>
<status status="PASS" start="2025-01-28T00:08:07.993174" elapsed="0.007003"/>
</kw>
<kw name="Sleep" owner="BuiltIn">
<msg time="2025-01-28T00:08:08.001136" level="TRACE">Arguments: [ '1s' ]</msg>
<msg time="2025-01-28T00:08:09.001391" level="INFO">Slept 1 second.</msg>
<msg time="2025-01-28T00:08:09.001391" level="TRACE">Return: None</msg>
<arg>1s</arg>
<doc>Pauses the test executed for the given time.</doc>
<status status="PASS" start="2025-01-28T00:08:08.001136" elapsed="1.000255"/>
</kw>
<kw name="Evaluate" owner="BuiltIn">
<msg time="2025-01-28T00:08:09.002341" level="TRACE">Arguments: [ "sys.modules['selenium.webdriver'].ChromeOptions()" | 'sys, selenium.webdriver' ]</msg>
<msg time="2025-01-28T00:08:09.003339" level="TRACE">Return: &lt;selenium.webdriver.chrome.options.Options object at 0x000001BFD97330E0&gt;</msg>
<msg time="2025-01-28T00:08:09.003339" level="INFO">${options} = &lt;selenium.webdriver.chrome.options.Options object at 0x000001BFD97330E0&gt;</msg>
<var>${options}</var>
<arg>sys.modules['selenium.webdriver'].ChromeOptions()</arg>
<arg>sys, selenium.webdriver</arg>
<doc>Evaluates the given expression in Python and returns the result.</doc>
<status status="PASS" start="2025-01-28T00:08:09.002341" elapsed="0.000998"/>
</kw>
<kw name="Call Method" owner="BuiltIn">
<msg time="2025-01-28T00:08:09.004342" level="TRACE">Arguments: [ &lt;selenium.webdriver.chrome.options.Options object at 0x000001BFD97330E0&gt; | 'add_experimental_option' | 'debuggerAddress' | 'localhost:9222' ]</msg>
<msg time="2025-01-28T00:08:09.004342" level="TRACE">Return: None</msg>
<arg>${options}</arg>
<arg>add_experimental_option</arg>
<arg>debuggerAddress</arg>
<arg>localhost:9222</arg>
<doc>Calls the named method of the given object with the provided arguments.</doc>
<status status="PASS" start="2025-01-28T00:08:09.004342" elapsed="0.001158"/>
</kw>
<kw name="Create Webdriver" owner="SeleniumLibrary">
<msg time="2025-01-28T00:08:09.006341" level="TRACE">Arguments: [ 'Chrome' | service=&lt;selenium.webdriver.chrome.service.Service object at 0x000001BFD840B560&gt; | options=&lt;selenium.webdriver.chrome.options.Options object at 0x000001BFD97330E0&gt; ]</msg>
<msg time="2025-01-28T00:08:09.007192" level="INFO">Creating an instance of the Chrome WebDriver.</msg>
<msg time="2025-01-28T00:08:09.007338" level="DEBUG">Skipping Selenium Manager; path to chrome driver specified in Service class: C:\Projects\all-repos\src\prd\rb\frontend/reporting/node_modules/electron-chromedriver/bin/chromedriver.exe</msg>
<msg time="2025-01-28T00:08:09.015768" level="DEBUG">Started executable: `C:\Projects\all-repos\src\prd\rb\frontend/reporting/node_modules/electron-chromedriver/bin/chromedriver.exe` in a child process with pid: 2796 using 0 to output -3</msg>
<msg time="2025-01-28T00:08:09.037346" level="DEBUG">POST http://localhost:51810/session {'capabilities': {'firstMatch': [{}], 'alwaysMatch': {'browserName': 'chrome', 'pageLoadStrategy': &lt;PageLoadStrategy.normal: 'normal'&gt;, 'goog:chromeOptions': {'debuggerAddress': 'localhost:9222', 'extensions': [], 'args': []}}}}</msg>
<msg time="2025-01-28T00:08:09.038347" level="DEBUG">Starting new HTTP connection (1): localhost:51810</msg>
<msg time="2025-01-28T00:08:40.810122" level="DEBUG">http://localhost:51810 "POST /session HTTP/1.1" 200 0</msg>
<msg time="2025-01-28T00:08:40.811123" level="DEBUG">Remote response: status=200 | data={"value":{"capabilities":{"acceptInsecureCerts":false,"browserName":"chrome","browserVersion":"106.0.5249.103","chrome":{"chromedriverVersion":"106.0.5249.51 (916bca209b16f8c0d4fac47d332c637cf07f2016-refs/heads/main@{#1037919})"},"goog:chromeOptions":{"debuggerAddress":"localhost:9222"},"pageLoadStrategy":"normal","platformName":"","proxy":{},"setWindowRect":false,"strictFileInteractability":false,"timeouts":{"implicit":0,"pageLoad":300000,"script":30000},"unhandledPromptBehavior":"dismiss and notify","webauthn:extension:credBlob":true,"webauthn:extension:largeBlob":true,"webauthn:virtualAuthenticators":true},"sessionId":"8d5b2db56e493ba8dc1bedda7f0d0f89"}} | headers=HTTPHeaderDict({'Content-Length': '665', 'Content-Type': 'application/json; charset=utf-8', 'cache-control': 'no-cache'})</msg>
<msg time="2025-01-28T00:08:40.811322" level="DEBUG">Finished Request</msg>
<msg time="2025-01-28T00:08:40.811322" level="DEBUG">Created Chrome WebDriver instance with session id 8d5b2db56e493ba8dc1bedda7f0d0f89.</msg>
<msg time="2025-01-28T00:08:40.812077" level="TRACE">Return: 2</msg>
<arg>Chrome</arg>
<arg>service=${signal_service}</arg>
<arg>options=${options}</arg>
<doc>Creates an instance of Selenium WebDriver.</doc>
<status status="PASS" start="2025-01-28T00:08:09.005500" elapsed="31.806577"/>
</kw>
<msg time="2025-01-28T00:08:40.813077" level="TRACE">Return: None</msg>
<doc>Open's your electron application by providing browser binary via
C:\Projects\all-repos\src\prd\rb\asbl\target/uat/rb/ReportBurster\ReportBurster.exe and chromedriver binary via C:\Projects\all-repos\src\prd\rb\frontend/reporting/node_modules/electron-chromedriver/bin/chromedriver.exe
see vars.py for more details.</doc>
<status status="PASS" start="2025-01-28T00:08:07.985127" elapsed="32.828007"/>
</kw>
<kw name="Sleep" owner="BuiltIn">
<msg time="2025-01-28T00:08:40.814074" level="TRACE">Arguments: [ '1s' ]</msg>
<msg time="2025-01-28T00:08:41.815039" level="INFO">Slept 1 second.</msg>
<msg time="2025-01-28T00:08:41.815039" level="TRACE">Return: None</msg>
<arg>1s</arg>
<doc>Pauses the test executed for the given time.</doc>
<status status="PASS" start="2025-01-28T00:08:40.814074" elapsed="1.000965"/>
</kw>
<kw name="Wait Until Page Contains Element" owner="SeleniumLibrary">
<msg time="2025-01-28T00:08:41.815810" level="TRACE">Arguments: [ 'id=btnInstallJavaTabBurst' | timeout=datetime.timedelta(seconds=30) ]</msg>
<msg time="2025-01-28T00:08:41.815810" level="DEBUG">POST http://localhost:51810/session/8d5b2db56e493ba8dc1bedda7f0d0f89/elements {'using': 'css selector', 'value': '[id="btnInstallJavaTabBurst"]'}</msg>
<msg time="2025-01-28T00:08:41.829427" level="DEBUG">http://localhost:51810 "POST /session/8d5b2db56e493ba8dc1bedda7f0d0f89/elements HTTP/1.1" 200 0</msg>
<msg time="2025-01-28T00:08:41.829427" level="DEBUG">Remote response: status=200 | data={"value":[{"element-6066-11e4-a52e-4f735466cecf":"49a62952-cc00-44c6-9d0d-2e753d9537e5"}]} | headers=HTTPHeaderDict({'Content-Length': '90', 'Content-Type': 'application/json; charset=utf-8', 'cache-control': 'no-cache'})</msg>
<msg time="2025-01-28T00:08:41.829427" level="DEBUG">Finished Request</msg>
<msg time="2025-01-28T00:08:41.830402" level="TRACE">Return: None</msg>
<arg>id=btnInstallJavaTabBurst</arg>
<arg>timeout=30</arg>
<doc>Waits until the element ``locator`` appears on the current page.</doc>
<status status="PASS" start="2025-01-28T00:08:41.815810" elapsed="0.014592"/>
</kw>
<kw name="Sleep" owner="BuiltIn">
<msg time="2025-01-28T00:08:41.831430" level="TRACE">Arguments: [ '1s' ]</msg>
<msg time="2025-01-28T00:08:42.832144" level="INFO">Slept 1 second.</msg>
<msg time="2025-01-28T00:08:42.832144" level="TRACE">Return: None</msg>
<arg>1s</arg>
<doc>Pauses the test executed for the given time.</doc>
<status status="PASS" start="2025-01-28T00:08:41.830752" elapsed="1.001392"/>
</kw>
<kw name="Click Button" owner="SeleniumLibrary">
<msg time="2025-01-28T00:08:42.834133" level="TRACE">Arguments: [ 'id=btnInstallJavaTabBurst' ]</msg>
<msg time="2025-01-28T00:08:42.834133" level="INFO">Clicking button 'id=btnInstallJavaTabBurst'.</msg>
<msg time="2025-01-28T00:08:42.835133" level="DEBUG">POST http://localhost:51810/session/8d5b2db56e493ba8dc1bedda7f0d0f89/elements {'using': 'css selector', 'value': '[id="btnInstallJavaTabBurst"]'}</msg>
<msg time="2025-01-28T00:08:42.854430" level="DEBUG">http://localhost:51810 "POST /session/8d5b2db56e493ba8dc1bedda7f0d0f89/elements HTTP/1.1" 200 0</msg>
<msg time="2025-01-28T00:08:42.855442" level="DEBUG">Remote response: status=200 | data={"value":[{"element-6066-11e4-a52e-4f735466cecf":"49a62952-cc00-44c6-9d0d-2e753d9537e5"}]} | headers=HTTPHeaderDict({'Content-Length': '90', 'Content-Type': 'application/json; charset=utf-8', 'cache-control': 'no-cache'})</msg>
<msg time="2025-01-28T00:08:42.855442" level="DEBUG">Finished Request</msg>
<msg time="2025-01-28T00:08:42.856452" level="DEBUG">GET http://localhost:51810/session/8d5b2db56e493ba8dc1bedda7f0d0f89/element/49a62952-cc00-44c6-9d0d-2e753d9537e5/name {}</msg>
<msg time="2025-01-28T00:08:42.869550" level="DEBUG">http://localhost:51810 "GET /session/8d5b2db56e493ba8dc1bedda7f0d0f89/element/49a62952-cc00-44c6-9d0d-2e753d9537e5/name HTTP/1.1" 200 0</msg>
<msg time="2025-01-28T00:08:42.869550" level="DEBUG">Remote response: status=200 | data={"value":"button"} | headers=HTTPHeaderDict({'Content-Length': '18', 'Content-Type': 'application/json; charset=utf-8', 'cache-control': 'no-cache'})</msg>
<msg time="2025-01-28T00:08:42.869550" level="DEBUG">Finished Request</msg>
<msg time="2025-01-28T00:08:42.870544" level="DEBUG">POST http://localhost:51810/session/8d5b2db56e493ba8dc1bedda7f0d0f89/elements {'using': 'css selector', 'value': '[id="btnInstallJavaTabBurst"]'}</msg>
<msg time="2025-01-28T00:08:42.888611" level="DEBUG">http://localhost:51810 "POST /session/8d5b2db56e493ba8dc1bedda7f0d0f89/elements HTTP/1.1" 200 0</msg>
<msg time="2025-01-28T00:08:42.889606" level="DEBUG">Remote response: status=200 | data={"value":[{"element-6066-11e4-a52e-4f735466cecf":"49a62952-cc00-44c6-9d0d-2e753d9537e5"}]} | headers=HTTPHeaderDict({'Content-Length': '90', 'Content-Type': 'application/json; charset=utf-8', 'cache-control': 'no-cache'})</msg>
<msg time="2025-01-28T00:08:42.889606" level="DEBUG">Finished Request</msg>
<msg time="2025-01-28T00:08:42.889606" level="DEBUG">GET http://localhost:51810/session/8d5b2db56e493ba8dc1bedda7f0d0f89/element/49a62952-cc00-44c6-9d0d-2e753d9537e5/name {}</msg>
<msg time="2025-01-28T00:08:42.901187" level="DEBUG">http://localhost:51810 "GET /session/8d5b2db56e493ba8dc1bedda7f0d0f89/element/49a62952-cc00-44c6-9d0d-2e753d9537e5/name HTTP/1.1" 200 0</msg>
<msg time="2025-01-28T00:08:42.901187" level="DEBUG">Remote response: status=200 | data={"value":"button"} | headers=HTTPHeaderDict({'Content-Length': '18', 'Content-Type': 'application/json; charset=utf-8', 'cache-control': 'no-cache'})</msg>
<msg time="2025-01-28T00:08:42.902236" level="DEBUG">Finished Request</msg>
<msg time="2025-01-28T00:08:42.902236" level="DEBUG">POST http://localhost:51810/session/8d5b2db56e493ba8dc1bedda7f0d0f89/element/49a62952-cc00-44c6-9d0d-2e753d9537e5/click {}</msg>
<msg time="2025-01-28T00:08:43.258255" level="DEBUG">http://localhost:51810 "POST /session/8d5b2db56e493ba8dc1bedda7f0d0f89/element/49a62952-cc00-44c6-9d0d-2e753d9537e5/click HTTP/1.1" 200 0</msg>
<msg time="2025-01-28T00:08:43.258255" level="DEBUG">Remote response: status=200 | data={"value":null} | headers=HTTPHeaderDict({'Content-Length': '14', 'Content-Type': 'application/json; charset=utf-8', 'cache-control': 'no-cache'})</msg>
<msg time="2025-01-28T00:08:43.258255" level="DEBUG">Finished Request</msg>
<msg time="2025-01-28T00:08:43.258255" level="TRACE">Return: None</msg>
<arg>id=btnInstallJavaTabBurst</arg>
<doc>Clicks the button identified by ``locator``.</doc>
<status status="PASS" start="2025-01-28T00:08:42.834133" elapsed="0.424122"/>
</kw>
<kw name="Wait Until Page Contains Element" owner="SeleniumLibrary">
<msg time="2025-01-28T00:08:43.259254" level="TRACE">Arguments: [ 'id=btnInstallJava' | timeout=datetime.timedelta(seconds=30) ]</msg>
<msg time="2025-01-28T00:08:43.259254" level="DEBUG">POST http://localhost:51810/session/8d5b2db56e493ba8dc1bedda7f0d0f89/elements {'using': 'css selector', 'value': '[id="btnInstallJava"]'}</msg>
<msg time="2025-01-28T00:08:43.274253" level="DEBUG">http://localhost:51810 "POST /session/8d5b2db56e493ba8dc1bedda7f0d0f89/elements HTTP/1.1" 200 0</msg>
<msg time="2025-01-28T00:08:43.274253" level="DEBUG">Remote response: status=200 | data={"value":[{"element-6066-11e4-a52e-4f735466cecf":"d53a49b4-c499-4988-8ca4-60ceb6dfd551"}]} | headers=HTTPHeaderDict({'Content-Length': '90', 'Content-Type': 'application/json; charset=utf-8', 'cache-control': 'no-cache'})</msg>
<msg time="2025-01-28T00:08:43.275254" level="DEBUG">Finished Request</msg>
<msg time="2025-01-28T00:08:43.275254" level="TRACE">Return: None</msg>
<arg>id=btnInstallJava</arg>
<arg>timeout=30</arg>
<doc>Waits until the element ``locator`` appears on the current page.</doc>
<status status="PASS" start="2025-01-28T00:08:43.259254" elapsed="0.016000"/>
</kw>
<kw name="Page Should Not Contain Element" owner="SeleniumLibrary">
<msg time="2025-01-28T00:08:43.275254" level="TRACE">Arguments: [ 'id=btnInstallChocolatey' ]</msg>
<msg time="2025-01-28T00:08:43.276257" level="DEBUG">POST http://localhost:51810/session/8d5b2db56e493ba8dc1bedda7f0d0f89/elements {'using': 'css selector', 'value': '[id="btnInstallChocolatey"]'}</msg>
<msg time="2025-01-28T00:08:43.287292" level="DEBUG">http://localhost:51810 "POST /session/8d5b2db56e493ba8dc1bedda7f0d0f89/elements HTTP/1.1" 200 0</msg>
<msg time="2025-01-28T00:08:43.287292" level="DEBUG">Remote response: status=200 | data={"value":[]} | headers=HTTPHeaderDict({'Content-Length': '12', 'Content-Type': 'application/json; charset=utf-8', 'cache-control': 'no-cache'})</msg>
<msg time="2025-01-28T00:08:43.287292" level="DEBUG">Finished Request</msg>
<msg time="2025-01-28T00:08:43.287292" level="INFO">Current page does not contain element 'id=btnInstallChocolatey'.</msg>
<msg time="2025-01-28T00:08:43.287292" level="TRACE">Return: None</msg>
<arg>id=btnInstallChocolatey</arg>
<doc>Verifies that element ``locator`` is not found on the current page.</doc>
<status status="PASS" start="2025-01-28T00:08:43.275254" elapsed="0.012038"/>
</kw>
<kw name="Sleep" owner="BuiltIn">
<msg time="2025-01-28T00:08:43.288293" level="TRACE">Arguments: [ '1s' ]</msg>
<msg time="2025-01-28T00:08:44.288637" level="INFO">Slept 1 second.</msg>
<msg time="2025-01-28T00:08:44.288637" level="TRACE">Return: None</msg>
<arg>1s</arg>
<doc>Pauses the test executed for the given time.</doc>
<status status="PASS" start="2025-01-28T00:08:43.287292" elapsed="1.001345"/>
</kw>
<kw name="Click Button" owner="SeleniumLibrary">
<msg time="2025-01-28T00:08:44.289220" level="TRACE">Arguments: [ 'id=btnInstallJava' ]</msg>
<msg time="2025-01-28T00:08:44.289786" level="INFO">Clicking button 'id=btnInstallJava'.</msg>
<msg time="2025-01-28T00:08:44.289786" level="DEBUG">POST http://localhost:51810/session/8d5b2db56e493ba8dc1bedda7f0d0f89/elements {'using': 'css selector', 'value': '[id="btnInstallJava"]'}</msg>
<msg time="2025-01-28T00:08:44.298747" level="DEBUG">http://localhost:51810 "POST /session/8d5b2db56e493ba8dc1bedda7f0d0f89/elements HTTP/1.1" 200 0</msg>
<msg time="2025-01-28T00:08:44.298747" level="DEBUG">Remote response: status=200 | data={"value":[{"element-6066-11e4-a52e-4f735466cecf":"d53a49b4-c499-4988-8ca4-60ceb6dfd551"}]} | headers=HTTPHeaderDict({'Content-Length': '90', 'Content-Type': 'application/json; charset=utf-8', 'cache-control': 'no-cache'})</msg>
<msg time="2025-01-28T00:08:44.298747" level="DEBUG">Finished Request</msg>
<msg time="2025-01-28T00:08:44.298747" level="DEBUG">GET http://localhost:51810/session/8d5b2db56e493ba8dc1bedda7f0d0f89/element/d53a49b4-c499-4988-8ca4-60ceb6dfd551/name {}</msg>
<msg time="2025-01-28T00:08:44.305070" level="DEBUG">http://localhost:51810 "GET /session/8d5b2db56e493ba8dc1bedda7f0d0f89/element/d53a49b4-c499-4988-8ca4-60ceb6dfd551/name HTTP/1.1" 200 0</msg>
<msg time="2025-01-28T00:08:44.305748" level="DEBUG">Remote response: status=200 | data={"value":"button"} | headers=HTTPHeaderDict({'Content-Length': '18', 'Content-Type': 'application/json; charset=utf-8', 'cache-control': 'no-cache'})</msg>
<msg time="2025-01-28T00:08:44.305748" level="DEBUG">Finished Request</msg>
<msg time="2025-01-28T00:08:44.305748" level="DEBUG">POST http://localhost:51810/session/8d5b2db56e493ba8dc1bedda7f0d0f89/elements {'using': 'css selector', 'value': '[id="btnInstallJava"]'}</msg>
<msg time="2025-01-28T00:08:44.314880" level="DEBUG">http://localhost:51810 "POST /session/8d5b2db56e493ba8dc1bedda7f0d0f89/elements HTTP/1.1" 200 0</msg>
<msg time="2025-01-28T00:08:44.314880" level="DEBUG">Remote response: status=200 | data={"value":[{"element-6066-11e4-a52e-4f735466cecf":"d53a49b4-c499-4988-8ca4-60ceb6dfd551"}]} | headers=HTTPHeaderDict({'Content-Length': '90', 'Content-Type': 'application/json; charset=utf-8', 'cache-control': 'no-cache'})</msg>
<msg time="2025-01-28T00:08:44.315800" level="DEBUG">Finished Request</msg>
<msg time="2025-01-28T00:08:44.315800" level="DEBUG">GET http://localhost:51810/session/8d5b2db56e493ba8dc1bedda7f0d0f89/element/d53a49b4-c499-4988-8ca4-60ceb6dfd551/name {}</msg>
<msg time="2025-01-28T00:08:44.320840" level="DEBUG">http://localhost:51810 "GET /session/8d5b2db56e493ba8dc1bedda7f0d0f89/element/d53a49b4-c499-4988-8ca4-60ceb6dfd551/name HTTP/1.1" 200 0</msg>
<msg time="2025-01-28T00:08:44.320840" level="DEBUG">Remote response: status=200 | data={"value":"button"} | headers=HTTPHeaderDict({'Content-Length': '18', 'Content-Type': 'application/json; charset=utf-8', 'cache-control': 'no-cache'})</msg>
<msg time="2025-01-28T00:08:44.320840" level="DEBUG">Finished Request</msg>
<msg time="2025-01-28T00:08:44.321842" level="DEBUG">POST http://localhost:51810/session/8d5b2db56e493ba8dc1bedda7f0d0f89/element/d53a49b4-c499-4988-8ca4-60ceb6dfd551/click {}</msg>
<msg time="2025-01-28T00:08:44.394559" level="DEBUG">http://localhost:51810 "POST /session/8d5b2db56e493ba8dc1bedda7f0d0f89/element/d53a49b4-c499-4988-8ca4-60ceb6dfd551/click HTTP/1.1" 200 0</msg>
<msg time="2025-01-28T00:08:44.394559" level="DEBUG">Remote response: status=200 | data={"value":null} | headers=HTTPHeaderDict({'Content-Length': '14', 'Content-Type': 'application/json; charset=utf-8', 'cache-control': 'no-cache'})</msg>
<msg time="2025-01-28T00:08:44.394559" level="DEBUG">Finished Request</msg>
<msg time="2025-01-28T00:08:44.394559" level="TRACE">Return: None</msg>
<arg>id=btnInstallJava</arg>
<doc>Clicks the button identified by ``locator``.</doc>
<status status="PASS" start="2025-01-28T00:08:44.289220" elapsed="0.106339"/>
</kw>
<kw name="Wait Until Page Contains Element" owner="SeleniumLibrary">
<msg time="2025-01-28T00:08:44.395764" level="TRACE">Arguments: [ 'css=.dburst-button-question-decline' | timeout=datetime.timedelta(seconds=30) ]</msg>
<msg time="2025-01-28T00:08:44.396559" level="DEBUG">POST http://localhost:51810/session/8d5b2db56e493ba8dc1bedda7f0d0f89/elements {'using': 'css selector', 'value': '.dburst-button-question-decline'}</msg>
<msg time="2025-01-28T00:08:44.409604" level="DEBUG">http://localhost:51810 "POST /session/8d5b2db56e493ba8dc1bedda7f0d0f89/elements HTTP/1.1" 200 0</msg>
<msg time="2025-01-28T00:08:44.409604" level="DEBUG">Remote response: status=200 | data={"value":[{"element-6066-11e4-a52e-4f735466cecf":"5221fa6a-6ade-40bf-bd1e-7a6a44376275"}]} | headers=HTTPHeaderDict({'Content-Length': '90', 'Content-Type': 'application/json; charset=utf-8', 'cache-control': 'no-cache'})</msg>
<msg time="2025-01-28T00:08:44.409604" level="DEBUG">Finished Request</msg>
<msg time="2025-01-28T00:08:44.409604" level="TRACE">Return: None</msg>
<arg>css=.dburst-button-question-decline</arg>
<arg>timeout=30</arg>
<doc>Waits until the element ``locator`` appears on the current page.</doc>
<status status="PASS" start="2025-01-28T00:08:44.395764" elapsed="0.013840"/>
</kw>
<kw name="Sleep" owner="BuiltIn">
<msg time="2025-01-28T00:08:44.410740" level="TRACE">Arguments: [ '1s' ]</msg>
<msg time="2025-01-28T00:08:45.411218" level="INFO">Slept 1 second.</msg>
<msg time="2025-01-28T00:08:45.411218" level="TRACE">Return: None</msg>
<arg>1s</arg>
<doc>Pauses the test executed for the given time.</doc>
<status status="PASS" start="2025-01-28T00:08:44.410740" elapsed="1.000478"/>
</kw>
<kw name="Click Element" owner="SeleniumLibrary">
<msg time="2025-01-28T00:08:45.412183" level="TRACE">Arguments: [ 'css=.dburst-button-question-decline' ]</msg>
<msg time="2025-01-28T00:08:45.412183" level="INFO">Clicking element 'css=.dburst-button-question-decline'.</msg>
<msg time="2025-01-28T00:08:45.413219" level="DEBUG">POST http://localhost:51810/session/8d5b2db56e493ba8dc1bedda7f0d0f89/elements {'using': 'css selector', 'value': '.dburst-button-question-decline'}</msg>
<msg time="2025-01-28T00:08:45.423581" level="DEBUG">http://localhost:51810 "POST /session/8d5b2db56e493ba8dc1bedda7f0d0f89/elements HTTP/1.1" 200 0</msg>
<msg time="2025-01-28T00:08:45.423581" level="DEBUG">Remote response: status=200 | data={"value":[{"element-6066-11e4-a52e-4f735466cecf":"5221fa6a-6ade-40bf-bd1e-7a6a44376275"}]} | headers=HTTPHeaderDict({'Content-Length': '90', 'Content-Type': 'application/json; charset=utf-8', 'cache-control': 'no-cache'})</msg>
<msg time="2025-01-28T00:08:45.423581" level="DEBUG">Finished Request</msg>
<msg time="2025-01-28T00:08:45.423581" level="DEBUG">POST http://localhost:51810/session/8d5b2db56e493ba8dc1bedda7f0d0f89/element/5221fa6a-6ade-40bf-bd1e-7a6a44376275/click {}</msg>
<msg time="2025-01-28T00:08:45.483430" level="DEBUG">http://localhost:51810 "POST /session/8d5b2db56e493ba8dc1bedda7f0d0f89/element/5221fa6a-6ade-40bf-bd1e-7a6a44376275/click HTTP/1.1" 200 0</msg>
<msg time="2025-01-28T00:08:45.484429" level="DEBUG">Remote response: status=200 | data={"value":null} | headers=HTTPHeaderDict({'Content-Length': '14', 'Content-Type': 'application/json; charset=utf-8', 'cache-control': 'no-cache'})</msg>
<msg time="2025-01-28T00:08:45.484429" level="DEBUG">Finished Request</msg>
<msg time="2025-01-28T00:08:45.484429" level="TRACE">Return: None</msg>
<arg>css=.dburst-button-question-decline</arg>
<doc>Click the element identified by ``locator``.</doc>
<status status="PASS" start="2025-01-28T00:08:45.412183" elapsed="0.072246"/>
</kw>
<kw name="Wait Until Element Is Not Visible" owner="SeleniumLibrary">
<msg time="2025-01-28T00:08:45.485431" level="TRACE">Arguments: [ 'css=.dburst-button-question-decline' | timeout=datetime.timedelta(seconds=30) ]</msg>
<msg time="2025-01-28T00:08:45.486467" level="DEBUG">POST http://localhost:51810/session/8d5b2db56e493ba8dc1bedda7f0d0f89/elements {'using': 'css selector', 'value': '.dburst-button-question-decline'}</msg>
<msg time="2025-01-28T00:08:45.498569" level="DEBUG">http://localhost:51810 "POST /session/8d5b2db56e493ba8dc1bedda7f0d0f89/elements HTTP/1.1" 200 0</msg>
<msg time="2025-01-28T00:08:45.499566" level="DEBUG">Remote response: status=200 | data={"value":[{"element-6066-11e4-a52e-4f735466cecf":"5221fa6a-6ade-40bf-bd1e-7a6a44376275"}]} | headers=HTTPHeaderDict({'Content-Length': '90', 'Content-Type': 'application/json; charset=utf-8', 'cache-control': 'no-cache'})</msg>
<msg time="2025-01-28T00:08:45.499566" level="DEBUG">Finished Request</msg>
<msg time="2025-01-28T00:08:45.500918" level="DEBUG">POST http://localhost:51810/session/8d5b2db56e493ba8dc1bedda7f0d0f89/execute/sync {'script': '/* isDisplayed */return (function(){return (function(){var g=this||self;\nfunction aa(a){var b=typeof...', 'args': [{'element-6066-11e4-a52e-4f735466cecf': '5221fa6a-6ade-40bf-bd1e-7a6a44376275'}]}</msg>
<msg time="2025-01-28T00:08:45.518523" level="DEBUG">http://localhost:51810 "POST /session/8d5b2db56e493ba8dc1bedda7f0d0f89/execute/sync HTTP/1.1" 200 0</msg>
<msg time="2025-01-28T00:08:45.518523" level="DEBUG">Remote response: status=200 | data={"value":true} | headers=HTTPHeaderDict({'Content-Length': '14', 'Content-Type': 'application/json; charset=utf-8', 'cache-control': 'no-cache'})</msg>
<msg time="2025-01-28T00:08:45.519524" level="DEBUG">Finished Request</msg>
<msg time="2025-01-28T00:08:45.719797" level="DEBUG">POST http://localhost:51810/session/8d5b2db56e493ba8dc1bedda7f0d0f89/elements {'using': 'css selector', 'value': '.dburst-button-question-decline'}</msg>
<msg time="2025-01-28T00:08:45.726588" level="DEBUG">http://localhost:51810 "POST /session/8d5b2db56e493ba8dc1bedda7f0d0f89/elements HTTP/1.1" 200 0</msg>
<msg time="2025-01-28T00:08:45.726588" level="DEBUG">Remote response: status=200 | data={"value":[]} | headers=HTTPHeaderDict({'Content-Length': '12', 'Content-Type': 'application/json; charset=utf-8', 'cache-control': 'no-cache'})</msg>
<msg time="2025-01-28T00:08:45.726588" level="DEBUG">Finished Request</msg>
<msg time="2025-01-28T00:08:45.726588" level="TRACE">Return: None</msg>
<arg>css=.dburst-button-question-decline</arg>
<arg>timeout=30</arg>
<doc>Waits until the element ``locator`` is not visible.</doc>
<status status="PASS" start="2025-01-28T00:08:45.485431" elapsed="0.241157"/>
</kw>
<kw name="Sleep" owner="BuiltIn">
<msg time="2025-01-28T00:08:45.727588" level="TRACE">Arguments: [ '1s' ]</msg>
<msg time="2025-01-28T00:08:46.728129" level="INFO">Slept 1 second.</msg>
<msg time="2025-01-28T00:08:46.728129" level="TRACE">Return: None</msg>
<arg>1s</arg>
<doc>Pauses the test executed for the given time.</doc>
<status status="PASS" start="2025-01-28T00:08:45.727484" elapsed="1.000645"/>
</kw>
<kw name="Click Button" owner="SeleniumLibrary">
<msg time="2025-01-28T00:08:46.729122" level="TRACE">Arguments: [ 'id=btnInstallJava' ]</msg>
<msg time="2025-01-28T00:08:46.729122" level="INFO">Clicking button 'id=btnInstallJava'.</msg>
<msg time="2025-01-28T00:08:46.729122" level="DEBUG">POST http://localhost:51810/session/8d5b2db56e493ba8dc1bedda7f0d0f89/elements {'using': 'css selector', 'value': '[id="btnInstallJava"]'}</msg>
<msg time="2025-01-28T00:08:46.739963" level="DEBUG">http://localhost:51810 "POST /session/8d5b2db56e493ba8dc1bedda7f0d0f89/elements HTTP/1.1" 200 0</msg>
<msg time="2025-01-28T00:08:46.740964" level="DEBUG">Remote response: status=200 | data={"value":[{"element-6066-11e4-a52e-4f735466cecf":"d53a49b4-c499-4988-8ca4-60ceb6dfd551"}]} | headers=HTTPHeaderDict({'Content-Length': '90', 'Content-Type': 'application/json; charset=utf-8', 'cache-control': 'no-cache'})</msg>
<msg time="2025-01-28T00:08:46.741072" level="DEBUG">Finished Request</msg>
<msg time="2025-01-28T00:08:46.741072" level="DEBUG">GET http://localhost:51810/session/8d5b2db56e493ba8dc1bedda7f0d0f89/element/d53a49b4-c499-4988-8ca4-60ceb6dfd551/name {}</msg>
<msg time="2025-01-28T00:08:46.747772" level="DEBUG">http://localhost:51810 "GET /session/8d5b2db56e493ba8dc1bedda7f0d0f89/element/d53a49b4-c499-4988-8ca4-60ceb6dfd551/name HTTP/1.1" 200 0</msg>
<msg time="2025-01-28T00:08:46.748341" level="DEBUG">Remote response: status=200 | data={"value":"button"} | headers=HTTPHeaderDict({'Content-Length': '18', 'Content-Type': 'application/json; charset=utf-8', 'cache-control': 'no-cache'})</msg>
<msg time="2025-01-28T00:08:46.748341" level="DEBUG">Finished Request</msg>
<msg time="2025-01-28T00:08:46.748341" level="DEBUG">POST http://localhost:51810/session/8d5b2db56e493ba8dc1bedda7f0d0f89/elements {'using': 'css selector', 'value': '[id="btnInstallJava"]'}</msg>
<msg time="2025-01-28T00:08:46.760434" level="DEBUG">http://localhost:51810 "POST /session/8d5b2db56e493ba8dc1bedda7f0d0f89/elements HTTP/1.1" 200 0</msg>
<msg time="2025-01-28T00:08:46.760434" level="DEBUG">Remote response: status=200 | data={"value":[{"element-6066-11e4-a52e-4f735466cecf":"d53a49b4-c499-4988-8ca4-60ceb6dfd551"}]} | headers=HTTPHeaderDict({'Content-Length': '90', 'Content-Type': 'application/json; charset=utf-8', 'cache-control': 'no-cache'})</msg>
<msg time="2025-01-28T00:08:46.760434" level="DEBUG">Finished Request</msg>
<msg time="2025-01-28T00:08:46.760434" level="DEBUG">GET http://localhost:51810/session/8d5b2db56e493ba8dc1bedda7f0d0f89/element/d53a49b4-c499-4988-8ca4-60ceb6dfd551/name {}</msg>
<msg time="2025-01-28T00:08:46.767656" level="DEBUG">http://localhost:51810 "GET /session/8d5b2db56e493ba8dc1bedda7f0d0f89/element/d53a49b4-c499-4988-8ca4-60ceb6dfd551/name HTTP/1.1" 200 0</msg>
<msg time="2025-01-28T00:08:46.767656" level="DEBUG">Remote response: status=200 | data={"value":"button"} | headers=HTTPHeaderDict({'Content-Length': '18', 'Content-Type': 'application/json; charset=utf-8', 'cache-control': 'no-cache'})</msg>
<msg time="2025-01-28T00:08:46.767656" level="DEBUG">Finished Request</msg>
<msg time="2025-01-28T00:08:46.768657" level="DEBUG">POST http://localhost:51810/session/8d5b2db56e493ba8dc1bedda7f0d0f89/element/d53a49b4-c499-4988-8ca4-60ceb6dfd551/click {}</msg>
<msg time="2025-01-28T00:08:46.817712" level="DEBUG">http://localhost:51810 "POST /session/8d5b2db56e493ba8dc1bedda7f0d0f89/element/d53a49b4-c499-4988-8ca4-60ceb6dfd551/click HTTP/1.1" 200 0</msg>
<msg time="2025-01-28T00:08:46.817712" level="DEBUG">Remote response: status=200 | data={"value":null} | headers=HTTPHeaderDict({'Content-Length': '14', 'Content-Type': 'application/json; charset=utf-8', 'cache-control': 'no-cache'})</msg>
<msg time="2025-01-28T00:08:46.817712" level="DEBUG">Finished Request</msg>
<msg time="2025-01-28T00:08:46.817712" level="TRACE">Return: None</msg>
<arg>id=btnInstallJava</arg>
<doc>Clicks the button identified by ``locator``.</doc>
<status status="PASS" start="2025-01-28T00:08:46.729122" elapsed="0.088590"/>
</kw>
<kw name="Wait Until Page Contains Element" owner="SeleniumLibrary">
<msg time="2025-01-28T00:08:46.818717" level="TRACE">Arguments: [ 'css=.dburst-button-question-confirm' | timeout=datetime.timedelta(seconds=30) ]</msg>
<msg time="2025-01-28T00:08:46.819712" level="DEBUG">POST http://localhost:51810/session/8d5b2db56e493ba8dc1bedda7f0d0f89/elements {'using': 'css selector', 'value': '.dburst-button-question-confirm'}</msg>
<msg time="2025-01-28T00:08:46.832636" level="DEBUG">http://localhost:51810 "POST /session/8d5b2db56e493ba8dc1bedda7f0d0f89/elements HTTP/1.1" 200 0</msg>
<msg time="2025-01-28T00:08:46.833634" level="DEBUG">Remote response: status=200 | data={"value":[{"element-6066-11e4-a52e-4f735466cecf":"e7a6d832-870b-4255-bec0-691ef37d7ba0"}]} | headers=HTTPHeaderDict({'Content-Length': '90', 'Content-Type': 'application/json; charset=utf-8', 'cache-control': 'no-cache'})</msg>
<msg time="2025-01-28T00:08:46.833634" level="DEBUG">Finished Request</msg>
<msg time="2025-01-28T00:08:46.833634" level="TRACE">Return: None</msg>
<arg>css=.dburst-button-question-confirm</arg>
<arg>timeout=30</arg>
<doc>Waits until the element ``locator`` appears on the current page.</doc>
<status status="PASS" start="2025-01-28T00:08:46.818717" elapsed="0.014917"/>
</kw>
<kw name="Sleep" owner="BuiltIn">
<msg time="2025-01-28T00:08:46.834634" level="TRACE">Arguments: [ '1s' ]</msg>
<msg time="2025-01-28T00:08:47.835572" level="INFO">Slept 1 second.</msg>
<msg time="2025-01-28T00:08:47.835572" level="TRACE">Return: None</msg>
<arg>1s</arg>
<doc>Pauses the test executed for the given time.</doc>
<status status="PASS" start="2025-01-28T00:08:46.833634" elapsed="1.001938"/>
</kw>
<kw name="Take Named Screenshot If Requested">
<msg time="2025-01-28T00:08:47.840041" level="FAIL">No keyword with name 'Take Named Screenshot If Requested' found.</msg>
<arg>000_05_Prerequisites_ChocoYesJavaNo_InstallJava</arg>
<status status="FAIL" start="2025-01-28T00:08:47.840041" elapsed="0.000000">No keyword with name 'Take Named Screenshot If Requested' found.</status>
</kw>
<kw name="Click Element" owner="SeleniumLibrary">
<arg>css=.dburst-button-question-confirm</arg>
<doc>Click the element identified by ``locator``.</doc>
<status status="NOT RUN" start="2025-01-28T00:08:47.841041" elapsed="0.000000"/>
</kw>
<kw name="Wait Until Element Is Not Visible" owner="SeleniumLibrary">
<arg>css=.dburst-button-question-confirm</arg>
<arg>timeout=30</arg>
<doc>Waits until the element ``locator`` is not visible.</doc>
<status status="NOT RUN" start="2025-01-28T00:08:47.842040" elapsed="0.000000"/>
</kw>
<kw name="Sleep" owner="BuiltIn">
<arg>1s</arg>
<doc>Pauses the test executed for the given time.</doc>
<status status="NOT RUN" start="2025-01-28T00:08:47.843133" elapsed="0.000000"/>
</kw>
<kw name="Wait For Powershell And Accept Completion" owner="utilities">
<status status="NOT RUN" start="2025-01-28T00:08:47.844040" elapsed="0.000000"/>
</kw>
<kw name="Close ReportBurster Application">
<doc>Close ReportBurster Application</doc>
<status status="NOT RUN" start="2025-01-28T00:08:47.845040" elapsed="0.000000"/>
</kw>
<kw name="Sleep" owner="BuiltIn">
<arg>1s</arg>
<doc>Pauses the test executed for the given time.</doc>
<status status="NOT RUN" start="2025-01-28T00:08:47.845410" elapsed="0.000000"/>
</kw>
<kw name="Refresh Env Variables" owner="utilities">
<status status="NOT RUN" start="2025-01-28T00:08:47.846041" elapsed="0.000000"/>
</kw>
<kw name="Sleep" owner="BuiltIn">
<arg>1s</arg>
<doc>Pauses the test executed for the given time.</doc>
<status status="NOT RUN" start="2025-01-28T00:08:47.846041" elapsed="0.000999"/>
</kw>
<kw name="Open Electron Application">
<doc>Open's your electron application by providing browser binary via
C:\Projects\all-repos\src\prd\rb\asbl\target/uat/rb/ReportBurster\ReportBurster.exe and chromedriver binary via C:\Projects\all-repos\src\prd\rb\frontend/reporting/node_modules/electron-chromedriver/bin/chromedriver.exe
see vars.py for more details.</doc>
<status status="NOT RUN" start="2025-01-28T00:08:47.848041" elapsed="0.000000"/>
</kw>
<kw name="Wait Until Page Contains Element" owner="SeleniumLibrary">
<arg>id=burstFile</arg>
<arg>timeout=30</arg>
<doc>Waits until the element ``locator`` appears on the current page.</doc>
<status status="NOT RUN" start="2025-01-28T00:08:47.849080" elapsed="0.000000"/>
</kw>
<kw name="Sleep" owner="BuiltIn">
<arg>1s</arg>
<doc>Pauses the test executed for the given time.</doc>
<status status="NOT RUN" start="2025-01-28T00:08:47.850117" elapsed="0.000000"/>
</kw>
<kw name="Page Should Not Contain Element" owner="SeleniumLibrary">
<arg>id=btnInstallJavaTabBurst</arg>
<doc>Verifies that element ``locator`` is not found on the current page.</doc>
<status status="NOT RUN" start="2025-01-28T00:08:47.851052" elapsed="0.000000"/>
</kw>
<kw name="Sleep" owner="BuiltIn">
<arg>1s</arg>
<doc>Pauses the test executed for the given time.</doc>
<status status="NOT RUN" start="2025-01-28T00:08:47.852080" elapsed="0.000000"/>
</kw>
<kw name="Ensure Java Is Not Installed" owner="utilities">
<status status="NOT RUN" start="2025-01-28T00:08:47.852522" elapsed="0.000000"/>
</kw>
<kw name="Close ReportBurster Application">
<doc>Close ReportBurster Application</doc>
<status status="NOT RUN" start="2025-01-28T00:08:47.853669" elapsed="0.000106"/>
</kw>
<kw name="Kill Reportburster Exe Process" owner="utilities" type="TEARDOWN">
<msg time="2025-01-28T00:08:47.854158" level="TRACE">Arguments: [  ]</msg>
<msg time="2025-01-28T00:08:47.856175" level="INFO">Log file path: C:\Projects\all-repos\src\prd\rb\asbl\target/uat/rb/ReportBurster\logs\electron.log</msg>
<msg time="2025-01-28T00:08:47.856175" level="TRACE">Return: None</msg>
<status status="PASS" start="2025-01-28T00:08:47.854158" elapsed="0.002017"/>
</kw>
<doc>Prerequisites Chocolatey Is Installed and Java Not Installed Should Allow User To Install Java</doc>
<status status="SKIP" start="2025-01-28T00:07:59.032865" elapsed="48.825308">No keyword with name 'Take Named Screenshot If Requested' found.
Skipped for Retry</status>
</test>
<test id="s1-s1-t3" name="Prerequisites Chocolatey Is Installed and Java Not Installed Should Allow User To Install Java" line="26">
<kw name="Clean State" type="SETUP">
<msg time="2025-01-28T00:08:47.876175" level="TRACE">Arguments: [  ]</msg>
<kw name="Clean Output Folders And Log Files" owner="utilities">
<msg time="2025-01-28T00:08:47.876175" level="TRACE">Arguments: [  ]</msg>
<msg time="2025-01-28T00:08:47.880176" level="TRACE">Return: None</msg>
<status status="PASS" start="2025-01-28T00:08:47.876175" elapsed="0.004001"/>
</kw>
<kw name="Close ReportBurster Application">
<msg time="2025-01-28T00:08:47.882184" level="TRACE">Arguments: [  ]</msg>
<kw name="Kill Reportburster Exe Process" owner="utilities">
<msg time="2025-01-28T00:08:47.882301" level="TRACE">Arguments: [  ]</msg>
<msg time="2025-01-28T00:08:47.910173" level="INFO">Log file path: C:\Projects\all-repos\src\prd\rb\asbl\target/uat/rb/ReportBurster\logs\electron.log</msg>
<msg time="2025-01-28T00:08:47.910173" level="TRACE">Return: None</msg>
<status status="PASS" start="2025-01-28T00:08:47.882301" elapsed="0.027872"/>
</kw>
<msg time="2025-01-28T00:08:47.911174" level="TRACE">Return: None</msg>
<doc>Close ReportBurster Application</doc>
<status status="PASS" start="2025-01-28T00:08:47.881178" elapsed="0.029996"/>
</kw>
<msg time="2025-01-28T00:08:47.911174" level="TRACE">Return: None</msg>
<doc>Clean Output Folders and Log Files</doc>
<status status="PASS" start="2025-01-28T00:08:47.876175" elapsed="0.034999"/>
</kw>
<kw name="Ensure Chocolatey Is Installed" owner="utilities">
<msg time="2025-01-28T00:08:47.912174" level="TRACE">Arguments: [  ]</msg>
<msg time="2025-01-28T00:08:49.357072" level="INFO">Output of 'choco -v': 2.4.1

Chocolatey is already installed.</msg>
<msg time="2025-01-28T00:08:49.357072" level="TRACE">Return: None</msg>
<status status="PASS" start="2025-01-28T00:08:47.912174" elapsed="1.444898"/>
</kw>
<kw name="Ensure Java Is Not Installed" owner="utilities">
<msg time="2025-01-28T00:08:49.357072" level="TRACE">Arguments: [  ]</msg>
<msg time="2025-01-28T00:08:53.111237" level="INFO">Chocolatey is installed. (ensure_java_is_not_installed)
Java is not installed on this computer.</msg>
<msg time="2025-01-28T00:08:53.111442" level="TRACE">Return: None</msg>
<status status="PASS" start="2025-01-28T00:08:49.357072" elapsed="3.754370"/>
</kw>
<kw name="Sleep" owner="BuiltIn">
<msg time="2025-01-28T00:08:53.112100" level="TRACE">Arguments: [ '1s' ]</msg>
<msg time="2025-01-28T00:08:54.113198" level="INFO">Slept 1 second.</msg>
<msg time="2025-01-28T00:08:54.113198" level="TRACE">Return: None</msg>
<arg>1s</arg>
<doc>Pauses the test executed for the given time.</doc>
<status status="PASS" start="2025-01-28T00:08:53.111966" elapsed="1.001232"/>
</kw>
<kw name="Refresh Env Variables" owner="utilities">
<msg time="2025-01-28T00:08:54.114140" level="TRACE">Arguments: [  ]</msg>
<msg time="2025-01-28T00:08:54.801999" level="TRACE">Return: None</msg>
<status status="PASS" start="2025-01-28T00:08:54.114140" elapsed="0.687859"/>
</kw>
<kw name="Sleep" owner="BuiltIn">
<msg time="2025-01-28T00:08:54.802522" level="TRACE">Arguments: [ '1s' ]</msg>
<msg time="2025-01-28T00:08:55.802603" level="INFO">Slept 1 second.</msg>
<msg time="2025-01-28T00:08:55.802603" level="TRACE">Return: None</msg>
<arg>1s</arg>
<doc>Pauses the test executed for the given time.</doc>
<status status="PASS" start="2025-01-28T00:08:54.802522" elapsed="1.000081"/>
</kw>
<kw name="Open Electron Application">
<msg time="2025-01-28T00:08:55.805583" level="TRACE">Arguments: [  ]</msg>
<kw name="Set Variable" owner="BuiltIn">
<msg time="2025-01-28T00:08:55.807580" level="TRACE">Arguments: [ 'cmd /c "where /q refreshenv &amp;&amp; (call refreshenv &amp;&amp; start C:\\Projects\\all-repos\\src\\prd\\rb\\asbl\\target/uat/rb/ReportBurster\\ReportBurster.exe --remote-debugging-port=9222) || start C:\\Projects\\all-repos\\src\\prd\\rb\\asbl\\target/uat/rb/ReportBurster\\ReportBurster.exe --remote-debugging-port=9222"' ]</msg>
<msg time="2025-01-28T00:08:55.807580" level="TRACE">Return: 'cmd /c "where /q refreshenv &amp;&amp; (call refreshenv &amp;&amp; start C:\\Projects\\all-repos\\src\\prd\\rb\\asbl\\target/uat/rb/ReportBurster\\ReportBurster.exe --remote-debugging-port=9222) || start C:\\Projects\\all-repos\\src\\prd\\rb\\asbl\\target/uat/rb/ReportBurster\\ReportBurster.exe --remote-debugging-port=9222"'</msg>
<msg time="2025-01-28T00:08:55.808580" level="INFO">${electron_command} = cmd /c "where /q refreshenv &amp;&amp; (call refreshenv &amp;&amp; start C:\Projects\all-repos\src\prd\rb\asbl\target/uat/rb/ReportBurster\ReportBurster.exe --remote-debugging-port=9222) || start C:\Projects\all-repo...</msg>
<var>${electron_command}</var>
<arg>cmd /c "where /q refreshenv &amp;&amp; (call refreshenv &amp;&amp; start ${signal_electron.binary_location} --remote-debugging-port=9222) || start ${signal_electron.binary_location} --remote-debugging-port=9222"</arg>
<doc>Returns the given values which can then be assigned to a variables.</doc>
<status status="PASS" start="2025-01-28T00:08:55.805583" elapsed="0.002997"/>
</kw>
<kw name="Get Parent Directory" owner="utilities">
<msg time="2025-01-28T00:08:55.809580" level="TRACE">Arguments: [ 'C:\\Projects\\all-repos\\src\\prd\\rb\\asbl\\target/uat/rb/ReportBurster\\ReportBurster.exe' ]</msg>
<msg time="2025-01-28T00:08:55.809580" level="TRACE">Return: 'C:\\Projects\\all-repos\\src\\prd\\rb\\asbl\\target/uat/rb/ReportBurster'</msg>
<msg time="2025-01-28T00:08:55.809580" level="INFO">${working_dir} = C:\Projects\all-repos\src\prd\rb\asbl\target/uat/rb/ReportBurster</msg>
<var>${working_dir}</var>
<arg>${signal_electron.binary_location}</arg>
<status status="PASS" start="2025-01-28T00:08:55.808580" elapsed="0.002001"/>
</kw>
<kw name="Start Process" owner="Process">
<msg time="2025-01-28T00:08:55.810581" level="TRACE">Arguments: [ 'cmd /c "where /q refreshenv &amp;&amp; (call refreshenv &amp;&amp; start C:\\Projects\\all-repos\\src\\prd\\rb\\asbl\\target/uat/rb/ReportBurster\\ReportBurster.exe --remote-debugging-port=9222) || start C:\\Projects\\all-repos\\src\\prd\\rb\\asbl\\target/uat/rb/ReportBurster\\ReportBurster.exe --remote-debugging-port=9222"' | cwd='C:\\Projects\\all-repos\\src\\prd\\rb\\asbl\\target/uat/rb/ReportBurster' | shell='True' ]</msg>
<msg time="2025-01-28T00:08:55.810581" level="INFO">Starting process:
cmd /c "where /q refreshenv &amp;&amp; (call refreshenv &amp;&amp; start C:\Projects\all-repos\src\prd\rb\asbl\target/uat/rb/ReportBurster\ReportBurster.exe --remote-debugging-port=9222) || start C:\Projects\all-repos\src\prd\rb\asbl\target/uat/rb/ReportBurster\ReportBurster.exe --remote-debugging-port=9222"</msg>
<msg time="2025-01-28T00:08:55.811544" level="DEBUG">Process configuration:
cwd:     C:\Projects\all-repos\src\prd\rb\asbl\target\uat\rb\ReportBurster
shell:   True
stdout:  PIPE
stderr:  PIPE
stdin:   None
alias:   None
env:     None</msg>
<msg time="2025-01-28T00:08:55.813542" level="TRACE">Return: &lt;Popen: returncode: None args: 'cmd /c "where /q refreshenv &amp;&amp; (call refresh...&gt;</msg>
<arg>${electron_command}</arg>
<arg>cwd=${working_dir}</arg>
<arg>shell=True</arg>
<doc>Starts a new process on background.</doc>
<status status="PASS" start="2025-01-28T00:08:55.810581" elapsed="0.002961"/>
</kw>
<kw name="Sleep" owner="BuiltIn">
<msg time="2025-01-28T00:08:55.814537" level="TRACE">Arguments: [ '1s' ]</msg>
<msg time="2025-01-28T00:08:56.814844" level="INFO">Slept 1 second.</msg>
<msg time="2025-01-28T00:08:56.814844" level="TRACE">Return: None</msg>
<arg>1s</arg>
<doc>Pauses the test executed for the given time.</doc>
<status status="PASS" start="2025-01-28T00:08:55.814537" elapsed="1.000307"/>
</kw>
<kw name="Evaluate" owner="BuiltIn">
<msg time="2025-01-28T00:08:56.815886" level="TRACE">Arguments: [ "sys.modules['selenium.webdriver'].ChromeOptions()" | 'sys, selenium.webdriver' ]</msg>
<msg time="2025-01-28T00:08:56.816870" level="TRACE">Return: &lt;selenium.webdriver.chrome.options.Options object at 0x000001BFD9755D30&gt;</msg>
<msg time="2025-01-28T00:08:56.816870" level="INFO">${options} = &lt;selenium.webdriver.chrome.options.Options object at 0x000001BFD9755D30&gt;</msg>
<var>${options}</var>
<arg>sys.modules['selenium.webdriver'].ChromeOptions()</arg>
<arg>sys, selenium.webdriver</arg>
<doc>Evaluates the given expression in Python and returns the result.</doc>
<status status="PASS" start="2025-01-28T00:08:56.815886" elapsed="0.001874"/>
</kw>
<kw name="Call Method" owner="BuiltIn">
<msg time="2025-01-28T00:08:56.818882" level="TRACE">Arguments: [ &lt;selenium.webdriver.chrome.options.Options object at 0x000001BFD9755D30&gt; | 'add_experimental_option' | 'debuggerAddress' | 'localhost:9222' ]</msg>
<msg time="2025-01-28T00:08:56.818882" level="TRACE">Return: None</msg>
<arg>${options}</arg>
<arg>add_experimental_option</arg>
<arg>debuggerAddress</arg>
<arg>localhost:9222</arg>
<doc>Calls the named method of the given object with the provided arguments.</doc>
<status status="PASS" start="2025-01-28T00:08:56.817882" elapsed="0.001000"/>
</kw>
<kw name="Create Webdriver" owner="SeleniumLibrary">
<msg time="2025-01-28T00:08:56.819883" level="TRACE">Arguments: [ 'Chrome' | service=&lt;selenium.webdriver.chrome.service.Service object at 0x000001BFD840B560&gt; | options=&lt;selenium.webdriver.chrome.options.Options object at 0x000001BFD9755D30&gt; ]</msg>
<msg time="2025-01-28T00:08:56.821095" level="INFO">Creating an instance of the Chrome WebDriver.</msg>
<msg time="2025-01-28T00:08:56.821095" level="DEBUG">Skipping Selenium Manager; path to chrome driver specified in Service class: C:\Projects\all-repos\src\prd\rb\frontend/reporting/node_modules/electron-chromedriver/bin/chromedriver.exe</msg>
<msg time="2025-01-28T00:08:56.830874" level="DEBUG">Started executable: `C:\Projects\all-repos\src\prd\rb\frontend/reporting/node_modules/electron-chromedriver/bin/chromedriver.exe` in a child process with pid: 27580 using 0 to output -3</msg>
<msg time="2025-01-28T00:08:56.833883" level="DEBUG">POST http://localhost:51810/session {'capabilities': {'firstMatch': [{}], 'alwaysMatch': {'browserName': 'chrome', 'pageLoadStrategy': &lt;PageLoadStrategy.normal: 'normal'&gt;, 'goog:chromeOptions': {'debuggerAddress': 'localhost:9222', 'extensions': [], 'args': []}}}}</msg>
<msg time="2025-01-28T00:08:56.835885" level="DEBUG">Starting new HTTP connection (1): localhost:51810</msg>
<msg time="2025-01-28T00:09:27.496626" level="DEBUG">http://localhost:51810 "POST /session HTTP/1.1" 200 0</msg>
<msg time="2025-01-28T00:09:27.496626" level="DEBUG">Remote response: status=200 | data={"value":{"capabilities":{"acceptInsecureCerts":false,"browserName":"chrome","browserVersion":"106.0.5249.103","chrome":{"chromedriverVersion":"106.0.5249.51 (916bca209b16f8c0d4fac47d332c637cf07f2016-refs/heads/main@{#1037919})"},"goog:chromeOptions":{"debuggerAddress":"localhost:9222"},"pageLoadStrategy":"normal","platformName":"","proxy":{},"setWindowRect":false,"strictFileInteractability":false,"timeouts":{"implicit":0,"pageLoad":300000,"script":30000},"unhandledPromptBehavior":"dismiss and notify","webauthn:extension:credBlob":true,"webauthn:extension:largeBlob":true,"webauthn:virtualAuthenticators":true},"sessionId":"34c0d1f0c5e0e666acb9394603bb6f85"}} | headers=HTTPHeaderDict({'Content-Length': '665', 'Content-Type': 'application/json; charset=utf-8', 'cache-control': 'no-cache'})</msg>
<msg time="2025-01-28T00:09:27.497623" level="DEBUG">Finished Request</msg>
<msg time="2025-01-28T00:09:27.497623" level="DEBUG">Created Chrome WebDriver instance with session id 34c0d1f0c5e0e666acb9394603bb6f85.</msg>
<msg time="2025-01-28T00:09:27.498634" level="TRACE">Return: 3</msg>
<arg>Chrome</arg>
<arg>service=${signal_service}</arg>
<arg>options=${options}</arg>
<doc>Creates an instance of Selenium WebDriver.</doc>
<status status="PASS" start="2025-01-28T00:08:56.819883" elapsed="30.678751"/>
</kw>
<msg time="2025-01-28T00:09:27.498634" level="TRACE">Return: None</msg>
<doc>Open's your electron application by providing browser binary via
C:\Projects\all-repos\src\prd\rb\asbl\target/uat/rb/ReportBurster\ReportBurster.exe and chromedriver binary via C:\Projects\all-repos\src\prd\rb\frontend/reporting/node_modules/electron-chromedriver/bin/chromedriver.exe
see vars.py for more details.</doc>
<status status="PASS" start="2025-01-28T00:08:55.804588" elapsed="31.694046"/>
</kw>
<kw name="Sleep" owner="BuiltIn">
<msg time="2025-01-28T00:09:27.500671" level="TRACE">Arguments: [ '1s' ]</msg>
<msg time="2025-01-28T00:09:28.501334" level="INFO">Slept 1 second.</msg>
<msg time="2025-01-28T00:09:28.501334" level="TRACE">Return: None</msg>
<arg>1s</arg>
<doc>Pauses the test executed for the given time.</doc>
<status status="PASS" start="2025-01-28T00:09:27.500671" elapsed="1.000663"/>
</kw>
<kw name="Wait Until Page Contains Element" owner="SeleniumLibrary">
<msg time="2025-01-28T00:09:28.502327" level="TRACE">Arguments: [ 'id=btnInstallJavaTabBurst' | timeout=datetime.timedelta(seconds=30) ]</msg>
<msg time="2025-01-28T00:09:28.502327" level="DEBUG">POST http://localhost:51810/session/34c0d1f0c5e0e666acb9394603bb6f85/elements {'using': 'css selector', 'value': '[id="btnInstallJavaTabBurst"]'}</msg>
<msg time="2025-01-28T00:09:28.717639" level="DEBUG">http://localhost:51810 "POST /session/34c0d1f0c5e0e666acb9394603bb6f85/elements HTTP/1.1" 200 0</msg>
<msg time="2025-01-28T00:09:28.717639" level="DEBUG">Remote response: status=200 | data={"value":[{"element-6066-11e4-a52e-4f735466cecf":"f38b7e59-89dc-439a-9526-5e75912f55d9"}]} | headers=HTTPHeaderDict({'Content-Length': '90', 'Content-Type': 'application/json; charset=utf-8', 'cache-control': 'no-cache'})</msg>
<msg time="2025-01-28T00:09:28.717639" level="DEBUG">Finished Request</msg>
<msg time="2025-01-28T00:09:28.718680" level="TRACE">Return: None</msg>
<arg>id=btnInstallJavaTabBurst</arg>
<arg>timeout=30</arg>
<doc>Waits until the element ``locator`` appears on the current page.</doc>
<status status="PASS" start="2025-01-28T00:09:28.501334" elapsed="0.217346"/>
</kw>
<kw name="Sleep" owner="BuiltIn">
<msg time="2025-01-28T00:09:28.720680" level="TRACE">Arguments: [ '1s' ]</msg>
<msg time="2025-01-28T00:09:29.721648" level="INFO">Slept 1 second.</msg>
<msg time="2025-01-28T00:09:29.721648" level="TRACE">Return: None</msg>
<arg>1s</arg>
<doc>Pauses the test executed for the given time.</doc>
<status status="PASS" start="2025-01-28T00:09:28.719636" elapsed="1.002012"/>
</kw>
<kw name="Click Button" owner="SeleniumLibrary">
<msg time="2025-01-28T00:09:29.722461" level="TRACE">Arguments: [ 'id=btnInstallJavaTabBurst' ]</msg>
<msg time="2025-01-28T00:09:29.723522" level="INFO">Clicking button 'id=btnInstallJavaTabBurst'.</msg>
<msg time="2025-01-28T00:09:29.723522" level="DEBUG">POST http://localhost:51810/session/34c0d1f0c5e0e666acb9394603bb6f85/elements {'using': 'css selector', 'value': '[id="btnInstallJavaTabBurst"]'}</msg>
<msg time="2025-01-28T00:09:29.740461" level="DEBUG">http://localhost:51810 "POST /session/34c0d1f0c5e0e666acb9394603bb6f85/elements HTTP/1.1" 200 0</msg>
<msg time="2025-01-28T00:09:29.740461" level="DEBUG">Remote response: status=200 | data={"value":[{"element-6066-11e4-a52e-4f735466cecf":"f38b7e59-89dc-439a-9526-5e75912f55d9"}]} | headers=HTTPHeaderDict({'Content-Length': '90', 'Content-Type': 'application/json; charset=utf-8', 'cache-control': 'no-cache'})</msg>
<msg time="2025-01-28T00:09:29.741484" level="DEBUG">Finished Request</msg>
<msg time="2025-01-28T00:09:29.741484" level="DEBUG">GET http://localhost:51810/session/34c0d1f0c5e0e666acb9394603bb6f85/element/f38b7e59-89dc-439a-9526-5e75912f55d9/name {}</msg>
<msg time="2025-01-28T00:09:29.753486" level="DEBUG">http://localhost:51810 "GET /session/34c0d1f0c5e0e666acb9394603bb6f85/element/f38b7e59-89dc-439a-9526-5e75912f55d9/name HTTP/1.1" 200 0</msg>
<msg time="2025-01-28T00:09:29.753486" level="DEBUG">Remote response: status=200 | data={"value":"button"} | headers=HTTPHeaderDict({'Content-Length': '18', 'Content-Type': 'application/json; charset=utf-8', 'cache-control': 'no-cache'})</msg>
<msg time="2025-01-28T00:09:29.753486" level="DEBUG">Finished Request</msg>
<msg time="2025-01-28T00:09:29.754486" level="DEBUG">POST http://localhost:51810/session/34c0d1f0c5e0e666acb9394603bb6f85/elements {'using': 'css selector', 'value': '[id="btnInstallJavaTabBurst"]'}</msg>
<msg time="2025-01-28T00:09:29.769112" level="DEBUG">http://localhost:51810 "POST /session/34c0d1f0c5e0e666acb9394603bb6f85/elements HTTP/1.1" 200 0</msg>
<msg time="2025-01-28T00:09:29.770113" level="DEBUG">Remote response: status=200 | data={"value":[{"element-6066-11e4-a52e-4f735466cecf":"f38b7e59-89dc-439a-9526-5e75912f55d9"}]} | headers=HTTPHeaderDict({'Content-Length': '90', 'Content-Type': 'application/json; charset=utf-8', 'cache-control': 'no-cache'})</msg>
<msg time="2025-01-28T00:09:29.770113" level="DEBUG">Finished Request</msg>
<msg time="2025-01-28T00:09:29.770113" level="DEBUG">GET http://localhost:51810/session/34c0d1f0c5e0e666acb9394603bb6f85/element/f38b7e59-89dc-439a-9526-5e75912f55d9/name {}</msg>
<msg time="2025-01-28T00:09:29.780113" level="DEBUG">http://localhost:51810 "GET /session/34c0d1f0c5e0e666acb9394603bb6f85/element/f38b7e59-89dc-439a-9526-5e75912f55d9/name HTTP/1.1" 200 0</msg>
<msg time="2025-01-28T00:09:29.780113" level="DEBUG">Remote response: status=200 | data={"value":"button"} | headers=HTTPHeaderDict({'Content-Length': '18', 'Content-Type': 'application/json; charset=utf-8', 'cache-control': 'no-cache'})</msg>
<msg time="2025-01-28T00:09:29.780113" level="DEBUG">Finished Request</msg>
<msg time="2025-01-28T00:09:29.781113" level="DEBUG">POST http://localhost:51810/session/34c0d1f0c5e0e666acb9394603bb6f85/element/f38b7e59-89dc-439a-9526-5e75912f55d9/click {}</msg>
<msg time="2025-01-28T00:09:30.083700" level="DEBUG">http://localhost:51810 "POST /session/34c0d1f0c5e0e666acb9394603bb6f85/element/f38b7e59-89dc-439a-9526-5e75912f55d9/click HTTP/1.1" 200 0</msg>
[...]
<msg time="2025-01-28T00:12:05.816187" level="TRACE">Return: None</msg>
<arg>css=.dburst-button-question-decline</arg>
<arg>timeout=30</arg>
<doc>Waits until the element ``locator`` is not visible.</doc>
<status status="PASS" start="2025-01-28T00:12:05.545258" elapsed="0.270929"/>
</kw>
<kw name="Sleep" owner="BuiltIn">
<msg time="2025-01-28T00:12:05.818188" level="TRACE">Arguments: [ '1s' ]</msg>
<msg time="2025-01-28T00:12:06.818398" level="INFO">Slept 1 second.</msg>
<msg time="2025-01-28T00:12:06.818398" level="TRACE">Return: None</msg>
<arg>1s</arg>
<doc>Pauses the test executed for the given time.</doc>
<status status="PASS" start="2025-01-28T00:12:05.817278" elapsed="1.001120"/>
</kw>
<kw name="Click Button" owner="SeleniumLibrary">
<msg time="2025-01-28T00:12:06.820446" level="TRACE">Arguments: [ 'id=btnInstallChocolatey' ]</msg>
<msg time="2025-01-28T00:12:06.820446" level="INFO">Clicking button 'id=btnInstallChocolatey'.</msg>
<msg time="2025-01-28T00:12:06.821332" level="DEBUG">POST http://localhost:51810/session/d5f8edeca518c2b767d48d4e180e4261/elements {'using': 'css selector', 'value': '[id="btnInstallChocolatey"]'}</msg>
<msg time="2025-01-28T00:12:06.840076" level="DEBUG">http://localhost:51810 "POST /session/d5f8edeca518c2b767d48d4e180e4261/elements HTTP/1.1" 200 0</msg>
<msg time="2025-01-28T00:12:06.840076" level="DEBUG">Remote response: status=200 | data={"value":[{"element-6066-11e4-a52e-4f735466cecf":"3a28248d-1a9a-4a8c-b135-79b0dcad4336"}]} | headers=HTTPHeaderDict({'Content-Length': '90', 'Content-Type': 'application/json; charset=utf-8', 'cache-control': 'no-cache'})</msg>
<msg time="2025-01-28T00:12:06.841126" level="DEBUG">Finished Request</msg>
<msg time="2025-01-28T00:12:06.841126" level="DEBUG">GET http://localhost:51810/session/d5f8edeca518c2b767d48d4e180e4261/element/3a28248d-1a9a-4a8c-b135-79b0dcad4336/name {}</msg>
<msg time="2025-01-28T00:12:06.853128" level="DEBUG">http://localhost:51810 "GET /session/d5f8edeca518c2b767d48d4e180e4261/element/3a28248d-1a9a-4a8c-b135-79b0dcad4336/name HTTP/1.1" 200 0</msg>
<msg time="2025-01-28T00:12:06.853128" level="DEBUG">Remote response: status=200 | data={"value":"button"} | headers=HTTPHeaderDict({'Content-Length': '18', 'Content-Type': 'application/json; charset=utf-8', 'cache-control': 'no-cache'})</msg>
<msg time="2025-01-28T00:12:06.854127" level="DEBUG">Finished Request</msg>
<msg time="2025-01-28T00:12:06.854127" level="DEBUG">POST http://localhost:51810/session/d5f8edeca518c2b767d48d4e180e4261/elements {'using': 'css selector', 'value': '[id="btnInstallChocolatey"]'}</msg>
<msg time="2025-01-28T00:12:06.873130" level="DEBUG">http://localhost:51810 "POST /session/d5f8edeca518c2b767d48d4e180e4261/elements HTTP/1.1" 200 0</msg>
<msg time="2025-01-28T00:12:06.873130" level="DEBUG">Remote response: status=200 | data={"value":[{"element-6066-11e4-a52e-4f735466cecf":"3a28248d-1a9a-4a8c-b135-79b0dcad4336"}]} | headers=HTTPHeaderDict({'Content-Length': '90', 'Content-Type': 'application/json; charset=utf-8', 'cache-control': 'no-cache'})</msg>
<msg time="2025-01-28T00:12:06.874126" level="DEBUG">Finished Request</msg>
<msg time="2025-01-28T00:12:06.874603" level="DEBUG">GET http://localhost:51810/session/d5f8edeca518c2b767d48d4e180e4261/element/3a28248d-1a9a-4a8c-b135-79b0dcad4336/name {}</msg>
<msg time="2025-01-28T00:12:06.885944" level="DEBUG">http://localhost:51810 "GET /session/d5f8edeca518c2b767d48d4e180e4261/element/3a28248d-1a9a-4a8c-b135-79b0dcad4336/name HTTP/1.1" 200 0</msg>
<msg time="2025-01-28T00:12:06.886563" level="DEBUG">Remote response: status=200 | data={"value":"button"} | headers=HTTPHeaderDict({'Content-Length': '18', 'Content-Type': 'application/json; charset=utf-8', 'cache-control': 'no-cache'})</msg>
<msg time="2025-01-28T00:12:06.886563" level="DEBUG">Finished Request</msg>
<msg time="2025-01-28T00:12:06.886563" level="DEBUG">POST http://localhost:51810/session/d5f8edeca518c2b767d48d4e180e4261/element/3a28248d-1a9a-4a8c-b135-79b0dcad4336/click {}</msg>
<msg time="2025-01-28T00:12:06.997111" level="DEBUG">http://localhost:51810 "POST /session/d5f8edeca518c2b767d48d4e180e4261/element/3a28248d-1a9a-4a8c-b135-79b0dcad4336/click HTTP/1.1" 200 0</msg>
<msg time="2025-01-28T00:12:06.998112" level="DEBUG">Remote response: status=200 | data={"value":null} | headers=HTTPHeaderDict({'Content-Length': '14', 'Content-Type': 'application/json; charset=utf-8', 'cache-control': 'no-cache'})</msg>
<msg time="2025-01-28T00:12:06.999111" level="DEBUG">Finished Request</msg>
<msg time="2025-01-28T00:12:06.999111" level="TRACE">Return: None</msg>
<arg>id=btnInstallChocolatey</arg>
<doc>Clicks the button identified by ``locator``.</doc>
<status status="PASS" start="2025-01-28T00:12:06.819584" elapsed="0.179527"/>
</kw>
<kw name="Wait Until Page Contains Element" owner="SeleniumLibrary">
<msg time="2025-01-28T00:12:07.003113" level="TRACE">Arguments: [ 'css=.dburst-button-question-confirm' | timeout=datetime.timedelta(seconds=30) ]</msg>
<msg time="2025-01-28T00:12:07.004621" level="DEBUG">POST http://localhost:51810/session/d5f8edeca518c2b767d48d4e180e4261/elements {'using': 'css selector', 'value': '.dburst-button-question-confirm'}</msg>
<msg time="2025-01-28T00:12:07.042017" level="DEBUG">http://localhost:51810 "POST /session/d5f8edeca518c2b767d48d4e180e4261/elements HTTP/1.1" 200 0</msg>
<msg time="2025-01-28T00:12:07.043018" level="DEBUG">Remote response: status=200 | data={"value":[{"element-6066-11e4-a52e-4f735466cecf":"4ae00df0-7efc-453c-8475-f5da38cc652f"}]} | headers=HTTPHeaderDict({'Content-Length': '90', 'Content-Type': 'application/json; charset=utf-8', 'cache-control': 'no-cache'})</msg>
<msg time="2025-01-28T00:12:07.043018" level="DEBUG">Finished Request</msg>
<msg time="2025-01-28T00:12:07.043018" level="TRACE">Return: None</msg>
<arg>css=.dburst-button-question-confirm</arg>
<arg>timeout=30</arg>
<doc>Waits until the element ``locator`` appears on the current page.</doc>
<status status="PASS" start="2025-01-28T00:12:07.002112" elapsed="0.040906"/>
</kw>
<kw name="Sleep" owner="BuiltIn">
<msg time="2025-01-28T00:12:07.045012" level="TRACE">Arguments: [ '1s' ]</msg>
<msg time="2025-01-28T00:12:08.045954" level="INFO">Slept 1 second.</msg>
<msg time="2025-01-28T00:12:08.045954" level="TRACE">Return: None</msg>
<arg>1s</arg>
<doc>Pauses the test executed for the given time.</doc>
<status status="PASS" start="2025-01-28T00:12:07.045012" elapsed="1.000942"/>
</kw>
<kw name="Take Named Screenshot If Requested">
<msg time="2025-01-28T00:12:08.053949" level="FAIL">No keyword with name 'Take Named Screenshot If Requested' found.</msg>
<arg>000_05_Prerequisites_ChocoNoJavaNo_InstallChoco</arg>
<status status="FAIL" start="2025-01-28T00:12:08.053949" elapsed="0.000000">No keyword with name 'Take Named Screenshot If Requested' found.</status>
</kw>
<kw name="Click Element" owner="SeleniumLibrary">
<arg>css=.dburst-button-question-confirm</arg>
<doc>Click the element identified by ``locator``.</doc>
<status status="NOT RUN" start="2025-01-28T00:12:08.055990" elapsed="0.000000"/>
</kw>
<kw name="Wait Until Element Is Not Visible" owner="SeleniumLibrary">
<arg>css=.dburst-button-question-confirm</arg>
<arg>timeout=30</arg>
<doc>Waits until the element ``locator`` is not visible.</doc>
<status status="NOT RUN" start="2025-01-28T00:12:08.057315" elapsed="0.000000"/>
</kw>
<kw name="Wait For Powershell And Accept Completion" owner="utilities">
<status status="NOT RUN" start="2025-01-28T00:12:08.058302" elapsed="0.000000"/>
</kw>
<kw name="Sleep" owner="BuiltIn">
<arg>1s</arg>
<doc>Pauses the test executed for the given time.</doc>
<status status="NOT RUN" start="2025-01-28T00:12:08.060002" elapsed="0.000000"/>
</kw>
<kw name="Close ReportBurster Application">
<doc>Close ReportBurster Application</doc>
<status status="NOT RUN" start="2025-01-28T00:12:08.061288" elapsed="0.000000"/>
</kw>
<kw name="Sleep" owner="BuiltIn">
<arg>1s</arg>
<doc>Pauses the test executed for the given time.</doc>
<status status="NOT RUN" start="2025-01-28T00:12:08.062315" elapsed="0.000000"/>
</kw>
<kw name="Refresh Env Variables" owner="utilities">
<status status="NOT RUN" start="2025-01-28T00:12:08.063332" elapsed="0.000000"/>
</kw>
<kw name="Sleep" owner="BuiltIn">
<arg>1s</arg>
<doc>Pauses the test executed for the given time.</doc>
<status status="NOT RUN" start="2025-01-28T00:12:08.064327" elapsed="0.000000"/>
</kw>
<kw name="Open Electron Application">
<doc>Open's your electron application by providing browser binary via
C:\Projects\all-repos\src\prd\rb\asbl\target/uat/rb/ReportBurster\ReportBurster.exe and chromedriver binary via C:\Projects\all-repos\src\prd\rb\frontend/reporting/node_modules/electron-chromedriver/bin/chromedriver.exe
see vars.py for more details.</doc>
<status status="NOT RUN" start="2025-01-28T00:12:08.066328" elapsed="0.000000"/>
</kw>
<kw name="Sleep" owner="BuiltIn">
<arg>1s</arg>
<doc>Pauses the test executed for the given time.</doc>
<status status="NOT RUN" start="2025-01-28T00:12:08.067338" elapsed="0.000000"/>
</kw>
<kw name="Wait Until Page Contains Element" owner="SeleniumLibrary">
<arg>id=btnInstallJavaTabBurst</arg>
<arg>timeout=30</arg>
<doc>Waits until the element ``locator`` appears on the current page.</doc>
<status status="NOT RUN" start="2025-01-28T00:12:08.069344" elapsed="0.000000"/>
</kw>
<kw name="Click Button" owner="SeleniumLibrary">
<arg>id=btnInstallJavaTabBurst</arg>
<doc>Clicks the button identified by ``locator``.</doc>
<status status="NOT RUN" start="2025-01-28T00:12:08.070962" elapsed="0.000365"/>
</kw>
<kw name="Wait Until Page Contains Element" owner="SeleniumLibrary">
<arg>id=btnInstallJava</arg>
<arg>timeout=30</arg>
<doc>Waits until the element ``locator`` appears on the current page.</doc>
<status status="NOT RUN" start="2025-01-28T00:12:08.071817" elapsed="0.000511"/>
</kw>
<kw name="Element Should Be Enabled" owner="SeleniumLibrary">
<arg>id=btnInstallJava</arg>
<doc>Verifies that element identified by ``locator`` is enabled.</doc>
<status status="NOT RUN" start="2025-01-28T00:12:08.073273" elapsed="0.000000"/>
</kw>
<kw name="Sleep" owner="BuiltIn">
<arg>1s</arg>
<doc>Pauses the test executed for the given time.</doc>
<status status="NOT RUN" start="2025-01-28T00:12:08.073597" elapsed="0.000000"/>
</kw>
<kw name="Click Button" owner="SeleniumLibrary">
<arg>id=btnInstallJava</arg>
<doc>Clicks the button identified by ``locator``.</doc>
<status status="NOT RUN" start="2025-01-28T00:12:08.074649" elapsed="0.000000"/>
</kw>
<kw name="Wait Until Page Contains Element" owner="SeleniumLibrary">
<arg>css=.dburst-button-question-decline</arg>
<arg>timeout=30</arg>
<doc>Waits until the element ``locator`` appears on the current page.</doc>
<status status="NOT RUN" start="2025-01-28T00:12:08.075855" elapsed="0.000000"/>
</kw>
<kw name="Sleep" owner="BuiltIn">
<arg>1s</arg>
<doc>Pauses the test executed for the given time.</doc>
<status status="NOT RUN" start="2025-01-28T00:12:08.076650" elapsed="0.001005"/>
</kw>
<kw name="Click Element" owner="SeleniumLibrary">
<arg>css=.dburst-button-question-decline</arg>
<doc>Click the element identified by ``locator``.</doc>
<status status="NOT RUN" start="2025-01-28T00:12:08.079652" elapsed="0.000000"/>
</kw>
<kw name="Wait Until Element Is Not Visible" owner="SeleniumLibrary">
<arg>css=.dburst-button-question-decline</arg>
<arg>timeout=30</arg>
<doc>Waits until the element ``locator`` is not visible.</doc>
<status status="NOT RUN" start="2025-01-28T00:12:08.080650" elapsed="0.000000"/>
</kw>
<kw name="Sleep" owner="BuiltIn">
<arg>1s</arg>
<doc>Pauses the test executed for the given time.</doc>
<status status="NOT RUN" start="2025-01-28T00:12:08.081651" elapsed="0.000000"/>
</kw>
<kw name="Click Button" owner="SeleniumLibrary">
<arg>id=btnInstallJava</arg>
<doc>Clicks the button identified by ``locator``.</doc>
<status status="NOT RUN" start="2025-01-28T00:12:08.082591" elapsed="0.000000"/>
</kw>
<kw name="Wait Until Page Contains Element" owner="SeleniumLibrary">
<arg>css=.dburst-button-question-confirm</arg>
<arg>timeout=30</arg>
<doc>Waits until the element ``locator`` appears on the current page.</doc>
<status status="NOT RUN" start="2025-01-28T00:12:08.083590" elapsed="0.000000"/>
</kw>
<kw name="Sleep" owner="BuiltIn">
<arg>1s</arg>
<doc>Pauses the test executed for the given time.</doc>
<status status="NOT RUN" start="2025-01-28T00:12:08.084589" elapsed="0.001006"/>
</kw>
<kw name="Click Element" owner="SeleniumLibrary">
<arg>css=.dburst-button-question-confirm</arg>
<doc>Click the element identified by ``locator``.</doc>
<status status="NOT RUN" start="2025-01-28T00:12:08.085595" elapsed="0.001046"/>
</kw>
<kw name="Wait Until Element Is Not Visible" owner="SeleniumLibrary">
<arg>css=.dburst-button-question-confirm</arg>
<arg>timeout=30</arg>
<doc>Waits until the element ``locator`` is not visible.</doc>
<status status="NOT RUN" start="2025-01-28T00:12:08.086828" elapsed="0.000000"/>
</kw>
<kw name="Sleep" owner="BuiltIn">
<arg>1s</arg>
<doc>Pauses the test executed for the given time.</doc>
<status status="NOT RUN" start="2025-01-28T00:12:08.088860" elapsed="0.000000"/>
</kw>
<kw name="Wait For Powershell And Accept Completion" owner="utilities">
<status status="NOT RUN" start="2025-01-28T00:12:08.090158" elapsed="0.000708"/>
</kw>
<kw name="Sleep" owner="BuiltIn">
<arg>1s</arg>
<doc>Pauses the test executed for the given time.</doc>
<status status="NOT RUN" start="2025-01-28T00:12:08.091040" elapsed="0.000000"/>
</kw>
<kw name="Close ReportBurster Application">
<doc>Close ReportBurster Application</doc>
<status status="NOT RUN" start="2025-01-28T00:12:08.092846" elapsed="0.000000"/>
</kw>
<kw name="Sleep" owner="BuiltIn">
<arg>1s</arg>
<doc>Pauses the test executed for the given time.</doc>
<status status="NOT RUN" start="2025-01-28T00:12:08.093137" elapsed="0.000746"/>
</kw>
<kw name="Refresh Env Variables" owner="utilities">
<status status="NOT RUN" start="2025-01-28T00:12:08.093883" elapsed="0.001000"/>
</kw>
<kw name="Sleep" owner="BuiltIn">
<arg>1s</arg>
<doc>Pauses the test executed for the given time.</doc>
<status status="NOT RUN" start="2025-01-28T00:12:08.095265" elapsed="0.000615"/>
</kw>
<kw name="Open Electron Application">
<doc>Open's your electron application by providing browser binary via
C:\Projects\all-repos\src\prd\rb\asbl\target/uat/rb/ReportBurster\ReportBurster.exe and chromedriver binary via C:\Projects\all-repos\src\prd\rb\frontend/reporting/node_modules/electron-chromedriver/bin/chromedriver.exe
see vars.py for more details.</doc>
<status status="NOT RUN" start="2025-01-28T00:12:08.098302" elapsed="0.000000"/>
</kw>
<kw name="Wait Until Page Contains Element" owner="SeleniumLibrary">
<arg>id=burstFile</arg>
<arg>timeout=30</arg>
<doc>Waits until the element ``locator`` appears on the current page.</doc>
<status status="NOT RUN" start="2025-01-28T00:12:08.099821" elapsed="0.000000"/>
</kw>
<kw name="Sleep" owner="BuiltIn">
<arg>1s</arg>
<doc>Pauses the test executed for the given time.</doc>
<status status="NOT RUN" start="2025-01-28T00:12:08.100832" elapsed="0.000000"/>
</kw>
<kw name="Page Should Not Contain Element" owner="SeleniumLibrary">
<arg>id=btnInstallJavaTabBurst</arg>
<doc>Verifies that element ``locator`` is not found on the current page.</doc>
<status status="NOT RUN" start="2025-01-28T00:12:08.101874" elapsed="0.000000"/>
</kw>
<kw name="Sleep" owner="BuiltIn">
<arg>1s</arg>
<doc>Pauses the test executed for the given time.</doc>
<status status="NOT RUN" start="2025-01-28T00:12:08.103647" elapsed="0.000000"/>
</kw>
<kw name="Ensure Java Is Not Installed" owner="utilities">
<status status="NOT RUN" start="2025-01-28T00:12:08.104704" elapsed="0.000000"/>
</kw>
<kw name="Close ReportBurster Application">
<doc>Close ReportBurster Application</doc>
<status status="NOT RUN" start="2025-01-28T00:12:08.105643" elapsed="0.000000"/>
</kw>
<kw name="Kill Reportburster Exe Process" owner="utilities" type="TEARDOWN">
<msg time="2025-01-28T00:12:08.106862" level="TRACE">Arguments: [  ]</msg>
<msg time="2025-01-28T00:12:08.109652" level="INFO">Log file path: C:\Projects\all-repos\src\prd\rb\asbl\target/uat/rb/ReportBurster\logs\electron.log</msg>
<msg time="2025-01-28T00:12:08.109652" level="TRACE">Return: None</msg>
<status status="PASS" start="2025-01-28T00:12:08.106862" elapsed="0.002790"/>
</kw>
<doc>Chocolatey Not Installed and Java Not Installed Should Allow User to Install Chocolatey and Then Java</doc>
<status status="SKIP" start="2025-01-28T00:11:09.338588" elapsed="58.775102">No keyword with name 'Take Named Screenshot If Requested' found.
Skipped for Retry</status>
</test>
<test id="s1-s1-t7" name="Prerequisites Chocolatey Not Installed and Java Not Installed Should Allow User to Install Chocolatey and Then Java" line="67">
<kw name="Clean State" type="SETUP">
<msg time="2025-01-28T00:12:08.150533" level="TRACE">Arguments: [  ]</msg>
<kw name="Clean Output Folders And Log Files" owner="utilities">
<msg time="2025-01-28T00:12:08.151430" level="TRACE">Arguments: [  ]</msg>
<msg time="2025-01-28T00:12:08.155102" level="TRACE">Return: None</msg>
<status status="PASS" start="2025-01-28T00:12:08.150533" elapsed="0.004569"/>
</kw>
<kw name="Close ReportBurster Application">
<msg time="2025-01-28T00:12:08.156034" level="TRACE">Arguments: [  ]</msg>
<kw name="Kill Reportburster Exe Process" owner="utilities">
<msg time="2025-01-28T00:12:08.157022" level="TRACE">Arguments: [  ]</msg>
<msg time="2025-01-28T00:12:08.195252" level="INFO">Log file path: C:\Projects\all-repos\src\prd\rb\asbl\target/uat/rb/ReportBurster\logs\electron.log</msg>
<msg time="2025-01-28T00:12:08.196253" level="TRACE">Return: None</msg>
<status status="PASS" start="2025-01-28T00:12:08.157022" elapsed="0.039231"/>
</kw>
<msg time="2025-01-28T00:12:08.197253" level="TRACE">Return: None</msg>
<doc>Close ReportBurster Application</doc>
<status status="PASS" start="2025-01-28T00:12:08.156034" elapsed="0.041219"/>
</kw>
<msg time="2025-01-28T00:12:08.197253" level="TRACE">Return: None</msg>
<doc>Clean Output Folders and Log Files</doc>
<status status="PASS" start="2025-01-28T00:12:08.149376" elapsed="0.047877"/>
</kw>
<kw name="Ensure Java Is Not Installed" owner="utilities">
<msg time="2025-01-28T00:12:08.199249" level="TRACE">Arguments: [  ]</msg>
<msg time="2025-01-28T00:12:08.267217" level="INFO">Chocolatey is not installed. (ensure_java_is_not_installed)
Java is not installed on this computer.</msg>
<msg time="2025-01-28T00:12:08.267217" level="TRACE">Return: None</msg>
<status status="PASS" start="2025-01-28T00:12:08.199249" elapsed="0.067968"/>
</kw>
<kw name="Ensure Chocolatey Is Not Installed" owner="utilities">
<msg time="2025-01-28T00:12:08.269217" level="TRACE">Arguments: [  ]</msg>
<msg time="2025-01-28T00:12:08.318478" level="INFO">Chocolatey is not installed.</msg>
<msg time="2025-01-28T00:12:08.318478" level="TRACE">Return: None</msg>
<status status="PASS" start="2025-01-28T00:12:08.269217" elapsed="0.050269"/>
</kw>
<kw name="Open Electron Application">
<msg time="2025-01-28T00:12:08.322484" level="TRACE">Arguments: [  ]</msg>
<kw name="Set Variable" owner="BuiltIn">
<msg time="2025-01-28T00:12:08.327547" level="TRACE">Arguments: [ 'cmd /c "where /q refreshenv &amp;&amp; (call refreshenv &amp;&amp; start C:\\Projects\\all-repos\\src\\prd\\rb\\asbl\\target/uat/rb/ReportBurster\\ReportBurster.exe --remote-debugging-port=9222) || start C:\\Projects\\all-repos\\src\\prd\\rb\\asbl\\target/uat/rb/ReportBurster\\ReportBurster.exe --remote-debugging-port=9222"' ]</msg>
<msg time="2025-01-28T00:12:08.327547" level="TRACE">