<?xml version="1.0" encoding="UTF-8"?>
<robot generator="Rebot 7.2.2 (Python 3.12.6 on win32)" generated="2025-03-18T14:11:13.405082" rpa="false" schemaversion="5">
<suite id="s1" name="Tests" source="C:\Projects\all-repos\src\prd\rb\asbl\src\uat\tests">
<suite id="s1-s1" name="Different-Java-Versions" source="C:\Projects\all-repos\src\prd\rb\asbl\src\uat\tests\different-java-versions.robot">
<test id="s1-s1-t1" name="ReportBurster.exe Latest Java" line="24">
<kw name="Clean Output Folders And Log Files" owner="utilities" type="SETUP">
<msg time="2025-03-18T13:54:53.125386" level="TRACE">Arguments: [  ]</msg>
<msg time="2025-03-18T13:54:53.126079" level="TRACE">Return: None</msg>
<status status="PASS" start="2025-03-18T13:54:53.119507" elapsed="0.007572"/>
</kw>
<kw name="Ensure Chocolatey Is Installed" owner="utilities">
<msg time="2025-03-18T13:54:53.127079" level="TRACE">Arguments: [  ]</msg>
<msg time="2025-03-18T13:54:54.019326" level="INFO">Output of 'choco -v': 2.4.3

Chocolatey is already installed.</msg>
<msg time="2025-03-18T13:54:54.019326" level="TRACE">Return: None</msg>
<status status="PASS" start="2025-03-18T13:54:53.127079" elapsed="0.892247"/>
</kw>
<kw name="Sleep" owner="BuiltIn">
<msg time="2025-03-18T13:54:54.020326" level="TRACE">Arguments: [ '1s' ]</msg>
<msg time="2025-03-18T13:54:55.020770" level="INFO">Slept 1 second.</msg>
<msg time="2025-03-18T13:54:55.020770" level="TRACE">Return: None</msg>
<arg>1s</arg>
<doc>Pauses the test executed for the given time.</doc>
<status status="PASS" start="2025-03-18T13:54:54.020326" elapsed="1.000444"/>
</kw>
<kw name="Refresh Env Variables" owner="utilities">
<msg time="2025-03-18T13:54:55.021589" level="TRACE">Arguments: [  ]</msg>
<msg time="2025-03-18T13:54:56.124487" level="TRACE">Return: None</msg>
<status status="PASS" start="2025-03-18T13:54:55.020770" elapsed="1.103717"/>
</kw>
<kw name="Sleep" owner="BuiltIn">
<msg time="2025-03-18T13:54:56.125487" level="TRACE">Arguments: [ '1s' ]</msg>
<msg time="2025-03-18T13:54:57.126388" level="INFO">Slept 1 second.</msg>
<msg time="2025-03-18T13:54:57.126388" level="TRACE">Return: None</msg>
<arg>1s</arg>
<doc>Pauses the test executed for the given time.</doc>
<status status="PASS" start="2025-03-18T13:54:56.124487" elapsed="1.001901"/>
</kw>
<kw name="Ensure Java Is Not Installed" owner="utilities">
<msg time="2025-03-18T13:54:57.126388" level="TRACE">Arguments: [  ]</msg>
<msg time="2025-03-18T13:55:20.719468" level="INFO">Chocolatey is installed. (ensure_java_is_not_installed)
Uninstalling maven with Chocolatey...
Uninstalling Temurin11 with Chocolatey...
Java is not installed on this computer.</msg>
<msg time="2025-03-18T13:55:20.720451" level="TRACE">Return: None</msg>
<status status="PASS" start="2025-03-18T13:54:57.126388" elapsed="23.594063"/>
</kw>
<kw name="Sleep" owner="BuiltIn">
<msg time="2025-03-18T13:55:20.720451" level="TRACE">Arguments: [ '1s' ]</msg>
<msg time="2025-03-18T13:55:21.721729" level="INFO">Slept 1 second.</msg>
<msg time="2025-03-18T13:55:21.721729" level="TRACE">Return: None</msg>
<arg>1s</arg>
<doc>Pauses the test executed for the given time.</doc>
<status status="PASS" start="2025-03-18T13:55:20.720451" elapsed="1.001278"/>
</kw>
<kw name="Refresh Env Variables" owner="utilities">
<msg time="2025-03-18T13:55:21.721729" level="TRACE">Arguments: [  ]</msg>
<msg time="2025-03-18T13:55:22.071727" level="TRACE">Return: None</msg>
<status status="PASS" start="2025-03-18T13:55:21.721729" elapsed="0.349998"/>
</kw>
<kw name="Sleep" owner="BuiltIn">
<msg time="2025-03-18T13:55:22.071727" level="TRACE">Arguments: [ '1s' ]</msg>
<msg time="2025-03-18T13:55:23.071948" level="INFO">Slept 1 second.</msg>
<msg time="2025-03-18T13:55:23.071948" level="TRACE">Return: None</msg>
<arg>1s</arg>
<doc>Pauses the test executed for the given time.</doc>
<status status="PASS" start="2025-03-18T13:55:22.071727" elapsed="1.000221"/>
</kw>
<kw name="Ensure Java Is Installed" owner="utilities">
<msg time="2025-03-18T13:55:23.074824" level="TRACE">Arguments: [ 'latest' ]</msg>
<msg time="2025-03-18T13:55:42.081092" level="INFO">Java is not installed. Installing now...
Output of 'choco -v': 2.4.3

Chocolatey is already installed.
Java latest has been installed.</msg>
<msg time="2025-03-18T13:55:42.081092" level="TRACE">Return: None</msg>
<arg>latest</arg>
<status status="PASS" start="2025-03-18T13:55:23.073788" elapsed="19.008297"/>
</kw>
<kw name="Sleep" owner="BuiltIn">
<msg time="2025-03-18T13:55:42.082085" level="TRACE">Arguments: [ '1s' ]</msg>
<msg time="2025-03-18T13:55:43.082309" level="INFO">Slept 1 second.</msg>
<msg time="2025-03-18T13:55:43.082309" level="TRACE">Return: None</msg>
<arg>1s</arg>
<doc>Pauses the test executed for the given time.</doc>
<status status="PASS" start="2025-03-18T13:55:42.082085" elapsed="1.000224"/>
</kw>
<kw name="Refresh Env Variables" owner="utilities">
<msg time="2025-03-18T13:55:43.083355" level="TRACE">Arguments: [  ]</msg>
<msg time="2025-03-18T13:55:43.545496" level="TRACE">Return: None</msg>
<status status="PASS" start="2025-03-18T13:55:43.083355" elapsed="0.463184"/>
</kw>
<kw name="Sleep" owner="BuiltIn">
<msg time="2025-03-18T13:55:43.546539" level="TRACE">Arguments: [ '1s' ]</msg>
<msg time="2025-03-18T13:55:44.547592" level="INFO">Slept 1 second.</msg>
<msg time="2025-03-18T13:55:44.547592" level="TRACE">Return: None</msg>
<arg>1s</arg>
<doc>Pauses the test executed for the given time.</doc>
<status status="PASS" start="2025-03-18T13:55:43.546539" elapsed="1.001053"/>
</kw>
<kw name="Sleep" owner="BuiltIn">
<msg time="2025-03-18T13:55:44.548558" level="TRACE">Arguments: [ '1s' ]</msg>
<msg time="2025-03-18T13:55:45.549820" level="INFO">Slept 1 second.</msg>
<msg time="2025-03-18T13:55:45.549820" level="TRACE">Return: None</msg>
<arg>1s</arg>
<doc>Pauses the test executed for the given time.</doc>
<status status="PASS" start="2025-03-18T13:55:44.548558" elapsed="1.001262"/>
</kw>
<kw name="Ensure Java Is Not Installed" owner="utilities">
<msg time="2025-03-18T13:55:45.550847" level="TRACE">Arguments: [  ]</msg>
<msg time="2025-03-18T13:55:57.630409" level="INFO">Chocolatey is installed. (ensure_java_is_not_installed)
Uninstalling Temurin with Chocolatey...
Java is not installed on this computer.</msg>
<msg time="2025-03-18T13:55:57.630409" level="TRACE">Return: None</msg>
<status status="PASS" start="2025-03-18T13:55:45.550847" elapsed="12.079562"/>
</kw>
<kw name="Sleep" owner="BuiltIn">
<msg time="2025-03-18T13:55:57.631410" level="TRACE">Arguments: [ '1s' ]</msg>
<msg time="2025-03-18T13:55:58.631689" level="INFO">Slept 1 second.</msg>
<msg time="2025-03-18T13:55:58.631689" level="TRACE">Return: None</msg>
<arg>1s</arg>
<doc>Pauses the test executed for the given time.</doc>
<status status="PASS" start="2025-03-18T13:55:57.631410" elapsed="1.000279"/>
</kw>
<kw name="Refresh Env Variables" owner="utilities">
<msg time="2025-03-18T13:55:58.631689" level="TRACE">Arguments: [  ]</msg>
<msg time="2025-03-18T13:55:58.957016" level="TRACE">Return: None</msg>
<status status="PASS" start="2025-03-18T13:55:58.631689" elapsed="0.325327"/>
</kw>
<doc>Quickstart Payslips.pdf Should Work Fine (Latest Java)</doc>
<status status="PASS" start="2025-03-18T13:54:53.118506" elapsed="65.838510"/>
</test>
<test id="s1-s1-t2" name="startServer.bat and shutServer.bat Should Work Fine Latest Java" line="50">
<kw name="Clean Output Folders And Log Files" owner="utilities" type="SETUP">
<msg time="2025-03-18T13:55:58.960017" level="TRACE">Arguments: [  ]</msg>
<msg time="2025-03-18T13:55:58.961015" level="TRACE">Return: None</msg>
<status status="PASS" start="2025-03-18T13:55:58.960017" elapsed="0.000998"/>
</kw>
<kw name="Ensure Chocolatey Is Installed" owner="utilities">
<msg time="2025-03-18T13:55:58.961015" level="TRACE">Arguments: [  ]</msg>
<msg time="2025-03-18T13:55:59.834252" level="INFO">Output of 'choco -v': 2.4.3

Chocolatey is already installed.</msg>
<msg time="2025-03-18T13:55:59.834252" level="TRACE">Return: None</msg>
<status status="PASS" start="2025-03-18T13:55:58.961015" elapsed="0.873237"/>
</kw>
<kw name="Sleep" owner="BuiltIn">
<msg time="2025-03-18T13:55:59.834252" level="TRACE">Arguments: [ '1s' ]</msg>
<msg time="2025-03-18T13:56:00.834463" level="INFO">Slept 1 second.</msg>
<msg time="2025-03-18T13:56:00.834463" level="TRACE">Return: None</msg>
<arg>1s</arg>
<doc>Pauses the test executed for the given time.</doc>
<status status="PASS" start="2025-03-18T13:55:59.834252" elapsed="1.000211"/>
</kw>
<kw name="Refresh Env Variables" owner="utilities">
<msg time="2025-03-18T13:56:00.835421" level="TRACE">Arguments: [  ]</msg>
<msg time="2025-03-18T13:56:01.195903" level="TRACE">Return: None</msg>
<status status="PASS" start="2025-03-18T13:56:00.835421" elapsed="0.360482"/>
</kw>
<kw name="Sleep" owner="BuiltIn">
<msg time="2025-03-18T13:56:01.196947" level="TRACE">Arguments: [ '1s' ]</msg>
<msg time="2025-03-18T13:56:02.197560" level="INFO">Slept 1 second.</msg>
<msg time="2025-03-18T13:56:02.197560" level="TRACE">Return: None</msg>
<arg>1s</arg>
<doc>Pauses the test executed for the given time.</doc>
<status status="PASS" start="2025-03-18T13:56:01.196947" elapsed="1.000613"/>
</kw>
<kw name="Ensure Java Is Not Installed" owner="utilities">
<msg time="2025-03-18T13:56:02.197560" level="TRACE">Arguments: [  ]</msg>
<msg time="2025-03-18T13:56:04.407103" level="INFO">Chocolatey is installed. (ensure_java_is_not_installed)
Java is not installed on this computer.</msg>
<msg time="2025-03-18T13:56:04.407103" level="TRACE">Return: None</msg>
<status status="PASS" start="2025-03-18T13:56:02.197560" elapsed="2.209543"/>
</kw>
<kw name="Sleep" owner="BuiltIn">
<msg time="2025-03-18T13:56:04.407103" level="TRACE">Arguments: [ '1s' ]</msg>
<msg time="2025-03-18T13:56:05.407282" level="INFO">Slept 1 second.</msg>
<msg time="2025-03-18T13:56:05.407282" level="TRACE">Return: None</msg>
<arg>1s</arg>
<doc>Pauses the test executed for the given time.</doc>
<status status="PASS" start="2025-03-18T13:56:04.407103" elapsed="1.000179"/>
</kw>
<kw name="Refresh Env Variables" owner="utilities">
<msg time="2025-03-18T13:56:05.407801" level="TRACE">Arguments: [  ]</msg>
<msg time="2025-03-18T13:56:05.772787" level="TRACE">Return: None</msg>
<status status="PASS" start="2025-03-18T13:56:05.407801" elapsed="0.364986"/>
</kw>
<kw name="Sleep" owner="BuiltIn">
<msg time="2025-03-18T13:56:05.773785" level="TRACE">Arguments: [ '1s' ]</msg>
<msg time="2025-03-18T13:56:06.774421" level="INFO">Slept 1 second.</msg>
<msg time="2025-03-18T13:56:06.774421" level="TRACE">Return: None</msg>
<arg>1s</arg>
<doc>Pauses the test executed for the given time.</doc>
<status status="PASS" start="2025-03-18T13:56:05.773785" elapsed="1.000636"/>
</kw>
<kw name="Ensure Java Is Installed" owner="utilities">
<msg time="2025-03-18T13:56:06.774421" level="TRACE">Arguments: [ 'latest' ]</msg>
<msg time="2025-03-18T13:56:21.419110" level="INFO">Java is not installed. Installing now...
Output of 'choco -v': 2.4.3

Chocolatey is already installed.
Java latest has been installed.</msg>
<msg time="2025-03-18T13:56:21.419110" level="TRACE">Return: None</msg>
<arg>latest</arg>
<status status="PASS" start="2025-03-18T13:56:06.774421" elapsed="14.644689"/>
</kw>
<kw name="Sleep" owner="BuiltIn">
<msg time="2025-03-18T13:56:21.420110" level="TRACE">Arguments: [ '1s' ]</msg>
<msg time="2025-03-18T13:56:22.420604" level="INFO">Slept 1 second.</msg>
<msg time="2025-03-18T13:56:22.420604" level="TRACE">Return: None</msg>
<arg>1s</arg>
<doc>Pauses the test executed for the given time.</doc>
<status status="PASS" start="2025-03-18T13:56:21.420110" elapsed="1.000494"/>
</kw>
<kw name="Refresh Env Variables" owner="utilities">
<msg time="2025-03-18T13:56:22.420604" level="TRACE">Arguments: [  ]</msg>
<msg time="2025-03-18T13:56:22.805949" level="TRACE">Return: None</msg>
<status status="PASS" start="2025-03-18T13:56:22.420604" elapsed="0.385345"/>
</kw>
<kw name="Sleep" owner="BuiltIn">
<msg time="2025-03-18T13:56:22.805949" level="TRACE">Arguments: [ '1s' ]</msg>
<msg time="2025-03-18T13:56:23.806765" level="INFO">Slept 1 second.</msg>
<msg time="2025-03-18T13:56:23.806765" level="TRACE">Return: None</msg>
<arg>1s</arg>
<doc>Pauses the test executed for the given time.</doc>
<status status="PASS" start="2025-03-18T13:56:22.805949" elapsed="1.000816"/>
</kw>
<kw name="Sleep" owner="BuiltIn">
<msg time="2025-03-18T13:56:23.806765" level="TRACE">Arguments: [ '1s' ]</msg>
<msg time="2025-03-18T13:56:24.806955" level="INFO">Slept 1 second.</msg>
<msg time="2025-03-18T13:56:24.806955" level="TRACE">Return: None</msg>
<arg>1s</arg>
<doc>Pauses the test executed for the given time.</doc>
<status status="PASS" start="2025-03-18T13:56:23.806765" elapsed="1.000190"/>
</kw>
<kw name="Ensure Java Is Not Installed" owner="utilities">
<msg time="2025-03-18T13:56:24.806955" level="TRACE">Arguments: [  ]</msg>
<msg time="2025-03-18T13:56:36.940988" level="INFO">Chocolatey is installed. (ensure_java_is_not_installed)
Uninstalling Temurin with Chocolatey...
Java is not installed on this computer.</msg>
<msg time="2025-03-18T13:56:36.940988" level="TRACE">Return: None</msg>
<status status="PASS" start="2025-03-18T13:56:24.806955" elapsed="12.134033"/>
</kw>
<kw name="Sleep" owner="BuiltIn">
<msg time="2025-03-18T13:56:36.941988" level="TRACE">Arguments: [ '1s' ]</msg>
<msg time="2025-03-18T13:56:37.942548" level="INFO">Slept 1 second.</msg>
<msg time="2025-03-18T13:56:37.942548" level="TRACE">Return: None</msg>
<arg>1s</arg>
<doc>Pauses the test executed for the given time.</doc>
<status status="PASS" start="2025-03-18T13:56:36.940988" elapsed="1.001560"/>
</kw>
<kw name="Refresh Env Variables" owner="utilities">
<msg time="2025-03-18T13:56:37.942548" level="TRACE">Arguments: [  ]</msg>
<msg time="2025-03-18T13:56:38.298265" level="TRACE">Return: None</msg>
<status status="PASS" start="2025-03-18T13:56:37.942548" elapsed="0.355717"/>
</kw>
<doc>startServer.bat and shutServer.bat Should Work Fine (Latest Java)</doc>
<status status="PASS" start="2025-03-18T13:55:58.958015" elapsed="39.340250"/>
</test>
<status status="PASS" start="2025-03-18T13:54:52.479509" elapsed="105.819785"/>
</suite>
<suite id="s1-s2" name="ReportBurster-Server" source="C:\Projects\all-repos\src\prd\rb\asbl\src\uat\tests\ReportBurster-Server.robot">
<test id="s1-s2-t1" name="startServer.bat and shutServer.bat Scripts Should Work Fine" line="15">
<kw name="Clean Output Folders And Log Files" owner="utilities" type="SETUP">
<msg time="2025-03-18T13:56:38.779151" level="TRACE">Arguments: [ product='server' ]</msg>
<msg time="2025-03-18T13:56:38.781160" level="TRACE">Return: None</msg>
<arg>product=server</arg>
<status status="PASS" start="2025-03-18T13:56:38.779151" elapsed="0.002009"/>
</kw>
<kw name="Ensure Chocolatey Is Installed" owner="utilities">
<msg time="2025-03-18T13:56:38.781160" level="TRACE">Arguments: [  ]</msg>
<msg time="2025-03-18T13:56:39.674160" level="INFO">Output of 'choco -v': 2.4.3

Chocolatey is already installed.</msg>
<msg time="2025-03-18T13:56:39.674160" level="TRACE">Return: None</msg>
<status status="PASS" start="2025-03-18T13:56:38.781160" elapsed="0.893000"/>
</kw>
<kw name="Sleep" owner="BuiltIn">
<msg time="2025-03-18T13:56:39.675161" level="TRACE">Arguments: [ '1s' ]</msg>
<msg time="2025-03-18T13:56:40.675499" level="INFO">Slept 1 second.</msg>
<msg time="2025-03-18T13:56:40.675499" level="TRACE">Return: None</msg>
<arg>1s</arg>
<doc>Pauses the test executed for the given time.</doc>
<status status="PASS" start="2025-03-18T13:56:39.674160" elapsed="1.001339"/>
</kw>
<kw name="Refresh Env Variables" owner="utilities">
<msg time="2025-03-18T13:56:40.675499" level="TRACE">Arguments: [  ]</msg>
<msg time="2025-03-18T13:56:41.010451" level="TRACE">Return: None</msg>
<status status="PASS" start="2025-03-18T13:56:40.675499" elapsed="0.334952"/>
</kw>
<kw name="Sleep" owner="BuiltIn">
<msg time="2025-03-18T13:56:41.011449" level="TRACE">Arguments: [ '1s' ]</msg>
<msg time="2025-03-18T13:56:42.011525" level="INFO">Slept 1 second.</msg>
<msg time="2025-03-18T13:56:42.011525" level="TRACE">Return: None</msg>
<arg>1s</arg>
<doc>Pauses the test executed for the given time.</doc>
<status status="PASS" start="2025-03-18T13:56:41.011449" elapsed="1.000076"/>
</kw>
<kw name="Ensure Java Is Installed" owner="utilities">
<msg time="2025-03-18T13:56:42.011525" level="TRACE">Arguments: [  ]</msg>
<msg time="2025-03-18T13:57:09.105962" level="INFO">Java is not installed. Installing now...
Output of 'choco -v': 2.4.3

Chocolatey is already installed.
Java 11 has been installed.</msg>
<msg time="2025-03-18T13:57:09.105962" level="TRACE">Return: None</msg>
<status status="PASS" start="2025-03-18T13:56:42.011525" elapsed="27.094437"/>
</kw>
<kw name="Sleep" owner="BuiltIn">
<msg time="2025-03-18T13:57:09.105962" level="TRACE">Arguments: [ '1s' ]</msg>
<msg time="2025-03-18T13:57:10.106081" level="INFO">Slept 1 second.</msg>
<msg time="2025-03-18T13:57:10.106081" level="TRACE">Return: None</msg>
<arg>1s</arg>
<doc>Pauses the test executed for the given time.</doc>
<status status="PASS" start="2025-03-18T13:57:09.105962" elapsed="1.000119"/>
</kw>
<kw name="Refresh Env Variables" owner="utilities">
<msg time="2025-03-18T13:57:10.106081" level="TRACE">Arguments: [  ]</msg>
<msg time="2025-03-18T13:57:10.452079" level="TRACE">Return: None</msg>
<status status="PASS" start="2025-03-18T13:57:10.106081" elapsed="0.345998"/>
</kw>
<kw name="Sleep" owner="BuiltIn">
<msg time="2025-03-18T13:57:10.453077" level="TRACE">Arguments: [ '1s' ]</msg>
<msg time="2025-03-18T13:57:11.453526" level="INFO">Slept 1 second.</msg>
<msg time="2025-03-18T13:57:11.453526" level="TRACE">Return: None</msg>
<arg>1s</arg>
<doc>Pauses the test executed for the given time.</doc>
<status status="PASS" start="2025-03-18T13:57:10.452079" elapsed="1.001447"/>
</kw>
<kw name="startServer.bat and shutServer.bat Should Work Fine" owner="utilities">
<msg time="2025-03-18T13:57:11.454526" level="TRACE">Arguments: [  ]</msg>
<kw name="Sleep" owner="BuiltIn">
<msg time="2025-03-18T13:57:11.454526" level="TRACE">Arguments: [ '1s' ]</msg>
<msg time="2025-03-18T13:57:12.455271" level="INFO">Slept 1 second.</msg>
<msg time="2025-03-18T13:57:12.455271" level="TRACE">Return: None</msg>
<arg>1s</arg>
<doc>Pauses the test executed for the given time.</doc>
<status status="PASS" start="2025-03-18T13:57:11.454526" elapsed="1.000745"/>
</kw>
<kw name="Start Server" owner="utilities">
<msg time="2025-03-18T13:57:12.455271" level="TRACE">Arguments: [  ]</msg>
<msg time="2025-03-18T13:57:12.461272" level="TRACE">Return: &lt;Popen: returncode: None args: ['cmd.exe', '/c', 'C:\\Projects\\all-repos\\s...&gt;</msg>
<status status="PASS" start="2025-03-18T13:57:12.455271" elapsed="0.006001"/>
</kw>
<kw name="Wait Until Keyword Succeeds" owner="BuiltIn">
<msg time="2025-03-18T13:57:12.462292" level="TRACE">Arguments: [ '10x' | '3s' | 'Check Server Is Running' ]</msg>
<kw name="Check Server Is Running">
<msg time="2025-03-18T13:57:12.462292" level="TRACE">Arguments: [  ]</msg>
<kw name="Create Session" owner="RequestsLibrary">
<msg time="2025-03-18T13:57:12.463287" level="TRACE">Arguments: [ 'server' | 'http://localhost:9090' ]</msg>
<msg time="2025-03-18T13:57:12.463287" level="INFO">Creating Session using : alias=server, url=http://localhost:9090, headers={},                     cookies={}, auth=None, timeout=None, proxies=None, verify=False,                     debug=0 </msg>
<msg time="2025-03-18T13:57:12.463287" level="DEBUG">Creating session: server</msg>
<msg time="2025-03-18T13:57:12.463287" level="TRACE">Return: &lt;requests.sessions.Session object at 0x000002CE7209D280&gt;</msg>
<arg>server</arg>
<arg>${SERVER_URL}</arg>
<doc>Create Session: create a HTTP session to a server</doc>
<status status="PASS" start="2025-03-18T13:57:12.463287" elapsed="0.001001"/>
</kw>
<kw name="GET On Session" owner="RequestsLibrary">
<msg time="2025-03-18T13:57:12.464288" level="TRACE">Arguments: [ 'server' | '/' ]</msg>
<msg time="2025-03-18T13:57:12.470273" level="DEBUG">Starting new HTTP connection (1): localhost:9090</msg>
<msg time="2025-03-18T13:57:16.537301" level="DEBUG">Incremented Retry for (url='/'): RetryAdapter(total=2, connect=None, read=None, redirect=None, status=None)</msg>
<msg time="2025-03-18T13:57:16.538302" level="WARN">Retrying (RetryAdapter(total=2, connect=None, read=None, redirect=None, status=None)) after connection broken by 'NewConnectionError('&lt;urllib3.connection.HTTPConnection object at 0x000002CE7203D8E0&gt;: Failed to establish a new connection: [WinError 10061] No connection could be made because the target machine actively refused it')': /</msg>
<msg time="2025-03-18T13:57:16.541303" level="DEBUG">Starting new HTTP connection (2): localhost:9090</msg>
<msg time="2025-03-18T13:57:20.590575" level="DEBUG">Incremented Retry for (url='/'): RetryAdapter(total=1, connect=None, read=None, redirect=None, status=None)</msg>
<msg time="2025-03-18T13:57:20.791593" level="WARN">Retrying (RetryAdapter(total=1, connect=None, read=None, redirect=None, status=None)) after connection broken by 'NewConnectionError('&lt;urllib3.connection.HTTPConnection object at 0x000002CE7209F860&gt;: Failed to establish a new connection: [WinError 10061] No connection could be made because the target machine actively refused it')': /</msg>
<msg time="2025-03-18T13:57:20.794586" level="DEBUG">Starting new HTTP connection (3): localhost:9090</msg>
<msg time="2025-03-18T13:57:24.857969" level="DEBUG">Incremented Retry for (url='/'): RetryAdapter(total=0, connect=None, read=None, redirect=None, status=None)</msg>
<msg time="2025-03-18T13:57:25.258970" level="WARN">Retrying (RetryAdapter(total=0, connect=None, read=None, redirect=None, status=None)) after connection broken by 'NewConnectionError('&lt;urllib3.connection.HTTPConnection object at 0x000002CE720C0260&gt;: Failed to establish a new connection: [WinError 10061] No connection could be made because the target machine actively refused it')': /</msg>
<msg time="2025-03-18T13:57:25.259968" level="DEBUG">Starting new HTTP connection (4): localhost:9090</msg>
<msg time="2025-03-18T13:57:29.342197" level="FAIL">ConnectionError: HTTPConnectionPool(host='localhost', port=9090): Max retries exceeded with url: / (Caused by NewConnectionError('&lt;urllib3.connection.HTTPConnection object at 0x000002CE720C1070&gt;: Failed to establish a new connection: [WinError 10061] No connection could be made because the target machine actively refused it'))</msg>
<msg time="2025-03-18T13:57:29.486502" level="DEBUG">Traceback (most recent call last):
  File "C:\Projects\all-repos\src\prd\rb\asbl\src\uat\.venv\Lib\site-packages\urllib3\connection.py", line 198, in _new_conn
    sock = connection.create_connection(
           ^^^^^^^^^^^^^^^^^^^^^^^^^^^^^
  File "C:\Projects\all-repos\src\prd\rb\asbl\src\uat\.venv\Lib\site-packages\urllib3\util\connection.py", line 85, in create_connection
    raise err
  File "C:\Projects\all-repos\src\prd\rb\asbl\src\uat\.venv\Lib\site-packages\urllib3\util\connection.py", line 73, in create_connection
    sock.connect(sa)
ConnectionRefusedError: [WinError 10061] No connection could be made because the target machine actively refused it

The above exception was the direct cause of the following exception:

Traceback (most recent call last):
  File "C:\Projects\all-repos\src\prd\rb\asbl\src\uat\.venv\Lib\site-packages\urllib3\connectionpool.py", line 787, in urlopen
    response = self._make_request(
               ^^^^^^^^^^^^^^^^^^^
  File "C:\Projects\all-repos\src\prd\rb\asbl\src\uat\.venv\Lib\site-packages\urllib3\connectionpool.py", line 493, in _make_request
    conn.request(
  File "C:\Projects\all-repos\src\prd\rb\asbl\src\uat\.venv\Lib\site-packages\urllib3\connection.py", line 445, in request
    self.endheaders()
  File "C:\Python312\Lib\http\client.py", line 1331, in endheaders
    self._send_output(message_body, encode_chunked=encode_chunked)
  File "C:\Python312\Lib\http\client.py", line 1091, in _send_output
    self.send(msg)
  File "C:\Python312\Lib\http\client.py", line 1035, in send
    self.connect()
  File "C:\Projects\all-repos\src\prd\rb\asbl\src\uat\.venv\Lib\site-packages\urllib3\connection.py", line 276, in connect
    self.sock = self._new_conn()
                ^^^^^^^^^^^^^^^^
  File "C:\Projects\all-repos\src\prd\rb\asbl\src\uat\.venv\Lib\site-packages\urllib3\connection.py", line 213, in _new_conn
    raise NewConnectionError(
urllib3.exceptions.NewConnectionError: &lt;urllib3.connection.HTTPConnection object at 0x000002CE720C1070&gt;: Failed to establish a new connection: [WinError 10061] No connection could be made because the target machine actively refused it

The above exception was the direct cause of the following exception:

Traceback (most recent call last):
  File "C:\Projects\all-repos\src\prd\rb\asbl\src\uat\.venv\Lib\site-packages\requests\adapters.py", line 667, in send
    resp = conn.urlopen(
           ^^^^^^^^^^^^^
  File "C:\Projects\all-repos\src\prd\rb\asbl\src\uat\.venv\Lib\site-packages\urllib3\connectionpool.py", line 871, in urlopen
    return self.urlopen(
           ^^^^^^^^^^^^^
  File "C:\Projects\all-repos\src\prd\rb\asbl\src\uat\.venv\Lib\site-packages\urllib3\connectionpool.py", line 871, in urlopen
    return self.urlopen(
           ^^^^^^^^^^^^^
  File "C:\Projects\all-repos\src\prd\rb\asbl\src\uat\.venv\Lib\site-packages\urllib3\connectionpool.py", line 871, in urlopen
    return self.urlopen(
           ^^^^^^^^^^^^^
  File "C:\Projects\all-repos\src\prd\rb\asbl\src\uat\.venv\Lib\site-packages\urllib3\connectionpool.py", line 841, in urlopen
    retries = retries.increment(
              ^^^^^^^^^^^^^^^^^^
  File "C:\Projects\all-repos\src\prd\rb\asbl\src\uat\.venv\Lib\site-packages\urllib3\util\retry.py", line 519, in increment
    raise MaxRetryError(_pool, url, reason) from reason  # type: ignore[arg-type]
    ^^^^^^^^^^^^^^^^^^^^^^^^^^^^^^^^^^^^^^^^^^^^^^^^^^^
urllib3.exceptions.MaxRetryError: HTTPConnectionPool(host='localhost', port=9090): Max retries exceeded with url: / (Caused by NewConnectionError('&lt;urllib3.connection.HTTPConnection object at 0x000002CE720C1070&gt;: Failed to establish a new connection: [WinError 10061] No connection could be made because the target machine actively refused it'))

During handling of the above exception, another exception occurred:

Traceback (most recent call last):
  File "C:\Projects\all-repos\src\prd\rb\asbl\src\uat\.venv\Lib\site-packages\RequestsLibrary\utils.py", line 154, in decorator
    return func(*args, **kwargs)
           ^^^^^^^^^^^^^^^^^^^^^
  File "C:\Projects\all-repos\src\prd\rb\asbl\src\uat\.venv\Lib\site-packages\RequestsLibrary\RequestsOnSessionKeywords.py", line 31, in get_on_session
    response = self._common_request("get", session, url,
               ^^^^^^^^^^^^^^^^^^^^^^^^^^^^^^^^^^^^^^^^^
  File "C:\Projects\all-repos\src\prd\rb\asbl\src\uat\.venv\Lib\site-packages\RequestsLibrary\RequestsKeywords.py", line 37, in _common_request
    resp = method_function(
           ^^^^^^^^^^^^^^^^
  File "C:\Projects\all-repos\src\prd\rb\asbl\src\uat\.venv\Lib\site-packages\requests\sessions.py", line 602, in get
    return self.request("GET", url, **kwargs)
           ^^^^^^^^^^^^^^^^^^^^^^^^^^^^^^^^^^
  File "C:\Projects\all-repos\src\prd\rb\asbl\src\uat\.venv\Lib\site-packages\requests\sessions.py", line 589, in request
    resp = self.send(prep, **send_kwargs)
           ^^^^^^^^^^^^^^^^^^^^^^^^^^^^^^
  File "C:\Projects\all-repos\src\prd\rb\asbl\src\uat\.venv\Lib\site-packages\requests\sessions.py", line 703, in send
    r = adapter.send(request, **kwargs)
        ^^^^^^^^^^^^^^^^^^^^^^^^^^^^^^^
  File "C:\Projects\all-repos\src\prd\rb\asbl\src\uat\.venv\Lib\site-packages\requests\adapters.py", line 700, in send
    raise ConnectionError(e, request=request)
requests.exceptions.ConnectionError: HTTPConnectionPool(host='localhost', port=9090): Max retries exceeded with url: / (Caused by NewConnectionError('&lt;urllib3.connection.HTTPConnection object at 0x000002CE720C1070&gt;: Failed to establish a new connection: [WinError 10061] No connection could be made because the target machine actively refused it'))</msg>
<var>${response}</var>
<arg>server</arg>
<arg>/</arg>
<doc>Sends a GET request on a previously created HTTP Session.</doc>
<status status="FAIL" start="2025-03-18T13:57:12.464288" elapsed="17.022214">ConnectionError: HTTPConnectionPool(host='localhost', port=9090): Max retries exceeded with url: / (Caused by NewConnectionError('&lt;urllib3.connection.HTTPConnection object at 0x000002CE720C1070&gt;: Failed to establish a new connection: [WinError 10061] No connection could be made because the target machine actively refused it'))</status>
</kw>
<kw name="Should Be Equal As Integers" owner="BuiltIn">
<arg>${response.status_code}</arg>
<arg>200</arg>
<doc>Fails if objects are unequal after converting them to integers.</doc>
<status status="NOT RUN" start="2025-03-18T13:57:29.486502" elapsed="0.000000"/>
</kw>
<status status="FAIL" start="2025-03-18T13:57:12.462292" elapsed="17.024210">ConnectionError: HTTPConnectionPool(host='localhost', port=9090): Max retries exceeded with url: / (Caused by NewConnectionError('&lt;urllib3.connection.HTTPConnection object at 0x000002CE720C1070&gt;: Failed to establish a new connection: [WinError 10061] No connection could be made because the target machine actively refused it'))</status>
</kw>
<kw name="Check Server Is Running">
<msg time="2025-03-18T13:57:32.488149" level="TRACE">Arguments: [  ]</msg>
<kw name="Create Session" owner="RequestsLibrary">
<msg time="2025-03-18T13:57:32.489191" level="TRACE">Arguments: [ 'server' | 'http://localhost:9090' ]</msg>
<msg time="2025-03-18T13:57:32.489191" level="INFO">Creating Session using : alias=server, url=http://localhost:9090, headers={},                     cookies={}, auth=None, timeout=None, proxies=None, verify=False,                     debug=0 </msg>
<msg time="2025-03-18T13:57:32.489191" level="DEBUG">Creating session: server</msg>
<msg time="2025-03-18T13:57:32.489191" level="TRACE">Return: &lt;requests.sessions.Session object at 0x000002CE71F2F440&gt;</msg>
<arg>server</arg>
<arg>${SERVER_URL}</arg>
<doc>Create Session: create a HTTP session to a server</doc>
<status status="PASS" start="2025-03-18T13:57:32.489191" elapsed="0.000000"/>
</kw>
<kw name="GET On Session" owner="RequestsLibrary">
<msg time="2025-03-18T13:57:32.489191" level="TRACE">Arguments: [ 'server' | '/' ]</msg>
<msg time="2025-03-18T13:57:32.490147" level="DEBUG">Starting new HTTP connection (1): localhost:9090</msg>
<msg time="2025-03-18T13:57:32.624742" level="DEBUG">http://localhost:9090 "GET / HTTP/1.1" 200 4962</msg>
<msg time="2025-03-18T13:57:32.624742" level="INFO">GET Request : url=http://localhost:9090/ 
 path_url=/ 
 headers={'User-Agent': 'python-requests/2.32.3', 'Accept-Encoding': 'gzip, deflate', 'Accept': '*/*', 'Connection': 'keep-alive'} 
 body=None 
 </msg>
<msg time="2025-03-18T13:57:32.624742" level="INFO">GET Response : url=http://localhost:9090/ 
 status=200, reason= 
 headers={'Access-Control-Allow-Credentials': 'true', 'Access-Control-Allow-Origin': '*', 'Access-Control-Allow-Methods': 'GET, PUT, POST, DELETE, OPTIONS', 'Access-Control-Allow-Headers': 'Content-Type', 'Vary': 'Origin, Access-Control-Request-Method, Access-Control-Request-Headers', 'Last-Modified': 'Tue, 18 Mar 2025 12:54:48 GMT', 'Accept-Ranges': 'bytes', 'Content-Type': 'text/html;charset=UTF-8', 'Content-Language': 'en-US', 'Content-Length': '4962', 'Date': 'Tue, 18 Mar 2025 12:57:32 GMT', 'Keep-Alive': 'timeout=60', 'Connection': 'keep-alive'} 
 body=&lt;!DOCTYPE html&gt;&lt;html&gt;&lt;head&gt;
    &lt;meta charset="utf-8"&gt;
    &lt;title&gt;&lt;/title&gt;
    &lt;base href="/"&gt;

    &lt;meta name="viewport" content="width=device-width, initial-scale=1"&gt;
    &lt;link rel="icon" type="image/x-icon" href="assets/icons/icon.ico"&gt;
  &lt;style&gt;html{font-family:sans-serif;-ms-text-size-adjust:100%;-webkit-text-size-adjust:100%}body{margin:0}@media print{*,:after,:before{color:#000!important;text-shadow:none!important;background:0 0!important;box-shadow:none!important}}:after,:before{box-sizing:border-box}html{font-size:10px;-webkit-tap-highlight-color:rgba(0,0,0,0)}body{font-family:Helvetica Neue,Helvetica,Arial,sans-serif;font-size:14px;line-height:1.42857143;color:#333;background-color:#fff}@charset "UTF-8";html,body{height:100%}body{font-family:Source Sans Pro,Helvetica Neue,Helvetica,Arial,sans-serif;font-weight:400;overflow-x:hidden;overflow-y:auto}:root{--surface-a:#ffffff;--surface-b:#efefef;--surface-c:#e9ecef;--surface-d:#dee2e6;--surface-e:#ffffff;--surface-f:#ffffff;--text-color:#212529;--text-color-secondary:#6c757d;--primary-color:#007bff;--primary-color-text:#ffffff;--font-family:-apple-system, BlinkMacSystemFont, Segoe UI, Roboto, Helvetica, Arial, sans-serif, Apple Color Emoji, Segoe UI Emoji, Segoe UI Symbol;--surface-0:#ffffff;--surface-50:#f9fafb;--surface-100:#f8f9fa;--surface-200:#e9ecef;--surface-300:#dee2e6;--surface-400:#ced4da;--surface-500:#adb5bd;--surface-600:#6c757d;--surface-700:#495057;--surface-800:#343a40;--surface-900:#212529;--gray-50:#f9fafb;--gray-100:#f8f9fa;--gray-200:#e9ecef;--gray-300:#dee2e6;--gray-400:#ced4da;--gray-500:#adb5bd;--gray-600:#6c757d;--gray-700:#495057;--gray-800:#343a40;--gray-900:#212529;--content-padding:1.25rem;--inline-spacing:.5rem;--border-radius:4px;--surface-ground:#efefef;--surface-section:#ffffff;--surface-card:#ffffff;--surface-overlay:#ffffff;--surface-border:#dee2e6;--surface-hover:#e9ecef;--maskbg:rgba(0, 0, 0, .4);--focus-ring:0 0 0 .2rem rgba(38, 143, 255, .5);color-scheme:light}*{box-sizing:border-box}:root{--blue-50:#f3f8ff;--blue-100:#c5dcff;--blue-200:#97c1fe;--blue-300:#69a5fe;--blue-400:#3b8afd;--blue-500:#0d6efd;--blue-600:#0b5ed7;--blue-700:#094db1;--blue-800:#073d8b;--blue-900:#052c65;--green-50:#f4f9f6;--green-100:#c8e2d6;--green-200:#9ccbb5;--green-300:#70b595;--green-400:#459e74;--green-500:#198754;--green-600:#157347;--green-700:#125f3b;--green-800:#0e4a2e;--green-900:#0a3622;--yellow-50:#fffcf3;--yellow-100:#fff0c3;--yellow-200:#ffe494;--yellow-300:#ffd965;--yellow-400:#ffcd36;--yellow-500:#ffc107;--yellow-600:#d9a406;--yellow-700:#b38705;--yellow-800:#8c6a04;--yellow-900:#664d03;--cyan-50:#f3fcfe;--cyan-100:#c5f2fb;--cyan-200:#97e8f9;--cyan-300:#69def6;--cyan-400:#3bd4f3;--cyan-500:#0dcaf0;--cyan-600:#0baccc;--cyan-700:#098da8;--cyan-800:#076f84;--cyan-900:#055160;--pink-50:#fdf5f9;--pink-100:#f5cee1;--pink-200:#eda7ca;--pink-300:#e681b3;--pink-400:#de5a9b;--pink-500:#d63384;--pink-600:#b62b70;--pink-700:#96245c;--pink-800:#761c49;--pink-900:#561435;--indigo-50:#f7f3fe;--indigo-100:#dac6fc;--indigo-200:#bd98f9;--indigo-300:#a06bf7;--indigo-400:#833df4;--indigo-500:#6610f2;--indigo-600:#570ece;--indigo-700:#470ba9;--indigo-800:#380985;--indigo-900:#290661;--teal-50:#f4fcfa;--teal-100:#c9f2e6;--teal-200:#9fe8d2;--teal-300:#75debf;--teal-400:#4ad3ab;--teal-500:#20c997;--teal-600:#1bab80;--teal-700:#168d6a;--teal-800:#126f53;--teal-900:#0d503c;--orange-50:#fff9f3;--orange-100:#ffe0c7;--orange-200:#fec89a;--orange-300:#feaf6d;--orange-400:#fd9741;--orange-500:#fd7e14;--orange-600:#d76b11;--orange-700:#b1580e;--orange-800:#8b450b;--orange-900:#653208;--bluegray-50:#f8f9fb;--bluegray-100:#e0e4ea;--bluegray-200:#c7ced9;--bluegray-300:#aeb9c8;--bluegray-400:#95a3b8;--bluegray-500:#7c8ea7;--bluegray-600:#69798e;--bluegray-700:#576375;--bluegray-800:#444e5c;--bluegray-900:#323943;--purple-50:#f8f6fc;--purple-100:#dcd2f0;--purple-200:#c1aee4;--purple-300:#a68ad9;--purple-400:#8a66cd;--purple-500:#6f42c1;--purple-600:#5e38a4;--purple-700:#4e2e87;--purple-800:#3d246a;--purple-900:#2c1a4d;--red-50:#fdf5f6;--red-100:#f7cfd2;--red-200:#f0a8af;--red-300:#e9828c;--red-400:#e35b68;--red-500:#dc3545;--red-600:#bb2d3b;--red-700:#9a2530;--red-800:#791d26;--red-900:#58151c;--primary-50:#f2f8ff;--primary-100:#c2dfff;--primary-200:#91c6ff;--primary-300:#61adff;--primary-400:#3094ff;--primary-500:#007bff;--primary-600:#0069d9;--primary-700:#0056b3;--primary-800:#00448c;--primary-900:#003166}&lt;/style&gt;&lt;link rel="stylesheet" href="styles.25311701cd7e1e35.css" media="print" onload="this.media='all'"&gt;&lt;noscript&gt;&lt;link rel="stylesheet" href="styles.25311701cd7e1e35.css"&gt;&lt;/noscript&gt;&lt;/head&gt;
  &lt;body class="skin-blue"&gt;
    &lt;app-root&gt;Loading...&lt;/app-root&gt;
  &lt;script src="runtime.c1bd29ecf74be03c.js" type="module"&gt;&lt;/script&gt;&lt;script src="polyfills.4ae72b598e1b5927.js" type="module"&gt;&lt;/script&gt;&lt;script src="scripts.2212ee5021e2179d.js" defer&gt;&lt;/script&gt;&lt;script src="main.1e39a32f11a1b037.js" type="module"&gt;&lt;/script&gt;

&lt;/body&gt;&lt;/html&gt; 
 </msg>
<msg time="2025-03-18T13:57:32.625744" level="TRACE">Return: &lt;Response [200]&gt;</msg>
<msg time="2025-03-18T13:57:32.625744" level="INFO">${response} = &lt;Response [200]&gt;</msg>
<var>${response}</var>
<arg>server</arg>
<arg>/</arg>
<doc>Sends a GET request on a previously created HTTP Session.</doc>
<status status="PASS" start="2025-03-18T13:57:32.489191" elapsed="0.136553"/>
</kw>
<kw name="Should Be Equal As Integers" owner="BuiltIn">
<msg time="2025-03-18T13:57:32.625744" level="TRACE">Arguments: [ 200 | '200' ]</msg>
<msg time="2025-03-18T13:57:32.626787" level="INFO">Argument types are:
&lt;class 'int'&gt;
&lt;class 'str'&gt;</msg>
<msg time="2025-03-18T13:57:32.626787" level="TRACE">Return: None</msg>
<arg>${response.status_code}</arg>
<arg>200</arg>
<doc>Fails if objects are unequal after converting them to integers.</doc>
<status status="PASS" start="2025-03-18T13:57:32.625744" elapsed="0.001043"/>
</kw>
<msg time="2025-03-18T13:57:32.626787" level="TRACE">Return: None</msg>
<status status="PASS" start="2025-03-18T13:57:32.487146" elapsed="0.139641"/>
</kw>
<msg time="2025-03-18T13:57:32.626787" level="TRACE">Return: None</msg>
<arg>10x</arg>
<arg>3s</arg>
<arg>Check Server Is Running</arg>
<doc>Runs the specified keyword and retries if it fails.</doc>
<status status="PASS" start="2025-03-18T13:57:12.461272" elapsed="20.165515"/>
</kw>
<kw name="Sleep" owner="BuiltIn">
<msg time="2025-03-18T13:57:32.626787" level="TRACE">Arguments: [ '1s' ]</msg>
<msg time="2025-03-18T13:57:33.627736" level="INFO">Slept 1 second.</msg>
<msg time="2025-03-18T13:57:33.627736" level="TRACE">Return: None</msg>
<arg>1s</arg>
<doc>Pauses the test executed for the given time.</doc>
<status status="PASS" start="2025-03-18T13:57:32.626787" elapsed="1.000949"/>
</kw>
<kw name="Copy File" owner="OperatingSystem">
<msg time="2025-03-18T13:57:33.627736" level="TRACE">Arguments: [ 'C:\\Projects\\all-repos\\src\\prd\\rb\\asbl\\target/uat/rbs/ReportBurster/samples/burst/Payslips.pdf' | 'C:\\Projects\\all-repos\\src\\prd\\rb\\asbl\\target/uat/rbs/ReportBurster/poll' ]</msg>
<msg time="2025-03-18T13:57:33.639644" level="INFO" html="true">Copied file from '&lt;a href="file://C:\Projects\all-repos\src\prd\rb\asbl\target\uat\rbs\ReportBurster\samples\burst\Payslips.pdf"&gt;C:\Projects\all-repos\src\prd\rb\asbl\target\uat\rbs\ReportBurster\samples\burst\Payslips.pdf&lt;/a&gt;' to '&lt;a href="file://C:\Projects\all-repos\src\prd\rb\asbl\target\uat\rbs\ReportBurster\poll\Payslips.pdf"&gt;C:\Projects\all-repos\src\prd\rb\asbl\target\uat\rbs\ReportBurster\poll\Payslips.pdf&lt;/a&gt;'.</msg>
<msg time="2025-03-18T13:57:33.639644" level="TRACE">Return: 'C:\\Projects\\all-repos\\src\\prd\\rb\\asbl\\target\\uat\\rbs\\ReportBurster\\poll\\Payslips.pdf'</msg>
<arg>${PORTABLE_EXECUTABLE_DIR_SERVER}/samples/burst/Payslips.pdf</arg>
<arg>${PORTABLE_EXECUTABLE_DIR_SERVER}/poll</arg>
<doc>Copies the source file into the destination.</doc>
<status status="PASS" start="2025-03-18T13:57:33.627736" elapsed="0.011908"/>
</kw>
<kw name="Wait Until Keyword Succeeds" owner="BuiltIn">
<msg time="2025-03-18T13:57:33.640644" level="TRACE">Arguments: [ '10x' | '3s' | 'Check PDF Files Generated' | '3' ]</msg>
<kw name="Check PDF Files Generated">
<msg time="2025-03-18T13:57:33.640644" level="TRACE">Arguments: [ ${expected_count}='3' ]</msg>
<kw name="Count Files" owner="utilities">
<msg time="2025-03-18T13:57:33.640644" level="TRACE">Arguments: [ 'C:\\Projects\\all-repos\\src\\prd\\rb\\asbl\\target/uat/rbs/ReportBurster/output' | pattern='*.pdf' | recursive=True ]</msg>
<msg time="2025-03-18T13:57:33.641644" level="TRACE">Return: 0</msg>
<msg time="2025-03-18T13:57:33.641644" level="INFO">${count} = 0</msg>
<var>${count}</var>
<arg>${PORTABLE_EXECUTABLE_DIR_SERVER}/output</arg>
<arg>pattern=*.pdf</arg>
<arg>recursive=True</arg>
<status status="PASS" start="2025-03-18T13:57:33.640644" elapsed="0.001000"/>
</kw>
<kw name="Should Be Equal As Integers" owner="BuiltIn">
<msg time="2025-03-18T13:57:33.641644" level="TRACE">Arguments: [ 0 | '3' ]</msg>
<msg time="2025-03-18T13:57:33.641644" level="INFO">Argument types are:
&lt;class 'int'&gt;
&lt;class 'str'&gt;</msg>
<msg time="2025-03-18T13:57:33.641644" level="FAIL">0 != 3</msg>
<msg time="2025-03-18T13:57:33.641644" level="DEBUG">Traceback (most recent call last):
  None
AssertionError: 0 != 3</msg>
<arg>${count}</arg>
<arg>${expected_count}</arg>
<doc>Fails if objects are unequal after converting them to integers.</doc>
<status status="FAIL" start="2025-03-18T13:57:33.641644" elapsed="0.000000">0 != 3</status>
</kw>
<arg>3</arg>
<status status="FAIL" start="2025-03-18T13:57:33.640644" elapsed="0.002000">0 != 3</status>
</kw>
<kw name="Check PDF Files Generated">
<msg time="2025-03-18T13:57:36.643179" level="TRACE">Arguments: [ ${expected_count}='3' ]</msg>
<kw name="Count Files" owner="utilities">
<msg time="2025-03-18T13:57:36.643179" level="TRACE">Arguments: [ 'C:\\Projects\\all-repos\\src\\prd\\rb\\asbl\\target/uat/rbs/ReportBurster/output' | pattern='*.pdf' | recursive=True ]</msg>
<msg time="2025-03-18T13:57:36.643179" level="TRACE">Return: 0</msg>
<msg time="2025-03-18T13:57:36.644226" level="INFO">${count} = 0</msg>
<var>${count}</var>
<arg>${PORTABLE_EXECUTABLE_DIR_SERVER}/output</arg>
<arg>pattern=*.pdf</arg>
<arg>recursive=True</arg>
<status status="PASS" start="2025-03-18T13:57:36.643179" elapsed="0.001047"/>
</kw>
<kw name="Should Be Equal As Integers" owner="BuiltIn">
<msg time="2025-03-18T13:57:36.644226" level="TRACE">Arguments: [ 0 | '3' ]</msg>
<msg time="2025-03-18T13:57:36.644226" level="INFO">Argument types are:
&lt;class 'int'&gt;
&lt;class 'str'&gt;</msg>
<msg time="2025-03-18T13:57:36.644226" level="FAIL">0 != 3</msg>
<msg time="2025-03-18T13:57:36.644226" level="DEBUG">Traceback (most recent call last):
  None
AssertionError: 0 != 3</msg>
<arg>${count}</arg>
<arg>${expected_count}</arg>
<doc>Fails if objects are unequal after converting them to integers.</doc>
<status status="FAIL" start="2025-03-18T13:57:36.644226" elapsed="0.000000">0 != 3</status>
</kw>
<arg>3</arg>
<status status="FAIL" start="2025-03-18T13:57:36.643179" elapsed="0.001047">0 != 3</status>
</kw>
<kw name="Check PDF Files Generated">
<msg time="2025-03-18T13:57:39.644648" level="TRACE">Arguments: [ ${expected_count}='3' ]</msg>
<kw name="Count Files" owner="utilities">
<msg time="2025-03-18T13:57:39.644648" level="TRACE">Arguments: [ 'C:\\Projects\\all-repos\\src\\prd\\rb\\asbl\\target/uat/rbs/ReportBurster/output' | pattern='*.pdf' | recursive=True ]</msg>
<msg time="2025-03-18T13:57:39.645648" level="TRACE">Return: 0</msg>
<msg time="2025-03-18T13:57:39.645648" level="INFO">${count} = 0</msg>
<var>${count}</var>
<arg>${PORTABLE_EXECUTABLE_DIR_SERVER}/output</arg>
<arg>pattern=*.pdf</arg>
<arg>recursive=True</arg>
<status status="PASS" start="2025-03-18T13:57:39.644648" elapsed="0.001000"/>
</kw>
<kw name="Should Be Equal As Integers" owner="BuiltIn">
<msg time="2025-03-18T13:57:39.645648" level="TRACE">Arguments: [ 0 | '3' ]</msg>
<msg time="2025-03-18T13:57:39.645648" level="INFO">Argument types are:
&lt;class 'int'&gt;
&lt;class 'str'&gt;</msg>
<msg time="2025-03-18T13:57:39.645648" level="FAIL">0 != 3</msg>
<msg time="2025-03-18T13:57:39.645648" level="DEBUG">Traceback (most recent call last):
  None
AssertionError: 0 != 3</msg>
<arg>${count}</arg>
<arg>${expected_count}</arg>
<doc>Fails if objects are unequal after converting them to integers.</doc>
<status status="FAIL" start="2025-03-18T13:57:39.645648" elapsed="0.000000">0 != 3</status>
</kw>
<arg>3</arg>
<status status="FAIL" start="2025-03-18T13:57:39.644648" elapsed="0.001000">0 != 3</status>
</kw>
<kw name="Check PDF Files Generated">
<msg time="2025-03-18T13:57:42.645824" level="TRACE">Arguments: [ ${expected_count}='3' ]</msg>
<kw name="Count Files" owner="utilities">
<msg time="2025-03-18T13:57:42.645824" level="TRACE">Arguments: [ 'C:\\Projects\\all-repos\\src\\prd\\rb\\asbl\\target/uat/rbs/ReportBurster/output' | pattern='*.pdf' | recursive=True ]</msg>
<msg time="2025-03-18T13:57:42.646784" level="TRACE">Return: 0</msg>
<msg time="2025-03-18T13:57:42.646784" level="INFO">${count} = 0</msg>
<var>${count}</var>
<arg>${PORTABLE_EXECUTABLE_DIR_SERVER}/output</arg>
<arg>pattern=*.pdf</arg>
<arg>recursive=True</arg>
<status status="PASS" start="2025-03-18T13:57:42.645824" elapsed="0.000960"/>
</kw>
<kw name="Should Be Equal As Integers" owner="BuiltIn">
<msg time="2025-03-18T13:57:42.646784" level="TRACE">Arguments: [ 0 | '3' ]</msg>
<msg time="2025-03-18T13:57:42.646784" level="INFO">Argument types are:
&lt;class 'int'&gt;
&lt;class 'str'&gt;</msg>
<msg time="2025-03-18T13:57:42.646784" level="FAIL">0 != 3</msg>
<msg time="2025-03-18T13:57:42.646784" level="DEBUG">Traceback (most recent call last):
  None
AssertionError: 0 != 3</msg>
<arg>${count}</arg>
<arg>${expected_count}</arg>
<doc>Fails if objects are unequal after converting them to integers.</doc>
<status status="FAIL" start="2025-03-18T13:57:42.646784" elapsed="0.000000">0 != 3</status>
</kw>
<arg>3</arg>
<status status="FAIL" start="2025-03-18T13:57:42.645824" elapsed="0.000960">0 != 3</status>
</kw>
<kw name="Check PDF Files Generated">
<msg time="2025-03-18T13:57:45.648281" level="TRACE">Arguments: [ ${expected_count}='3' ]</msg>
<kw name="Count Files" owner="utilities">
<msg time="2025-03-18T13:57:45.648281" level="TRACE">Arguments: [ 'C:\\Projects\\all-repos\\src\\prd\\rb\\asbl\\target/uat/rbs/ReportBurster/output' | pattern='*.pdf' | recursive=True ]</msg>
<msg time="2025-03-18T13:57:45.648281" level="TRACE">Return: 0</msg>
<msg time="2025-03-18T13:57:45.649284" level="INFO">${count} = 0</msg>
<var>${count}</var>
<arg>${PORTABLE_EXECUTABLE_DIR_SERVER}/output</arg>
<arg>pattern=*.pdf</arg>
<arg>recursive=True</arg>
<status status="PASS" start="2025-03-18T13:57:45.648281" elapsed="0.001003"/>
</kw>
<kw name="Should Be Equal As Integers" owner="BuiltIn">
<msg time="2025-03-18T13:57:45.649284" level="TRACE">Arguments: [ 0 | '3' ]</msg>
<msg time="2025-03-18T13:57:45.649284" level="INFO">Argument types are:
&lt;class 'int'&gt;
&lt;class 'str'&gt;</msg>
<msg time="2025-03-18T13:57:45.649284" level="FAIL">0 != 3</msg>
<msg time="2025-03-18T13:57:45.649284" level="DEBUG">Traceback (most recent call last):
  None
AssertionError: 0 != 3</msg>
<arg>${count}</arg>
<arg>${expected_count}</arg>
<doc>Fails if objects are unequal after converting them to integers.</doc>
<status status="FAIL" start="2025-03-18T13:57:45.649284" elapsed="0.000000">0 != 3</status>
</kw>
<arg>3</arg>
<status status="FAIL" start="2025-03-18T13:57:45.648281" elapsed="0.001003">0 != 3</status>
</kw>
<kw name="Check PDF Files Generated">
<msg time="2025-03-18T13:57:48.650081" level="TRACE">Arguments: [ ${expected_count}='3' ]</msg>
<kw name="Count Files" owner="utilities">
<msg time="2025-03-18T13:57:48.650683" level="TRACE">Arguments: [ 'C:\\Projects\\all-repos\\src\\prd\\rb\\asbl\\target/uat/rbs/ReportBurster/output' | pattern='*.pdf' | recursive=True ]</msg>
<msg time="2025-03-18T13:57:48.650683" level="TRACE">Return: 0</msg>
<msg time="2025-03-18T13:57:48.650683" level="INFO">${count} = 0</msg>
<var>${count}</var>
<arg>${PORTABLE_EXECUTABLE_DIR_SERVER}/output</arg>
<arg>pattern=*.pdf</arg>
<arg>recursive=True</arg>
<status status="PASS" start="2025-03-18T13:57:48.650683" elapsed="0.000000"/>
</kw>
<kw name="Should Be Equal As Integers" owner="BuiltIn">
<msg time="2025-03-18T13:57:48.651675" level="TRACE">Arguments: [ 0 | '3' ]</msg>
<msg time="2025-03-18T13:57:48.651675" level="INFO">Argument types are:
&lt;class 'int'&gt;
&lt;class 'str'&gt;</msg>
<msg time="2025-03-18T13:57:48.651675" level="FAIL">0 != 3</msg>
<msg time="2025-03-18T13:57:48.651675" level="DEBUG">Traceback (most recent call last):
  None
AssertionError: 0 != 3</msg>
<arg>${count}</arg>
<arg>${expected_count}</arg>
<doc>Fails if objects are unequal after converting them to integers.</doc>
<status status="FAIL" start="2025-03-18T13:57:48.651675" elapsed="0.000000">0 != 3</status>
</kw>
<arg>3</arg>
<status status="FAIL" start="2025-03-18T13:57:48.650081" elapsed="0.001594">0 != 3</status>
</kw>
<kw name="Check PDF Files Generated">
<msg time="2025-03-18T13:57:51.653265" level="TRACE">Arguments: [ ${expected_count}='3' ]</msg>
<kw name="Count Files" owner="utilities">
<msg time="2025-03-18T13:57:51.653265" level="TRACE">Arguments: [ 'C:\\Projects\\all-repos\\src\\prd\\rb\\asbl\\target/uat/rbs/ReportBurster/output' | pattern='*.pdf' | recursive=True ]</msg>
<msg time="2025-03-18T13:57:51.653265" level="TRACE">Return: 0</msg>
<msg time="2025-03-18T13:57:51.654265" level="INFO">${count} = 0</msg>
<var>${count}</var>
<arg>${PORTABLE_EXECUTABLE_DIR_SERVER}/output</arg>
<arg>pattern=*.pdf</arg>
<arg>recursive=True</arg>
<status status="PASS" start="2025-03-18T13:57:51.653265" elapsed="0.001000"/>
</kw>
<kw name="Should Be Equal As Integers" owner="BuiltIn">
<msg time="2025-03-18T13:57:51.654265" level="TRACE">Arguments: [ 0 | '3' ]</msg>
<msg time="2025-03-18T13:57:51.654265" level="INFO">Argument types are:
&lt;class 'int'&gt;
&lt;class 'str'&gt;</msg>
<msg time="2025-03-18T13:57:51.655265" level="FAIL">0 != 3</msg>
<msg time="2025-03-18T13:57:51.655265" level="DEBUG">Traceback (most recent call last):
  None
AssertionError: 0 != 3</msg>
<arg>${count}</arg>
<arg>${expected_count}</arg>
<doc>Fails if objects are unequal after converting them to integers.</doc>
<status status="FAIL" start="2025-03-18T13:57:51.654265" elapsed="0.001000">0 != 3</status>
</kw>
<arg>3</arg>
<status status="FAIL" start="2025-03-18T13:57:51.652269" elapsed="0.002996">0 != 3</status>
</kw>
<kw name="Check PDF Files Generated">
<msg time="2025-03-18T13:57:54.655717" level="TRACE">Arguments: [ ${expected_count}='3' ]</msg>
<kw name="Count Files" owner="utilities">
<msg time="2025-03-18T13:57:54.655717" level="TRACE">Arguments: [ 'C:\\Projects\\all-repos\\src\\prd\\rb\\asbl\\target/uat/rbs/ReportBurster/output' | pattern='*.pdf' | recursive=True ]</msg>
<msg time="2025-03-18T13:57:54.657717" level="TRACE">Return: 3</msg>
<msg time="2025-03-18T13:57:54.657717" level="INFO">${count} = 3</msg>
<var>${count}</var>
<arg>${PORTABLE_EXECUTABLE_DIR_SERVER}/output</arg>
<arg>pattern=*.pdf</arg>
<arg>recursive=True</arg>
<status status="PASS" start="2025-03-18T13:57:54.655717" elapsed="0.002000"/>
</kw>
<kw name="Should Be Equal As Integers" owner="BuiltIn">
<msg time="2025-03-18T13:57:54.657717" level="TRACE">Arguments: [ 3 | '3' ]</msg>
<msg time="2025-03-18T13:57:54.657717" level="INFO">Argument types are:
&lt;class 'int'&gt;
&lt;class 'str'&gt;</msg>
<msg time="2025-03-18T13:57:54.658715" level="TRACE">Return: None</msg>
<arg>${count}</arg>
<arg>${expected_count}</arg>
<doc>Fails if objects are unequal after converting them to integers.</doc>
<status status="PASS" start="2025-03-18T13:57:54.657717" elapsed="0.000998"/>
</kw>
<msg time="2025-03-18T13:57:54.658715" level="TRACE">Return: None</msg>
<arg>3</arg>
<status status="PASS" start="2025-03-18T13:57:54.655717" elapsed="0.002998"/>
</kw>
<msg time="2025-03-18T13:57:54.658715" level="TRACE">Return: None</msg>
<arg>10x</arg>
<arg>3s</arg>
<arg>Check PDF Files Generated</arg>
<arg>3</arg>
<doc>Runs the specified keyword and retries if it fails.</doc>
<status status="PASS" start="2025-03-18T13:57:33.640644" elapsed="21.018071"/>
</kw>
<kw name="Sleep" owner="BuiltIn">
<msg time="2025-03-18T13:57:54.658715" level="TRACE">Arguments: [ '1s' ]</msg>
<msg time="2025-03-18T13:57:55.659695" level="INFO">Slept 1 second.</msg>
<msg time="2025-03-18T13:57:55.659695" level="TRACE">Return: None</msg>
<arg>1s</arg>
<doc>Pauses the test executed for the given time.</doc>
<status status="PASS" start="2025-03-18T13:57:54.658715" elapsed="1.000980"/>
</kw>
<kw name="Shut Server" owner="utilities">
<msg time="2025-03-18T13:57:55.659695" level="TRACE">Arguments: [  ]</msg>
<msg time="2025-03-18T13:57:55.665707" level="TRACE">Return: &lt;Popen: returncode: None args: ['cmd.exe', '/c', 'C:\\Projects\\all-repos\\s...&gt;</msg>
<status status="PASS" start="2025-03-18T13:57:55.659695" elapsed="0.006012"/>
</kw>
<kw name="Wait Until Keyword Succeeds" owner="BuiltIn">
<msg time="2025-03-18T13:57:55.666708" level="TRACE">Arguments: [ '10x' | '3s' | 'Check Server Is Not Running' ]</msg>
<kw name="Check Server Is Not Running">
<msg time="2025-03-18T13:57:55.666708" level="TRACE">Arguments: [  ]</msg>
<kw name="Create Session" owner="RequestsLibrary">
<msg time="2025-03-18T13:57:55.667705" level="TRACE">Arguments: [ 'server' | 'http://localhost:9090' ]</msg>
<msg time="2025-03-18T13:57:55.667705" level="INFO">Creating Session using : alias=server, url=http://localhost:9090, headers={},                     cookies={}, auth=None, timeout=None, proxies=None, verify=False,                     debug=0 </msg>
<msg time="2025-03-18T13:57:55.667705" level="DEBUG">Creating session: server</msg>
<msg time="2025-03-18T13:57:55.667705" level="TRACE">Return: &lt;requests.sessions.Session object at 0x000002CE720C2150&gt;</msg>
<arg>server</arg>
<arg>${SERVER_URL}</arg>
<doc>Create Session: create a HTTP session to a server</doc>
<status status="PASS" start="2025-03-18T13:57:55.667705" elapsed="0.000000"/>
</kw>
<kw name="Run Keyword And Ignore Error" owner="BuiltIn">
<msg time="2025-03-18T13:57:55.668707" level="TRACE">Arguments: [ 'GET On Session' | 'server' | '/' ]</msg>
<kw name="GET On Session" owner="RequestsLibrary">
<msg time="2025-03-18T13:57:55.668707" level="TRACE">Arguments: [ 'server' | '/' ]</msg>
<msg time="2025-03-18T13:57:55.669706" level="DEBUG">Starting new HTTP connection (1): localhost:9090</msg>
<msg time="2025-03-18T13:57:55.674705" level="DEBUG">http://localhost:9090 "GET / HTTP/1.1" 200 4962</msg>
<msg time="2025-03-18T13:57:55.674705" level="INFO">GET Request : url=http://localhost:9090/ 
 path_url=/ 
 headers={'User-Agent': 'python-requests/2.32.3', 'Accept-Encoding': 'gzip, deflate', 'Accept': '*/*', 'Connection': 'keep-alive'} 
 body=None 
 </msg>
<msg time="2025-03-18T13:57:55.674705" level="INFO">GET Response : url=http://localhost:9090/ 
 status=200, reason= 
 headers={'Access-Control-Allow-Credentials': 'true', 'Access-Control-Allow-Origin': '*', 'Access-Control-Allow-Methods': 'GET, PUT, POST, DELETE, OPTIONS', 'Access-Control-Allow-Headers': 'Content-Type', 'Vary': 'Origin, Access-Control-Request-Method, Access-Control-Request-Headers', 'Last-Modified': 'Tue, 18 Mar 2025 12:54:48 GMT', 'Accept-Ranges': 'bytes', 'Content-Type': 'text/html;charset=UTF-8', 'Content-Language': 'en-US', 'Content-Length': '4962', 'Date': 'Tue, 18 Mar 2025 12:57:55 GMT', 'Keep-Alive': 'timeout=60', 'Connection': 'keep-alive'} 
 body=&lt;!DOCTYPE html&gt;&lt;html&gt;&lt;head&gt;
    &lt;meta charset="utf-8"&gt;
    &lt;title&gt;&lt;/title&gt;
    &lt;base href="/"&gt;

    &lt;meta name="viewport" content="width=device-width, initial-scale=1"&gt;
    &lt;link rel="icon" type="image/x-icon" href="assets/icons/icon.ico"&gt;
  &lt;style&gt;html{font-family:sans-serif;-ms-text-size-adjust:100%;-webkit-text-size-adjust:100%}body{margin:0}@media print{*,:after,:before{color:#000!important;text-shadow:none!important;background:0 0!important;box-shadow:none!important}}:after,:before{box-sizing:border-box}html{font-size:10px;-webkit-tap-highlight-color:rgba(0,0,0,0)}body{font-family:Helvetica Neue,Helvetica,Arial,sans-serif;font-size:14px;line-height:1.42857143;color:#333;background-color:#fff}@charset "UTF-8";html,body{height:100%}body{font-family:Source Sans Pro,Helvetica Neue,Helvetica,Arial,sans-serif;font-weight:400;overflow-x:hidden;overflow-y:auto}:root{--surface-a:#ffffff;--surface-b:#efefef;--surface-c:#e9ecef;--surface-d:#dee2e6;--surface-e:#ffffff;--surface-f:#ffffff;--text-color:#212529;--text-color-secondary:#6c757d;--primary-color:#007bff;--primary-color-text:#ffffff;--font-family:-apple-system, BlinkMacSystemFont, Segoe UI, Roboto, Helvetica, Arial, sans-serif, Apple Color Emoji, Segoe UI Emoji, Segoe UI Symbol;--surface-0:#ffffff;--surface-50:#f9fafb;--surface-100:#f8f9fa;--surface-200:#e9ecef;--surface-300:#dee2e6;--surface-400:#ced4da;--surface-500:#adb5bd;--surface-600:#6c757d;--surface-700:#495057;--surface-800:#343a40;--surface-900:#212529;--gray-50:#f9fafb;--gray-100:#f8f9fa;--gray-200:#e9ecef;--gray-300:#dee2e6;--gray-400:#ced4da;--gray-500:#adb5bd;--gray-600:#6c757d;--gray-700:#495057;--gray-800:#343a40;--gray-900:#212529;--content-padding:1.25rem;--inline-spacing:.5rem;--border-radius:4px;--surface-ground:#efefef;--surface-section:#ffffff;--surface-card:#ffffff;--surface-overlay:#ffffff;--surface-border:#dee2e6;--surface-hover:#e9ecef;--maskbg:rgba(0, 0, 0, .4);--focus-ring:0 0 0 .2rem rgba(38, 143, 255, .5);color-scheme:light}*{box-sizing:border-box}:root{--blue-50:#f3f8ff;--blue-100:#c5dcff;--blue-200:#97c1fe;--blue-300:#69a5fe;--blue-400:#3b8afd;--blue-500:#0d6efd;--blue-600:#0b5ed7;--blue-700:#094db1;--blue-800:#073d8b;--blue-900:#052c65;--green-50:#f4f9f6;--green-100:#c8e2d6;--green-200:#9ccbb5;--green-300:#70b595;--green-400:#459e74;--green-500:#198754;--green-600:#157347;--green-700:#125f3b;--green-800:#0e4a2e;--green-900:#0a3622;--yellow-50:#fffcf3;--yellow-100:#fff0c3;--yellow-200:#ffe494;--yellow-300:#ffd965;--yellow-400:#ffcd36;--yellow-500:#ffc107;--yellow-600:#d9a406;--yellow-700:#b38705;--yellow-800:#8c6a04;--yellow-900:#664d03;--cyan-50:#f3fcfe;--cyan-100:#c5f2fb;--cyan-200:#97e8f9;--cyan-300:#69def6;--cyan-400:#3bd4f3;--cyan-500:#0dcaf0;--cyan-600:#0baccc;--cyan-700:#098da8;--cyan-800:#076f84;--cyan-900:#055160;--pink-50:#fdf5f9;--pink-100:#f5cee1;--pink-200:#eda7ca;--pink-300:#e681b3;--pink-400:#de5a9b;--pink-500:#d63384;--pink-600:#b62b70;--pink-700:#96245c;--pink-800:#761c49;--pink-900:#561435;--indigo-50:#f7f3fe;--indigo-100:#dac6fc;--indigo-200:#bd98f9;--indigo-300:#a06bf7;--indigo-400:#833df4;--indigo-500:#6610f2;--indigo-600:#570ece;--indigo-700:#470ba9;--indigo-800:#380985;--indigo-900:#290661;--teal-50:#f4fcfa;--teal-100:#c9f2e6;--teal-200:#9fe8d2;--teal-300:#75debf;--teal-400:#4ad3ab;--teal-500:#20c997;--teal-600:#1bab80;--teal-700:#168d6a;--teal-800:#126f53;--teal-900:#0d503c;--orange-50:#fff9f3;--orange-100:#ffe0c7;--orange-200:#fec89a;--orange-300:#feaf6d;--orange-400:#fd9741;--orange-500:#fd7e14;--orange-600:#d76b11;--orange-700:#b1580e;--orange-800:#8b450b;--orange-900:#653208;--bluegray-50:#f8f9fb;--bluegray-100:#e0e4ea;--bluegray-200:#c7ced9;--bluegray-300:#aeb9c8;--bluegray-400:#95a3b8;--bluegray-500:#7c8ea7;--bluegray-600:#69798e;--bluegray-700:#576375;--bluegray-800:#444e5c;--bluegray-900:#323943;--purple-50:#f8f6fc;--purple-100:#dcd2f0;--purple-200:#c1aee4;--purple-300:#a68ad9;--purple-400:#8a66cd;--purple-500:#6f42c1;--purple-600:#5e38a4;--purple-700:#4e2e87;--purple-800:#3d246a;--purple-900:#2c1a4d;--red-50:#fdf5f6;--red-100:#f7cfd2;--red-200:#f0a8af;--red-300:#e9828c;--red-400:#e35b68;--red-500:#dc3545;--red-600:#bb2d3b;--red-700:#9a2530;--red-800:#791d26;--red-900:#58151c;--primary-50:#f2f8ff;--primary-100:#c2dfff;--primary-200:#91c6ff;--primary-300:#61adff;--primary-400:#3094ff;--primary-500:#007bff;--primary-600:#0069d9;--primary-700:#0056b3;--primary-800:#00448c;--primary-900:#003166}&lt;/style&gt;&lt;link rel="stylesheet" href="styles.25311701cd7e1e35.css" media="print" onload="this.media='all'"&gt;&lt;noscript&gt;&lt;link rel="stylesheet" href="styles.25311701cd7e1e35.css"&gt;&lt;/noscript&gt;&lt;/head&gt;
  &lt;body class="skin-blue"&gt;
    &lt;app-root&gt;Loading...&lt;/app-root&gt;
  &lt;script src="runtime.c1bd29ecf74be03c.js" type="module"&gt;&lt;/script&gt;&lt;script src="polyfills.4ae72b598e1b5927.js" type="module"&gt;&lt;/script&gt;&lt;script src="scripts.2212ee5021e2179d.js" defer&gt;&lt;/script&gt;&lt;script src="main.1e39a32f11a1b037.js" type="module"&gt;&lt;/script&gt;

&lt;/body&gt;&lt;/html&gt; 
 </msg>
<msg time="2025-03-18T13:57:55.675708" level="TRACE">Return: &lt;Response [200]&gt;</msg>
<arg>server</arg>
<arg>/</arg>
<doc>Sends a GET request on a previously created HTTP Session.</doc>
<status status="PASS" start="2025-03-18T13:57:55.668707" elapsed="0.007001"/>
</kw>
<msg time="2025-03-18T13:57:55.675708" level="TRACE">Return: ('PASS', &lt;Response [200]&gt;)</msg>
<msg time="2025-03-18T13:57:55.675708" level="INFO">${result} = ('PASS', &lt;Response [200]&gt;)</msg>
<var>${result}</var>
<arg>GET On Session</arg>
<arg>server</arg>
<arg>/</arg>
<doc>Runs the given keyword with the given arguments and ignores possible error.</doc>
<status status="PASS" start="2025-03-18T13:57:55.667705" elapsed="0.008003"/>
</kw>
<kw name="Set Variable If" owner="BuiltIn">
<msg time="2025-03-18T13:57:55.676708" level="TRACE">Arguments: [ "'PASS' == 'PASS'" | '${result[1].status_code}' | '0' ]</msg>
<msg time="2025-03-18T13:57:55.676708" level="TRACE">Return: 200</msg>
<msg time="2025-03-18T13:57:55.676708" level="INFO">${status_code} = 200</msg>
<var>${status_code}</var>
<arg>'${result[0]}' == 'PASS'</arg>
<arg>${result[1].status_code}</arg>
<arg>0</arg>
<doc>Sets variable based on the given condition.</doc>
<status status="PASS" start="2025-03-18T13:57:55.675708" elapsed="0.001000"/>
</kw>
<kw name="Should Not Be Equal As Integers" owner="BuiltIn">
<msg time="2025-03-18T13:57:55.677708" level="TRACE">Arguments: [ 200 | '200' ]</msg>
<msg time="2025-03-18T13:57:55.677708" level="INFO">Argument types are:
&lt;class 'int'&gt;
&lt;class 'str'&gt;</msg>
<msg time="2025-03-18T13:57:55.677708" level="FAIL">200 == 200</msg>
<msg time="2025-03-18T13:57:55.677708" level="DEBUG">Traceback (most recent call last):
  None
AssertionError: 200 == 200</msg>
<arg>${status_code}</arg>
<arg>200</arg>
<doc>Fails if objects are equal after converting them to integers.</doc>
<status status="FAIL" start="2025-03-18T13:57:55.677708" elapsed="0.000000">200 == 200</status>
</kw>
<status status="FAIL" start="2025-03-18T13:57:55.666708" elapsed="0.011000">200 == 200</status>
</kw>
<kw name="Check Server Is Not Running">
<msg time="2025-03-18T13:57:58.678654" level="TRACE">Arguments: [  ]</msg>
<kw name="Create Session" owner="RequestsLibrary">
<msg time="2025-03-18T13:57:58.678654" level="TRACE">Arguments: [ 'server' | 'http://localhost:9090' ]</msg>
<msg time="2025-03-18T13:57:58.679655" level="INFO">Creating Session using : alias=server, url=http://localhost:9090, headers={},                     cookies={}, auth=None, timeout=None, proxies=None, verify=False,                     debug=0 </msg>
<msg time="2025-03-18T13:57:58.679655" level="DEBUG">Creating session: server</msg>
<msg time="2025-03-18T13:57:58.679655" level="TRACE">Return: &lt;requests.sessions.Session object at 0x000002CE71F48E00&gt;</msg>
<arg>server</arg>
<arg>${SERVER_URL}</arg>
<doc>Create Session: create a HTTP session to a server</doc>
<status status="PASS" start="2025-03-18T13:57:58.678654" elapsed="0.001001"/>
</kw>
<kw name="Run Keyword And Ignore Error" owner="BuiltIn">
<msg time="2025-03-18T13:57:58.679655" level="TRACE">Arguments: [ 'GET On Session' | 'server' | '/' ]</msg>
<kw name="GET On Session" owner="RequestsLibrary">
<msg time="2025-03-18T13:57:58.680656" level="TRACE">Arguments: [ 'server' | '/' ]</msg>
<msg time="2025-03-18T13:57:58.680656" level="DEBUG">Starting new HTTP connection (1): localhost:9090</msg>
<msg time="2025-03-18T13:58:02.736639" level="DEBUG">Incremented Retry for (url='/'): RetryAdapter(total=2, connect=None, read=None, redirect=None, status=None)</msg>
<msg time="2025-03-18T13:58:02.736639" level="WARN">Retrying (RetryAdapter(total=2, connect=None, read=None, redirect=None, status=None)) after connection broken by 'NewConnectionError('&lt;urllib3.connection.HTTPConnection object at 0x000002CE72161280&gt;: Failed to establish a new connection: [WinError 10061] No connection could be made because the target machine actively refused it')': /</msg>
<msg time="2025-03-18T13:58:02.737638" level="DEBUG">Starting new HTTP connection (2): localhost:9090</msg>
<msg time="2025-03-18T13:58:06.797652" level="DEBUG">Incremented Retry for (url='/'): RetryAdapter(total=1, connect=None, read=None, redirect=None, status=None)</msg>
<msg time="2025-03-18T13:58:06.998652" level="WARN">Retrying (RetryAdapter(total=1, connect=None, read=None, redirect=None, status=None)) after connection broken by 'NewConnectionError('&lt;urllib3.connection.HTTPConnection object at 0x000002CE72160230&gt;: Failed to establish a new connection: [WinError 10061] No connection could be made because the target machine actively refused it')': /</msg>
<msg time="2025-03-18T13:58:06.999653" level="DEBUG">Starting new HTTP connection (3): localhost:9090</msg>
<msg time="2025-03-18T13:58:11.063638" level="DEBUG">Incremented Retry for (url='/'): RetryAdapter(total=0, connect=None, read=None, redirect=None, status=None)</msg>
<msg time="2025-03-18T13:58:11.464639" level="WARN">Retrying (RetryAdapter(total=0, connect=None, read=None, redirect=None, status=None)) after connection broken by 'NewConnectionError('&lt;urllib3.connection.HTTPConnection object at 0x000002CE721608C0&gt;: Failed to establish a new connection: [WinError 10061] No connection could be made because the target machine actively refused it')': /</msg>
<msg time="2025-03-18T13:58:11.465639" level="DEBUG">Starting new HTTP connection (4): localhost:9090</msg>
<msg time="2025-03-18T13:58:15.530909" level="FAIL">ConnectionError: HTTPConnectionPool(host='localhost', port=9090): Max retries exceeded with url: / (Caused by NewConnectionError('&lt;urllib3.connection.HTTPConnection object at 0x000002CE72160E90&gt;: Failed to establish a new connection: [WinError 10061] No connection could be made because the target machine actively refused it'))</msg>
<msg time="2025-03-18T13:58:15.532906" level="DEBUG">Traceback (most recent call last):
  File "C:\Projects\all-repos\src\prd\rb\asbl\src\uat\.venv\Lib\site-packages\urllib3\connection.py", line 198, in _new_conn
    sock = connection.create_connection(
           ^^^^^^^^^^^^^^^^^^^^^^^^^^^^^
  File "C:\Projects\all-repos\src\prd\rb\asbl\src\uat\.venv\Lib\site-packages\urllib3\util\connection.py", line 85, in create_connection
    raise err
  File "C:\Projects\all-repos\src\prd\rb\asbl\src\uat\.venv\Lib\site-packages\urllib3\util\connection.py", line 73, in create_connection
    sock.connect(sa)
ConnectionRefusedError: [WinError 10061] No connection could be made because the target machine actively refused it

The above exception was the direct cause of the following exception:

Traceback (most recent call last):
  File "C:\Projects\all-repos\src\prd\rb\asbl\src\uat\.venv\Lib\site-packages\urllib3\connectionpool.py", line 787, in urlopen
    response = self._make_request(
               ^^^^^^^^^^^^^^^^^^^
  File "C:\Projects\all-repos\src\prd\rb\asbl\src\uat\.venv\Lib\site-packages\urllib3\connectionpool.py", line 493, in _make_request
    conn.request(
  File "C:\Projects\all-repos\src\prd\rb\asbl\src\uat\.venv\Lib\site-packages\urllib3\connection.py", line 445, in request
    self.endheaders()
  File "C:\Python312\Lib\http\client.py", line 1331, in endheaders
    self._send_output(message_body, encode_chunked=encode_chunked)
  File "C:\Python312\Lib\http\client.py", line 1091, in _send_output
    self.send(msg)
  File "C:\Python312\Lib\http\client.py", line 1035, in send
    self.connect()
  File "C:\Projects\all-repos\src\prd\rb\asbl\src\uat\.venv\Lib\site-packages\urllib3\connection.py", line 276, in connect
    self.sock = self._new_conn()
                ^^^^^^^^^^^^^^^^
  File "C:\Projects\all-repos\src\prd\rb\asbl\src\uat\.venv\Lib\site-packages\urllib3\connection.py", line 213, in _new_conn
    raise NewConnectionError(
urllib3.exceptions.NewConnectionError: &lt;urllib3.connection.HTTPConnection object at 0x000002CE72160E90&gt;: Failed to establish a new connection: [WinError 10061] No connection could be made because the target machine actively refused it

The above exception was the direct cause of the following exception:

Traceback (most recent call last):
  File "C:\Projects\all-repos\src\prd\rb\asbl\src\uat\.venv\Lib\site-packages\requests\adapters.py", line 667, in send
    resp = conn.urlopen(
           ^^^^^^^^^^^^^
  File "C:\Projects\all-repos\src\prd\rb\asbl\src\uat\.venv\Lib\site-packages\urllib3\connectionpool.py", line 871, in urlopen
    return self.urlopen(
           ^^^^^^^^^^^^^
  File "C:\Projects\all-repos\src\prd\rb\asbl\src\uat\.venv\Lib\site-packages\urllib3\connectionpool.py", line 871, in urlopen
    return self.urlopen(
           ^^^^^^^^^^^^^
  File "C:\Projects\all-repos\src\prd\rb\asbl\src\uat\.venv\Lib\site-packages\urllib3\connectionpool.py", line 871, in urlopen
    return self.urlopen(
           ^^^^^^^^^^^^^
  File "C:\Projects\all-repos\src\prd\rb\asbl\src\uat\.venv\Lib\site-packages\urllib3\connectionpool.py", line 841, in urlopen
    retries = retries.increment(
              ^^^^^^^^^^^^^^^^^^
  File "C:\Projects\all-repos\src\prd\rb\asbl\src\uat\.venv\Lib\site-packages\urllib3\util\retry.py", line 519, in increment
    raise MaxRetryError(_pool, url, reason) from reason  # type: ignore[arg-type]
    ^^^^^^^^^^^^^^^^^^^^^^^^^^^^^^^^^^^^^^^^^^^^^^^^^^^
urllib3.exceptions.MaxRetryError: HTTPConnectionPool(host='localhost', port=9090): Max retries exceeded with url: / (Caused by NewConnectionError('&lt;urllib3.connection.HTTPConnection object at 0x000002CE72160E90&gt;: Failed to establish a new connection: [WinError 10061] No connection could be made because the target machine actively refused it'))

During handling of the above exception, another exception occurred:

Traceback (most recent call last):
  File "C:\Projects\all-repos\src\prd\rb\asbl\src\uat\.venv\Lib\site-packages\RequestsLibrary\utils.py", line 154, in decorator
    return func(*args, **kwargs)
           ^^^^^^^^^^^^^^^^^^^^^
  File "C:\Projects\all-repos\src\prd\rb\asbl\src\uat\.venv\Lib\site-packages\RequestsLibrary\RequestsOnSessionKeywords.py", line 31, in get_on_session
    response = self._common_request("get", session, url,
               ^^^^^^^^^^^^^^^^^^^^^^^^^^^^^^^^^^^^^^^^^
  File "C:\Projects\all-repos\src\prd\rb\asbl\src\uat\.venv\Lib\site-packages\RequestsLibrary\RequestsKeywords.py", line 37, in _common_request
    resp = method_function(
           ^^^^^^^^^^^^^^^^
  File "C:\Projects\all-repos\src\prd\rb\asbl\src\uat\.venv\Lib\site-packages\requests\sessions.py", line 602, in get
    return self.request("GET", url, **kwargs)
           ^^^^^^^^^^^^^^^^^^^^^^^^^^^^^^^^^^
  File "C:\Projects\all-repos\src\prd\rb\asbl\src\uat\.venv\Lib\site-packages\requests\sessions.py", line 589, in request
    resp = self.send(prep, **send_kwargs)
           ^^^^^^^^^^^^^^^^^^^^^^^^^^^^^^
  File "C:\Projects\all-repos\src\prd\rb\asbl\src\uat\.venv\Lib\site-packages\requests\sessions.py", line 703, in send
    r = adapter.send(request, **kwargs)
        ^^^^^^^^^^^^^^^^^^^^^^^^^^^^^^^
  File "C:\Projects\all-repos\src\prd\rb\asbl\src\uat\.venv\Lib\site-packages\requests\adapters.py", line 700, in send
    raise ConnectionError(e, request=request)
requests.exceptions.ConnectionError: HTTPConnectionPool(host='localhost', port=9090): Max retries exceeded with url: / (Caused by NewConnectionError('&lt;urllib3.connection.HTTPConnection object at 0x000002CE72160E90&gt;: Failed to establish a new connection: [WinError 10061] No connection could be made because the target machine actively refused it'))</msg>
<arg>server</arg>
<arg>/</arg>
<doc>Sends a GET request on a previously created HTTP Session.</doc>
<status status="FAIL" start="2025-03-18T13:57:58.680656" elapsed="16.852250">ConnectionError: HTTPConnectionPool(host='localhost', port=9090): Max retries exceeded with url: / (Caused by NewConnectionError('&lt;urllib3.connection.HTTPConnection object at 0x000002CE72160E90&gt;: Failed to establish a new connection: [WinError 10061] No connection could be made because the target machine actively refused it'))</status>
</kw>
<msg time="2025-03-18T13:58:15.532906" level="TRACE">Return: ('FAIL',
 "ConnectionError: HTTPConnectionPool(host='localhost', port=9090): Max retries exceeded with url: / (Caused by NewConnectionError('&lt;urllib3.connection.HTTPConnection object at 0x000002CE72160E90&gt;: Failed to establish a new connection: [WinError 10061] No connection could be made because the target machine actively refused it'))")</msg>
<msg time="2025-03-18T13:58:15.532906" level="INFO">${result} = ('FAIL', "ConnectionError: HTTPConnectionPool(host='localhost', port=9090): Max retries exceeded with url: / (Caused by NewConnectionError('&lt;urllib3.connection.HTTPConnection object at 0x000002CE72160...</msg>
<var>${result}</var>
<arg>GET On Session</arg>
<arg>server</arg>
<arg>/</arg>
<doc>Runs the given keyword with the given arguments and ignores possible error.</doc>
<status status="PASS" start="2025-03-18T13:57:58.679655" elapsed="16.853251"/>
</kw>
<kw name="Set Variable If" owner="BuiltIn">
<msg time="2025-03-18T13:58:15.533907" level="TRACE">Arguments: [ "'FAIL' == 'PASS'" | '${result[1].status_code}' | '0' ]</msg>
<msg time="2025-03-18T13:58:15.533907" level="TRACE">Return: '0'</msg>
<msg time="2025-03-18T13:58:15.533907" level="INFO">${status_code} = 0</msg>
<var>${status_code}</var>
<arg>'${result[0]}' == 'PASS'</arg>
<arg>${result[1].status_code}</arg>
<arg>0</arg>
<doc>Sets variable based on the given condition.</doc>
<status status="PASS" start="2025-03-18T13:58:15.532906" elapsed="0.001001"/>
</kw>
<kw name="Should Not Be Equal As Integers" owner="BuiltIn">
<msg time="2025-03-18T13:58:15.533907" level="TRACE">Arguments: [ '0' | '200' ]</msg>
<msg time="2025-03-18T13:58:15.533907" level="DEBUG">Argument types are:
&lt;class 'str'&gt;
&lt;class 'str'&gt;</msg>
<msg time="2025-03-18T13:58:15.533907" level="TRACE">Return: None</msg>
<arg>${status_code}</arg>
<arg>200</arg>
<doc>Fails if objects are equal after converting them to integers.</doc>
<status status="PASS" start="2025-03-18T13:58:15.533907" elapsed="0.000000"/>
</kw>
<msg time="2025-03-18T13:58:15.533907" level="TRACE">Return: None</msg>
<status status="PASS" start="2025-03-18T13:57:58.678654" elapsed="16.855253"/>
</kw>
<msg time="2025-03-18T13:58:15.533907" level="TRACE">Return: None</msg>
<arg>10x</arg>
<arg>3s</arg>
<arg>Check Server Is Not Running</arg>
<doc>Runs the specified keyword and retries if it fails.</doc>
<status status="PASS" start="2025-03-18T13:57:55.666708" elapsed="19.867199"/>
</kw>
<msg time="2025-03-18T13:58:15.533907" level="TRACE">Return: None</msg>
<status status="PASS" start="2025-03-18T13:57:11.454526" elapsed="64.079381"/>
</kw>
<kw name="Sleep" owner="BuiltIn">
<msg time="2025-03-18T13:58:15.534907" level="TRACE">Arguments: [ '1s' ]</msg>
<msg time="2025-03-18T13:58:16.535682" level="INFO">Slept 1 second.</msg>
<msg time="2025-03-18T13:58:16.535682" level="TRACE">Return: None</msg>
<arg>1s</arg>
<doc>Pauses the test executed for the given time.</doc>
<status status="PASS" start="2025-03-18T13:58:15.534907" elapsed="1.000775"/>
</kw>
<kw name="Ensure Java Is Not Installed" owner="utilities">
<msg time="2025-03-18T13:58:16.536681" level="TRACE">Arguments: [  ]</msg>
<msg time="2025-03-18T13:58:35.246903" level="INFO">Chocolatey is installed. (ensure_java_is_not_installed)
Uninstalling maven with Chocolatey...
Uninstalling Temurin11 with Chocolatey...
Java is not installed on this computer.</msg>
<msg time="2025-03-18T13:58:35.246903" level="TRACE">Return: None</msg>
<status status="PASS" start="2025-03-18T13:58:16.535682" elapsed="18.711221"/>
</kw>
<kw name="Sleep" owner="BuiltIn">
<msg time="2025-03-18T13:58:35.246903" level="TRACE">Arguments: [ '1s' ]</msg>
<msg time="2025-03-18T13:58:36.248213" level="INFO">Slept 1 second.</msg>
<msg time="2025-03-18T13:58:36.248213" level="TRACE">Return: None</msg>
<arg>1s</arg>
<doc>Pauses the test executed for the given time.</doc>
<status status="PASS" start="2025-03-18T13:58:35.246903" elapsed="1.001310"/>
</kw>
<kw name="Refresh Env Variables" owner="utilities">
<msg time="2025-03-18T13:58:36.249188" level="TRACE">Arguments: [  ]</msg>
<msg time="2025-03-18T13:58:36.604064" level="TRACE">Return: None</msg>
<status status="PASS" start="2025-03-18T13:58:36.249188" elapsed="0.355875"/>
</kw>
<kw name="Shut Server" owner="utilities" type="TEARDOWN">
<msg time="2025-03-18T13:58:36.605063" level="TRACE">Arguments: [  ]</msg>
<msg time="2025-03-18T13:58:36.607067" level="TRACE">Return: &lt;Popen: returncode: None args: ['cmd.exe', '/c', 'C:\\Projects\\all-repos\\s...&gt;</msg>
<status status="PASS" start="2025-03-18T13:58:36.605063" elapsed="0.002004"/>
</kw>
<doc>startServer.bat and shutServer.bat Scripts Should Work Fine</doc>
<status status="PASS" start="2025-03-18T13:56:38.776175" elapsed="117.830892"/>
</test>
<test id="s1-s2-t2" name="service.bat Should Work Fine" line="36">
<kw name="Clean Output Folders And Log Files" owner="utilities" type="SETUP">
<msg time="2025-03-18T13:58:36.610064" level="TRACE">Arguments: [ product='server' ]</msg>
<msg time="2025-03-18T13:58:36.613064" level="TRACE">Return: None</msg>
<arg>product=server</arg>
<status status="PASS" start="2025-03-18T13:58:36.610064" elapsed="0.003000"/>
</kw>
<kw name="Ensure Chocolatey Is Installed" owner="utilities">
<msg time="2025-03-18T13:58:36.613064" level="TRACE">Arguments: [  ]</msg>
<msg time="2025-03-18T13:58:37.544149" level="INFO">Output of 'choco -v': 2.4.3

Chocolatey is already installed.</msg>
<msg time="2025-03-18T13:58:37.544149" level="TRACE">Return: None</msg>
<status status="PASS" start="2025-03-18T13:58:36.613064" elapsed="0.931085"/>
</kw>
<kw name="Sleep" owner="BuiltIn">
<msg time="2025-03-18T13:58:37.544149" level="TRACE">Arguments: [ '1s' ]</msg>
<msg time="2025-03-18T13:58:38.545538" level="INFO">Slept 1 second.</msg>
<msg time="2025-03-18T13:58:38.545538" level="TRACE">Return: None</msg>
<arg>1s</arg>
<doc>Pauses the test executed for the given time.</doc>
[...]
<msg time="2025-03-18T14:10:17.902761" level="DEBUG">Remote response: status=200 | data={"value":[{"element-6066-11e4-a52e-4f735466cecf":"ecfc03b3-ce6b-4d0f-9508-b3cd244029ea"}]} | headers=HTTPHeaderDict({'Content-Length': '90', 'Content-Type': 'application/json; charset=utf-8', 'cache-control': 'no-cache'})</msg>
<msg time="2025-03-18T14:10:17.902761" level="DEBUG">Finished Request</msg>
<msg time="2025-03-18T14:10:18.104131" level="DEBUG">POST http://localhost:63700/session/6ea9d3eed0f877715e43d53a1035137c/elements {'using': 'css selector', 'value': '[id="btnMigrate"]'}</msg>
<msg time="2025-03-18T14:10:18.111132" level="DEBUG">http://localhost:63700 "POST /session/6ea9d3eed0f877715e43d53a1035137c/elements HTTP/1.1" 200 0</msg>
<msg time="2025-03-18T14:10:18.111132" level="DEBUG">Remote response: status=200 | data={"value":[{"element-6066-11e4-a52e-4f735466cecf":"ecfc03b3-ce6b-4d0f-9508-b3cd244029ea"}]} | headers=HTTPHeaderDict({'Content-Length': '90', 'Content-Type': 'application/json; charset=utf-8', 'cache-control': 'no-cache'})</msg>
<msg time="2025-03-18T14:10:18.111132" level="DEBUG">Finished Request</msg>
<msg time="2025-03-18T14:10:18.312131" level="DEBUG">POST http://localhost:63700/session/6ea9d3eed0f877715e43d53a1035137c/elements {'using': 'css selector', 'value': '[id="btnMigrate"]'}</msg>
<msg time="2025-03-18T14:10:18.317131" level="DEBUG">http://localhost:63700 "POST /session/6ea9d3eed0f877715e43d53a1035137c/elements HTTP/1.1" 200 0</msg>
<msg time="2025-03-18T14:10:18.317131" level="DEBUG">Remote response: status=200 | data={"value":[{"element-6066-11e4-a52e-4f735466cecf":"ecfc03b3-ce6b-4d0f-9508-b3cd244029ea"}]} | headers=HTTPHeaderDict({'Content-Length': '90', 'Content-Type': 'application/json; charset=utf-8', 'cache-control': 'no-cache'})</msg>
<msg time="2025-03-18T14:10:18.317131" level="DEBUG">Finished Request</msg>
<msg time="2025-03-18T14:10:18.518130" level="DEBUG">POST http://localhost:63700/session/6ea9d3eed0f877715e43d53a1035137c/elements {'using': 'css selector', 'value': '[id="btnMigrate"]'}</msg>
<msg time="2025-03-18T14:10:18.526131" level="DEBUG">http://localhost:63700 "POST /session/6ea9d3eed0f877715e43d53a1035137c/elements HTTP/1.1" 200 0</msg>
<msg time="2025-03-18T14:10:18.526131" level="DEBUG">Remote response: status=200 | data={"value":[{"element-6066-11e4-a52e-4f735466cecf":"ecfc03b3-ce6b-4d0f-9508-b3cd244029ea"}]} | headers=HTTPHeaderDict({'Content-Length': '90', 'Content-Type': 'application/json; charset=utf-8', 'cache-control': 'no-cache'})</msg>
<msg time="2025-03-18T14:10:18.526131" level="DEBUG">Finished Request</msg>
<msg time="2025-03-18T14:10:18.727129" level="DEBUG">POST http://localhost:63700/session/6ea9d3eed0f877715e43d53a1035137c/elements {'using': 'css selector', 'value': '[id="btnMigrate"]'}</msg>
<msg time="2025-03-18T14:10:18.733130" level="DEBUG">http://localhost:63700 "POST /session/6ea9d3eed0f877715e43d53a1035137c/elements HTTP/1.1" 200 0</msg>
<msg time="2025-03-18T14:10:18.733130" level="DEBUG">Remote response: status=200 | data={"value":[{"element-6066-11e4-a52e-4f735466cecf":"ecfc03b3-ce6b-4d0f-9508-b3cd244029ea"}]} | headers=HTTPHeaderDict({'Content-Length': '90', 'Content-Type': 'application/json; charset=utf-8', 'cache-control': 'no-cache'})</msg>
<msg time="2025-03-18T14:10:18.733130" level="DEBUG">Finished Request</msg>
<msg time="2025-03-18T14:10:18.934130" level="DEBUG">POST http://localhost:63700/session/6ea9d3eed0f877715e43d53a1035137c/elements {'using': 'css selector', 'value': '[id="btnMigrate"]'}</msg>
<msg time="2025-03-18T14:10:18.939130" level="DEBUG">http://localhost:63700 "POST /session/6ea9d3eed0f877715e43d53a1035137c/elements HTTP/1.1" 200 0</msg>
<msg time="2025-03-18T14:10:18.939130" level="DEBUG">Remote response: status=200 | data={"value":[{"element-6066-11e4-a52e-4f735466cecf":"ecfc03b3-ce6b-4d0f-9508-b3cd244029ea"}]} | headers=HTTPHeaderDict({'Content-Length': '90', 'Content-Type': 'application/json; charset=utf-8', 'cache-control': 'no-cache'})</msg>
<msg time="2025-03-18T14:10:18.940131" level="DEBUG">Finished Request</msg>
<msg time="2025-03-18T14:10:19.141131" level="DEBUG">POST http://localhost:63700/session/6ea9d3eed0f877715e43d53a1035137c/elements {'using': 'css selector', 'value': '[id="btnMigrate"]'}</msg>
<msg time="2025-03-18T14:10:19.149130" level="DEBUG">http://localhost:63700 "POST /session/6ea9d3eed0f877715e43d53a1035137c/elements HTTP/1.1" 200 0</msg>
<msg time="2025-03-18T14:10:19.149130" level="DEBUG">Remote response: status=200 | data={"value":[{"element-6066-11e4-a52e-4f735466cecf":"ecfc03b3-ce6b-4d0f-9508-b3cd244029ea"}]} | headers=HTTPHeaderDict({'Content-Length': '90', 'Content-Type': 'application/json; charset=utf-8', 'cache-control': 'no-cache'})</msg>
<msg time="2025-03-18T14:10:19.149130" level="DEBUG">Finished Request</msg>
<msg time="2025-03-18T14:10:19.350130" level="DEBUG">POST http://localhost:63700/session/6ea9d3eed0f877715e43d53a1035137c/elements {'using': 'css selector', 'value': '[id="btnMigrate"]'}</msg>
<msg time="2025-03-18T14:10:19.356130" level="DEBUG">http://localhost:63700 "POST /session/6ea9d3eed0f877715e43d53a1035137c/elements HTTP/1.1" 200 0</msg>
<msg time="2025-03-18T14:10:19.356130" level="DEBUG">Remote response: status=200 | data={"value":[]} | headers=HTTPHeaderDict({'Content-Length': '12', 'Content-Type': 'application/json; charset=utf-8', 'cache-control': 'no-cache'})</msg>
<msg time="2025-03-18T14:10:19.356130" level="DEBUG">Finished Request</msg>
<msg time="2025-03-18T14:10:19.356130" level="TRACE">Return: None</msg>
<arg>id=btnMigrate</arg>
<doc>Waits until the element ``locator`` disappears from the current page.</doc>
<status status="PASS" start="2025-03-18T14:10:17.895726" elapsed="1.460404"/>
</kw>
<kw name="Wait Until Page Contains Element" owner="SeleniumLibrary">
<msg time="2025-03-18T14:10:19.357131" level="TRACE">Arguments: [ 'id=workingOn' | datetime.timedelta(seconds=50) ]</msg>
<msg time="2025-03-18T14:10:19.357131" level="DEBUG">POST http://localhost:63700/session/6ea9d3eed0f877715e43d53a1035137c/elements {'using': 'css selector', 'value': '[id="workingOn"]'}</msg>
<msg time="2025-03-18T14:10:19.365130" level="DEBUG">http://localhost:63700 "POST /session/6ea9d3eed0f877715e43d53a1035137c/elements HTTP/1.1" 200 0</msg>
<msg time="2025-03-18T14:10:19.365130" level="DEBUG">Remote response: status=200 | data={"value":[{"element-6066-11e4-a52e-4f735466cecf":"55baff43-281a-4abd-a71e-a0055a786bcb"}]} | headers=HTTPHeaderDict({'Content-Length': '90', 'Content-Type': 'application/json; charset=utf-8', 'cache-control': 'no-cache'})</msg>
<msg time="2025-03-18T14:10:19.365130" level="DEBUG">Finished Request</msg>
<msg time="2025-03-18T14:10:19.365130" level="TRACE">Return: None</msg>
<arg>id=workingOn</arg>
<arg>50</arg>
<doc>Waits until the element ``locator`` appears on the current page.</doc>
<status status="PASS" start="2025-03-18T14:10:19.357131" elapsed="0.007999"/>
</kw>
<kw name="Wait Until Page Does Not Contain Element" owner="SeleniumLibrary">
<msg time="2025-03-18T14:10:19.366129" level="TRACE">Arguments: [ 'id=workingOn' ]</msg>
<msg time="2025-03-18T14:10:19.366129" level="DEBUG">POST http://localhost:63700/session/6ea9d3eed0f877715e43d53a1035137c/elements {'using': 'css selector', 'value': '[id="workingOn"]'}</msg>
<msg time="2025-03-18T14:10:19.371130" level="DEBUG">http://localhost:63700 "POST /session/6ea9d3eed0f877715e43d53a1035137c/elements HTTP/1.1" 200 0</msg>
<msg time="2025-03-18T14:10:19.371130" level="DEBUG">Remote response: status=200 | data={"value":[]} | headers=HTTPHeaderDict({'Content-Length': '12', 'Content-Type': 'application/json; charset=utf-8', 'cache-control': 'no-cache'})</msg>
<msg time="2025-03-18T14:10:19.371130" level="DEBUG">Finished Request</msg>
<msg time="2025-03-18T14:10:19.371130" level="TRACE">Return: None</msg>
<arg>id=workingOn</arg>
<doc>Waits until the element ``locator`` disappears from the current page.</doc>
<status status="PASS" start="2025-03-18T14:10:19.366129" elapsed="0.005001"/>
</kw>
<kw name="Wait Until Page Contains Element" owner="SeleniumLibrary">
<msg time="2025-03-18T14:10:19.372130" level="TRACE">Arguments: [ 'id=noJobsRunning' ]</msg>
<msg time="2025-03-18T14:10:19.372130" level="DEBUG">POST http://localhost:63700/session/6ea9d3eed0f877715e43d53a1035137c/elements {'using': 'css selector', 'value': '[id="noJobsRunning"]'}</msg>
<msg time="2025-03-18T14:10:19.378130" level="DEBUG">http://localhost:63700 "POST /session/6ea9d3eed0f877715e43d53a1035137c/elements HTTP/1.1" 200 0</msg>
<msg time="2025-03-18T14:10:19.379130" level="DEBUG">Remote response: status=200 | data={"value":[{"element-6066-11e4-a52e-4f735466cecf":"4f041a27-332a-46c1-bf17-6debebe9c4b2"}]} | headers=HTTPHeaderDict({'Content-Length': '90', 'Content-Type': 'application/json; charset=utf-8', 'cache-control': 'no-cache'})</msg>
<msg time="2025-03-18T14:10:19.379130" level="DEBUG">Finished Request</msg>
<msg time="2025-03-18T14:10:19.379130" level="TRACE">Return: None</msg>
<arg>id=noJobsRunning</arg>
<doc>Waits until the element ``locator`` appears on the current page.</doc>
<status status="PASS" start="2025-03-18T14:10:19.372130" elapsed="0.007000"/>
</kw>
<kw name="Page Should Contain Element" owner="SeleniumLibrary">
<msg time="2025-03-18T14:10:19.379130" level="TRACE">Arguments: [ 'id=btnGreatNoErrorsNoWarnings' ]</msg>
<msg time="2025-03-18T14:10:19.379130" level="DEBUG">POST http://localhost:63700/session/6ea9d3eed0f877715e43d53a1035137c/elements {'using': 'css selector', 'value': '[id="btnGreatNoErrorsNoWarnings"]'}</msg>
<msg time="2025-03-18T14:10:19.384130" level="DEBUG">http://localhost:63700 "POST /session/6ea9d3eed0f877715e43d53a1035137c/elements HTTP/1.1" 200 0</msg>
<msg time="2025-03-18T14:10:19.384130" level="DEBUG">Remote response: status=200 | data={"value":[{"element-6066-11e4-a52e-4f735466cecf":"e8b86e30-80dc-4964-ba40-3dd2e0845892"}]} | headers=HTTPHeaderDict({'Content-Length': '90', 'Content-Type': 'application/json; charset=utf-8', 'cache-control': 'no-cache'})</msg>
<msg time="2025-03-18T14:10:19.384130" level="DEBUG">Finished Request</msg>
<msg time="2025-03-18T14:10:19.385130" level="INFO">Current page contains element 'id=btnGreatNoErrorsNoWarnings'.</msg>
<msg time="2025-03-18T14:10:19.385130" level="TRACE">Return: None</msg>
<arg>id=btnGreatNoErrorsNoWarnings</arg>
<doc>Verifies that element ``locator`` is found on the current page.</doc>
<status status="PASS" start="2025-03-18T14:10:19.379130" elapsed="0.006000"/>
</kw>
<kw name="Sleep" owner="BuiltIn">
<msg time="2025-03-18T14:10:19.385130" level="TRACE">Arguments: [ '1s' ]</msg>
<msg time="2025-03-18T14:10:20.385305" level="INFO">Slept 1 second.</msg>
<msg time="2025-03-18T14:10:20.385305" level="TRACE">Return: None</msg>
<arg>1s</arg>
<doc>Pauses the test executed for the given time.</doc>
<status status="PASS" start="2025-03-18T14:10:19.385130" elapsed="1.000175"/>
</kw>
<kw name="Assert Configuration Files Were Migrated Correctly" owner="utilities">
<msg time="2025-03-18T14:10:20.385305" level="TRACE">Arguments: [  ]</msg>
<msg time="2025-03-18T14:10:20.386306" level="TRACE">Return: None</msg>
<status status="PASS" start="2025-03-18T14:10:20.385305" elapsed="0.001001"/>
</kw>
<kw name="Sleep" owner="BuiltIn">
<msg time="2025-03-18T14:10:20.386306" level="TRACE">Arguments: [ '1s' ]</msg>
<msg time="2025-03-18T14:10:21.386524" level="INFO">Slept 1 second.</msg>
<msg time="2025-03-18T14:10:21.386524" level="TRACE">Return: None</msg>
<arg>1s</arg>
<doc>Pauses the test executed for the given time.</doc>
<status status="PASS" start="2025-03-18T14:10:20.386306" elapsed="1.000218"/>
</kw>
<kw name="Ensure Java Is Not Installed" owner="utilities">
<msg time="2025-03-18T14:10:21.386524" level="TRACE">Arguments: [  ]</msg>
<msg time="2025-03-18T14:11:12.340061" level="INFO">Chocolatey is installed. (ensure_java_is_not_installed)
Uninstalling maven with Chocolatey...
Uninstalling Temurin11 with Chocolatey...
Java is not installed on this computer.</msg>
<msg time="2025-03-18T14:11:12.340061" level="TRACE">Return: None</msg>
<status status="PASS" start="2025-03-18T14:10:21.386524" elapsed="50.953537"/>
</kw>
<kw name="Sleep" owner="BuiltIn">
<msg time="2025-03-18T14:11:12.341062" level="TRACE">Arguments: [ '1s' ]</msg>
<msg time="2025-03-18T14:11:13.342082" level="INFO">Slept 1 second.</msg>
<msg time="2025-03-18T14:11:13.342082" level="TRACE">Return: None</msg>
<arg>1s</arg>
<doc>Pauses the test executed for the given time.</doc>
<status status="PASS" start="2025-03-18T14:11:12.341062" elapsed="1.001020"/>
</kw>
<kw name="Close Electron Application">
<msg time="2025-03-18T14:11:13.342082" level="TRACE">Arguments: [  ]</msg>
<kw name="Kill Reportburster Exe Process" owner="utilities">
<msg time="2025-03-18T14:11:13.342082" level="TRACE">Arguments: [ True ]</msg>
<msg time="2025-03-18T14:11:13.343080" level="INFO">Log file path: C:\Projects\all-repos\src\prd\rb\asbl\target/uat/rb/ReportBurster-letmeupdate\logs\electron.log</msg>
<msg time="2025-03-18T14:11:13.343080" level="TRACE">Return: None</msg>
<arg>${True}</arg>
<status status="PASS" start="2025-03-18T14:11:13.342082" elapsed="0.000998"/>
</kw>
<msg time="2025-03-18T14:11:13.343080" level="TRACE">Return: None</msg>
<doc>Kills the Electron application process</doc>
<status status="PASS" start="2025-03-18T14:11:13.342082" elapsed="0.000998"/>
</kw>
<kw name="Kill Reportburster Exe Process" owner="utilities" type="TEARDOWN">
<msg time="2025-03-18T14:11:13.344082" level="TRACE">Arguments: [  ]</msg>
<msg time="2025-03-18T14:11:13.344082" level="INFO">Log file path: C:\Projects\all-repos\src\prd\rb\asbl\target/uat/rb/ReportBurster\logs\electron.log
No process found with PID: 26004</msg>
<msg time="2025-03-18T14:11:13.344082" level="TRACE">Return: None</msg>
<status status="PASS" start="2025-03-18T14:11:13.344082" elapsed="0.000000"/>
</kw>
<doc>Let me manualy Update Should Work Fine</doc>
<status status="PASS" start="2025-03-18T14:09:02.311408" elapsed="131.032674"/>
</test>
<status status="PASS" start="2025-03-18T14:09:02.306399" elapsed="131.040681"/>
</suite>
<status status="PASS" start="2025-03-18T13:54:52.465511" elapsed="980.881569"/>
</suite>
<statistics>
<total>
<stat pass="10" fail="0" skip="0">All Tests</stat>
</total>
<tag>
</tag>
<suite>
<stat name="Tests" id="s1" pass="10" fail="0" skip="0">Tests</stat>
<stat name="Different-Java-Versions" id="s1-s1" pass="2" fail="0" skip="0">Tests.Different-Java-Versions</stat>
<stat name="ReportBurster-Server" id="s1-s2" pass="2" fail="0" skip="0">Tests.ReportBurster-Server</stat>
<stat name="Reportburster.Bat" id="s1-s3" pass="1" fail="0" skip="0">Tests.Reportburster.Bat</stat>
<stat name="ReportBurster.exe-prerequisites" id="s1-s4" pass="3" fail="0" skip="0">Tests.ReportBurster.exe-prerequisites</stat>
<stat name="ReportBurster.exe-quickstart" id="s1-s5" pass="1" fail="0" skip="0">Tests.ReportBurster.exe-quickstart</stat>
<stat name="ReportBurster.exe-update" id="s1-s6" pass="1" fail="0" skip="0">Tests.ReportBurster.exe-update</stat>
</suite>
</statistics>
<errors>
<msg time="2025-03-18T13:57:16.538302" level="WARN">Retrying (RetryAdapter(total=2, connect=None, read=None, redirect=None, status=None)) after connection broken by 'NewConnectionError('&lt;urllib3.connection.HTTPConnection object at 0x000002CE7203D8E0&gt;: Failed to establish a new connection: [WinError 10061] No connection could be made because the target machine actively refused it')': /</msg>
<msg time="2025-03-18T13:57:20.791593" level="WARN">Retrying (RetryAdapter(total=1, connect=None, read=None, redirect=None, status=None)) after connection broken by 'NewConnectionError('&lt;urllib3.connection.HTTPConnection object at 0x000002CE7209F860&gt;: Failed to establish a new connection: [WinError 10061] No connection could be made because the target machine actively refused it')': /</msg>
<msg time="2025-03-18T13:57:25.258970" level="WARN">Retrying (RetryAdapter(total=0, connect=None, read=None, redirect=None, status=None)) after connection broken by 'NewConnectionError('&lt;urllib3.connection.HTTPConnection object at 0x000002CE720C0260&gt;: Failed to establish a new connection: [WinError 10061] No connection could be made because the target machine actively refused it')': /</msg>
<msg time="2025-03-18T13:58:02.736639" level="WARN">Retrying (RetryAdapter(total=2, connect=None, read=None, redirect=None, status=None)) after connection broken by 'NewConnectionError('&lt;urllib3.connection.HTTPConnection object at 0x000002CE72161280&gt;: Failed to establish a new connection: [WinError 10061] No connection could be made because the target machine actively refused it')': /</msg>
<msg time="2025-03-18T13:58:06.998652" level="WARN">Retrying (RetryAdapter(total=1, connect=None, read=None, redirect=None, status=None)) after connection broken by 'NewConnectionError('&lt;urllib3.connection.HTTPConnection object at 0x000002CE72160230&gt;: Failed to establish a new connection: [WinError 10061] No connection could be made because the target machine actively refused it')': /</msg>
<msg time="2025-03-18T13:58:11.464639" level="WARN">Retrying (RetryAdapter(total=0, connect=None, read=None, redirect=None, status=None)) after connection broken by 'NewConnectionError('&lt;urllib3.connection.HTTPConnection object at 0x000002CE721608C0&gt;: Failed to establish a new connection: [WinError 10061] No connection could be made because the target machine actively refused it')': /</msg>
<msg time="2025-03-18T13:59:07.747797" level="WARN">Retrying (RetryAdapter(total=2, connect=None, read=None, redirect=None, status=None)) after connection broken by 'NewConnectionError('&lt;urllib3.connection.HTTPConnection object at 0x000002CE721756D0&gt;: Failed to establish a new connection: [WinError 10061] No connection could be made because the target machine actively refused it')': /</msg>
<msg time="2025-03-18T13:59:12.006821" level="WARN">Retrying (RetryAdapter(total=1, connect=None, read=None, redirect=None, status=None)) after connection broken by 'NewConnectionError('&lt;urllib3.connection.HTTPConnection object at 0x000002CE72161EB0&gt;: Failed to establish a new connection: [WinError 10061] No connection could be made because the target machine actively refused it')': /</msg>
<msg time="2025-03-18T13:59:16.495575" level="WARN">Retrying (RetryAdapter(total=0, connect=None, read=None, redirect=None, status=None)) after connection broken by 'NewConnectionError('&lt;urllib3.connection.HTTPConnection object at 0x000002CE54F54080&gt;: Failed to establish a new connection: [WinError 10061] No connection could be made because the target machine actively refused it')': /</msg>
<msg time="2025-03-18T13:59:33.734209" level="WARN">Retrying (RetryAdapter(total=2, connect=None, read=None, redirect=None, status=None)) after connection broken by 'ConnectionResetError(10054, 'An existing connection was forcibly closed by the remote host', None, 10054, None)': /</msg>
<msg time="2025-03-18T13:59:38.009666" level="WARN">Retrying (RetryAdapter(total=1, connect=None, read=None, redirect=None, status=None)) after connection broken by 'NewConnectionError('&lt;urllib3.connection.HTTPConnection object at 0x000002CE7218B800&gt;: Failed to establish a new connection: [WinError 10061] No connection could be made because the target machine actively refused it')': /</msg>
<msg time="2025-03-18T13:59:42.497364" level="WARN">Retrying (RetryAdapter(total=0, connect=None, read=None, redirect=None, status=None)) after connection broken by 'NewConnectionError('&lt;urllib3.connection.HTTPConnection object at 0x000002CE7218BC50&gt;: Failed to establish a new connection: [WinError 10061] No connection could be made because the target machine actively refused it')': /</msg>
</errors>
</robot>
