<?xml version="1.0" encoding="UTF-8"?>
<robot generator="Rebot 7.2.2 (Python 3.12.6 on win32)" generated="2025-03-14T10:14:47.748962" rpa="false" schemaversion="5">
<suite id="s1" name="Tests" source="C:\Projects\all-repos\src\prd\rb\asbl\src\uat\tests">
<suite id="s1-s1" name="Different-Java-Versions" source="C:\Projects\all-repos\src\prd\rb\asbl\src\uat\tests\different-java-versions.robot">
<test id="s1-s1-t1" name="ReportBurster.exe Latest Java" line="24">
<kw name="Clean Output Folders And Log Files" owner="utilities" type="SETUP">
<msg time="2025-03-14T10:14:46.729933" level="TRACE">Arguments: [  ]</msg>
<msg time="2025-03-14T10:14:46.730978" level="FAIL">FileNotFoundError: [WinError 3] The system cannot find the path specified: 'C:\\Projects\\all-repos\\src\\prd\\rb\\asbl\\target/uat/rb/ReportBurster\\backup'</msg>
<msg time="2025-03-14T10:14:46.730978" level="DEBUG">Traceback (most recent call last):
  File "C:\Projects\all-repos\src\prd\rb\asbl\src\uat\resources\utilities.py", line 95, in clean_output_folders_and_log_files
    empty_folder(folder_path)
  File "C:\Projects\all-repos\src\prd\rb\asbl\src\uat\resources\utilities.py", line 61, in empty_folder
    for filename in os.listdir(folder_path):
                    ^^^^^^^^^^^^^^^^^^^^^^^
FileNotFoundError: [WinError 3] The system cannot find the path specified: 'C:\\Projects\\all-repos\\src\\prd\\rb\\asbl\\target/uat/rb/ReportBurster\\backup'</msg>
<status status="FAIL" start="2025-03-14T10:14:46.729933" elapsed="0.001045">FileNotFoundError: [WinError 3] The system cannot find the path specified: 'C:\\Projects\\all-repos\\src\\prd\\rb\\asbl\\target/uat/rb/ReportBurster\\backup'</status>
</kw>
<doc>Quickstart Payslips.pdf Should Work Fine (Latest Java)</doc>
<status status="FAIL" start="2025-03-14T10:14:46.728620" elapsed="0.002358">Setup failed:
FileNotFoundError: [WinError 3] The system cannot find the path specified: 'C:\\Projects\\all-repos\\src\\prd\\rb\\asbl\\target/uat/rb/ReportBurster\\backup'
[RETRY] FAIL on 3. retry.</status>
</test>
<test id="s1-s1-t2" name="startServer.bat and shutServer.bat Should Work Fine Latest Java" line="50">
<kw name="Clean Output Folders And Log Files" owner="utilities" type="SETUP">
<msg time="2025-03-14T10:14:46.759687" level="TRACE">Arguments: [  ]</msg>
<msg time="2025-03-14T10:14:46.760702" level="FAIL">FileNotFoundError: [WinError 3] The system cannot find the path specified: 'C:\\Projects\\all-repos\\src\\prd\\rb\\asbl\\target/uat/rb/ReportBurster\\backup'</msg>
<msg time="2025-03-14T10:14:46.760702" level="DEBUG">Traceback (most recent call last):
  File "C:\Projects\all-repos\src\prd\rb\asbl\src\uat\resources\utilities.py", line 95, in clean_output_folders_and_log_files
    empty_folder(folder_path)
  File "C:\Projects\all-repos\src\prd\rb\asbl\src\uat\resources\utilities.py", line 61, in empty_folder
    for filename in os.listdir(folder_path):
                    ^^^^^^^^^^^^^^^^^^^^^^^
FileNotFoundError: [WinError 3] The system cannot find the path specified: 'C:\\Projects\\all-repos\\src\\prd\\rb\\asbl\\target/uat/rb/ReportBurster\\backup'</msg>
<status status="FAIL" start="2025-03-14T10:14:46.759687" elapsed="0.001015">FileNotFoundError: [WinError 3] The system cannot find the path specified: 'C:\\Projects\\all-repos\\src\\prd\\rb\\asbl\\target/uat/rb/ReportBurster\\backup'</status>
</kw>
<doc>startServer.bat and shutServer.bat Should Work Fine (Latest Java)</doc>
<status status="FAIL" start="2025-03-14T10:14:46.756012" elapsed="0.004690">Setup failed:
FileNotFoundError: [WinError 3] The system cannot find the path specified: 'C:\\Projects\\all-repos\\src\\prd\\rb\\asbl\\target/uat/rb/ReportBurster\\backup'
[RETRY] FAIL on 3. retry.</status>
</test>
<status status="FAIL" start="2025-03-14T10:14:45.972186" elapsed="0.794268"/>
</suite>
<suite id="s1-s2" name="ReportBurster-Server" source="C:\Projects\all-repos\src\prd\rb\asbl\src\uat\tests\ReportBurster-Server.robot">
<test id="s1-s2-t1" name="startServer.bat and shutServer.bat Scripts Should Work Fine" line="15">
<kw name="Clean Output Folders And Log Files" owner="utilities" type="SETUP">
<msg time="2025-03-14T10:14:47.422962" level="TRACE">Arguments: [ product='server' ]</msg>
<msg time="2025-03-14T10:14:47.423972" level="FAIL">FileNotFoundError: [WinError 3] The system cannot find the path specified: 'C:\\Projects\\all-repos\\src\\prd\\rb\\asbl\\target/uat/rbs/ReportBurster\\backup'</msg>
<msg time="2025-03-14T10:14:47.423972" level="DEBUG">Traceback (most recent call last):
  File "C:\Projects\all-repos\src\prd\rb\asbl\src\uat\resources\utilities.py", line 95, in clean_output_folders_and_log_files
    empty_folder(folder_path)
  File "C:\Projects\all-repos\src\prd\rb\asbl\src\uat\resources\utilities.py", line 61, in empty_folder
    for filename in os.listdir(folder_path):
                    ^^^^^^^^^^^^^^^^^^^^^^^
FileNotFoundError: [WinError 3] The system cannot find the path specified: 'C:\\Projects\\all-repos\\src\\prd\\rb\\asbl\\target/uat/rbs/ReportBurster\\backup'</msg>
<arg>product=server</arg>
<status status="FAIL" start="2025-03-14T10:14:47.422962" elapsed="0.001010">FileNotFoundError: [WinError 3] The system cannot find the path specified: 'C:\\Projects\\all-repos\\src\\prd\\rb\\asbl\\target/uat/rbs/ReportBurster\\backup'</status>
</kw>
<kw name="Shut Server" owner="utilities" type="TEARDOWN">
<msg time="2025-03-14T10:14:47.423972" level="TRACE">Arguments: [  ]</msg>
<msg time="2025-03-14T10:14:47.424970" level="TRACE">Return: None</msg>
<msg time="2025-03-14T10:14:47.424970" level="FAIL">NotADirectoryError: [WinError 267] The directory name is invalid</msg>
<msg time="2025-03-14T10:14:47.424970" level="DEBUG">Traceback (most recent call last):
  File "C:\Projects\all-repos\src\prd\rb\asbl\src\uat\resources\utilities.py", line 284, in shut_server
    process = subprocess.Popen(['cmd.exe', '/c', f'{PORTABLE_EXECUTABLE_DIR_SERVER}/shutServer.bat'], cwd=PORTABLE_EXECUTABLE_DIR_SERVER)
              ^^^^^^^^^^^^^^^^^^^^^^^^^^^^^^^^^^^^^^^^^^^^^^^^^^^^^^^^^^^^^^^^^^^^^^^^^^^^^^^^^^^^^^^^^^^^^^^^^^^^^^^^^^^^^^^^^^^^^^^^^^^
  File "C:\Python312\Lib\subprocess.py", line 1026, in __init__
    self._execute_child(args, executable, preexec_fn, close_fds,
  File "C:\Python312\Lib\subprocess.py", line 1538, in _execute_child
    hp, ht, pid, tid = _winapi.CreateProcess(executable, args,
                       ^^^^^^^^^^^^^^^^^^^^^^^^^^^^^^^^^^^^^^^
NotADirectoryError: [WinError 267] The directory name is invalid</msg>
<status status="FAIL" start="2025-03-14T10:14:47.423972" elapsed="0.000998">NotADirectoryError: [WinError 267] The directory name is invalid</status>
</kw>
<doc>startServer.bat and shutServer.bat Scripts Should Work Fine</doc>
<status status="FAIL" start="2025-03-14T10:14:47.420817" elapsed="0.005155">Setup failed:
FileNotFoundError: [WinError 3] The system cannot find the path specified: 'C:\\Projects\\all-repos\\src\\prd\\rb\\asbl\\target/uat/rbs/ReportBurster\\backup'

Also teardown failed:
NotADirectoryError: [WinError 267] The directory name is invalid
[RETRY] FAIL on 3. retry.</status>
</test>
<test id="s1-s2-t2" name="service.bat Should Work Fine" line="36">
<kw name="Clean Output Folders And Log Files" owner="utilities" type="SETUP">
<msg time="2025-03-14T10:14:47.462112" level="TRACE">Arguments: [ product='server' ]</msg>
<msg time="2025-03-14T10:14:47.463121" level="FAIL">FileNotFoundError: [WinError 3] The system cannot find the path specified: 'C:\\Projects\\all-repos\\src\\prd\\rb\\asbl\\target/uat/rbs/ReportBurster\\backup'</msg>
<msg time="2025-03-14T10:14:47.463121" level="DEBUG">Traceback (most recent call last):
  File "C:\Projects\all-repos\src\prd\rb\asbl\src\uat\resources\utilities.py", line 95, in clean_output_folders_and_log_files
    empty_folder(folder_path)
  File "C:\Projects\all-repos\src\prd\rb\asbl\src\uat\resources\utilities.py", line 61, in empty_folder
    for filename in os.listdir(folder_path):
                    ^^^^^^^^^^^^^^^^^^^^^^^
FileNotFoundError: [WinError 3] The system cannot find the path specified: 'C:\\Projects\\all-repos\\src\\prd\\rb\\asbl\\target/uat/rbs/ReportBurster\\backup'</msg>
<arg>product=server</arg>
<status status="FAIL" start="2025-03-14T10:14:47.462112" elapsed="0.001009">FileNotFoundError: [WinError 3] The system cannot find the path specified: 'C:\\Projects\\all-repos\\src\\prd\\rb\\asbl\\target/uat/rbs/ReportBurster\\backup'</status>
</kw>
<kw name="Shut Server" owner="utilities" type="TEARDOWN">
<msg time="2025-03-14T10:14:47.464121" level="TRACE">Arguments: [  ]</msg>
<msg time="2025-03-14T10:14:47.464121" level="TRACE">Return: None</msg>
<msg time="2025-03-14T10:14:47.464121" level="FAIL">NotADirectoryError: [WinError 267] The directory name is invalid</msg>
<msg time="2025-03-14T10:14:47.464121" level="DEBUG">Traceback (most recent call last):
  File "C:\Projects\all-repos\src\prd\rb\asbl\src\uat\resources\utilities.py", line 284, in shut_server
    process = subprocess.Popen(['cmd.exe', '/c', f'{PORTABLE_EXECUTABLE_DIR_SERVER}/shutServer.bat'], cwd=PORTABLE_EXECUTABLE_DIR_SERVER)
              ^^^^^^^^^^^^^^^^^^^^^^^^^^^^^^^^^^^^^^^^^^^^^^^^^^^^^^^^^^^^^^^^^^^^^^^^^^^^^^^^^^^^^^^^^^^^^^^^^^^^^^^^^^^^^^^^^^^^^^^^^^^
  File "C:\Python312\Lib\subprocess.py", line 1026, in __init__
    self._execute_child(args, executable, preexec_fn, close_fds,
  File "C:\Python312\Lib\subprocess.py", line 1538, in _execute_child
    hp, ht, pid, tid = _winapi.CreateProcess(executable, args,
                       ^^^^^^^^^^^^^^^^^^^^^^^^^^^^^^^^^^^^^^^
NotADirectoryError: [WinError 267] The directory name is invalid</msg>
<status status="FAIL" start="2025-03-14T10:14:47.463121" elapsed="0.001000">NotADirectoryError: [WinError 267] The directory name is invalid</status>
</kw>
<doc>service.bat install should check that the ReportBurster Server Windows Service was installed and service.bat uninstall should check that the Windows Service was removed</doc>
<status status="FAIL" start="2025-03-14T10:14:47.458855" elapsed="0.006265">Setup failed:
FileNotFoundError: [WinError 3] The system cannot find the path specified: 'C:\\Projects\\all-repos\\src\\prd\\rb\\asbl\\target/uat/rbs/ReportBurster\\backup'

Also teardown failed:
NotADirectoryError: [WinError 267] The directory name is invalid
[RETRY] FAIL on 3. retry.</status>
</test>
<status status="FAIL" start="2025-03-14T10:14:46.769453" elapsed="0.698669"/>
</suite>
<suite id="s1-s3" name="Reportburster.Bat" source="C:\Projects\all-repos\src\prd\rb\asbl\src\uat\tests\reportburster.bat.robot">
<test id="s1-s3-t1" name="Command Line Payslips.pdf Should Work Fine" line="13">
<kw name="Clean State" type="SETUP">
<msg time="2025-03-14T10:14:47.504502" level="TRACE">Arguments: [  ]</msg>
<kw name="Clean Output Folders And Log Files" owner="utilities">
<msg time="2025-03-14T10:14:47.505499" level="TRACE">Arguments: [  ]</msg>
<msg time="2025-03-14T10:14:47.505499" level="FAIL">FileNotFoundError: [WinError 3] The system cannot find the path specified: 'C:\\Projects\\all-repos\\src\\prd\\rb\\asbl\\target/uat/rb/ReportBurster\\backup'</msg>
<msg time="2025-03-14T10:14:47.505499" level="DEBUG">Traceback (most recent call last):
  File "C:\Projects\all-repos\src\prd\rb\asbl\src\uat\resources\utilities.py", line 95, in clean_output_folders_and_log_files
    empty_folder(folder_path)
  File "C:\Projects\all-repos\src\prd\rb\asbl\src\uat\resources\utilities.py", line 61, in empty_folder
    for filename in os.listdir(folder_path):
                    ^^^^^^^^^^^^^^^^^^^^^^^
FileNotFoundError: [WinError 3] The system cannot find the path specified: 'C:\\Projects\\all-repos\\src\\prd\\rb\\asbl\\target/uat/rb/ReportBurster\\backup'</msg>
<status status="FAIL" start="2025-03-14T10:14:47.505499" elapsed="0.000000">FileNotFoundError: [WinError 3] The system cannot find the path specified: 'C:\\Projects\\all-repos\\src\\prd\\rb\\asbl\\target/uat/rb/ReportBurster\\backup'</status>
</kw>
<doc>Clean Output Folders and Log Files</doc>
<status status="FAIL" start="2025-03-14T10:14:47.503445" elapsed="0.002054">FileNotFoundError: [WinError 3] The system cannot find the path specified: 'C:\\Projects\\all-repos\\src\\prd\\rb\\asbl\\target/uat/rb/ReportBurster\\backup'</status>
</kw>
<doc>Command Line Payslips.pdf Should Work Fine</doc>
<status status="FAIL" start="2025-03-14T10:14:47.501634" elapsed="0.004821">Setup failed:
FileNotFoundError: [WinError 3] The system cannot find the path specified: 'C:\\Projects\\all-repos\\src\\prd\\rb\\asbl\\target/uat/rb/ReportBurster\\backup'
[RETRY] FAIL on 3. retry.</status>
</test>
<status status="FAIL" start="2025-03-14T10:14:47.470121" elapsed="0.040234"/>
</suite>
<suite id="s1-s4" name="ReportBurster.exe-prerequisites" source="C:\Projects\all-repos\src\prd\rb\asbl\src\uat\tests\ReportBurster.exe-prerequisites.robot">
<test id="s1-s4-t1" name="Prerequisites Java 8 Installed Should Let The User Know That At Least Java 11 Is Required" line="12">
<kw name="Clean State" type="SETUP">
<msg time="2025-03-14T10:14:47.553236" level="TRACE">Arguments: [  ]</msg>
<kw name="Clean Output Folders And Log Files" owner="utilities">
<msg time="2025-03-14T10:14:47.553236" level="TRACE">Arguments: [  ]</msg>
<msg time="2025-03-14T10:14:47.553236" level="FAIL">FileNotFoundError: [WinError 3] The system cannot find the path specified: 'C:\\Projects\\all-repos\\src\\prd\\rb\\asbl\\target/uat/rb/ReportBurster\\backup'</msg>
<msg time="2025-03-14T10:14:47.554198" level="DEBUG">Traceback (most recent call last):
  File "C:\Projects\all-repos\src\prd\rb\asbl\src\uat\resources\utilities.py", line 95, in clean_output_folders_and_log_files
    empty_folder(folder_path)
  File "C:\Projects\all-repos\src\prd\rb\asbl\src\uat\resources\utilities.py", line 61, in empty_folder
    for filename in os.listdir(folder_path):
                    ^^^^^^^^^^^^^^^^^^^^^^^
FileNotFoundError: [WinError 3] The system cannot find the path specified: 'C:\\Projects\\all-repos\\src\\prd\\rb\\asbl\\target/uat/rb/ReportBurster\\backup'</msg>
<status status="FAIL" start="2025-03-14T10:14:47.553236" elapsed="0.000962">FileNotFoundError: [WinError 3] The system cannot find the path specified: 'C:\\Projects\\all-repos\\src\\prd\\rb\\asbl\\target/uat/rb/ReportBurster\\backup'</status>
</kw>
<kw name="Close ReportBurster Application">
<doc>Close ReportBurster Application</doc>
<status status="NOT RUN" start="2025-03-14T10:14:47.554198" elapsed="0.000000"/>
</kw>
<doc>Clean Output Folders and Log Files</doc>
<status status="FAIL" start="2025-03-14T10:14:47.553236" elapsed="0.000962">FileNotFoundError: [WinError 3] The system cannot find the path specified: 'C:\\Projects\\all-repos\\src\\prd\\rb\\asbl\\target/uat/rb/ReportBurster\\backup'</status>
</kw>
<kw name="Kill Reportburster Exe Process" owner="utilities" type="TEARDOWN">
<msg time="2025-03-14T10:14:47.555194" level="TRACE">Arguments: [  ]</msg>
<msg time="2025-03-14T10:14:47.555194" level="INFO">Log file path: C:\Projects\all-repos\src\prd\rb\asbl\target/uat/rb/ReportBurster\logs\electron.log</msg>
<msg time="2025-03-14T10:14:47.555194" level="TRACE">Return: None</msg>
<status status="PASS" start="2025-03-14T10:14:47.555194" elapsed="0.000000"/>
</kw>
<doc>Prerequisites Java 8 Installed Should Let The User Know That At Least Java 11 Is Required</doc>
<status status="FAIL" start="2025-03-14T10:14:47.550392" elapsed="0.004802">Setup failed:
FileNotFoundError: [WinError 3] The system cannot find the path specified: 'C:\\Projects\\all-repos\\src\\prd\\rb\\asbl\\target/uat/rb/ReportBurster\\backup'
[RETRY] FAIL on 3. retry.</status>
</test>
<test id="s1-s4-t2" name="Prerequisites Chocolatey Is Installed and Java Not Installed Should Allow User To Install Java" line="27">
<kw name="Clean State" type="SETUP">
<msg time="2025-03-14T10:14:47.608319" level="TRACE">Arguments: [  ]</msg>
<kw name="Clean Output Folders And Log Files" owner="utilities">
<msg time="2025-03-14T10:14:47.608319" level="TRACE">Arguments: [  ]</msg>
<msg time="2025-03-14T10:14:47.609322" level="FAIL">FileNotFoundError: [WinError 3] The system cannot find the path specified: 'C:\\Projects\\all-repos\\src\\prd\\rb\\asbl\\target/uat/rb/ReportBurster\\backup'</msg>
<msg time="2025-03-14T10:14:47.609322" level="DEBUG">Traceback (most recent call last):
  File "C:\Projects\all-repos\src\prd\rb\asbl\src\uat\resources\utilities.py", line 95, in clean_output_folders_and_log_files
    empty_folder(folder_path)
  File "C:\Projects\all-repos\src\prd\rb\asbl\src\uat\resources\utilities.py", line 61, in empty_folder
    for filename in os.listdir(folder_path):
                    ^^^^^^^^^^^^^^^^^^^^^^^
FileNotFoundError: [WinError 3] The system cannot find the path specified: 'C:\\Projects\\all-repos\\src\\prd\\rb\\asbl\\target/uat/rb/ReportBurster\\backup'</msg>
<status status="FAIL" start="2025-03-14T10:14:47.608319" elapsed="0.001003">FileNotFoundError: [WinError 3] The system cannot find the path specified: 'C:\\Projects\\all-repos\\src\\prd\\rb\\asbl\\target/uat/rb/ReportBurster\\backup'</status>
</kw>
<kw name="Close ReportBurster Application">
<doc>Close ReportBurster Application</doc>
<status status="NOT RUN" start="2025-03-14T10:14:47.610321" elapsed="0.000000"/>
</kw>
<doc>Clean Output Folders and Log Files</doc>
<status status="FAIL" start="2025-03-14T10:14:47.608319" elapsed="0.002002">FileNotFoundError: [WinError 3] The system cannot find the path specified: 'C:\\Projects\\all-repos\\src\\prd\\rb\\asbl\\target/uat/rb/ReportBurster\\backup'</status>
</kw>
<kw name="Kill Reportburster Exe Process" owner="utilities" type="TEARDOWN">
<msg time="2025-03-14T10:14:47.611321" level="TRACE">Arguments: [  ]</msg>
<msg time="2025-03-14T10:14:47.611321" level="INFO">Log file path: C:\Projects\all-repos\src\prd\rb\asbl\target/uat/rb/ReportBurster\logs\electron.log</msg>
<msg time="2025-03-14T10:14:47.611321" level="TRACE">Return: None</msg>
<status status="PASS" start="2025-03-14T10:14:47.610321" elapsed="0.001000"/>
</kw>
<doc>Prerequisites Chocolatey Is Installed and Java Not Installed Should Allow User To Install Java</doc>
<status status="FAIL" start="2025-03-14T10:14:47.604328" elapsed="0.006993">Setup failed:
FileNotFoundError: [WinError 3] The system cannot find the path specified: 'C:\\Projects\\all-repos\\src\\prd\\rb\\asbl\\target/uat/rb/ReportBurster\\backup'
[RETRY] FAIL on 3. retry.</status>
</test>
<test id="s1-s4-t3" name="Prerequisites Chocolatey Not Installed and Java Not Installed Should Allow User to Install Chocolatey and Then Java" line="68">
<kw name="Clean State" type="SETUP">
<msg time="2025-03-14T10:14:47.640212" level="TRACE">Arguments: [  ]</msg>
<kw name="Clean Output Folders And Log Files" owner="utilities">
<msg time="2025-03-14T10:14:47.640212" level="TRACE">Arguments: [  ]</msg>
<msg time="2025-03-14T10:14:47.640212" level="FAIL">FileNotFoundError: [WinError 3] The system cannot find the path specified: 'C:\\Projects\\all-repos\\src\\prd\\rb\\asbl\\target/uat/rb/ReportBurster\\backup'</msg>
<msg time="2025-03-14T10:14:47.640212" level="DEBUG">Traceback (most recent call last):
  File "C:\Projects\all-repos\src\prd\rb\asbl\src\uat\resources\utilities.py", line 95, in clean_output_folders_and_log_files
    empty_folder(folder_path)
  File "C:\Projects\all-repos\src\prd\rb\asbl\src\uat\resources\utilities.py", line 61, in empty_folder
    for filename in os.listdir(folder_path):
                    ^^^^^^^^^^^^^^^^^^^^^^^
FileNotFoundError: [WinError 3] The system cannot find the path specified: 'C:\\Projects\\all-repos\\src\\prd\\rb\\asbl\\target/uat/rb/ReportBurster\\backup'</msg>
<status status="FAIL" start="2025-03-14T10:14:47.640212" elapsed="0.000000">FileNotFoundError: [WinError 3] The system cannot find the path specified: 'C:\\Projects\\all-repos\\src\\prd\\rb\\asbl\\target/uat/rb/ReportBurster\\backup'</status>
</kw>
<kw name="Close ReportBurster Application">
<doc>Close ReportBurster Application</doc>
<status status="NOT RUN" start="2025-03-14T10:14:47.640212" elapsed="0.000000"/>
</kw>
<doc>Clean Output Folders and Log Files</doc>
<status status="FAIL" start="2025-03-14T10:14:47.639988" elapsed="0.000224">FileNotFoundError: [WinError 3] The system cannot find the path specified: 'C:\\Projects\\all-repos\\src\\prd\\rb\\asbl\\target/uat/rb/ReportBurster\\backup'</status>
</kw>
<kw name="Kill Reportburster Exe Process" owner="utilities" type="TEARDOWN">
<msg time="2025-03-14T10:14:47.641296" level="TRACE">Arguments: [  ]</msg>
<msg time="2025-03-14T10:14:47.641296" level="INFO">Log file path: C:\Projects\all-repos\src\prd\rb\asbl\target/uat/rb/ReportBurster\logs\electron.log</msg>
<msg time="2025-03-14T10:14:47.641296" level="TRACE">Return: None</msg>
<status status="PASS" start="2025-03-14T10:14:47.641296" elapsed="0.000000"/>
</kw>
<doc>Chocolatey Not Installed and Java Not Installed Should Allow User to Install Chocolatey and Then Java</doc>
<status status="FAIL" start="2025-03-14T10:14:47.637810" elapsed="0.003486">Setup failed:
FileNotFoundError: [WinError 3] The system cannot find the path specified: 'C:\\Projects\\all-repos\\src\\prd\\rb\\asbl\\target/uat/rb/ReportBurster\\backup'
[RETRY] FAIL on 3. retry.</status>
</test>
<status status="FAIL" start="2025-03-14T10:14:47.517352" elapsed="0.126955"/>
</suite>
<suite id="s1-s5" name="ReportBurster.exe-quickstart" source="C:\Projects\all-repos\src\prd\rb\asbl\src\uat\tests\ReportBurster.exe-quickstart.robot">
<test id="s1-s5-t1" name="Quickstart Payslips.pdf Should Work Fine" line="8">
<kw name="Clean Output Folders And Log Files" owner="utilities" type="SETUP">
<msg time="2025-03-14T10:14:47.677201" level="TRACE">Arguments: [  ]</msg>
<msg time="2025-03-14T10:14:47.677201" level="FAIL">FileNotFoundError: [WinError 3] The system cannot find the path specified: 'C:\\Projects\\all-repos\\src\\prd\\rb\\asbl\\target/uat/rb/ReportBurster\\backup'</msg>
<msg time="2025-03-14T10:14:47.678200" level="DEBUG">Traceback (most recent call last):
  File "C:\Projects\all-repos\src\prd\rb\asbl\src\uat\resources\utilities.py", line 95, in clean_output_folders_and_log_files
    empty_folder(folder_path)
  File "C:\Projects\all-repos\src\prd\rb\asbl\src\uat\resources\utilities.py", line 61, in empty_folder
    for filename in os.listdir(folder_path):
                    ^^^^^^^^^^^^^^^^^^^^^^^
FileNotFoundError: [WinError 3] The system cannot find the path specified: 'C:\\Projects\\all-repos\\src\\prd\\rb\\asbl\\target/uat/rb/ReportBurster\\backup'</msg>
<status status="FAIL" start="2025-03-14T10:14:47.677201" elapsed="0.000999">FileNotFoundError: [WinError 3] The system cannot find the path specified: 'C:\\Projects\\all-repos\\src\\prd\\rb\\asbl\\target/uat/rb/ReportBurster\\backup'</status>
</kw>
<kw name="Kill Reportburster Exe Process" owner="utilities" type="TEARDOWN">
<msg time="2025-03-14T10:14:47.679200" level="TRACE">Arguments: [  ]</msg>
<msg time="2025-03-14T10:14:47.679200" level="INFO">Log file path: C:\Projects\all-repos\src\prd\rb\asbl\target/uat/rb/ReportBurster\logs\electron.log</msg>
<msg time="2025-03-14T10:14:47.679200" level="TRACE">Return: None</msg>
<status status="PASS" start="2025-03-14T10:14:47.679200" elapsed="0.000000"/>
</kw>
<doc>Payslips.pdf Should Work Fine</doc>
<status status="FAIL" start="2025-03-14T10:14:47.675749" elapsed="0.004437">Setup failed:
FileNotFoundError: [WinError 3] The system cannot find the path specified: 'C:\\Projects\\all-repos\\src\\prd\\rb\\asbl\\target/uat/rb/ReportBurster\\backup'
[RETRY] FAIL on 3. retry.</status>
</test>
<status status="FAIL" start="2025-03-14T10:14:47.648309" elapsed="0.035111"/>
</suite>
<suite id="s1-s6" name="ReportBurster.exe-update" source="C:\Projects\all-repos\src\prd\rb\asbl\src\uat\tests\ReportBurster.exe-update.robot">
<test id="s1-s6-t1" name="Let me manualy Update Should Work Fine" line="11">
<kw name="Clean Output Folders And Log Files" owner="utilities" type="SETUP">
<msg time="2025-03-14T10:14:47.720392" level="TRACE">Arguments: [  ]</msg>
<msg time="2025-03-14T10:14:47.720392" level="FAIL">FileNotFoundError: [WinError 3] The system cannot find the path specified: 'C:\\Projects\\all-repos\\src\\prd\\rb\\asbl\\target/uat/rb/ReportBurster\\backup'</msg>
<msg time="2025-03-14T10:14:47.720392" level="DEBUG">Traceback (most recent call last):
  File "C:\Projects\all-repos\src\prd\rb\asbl\src\uat\resources\utilities.py", line 95, in clean_output_folders_and_log_files
    empty_folder(folder_path)
  File "C:\Projects\all-repos\src\prd\rb\asbl\src\uat\resources\utilities.py", line 61, in empty_folder
    for filename in os.listdir(folder_path):
                    ^^^^^^^^^^^^^^^^^^^^^^^
FileNotFoundError: [WinError 3] The system cannot find the path specified: 'C:\\Projects\\all-repos\\src\\prd\\rb\\asbl\\target/uat/rb/ReportBurster\\backup'</msg>
<status status="FAIL" start="2025-03-14T10:14:47.720179" elapsed="0.000213">FileNotFoundError: [WinError 3] The system cannot find the path specified: 'C:\\Projects\\all-repos\\src\\prd\\rb\\asbl\\target/uat/rb/ReportBurster\\backup'</status>
</kw>
<kw name="Kill Reportburster Exe Process" owner="utilities" type="TEARDOWN">
<msg time="2025-03-14T10:14:47.721393" level="TRACE">Arguments: [  ]</msg>
<msg time="2025-03-14T10:14:47.721393" level="INFO">Log file path: C:\Projects\all-repos\src\prd\rb\asbl\target/uat/rb/ReportBurster\logs\electron.log</msg>
<msg time="2025-03-14T10:14:47.721393" level="TRACE">Return: None</msg>
<status status="PASS" start="2025-03-14T10:14:47.720392" elapsed="0.001001"/>
</kw>
<doc>Let me manualy Update Should Work Fine</doc>
<status status="FAIL" start="2025-03-14T10:14:47.717553" elapsed="0.003840">Setup failed:
FileNotFoundError: [WinError 3] The system cannot find the path specified: 'C:\\Projects\\all-repos\\src\\prd\\rb\\asbl\\target/uat/rb/ReportBurster\\backup'
[RETRY] FAIL on 3. retry.</status>
</test>
<status status="FAIL" start="2025-03-14T10:14:47.684412" elapsed="0.038981"/>
</suite>
<status status="FAIL" start="2025-03-14T10:14:45.957298" elapsed="1.770097"/>
</suite>
<statistics>
<total>
<stat pass="0" fail="10" skip="0">All Tests</stat>
</total>
<tag>
</tag>
<suite>
<stat name="Tests" id="s1" pass="0" fail="10" skip="0">Tests</stat>
<stat name="Different-Java-Versions" id="s1-s1" pass="0" fail="2" skip="0">Tests.Different-Java-Versions</stat>
<stat name="ReportBurster-Server" id="s1-s2" pass="0" fail="2" skip="0">Tests.ReportBurster-Server</stat>
<stat name="Reportburster.Bat" id="s1-s3" pass="0" fail="1" skip="0">Tests.Reportburster.Bat</stat>
<stat name="ReportBurster.exe-prerequisites" id="s1-s4" pass="0" fail="3" skip="0">Tests.ReportBurster.exe-prerequisites</stat>
<stat name="ReportBurster.exe-quickstart" id="s1-s5" pass="0" fail="1" skip="0">Tests.ReportBurster.exe-quickstart</stat>
<stat name="ReportBurster.exe-update" id="s1-s6" pass="0" fail="1" skip="0">Tests.ReportBurster.exe-update</stat>
</suite>
</statistics>
<errors>
<msg time="2025-03-14T10:14:46.728620" level="WARN" html="true">Test '&lt;a onclick="makeElementVisible('s1-s1-t1')" href="#s1-s1-t1" title="Link to details"&gt;ReportBurster.exe Latest Java&lt;/a&gt;' has been retried 3 times (max: 3).</msg>
<msg time="2025-03-14T10:14:46.756012" level="WARN" html="true">Test '&lt;a onclick="makeElementVisible('s1-s1-t2')" href="#s1-s1-t2" title="Link to details"&gt;startServer.bat and shutServer.bat Should Work Fine Latest Java&lt;/a&gt;' has been retried 3 times (max: 3).</msg>
<msg time="2025-03-14T10:14:47.420817" level="WARN" html="true">Test '&lt;a onclick="makeElementVisible('s1-s2-t1')" href="#s1-s2-t1" title="Link to details"&gt;startServer.bat and shutServer.bat Scripts Should Work Fine&lt;/a&gt;' has been retried 3 times (max: 3).</msg>
<msg time="2025-03-14T10:14:47.458855" level="WARN" html="true">Test '&lt;a onclick="makeElementVisible('s1-s2-t2')" href="#s1-s2-t2" title="Link to details"&gt;service.bat Should Work Fine&lt;/a&gt;' has been retried 3 times (max: 3).</msg>
<msg time="2025-03-14T10:14:47.501634" level="WARN" html="true">Test '&lt;a onclick="makeElementVisible('s1-s3-t1')" href="#s1-s3-t1" title="Link to details"&gt;Command Line Payslips.pdf Should Work Fine&lt;/a&gt;' has been retried 3 times (max: 3).</msg>
<msg time="2025-03-14T10:14:47.550392" level="WARN" html="true">Test '&lt;a onclick="makeElementVisible('s1-s4-t1')" href="#s1-s4-t1" title="Link to details"&gt;Prerequisites Java 8 Installed Should Let The User Know That At Least Java 11 Is Required&lt;/a&gt;' has been retried 3 times (max: 3).</msg>
<msg time="2025-03-14T10:14:47.604328" level="WARN" html="true">Test '&lt;a onclick="makeElementVisible('s1-s4-t2')" href="#s1-s4-t2" title="Link to details"&gt;Prerequisites Chocolatey Is Installed and Java Not Installed Should Allow User To Install Java&lt;/a&gt;' has been retried 3 times (max: 3).</msg>
<msg time="2025-03-14T10:14:47.637810" level="WARN" html="true">Test '&lt;a onclick="makeElementVisible('s1-s4-t3')" href="#s1-s4-t3" title="Link to details"&gt;Prerequisites Chocolatey Not Installed and Java Not Installed Should Allow User to Install Chocolatey and Then Java&lt;/a&gt;' has been retried 3 times (max: 3).</msg>
<msg time="2025-03-14T10:14:47.675749" level="WARN" html="true">Test '&lt;a onclick="makeElementVisible('s1-s5-t1')" href="#s1-s5-t1" title="Link to details"&gt;Quickstart Payslips.pdf Should Work Fine&lt;/a&gt;' has been retried 3 times (max: 3).</msg>
<msg time="2025-03-14T10:14:47.717553" level="WARN" html="true">Test '&lt;a onclick="makeElementVisible('s1-s6-t1')" href="#s1-s6-t1" title="Link to details"&gt;Let me manualy Update Should Work Fine&lt;/a&gt;' has been retried 3 times (max: 3).</msg>
</errors>
</robot>
