<?xml version="1.0" encoding="UTF-8"?>
<robot generator="Rebot 7.1.1 (Python 3.12.6 on win32)" generated="2025-01-13T13:07:46.558816" rpa="false" schemaversion="5">
<suite id="s1" name="Tests" source="C:\Projects\all-repos\src\prd\rb\asbl\src\uat\tests">
<suite id="s1-s1" name="ReportBurster.exe-prerequisites" source="C:\Projects\all-repos\src\prd\rb\asbl\src\uat\tests\ReportBurster.exe-prerequisites.robot">
<test id="s1-s1-t1" name="Prerequisites Java 8 Installed Should Let The User Know That At Least Java 11 Is Required" line="11">
<kw name="Clean State" type="SETUP">
<msg time="2025-01-13T13:07:46.457735" level="TRACE">Arguments: [  ]</msg>
<kw name="Clean Output Folders And Log Files" owner="utilities">
<msg time="2025-01-13T13:07:46.457735" level="TRACE">Arguments: [  ]</msg>
<msg time="2025-01-13T13:07:46.457735" level="FAIL">FileNotFoundError: [WinError 3] The system cannot find the path specified: 'C:\\Projects\\all-repos\\src\\prd\\rb\\asbl\\target/uat/rb/ReportBurster\\backup'</msg>
<msg time="2025-01-13T13:07:46.465765" level="DEBUG">Traceback (most recent call last):
  File "C:\Projects\all-repos\src\prd\rb\asbl\src\uat\resources\utilities.py", line 91, in clean_output_folders_and_log_files
    empty_folder(folder_path)
  File "C:\Projects\all-repos\src\prd\rb\asbl\src\uat\resources\utilities.py", line 57, in empty_folder
    for filename in os.listdir(folder_path):
                    ^^^^^^^^^^^^^^^^^^^^^^^
FileNotFoundError: [WinError 3] The system cannot find the path specified: 'C:\\Projects\\all-repos\\src\\prd\\rb\\asbl\\target/uat/rb/ReportBurster\\backup'</msg>
<status status="FAIL" start="2025-01-13T13:07:46.457735" elapsed="0.008030">FileNotFoundError: [WinError 3] The system cannot find the path specified: 'C:\\Projects\\all-repos\\src\\prd\\rb\\asbl\\target/uat/rb/ReportBurster\\backup'</status>
</kw>
<kw name="Close ReportBurster Application">
<doc>Close ReportBurster Application</doc>
<status status="NOT RUN" start="2025-01-13T13:07:46.465765" elapsed="0.000000"/>
</kw>
<doc>Clean Output Folders and Log Files</doc>
<status status="FAIL" start="2025-01-13T13:07:46.457735" elapsed="0.008030">FileNotFoundError: [WinError 3] The system cannot find the path specified: 'C:\\Projects\\all-repos\\src\\prd\\rb\\asbl\\target/uat/rb/ReportBurster\\backup'</status>
</kw>
<kw name="Kill Reportburster Exe Process" owner="utilities" type="TEARDOWN">
<msg time="2025-01-13T13:07:46.465765" level="TRACE">Arguments: [  ]</msg>
<msg time="2025-01-13T13:07:46.465765" level="INFO">Log file path: C:\Projects\all-repos\src\prd\rb\asbl\target/uat/rb/ReportBurster\logs\electron.log</msg>
<msg time="2025-01-13T13:07:46.465765" level="TRACE">Return: None</msg>
<status status="PASS" start="2025-01-13T13:07:46.465765" elapsed="0.000000"/>
</kw>
<doc>Prerequisites Java 8 Installed Should Let The User Know That At Least Java 11 Is Required</doc>
<status status="FAIL" start="2025-01-13T13:07:46.457735" elapsed="0.008030">Setup failed:
FileNotFoundError: [WinError 3] The system cannot find the path specified: 'C:\\Projects\\all-repos\\src\\prd\\rb\\asbl\\target/uat/rb/ReportBurster\\backup'
[RETRY] FAIL on 3. retry.</status>
</test>
<test id="s1-s1-t2" name="Prerequisites Chocolatey Is Installed and Java Not Installed Should Allow User To Install Java" line="26">
<kw name="Clean State" type="SETUP">
<msg time="2025-01-13T13:07:46.499831" level="TRACE">Arguments: [  ]</msg>
<kw name="Clean Output Folders And Log Files" owner="utilities">
<msg time="2025-01-13T13:07:46.499831" level="TRACE">Arguments: [  ]</msg>
<msg time="2025-01-13T13:07:46.499831" level="FAIL">FileNotFoundError: [WinError 3] The system cannot find the path specified: 'C:\\Projects\\all-repos\\src\\prd\\rb\\asbl\\target/uat/rb/ReportBurster\\backup'</msg>
<msg time="2025-01-13T13:07:46.499831" level="DEBUG">Traceback (most recent call last):
  File "C:\Projects\all-repos\src\prd\rb\asbl\src\uat\resources\utilities.py", line 91, in clean_output_folders_and_log_files
    empty_folder(folder_path)
  File "C:\Projects\all-repos\src\prd\rb\asbl\src\uat\resources\utilities.py", line 57, in empty_folder
    for filename in os.listdir(folder_path):
                    ^^^^^^^^^^^^^^^^^^^^^^^
FileNotFoundError: [WinError 3] The system cannot find the path specified: 'C:\\Projects\\all-repos\\src\\prd\\rb\\asbl\\target/uat/rb/ReportBurster\\backup'</msg>
<status status="FAIL" start="2025-01-13T13:07:46.499831" elapsed="0.000000">FileNotFoundError: [WinError 3] The system cannot find the path specified: 'C:\\Projects\\all-repos\\src\\prd\\rb\\asbl\\target/uat/rb/ReportBurster\\backup'</status>
</kw>
<kw name="Close ReportBurster Application">
<doc>Close ReportBurster Application</doc>
<status status="NOT RUN" start="2025-01-13T13:07:46.499831" elapsed="0.000000"/>
</kw>
<doc>Clean Output Folders and Log Files</doc>
<status status="FAIL" start="2025-01-13T13:07:46.499831" elapsed="0.000000">FileNotFoundError: [WinError 3] The system cannot find the path specified: 'C:\\Projects\\all-repos\\src\\prd\\rb\\asbl\\target/uat/rb/ReportBurster\\backup'</status>
</kw>
<kw name="Kill Reportburster Exe Process" owner="utilities" type="TEARDOWN">
<msg time="2025-01-13T13:07:46.499831" level="TRACE">Arguments: [  ]</msg>
<msg time="2025-01-13T13:07:46.499831" level="INFO">Log file path: C:\Projects\all-repos\src\prd\rb\asbl\target/uat/rb/ReportBurster\logs\electron.log</msg>
<msg time="2025-01-13T13:07:46.499831" level="TRACE">Return: None</msg>
<status status="PASS" start="2025-01-13T13:07:46.499831" elapsed="0.000000"/>
</kw>
<doc>Prerequisites Chocolatey Is Installed and Java Not Installed Should Allow User To Install Java</doc>
<status status="FAIL" start="2025-01-13T13:07:46.499831" elapsed="0.000000">Setup failed:
FileNotFoundError: [WinError 3] The system cannot find the path specified: 'C:\\Projects\\all-repos\\src\\prd\\rb\\asbl\\target/uat/rb/ReportBurster\\backup'
[RETRY] FAIL on 3. retry.</status>
</test>
<test id="s1-s1-t3" name="Prerequisites Chocolatey Not Installed and Java Not Installed Should Allow User to Install Chocolatey and Then Java" line="66">
<kw name="Clean State" type="SETUP">
<msg time="2025-01-13T13:07:46.534208" level="TRACE">Arguments: [  ]</msg>
<kw name="Clean Output Folders And Log Files" owner="utilities">
<msg time="2025-01-13T13:07:46.534208" level="TRACE">Arguments: [  ]</msg>
<msg time="2025-01-13T13:07:46.534208" level="FAIL">FileNotFoundError: [WinError 3] The system cannot find the path specified: 'C:\\Projects\\all-repos\\src\\prd\\rb\\asbl\\target/uat/rb/ReportBurster\\backup'</msg>
<msg time="2025-01-13T13:07:46.534208" level="DEBUG">Traceback (most recent call last):
  File "C:\Projects\all-repos\src\prd\rb\asbl\src\uat\resources\utilities.py", line 91, in clean_output_folders_and_log_files
    empty_folder(folder_path)
  File "C:\Projects\all-repos\src\prd\rb\asbl\src\uat\resources\utilities.py", line 57, in empty_folder
    for filename in os.listdir(folder_path):
                    ^^^^^^^^^^^^^^^^^^^^^^^
FileNotFoundError: [WinError 3] The system cannot find the path specified: 'C:\\Projects\\all-repos\\src\\prd\\rb\\asbl\\target/uat/rb/ReportBurster\\backup'</msg>
<status status="FAIL" start="2025-01-13T13:07:46.534208" elapsed="0.000000">FileNotFoundError: [WinError 3] The system cannot find the path specified: 'C:\\Projects\\all-repos\\src\\prd\\rb\\asbl\\target/uat/rb/ReportBurster\\backup'</status>
</kw>
<kw name="Close ReportBurster Application">
<doc>Close ReportBurster Application</doc>
<status status="NOT RUN" start="2025-01-13T13:07:46.534208" elapsed="0.000000"/>
</kw>
<doc>Clean Output Folders and Log Files</doc>
<status status="FAIL" start="2025-01-13T13:07:46.534208" elapsed="0.000000">FileNotFoundError: [WinError 3] The system cannot find the path specified: 'C:\\Projects\\all-repos\\src\\prd\\rb\\asbl\\target/uat/rb/ReportBurster\\backup'</status>
</kw>
<kw name="Kill Reportburster Exe Process" owner="utilities" type="TEARDOWN">
<msg time="2025-01-13T13:07:46.534208" level="TRACE">Arguments: [  ]</msg>
<msg time="2025-01-13T13:07:46.534208" level="INFO">Log file path: C:\Projects\all-repos\src\prd\rb\asbl\target/uat/rb/ReportBurster\logs\electron.log</msg>
<msg time="2025-01-13T13:07:46.534208" level="TRACE">Return: None</msg>
<status status="PASS" start="2025-01-13T13:07:46.534208" elapsed="0.000000"/>
</kw>
<doc>Chocolatey Not Installed and Java Not Installed Should Allow User to Install Chocolatey and Then Java</doc>
<status status="FAIL" start="2025-01-13T13:07:46.525891" elapsed="0.008317">Setup failed:
FileNotFoundError: [WinError 3] The system cannot find the path specified: 'C:\\Projects\\all-repos\\src\\prd\\rb\\asbl\\target/uat/rb/ReportBurster\\backup'
[RETRY] FAIL on 3. retry.</status>
</test>
<status status="FAIL" start="2025-01-13T13:07:45.872950" elapsed="0.669496"/>
</suite>
<status status="FAIL" start="2025-01-13T13:07:45.855853" elapsed="0.686593"/>
</suite>
<statistics>
<total>
<stat pass="0" fail="3" skip="0">All Tests</stat>
</total>
<tag>
</tag>
<suite>
<stat pass="0" fail="3" skip="0" id="s1" name="Tests">Tests</stat>
<stat pass="0" fail="3" skip="0" id="s1-s1" name="ReportBurster.exe-prerequisites">Tests.ReportBurster.exe-prerequisites</stat>
</suite>
</statistics>
<errors>
<msg time="2025-01-13T13:07:46.457735" level="WARN" html="true">Test '&lt;a onclick="makeElementVisible('s1-s1-t1')" href="#s1-s1-t1" title="Link to details"&gt;Prerequisites Java 8 Installed Should Let The User Know That At Least Java 11 Is Required&lt;/a&gt;' has been retried 3 times (max: 3).</msg>
<msg time="2025-01-13T13:07:46.499831" level="WARN" html="true">Test '&lt;a onclick="makeElementVisible('s1-s1-t2')" href="#s1-s1-t2" title="Link to details"&gt;Prerequisites Chocolatey Is Installed and Java Not Installed Should Allow User To Install Java&lt;/a&gt;' has been retried 3 times (max: 3).</msg>
<msg time="2025-01-13T13:07:46.525891" level="WARN" html="true">Test '&lt;a onclick="makeElementVisible('s1-s1-t3')" href="#s1-s1-t3" title="Link to details"&gt;Prerequisites Chocolatey Not Installed and Java Not Installed Should Allow User to Install Chocolatey and Then Java&lt;/a&gt;' has been retried 3 times (max: 3).</msg>
</errors>
</robot>
