<?xml version="1.0" encoding="UTF-8"?>
<robot generator="Rebot 7.2.2 (Python 3.12.6 on win32)" generated="2025-03-14T11:52:11.881184" rpa="false" schemaversion="5">
<suite id="s1" name="Tests" source="C:\Projects\all-repos\src\prd\rb\asbl\src\uat\tests">
<suite id="s1-s1" name="Different-Java-Versions" source="C:\Projects\all-repos\src\prd\rb\asbl\src\uat\tests\different-java-versions.robot">
<test id="s1-s1-t1" name="ReportBurster.exe Latest Java" line="24">
<kw name="Clean Output Folders And Log Files" owner="utilities" type="SETUP">
<msg time="2025-03-14T11:32:35.136515" level="TRACE">Arguments: [  ]</msg>
<msg time="2025-03-14T11:32:35.137469" level="TRACE">Return: None</msg>
<status status="PASS" start="2025-03-14T11:32:35.136515" elapsed="0.000954"/>
</kw>
<kw name="Ensure Chocolatey Is Installed" owner="utilities">
<msg time="2025-03-14T11:32:35.137469" level="TRACE">Arguments: [  ]</msg>
<msg time="2025-03-14T11:32:35.985374" level="INFO">Output of 'choco -v': 2.4.2

Chocolatey is already installed.</msg>
<msg time="2025-03-14T11:32:35.985374" level="TRACE">Return: None</msg>
<status status="PASS" start="2025-03-14T11:32:35.137469" elapsed="0.848949"/>
</kw>
<kw name="Sleep" owner="BuiltIn">
<msg time="2025-03-14T11:32:35.986418" level="TRACE">Arguments: [ '1s' ]</msg>
<msg time="2025-03-14T11:32:36.987142" level="INFO">Slept 1 second.</msg>
<msg time="2025-03-14T11:32:36.987142" level="TRACE">Return: None</msg>
<arg>1s</arg>
<doc>Pauses the test executed for the given time.</doc>
<status status="PASS" start="2025-03-14T11:32:35.986418" elapsed="1.000724"/>
</kw>
<kw name="Refresh Env Variables" owner="utilities">
<msg time="2025-03-14T11:32:36.989158" level="TRACE">Arguments: [  ]</msg>
<msg time="2025-03-14T11:32:38.111124" level="TRACE">Return: None</msg>
<status status="PASS" start="2025-03-14T11:32:36.988169" elapsed="1.122955"/>
</kw>
<kw name="Sleep" owner="BuiltIn">
<msg time="2025-03-14T11:32:38.111124" level="TRACE">Arguments: [ '1s' ]</msg>
<msg time="2025-03-14T11:32:39.111412" level="INFO">Slept 1 second.</msg>
<msg time="2025-03-14T11:32:39.111412" level="TRACE">Return: None</msg>
<arg>1s</arg>
<doc>Pauses the test executed for the given time.</doc>
<status status="PASS" start="2025-03-14T11:32:38.111124" elapsed="1.000288"/>
</kw>
<kw name="Ensure Java Is Not Installed" owner="utilities">
<msg time="2025-03-14T11:32:39.111851" level="TRACE">Arguments: [  ]</msg>
<msg time="2025-03-14T11:33:01.673764" level="INFO">Chocolatey is installed. (ensure_java_is_not_installed)
Uninstalling maven with Chocolatey...
Uninstalling Temurin11 with Chocolatey...
Java is not installed on this computer.</msg>
<msg time="2025-03-14T11:33:01.673764" level="TRACE">Return: None</msg>
<status status="PASS" start="2025-03-14T11:32:39.111851" elapsed="22.562913"/>
</kw>
<kw name="Sleep" owner="BuiltIn">
<msg time="2025-03-14T11:33:01.674764" level="TRACE">Arguments: [ '1s' ]</msg>
<msg time="2025-03-14T11:33:02.675301" level="INFO">Slept 1 second.</msg>
<msg time="2025-03-14T11:33:02.675301" level="TRACE">Return: None</msg>
<arg>1s</arg>
<doc>Pauses the test executed for the given time.</doc>
<status status="PASS" start="2025-03-14T11:33:01.674764" elapsed="1.000537"/>
</kw>
<kw name="Refresh Env Variables" owner="utilities">
<msg time="2025-03-14T11:33:02.675301" level="TRACE">Arguments: [  ]</msg>
<msg time="2025-03-14T11:33:03.754961" level="TRACE">Return: None</msg>
<status status="PASS" start="2025-03-14T11:33:02.675301" elapsed="1.079660"/>
</kw>
<kw name="Sleep" owner="BuiltIn">
<msg time="2025-03-14T11:33:03.755874" level="TRACE">Arguments: [ '1s' ]</msg>
<msg time="2025-03-14T11:33:04.756962" level="INFO">Slept 1 second.</msg>
<msg time="2025-03-14T11:33:04.756962" level="TRACE">Return: None</msg>
<arg>1s</arg>
<doc>Pauses the test executed for the given time.</doc>
<status status="PASS" start="2025-03-14T11:33:03.755874" elapsed="1.001088"/>
</kw>
<kw name="Ensure Java Is Installed" owner="utilities">
<msg time="2025-03-14T11:33:04.758945" level="TRACE">Arguments: [ 'latest' ]</msg>
<msg time="2025-03-14T11:33:42.693474" level="INFO">Java is not installed. Installing now...
Output of 'choco -v': 2.4.2

Chocolatey is already installed.
Java latest has been installed.</msg>
<msg time="2025-03-14T11:33:42.693474" level="TRACE">Return: None</msg>
<arg>latest</arg>
<status status="PASS" start="2025-03-14T11:33:04.758945" elapsed="37.934529"/>
</kw>
<kw name="Sleep" owner="BuiltIn">
<msg time="2025-03-14T11:33:42.693474" level="TRACE">Arguments: [ '1s' ]</msg>
<msg time="2025-03-14T11:33:43.693898" level="INFO">Slept 1 second.</msg>
<msg time="2025-03-14T11:33:43.693898" level="TRACE">Return: None</msg>
<arg>1s</arg>
<doc>Pauses the test executed for the given time.</doc>
<status status="PASS" start="2025-03-14T11:33:42.693474" elapsed="1.000424"/>
</kw>
<kw name="Refresh Env Variables" owner="utilities">
<msg time="2025-03-14T11:33:43.693898" level="TRACE">Arguments: [  ]</msg>
<msg time="2025-03-14T11:33:44.814328" level="TRACE">Return: None</msg>
<status status="PASS" start="2025-03-14T11:33:43.693898" elapsed="1.120430"/>
</kw>
<kw name="Sleep" owner="BuiltIn">
<msg time="2025-03-14T11:33:44.815231" level="TRACE">Arguments: [ '1s' ]</msg>
<msg time="2025-03-14T11:33:45.816073" level="INFO">Slept 1 second.</msg>
<msg time="2025-03-14T11:33:45.816073" level="TRACE">Return: None</msg>
<arg>1s</arg>
<doc>Pauses the test executed for the given time.</doc>
<status status="PASS" start="2025-03-14T11:33:44.815231" elapsed="1.000842"/>
</kw>
<kw name="Sleep" owner="BuiltIn">
<msg time="2025-03-14T11:33:45.816073" level="TRACE">Arguments: [ '1s' ]</msg>
<msg time="2025-03-14T11:33:46.816435" level="INFO">Slept 1 second.</msg>
<msg time="2025-03-14T11:33:46.816435" level="TRACE">Return: None</msg>
<arg>1s</arg>
<doc>Pauses the test executed for the given time.</doc>
<status status="PASS" start="2025-03-14T11:33:45.816073" elapsed="1.000362"/>
</kw>
<kw name="Ensure Java Is Not Installed" owner="utilities">
<msg time="2025-03-14T11:33:46.816435" level="TRACE">Arguments: [  ]</msg>
<msg time="2025-03-14T11:33:58.622042" level="INFO">Chocolatey is installed. (ensure_java_is_not_installed)
Uninstalling Temurin with Chocolatey...
Java is not installed on this computer.</msg>
<msg time="2025-03-14T11:33:58.622042" level="TRACE">Return: None</msg>
<status status="PASS" start="2025-03-14T11:33:46.816435" elapsed="11.805607"/>
</kw>
<kw name="Sleep" owner="BuiltIn">
<msg time="2025-03-14T11:33:58.622993" level="TRACE">Arguments: [ '1s' ]</msg>
<msg time="2025-03-14T11:33:59.623950" level="INFO">Slept 1 second.</msg>
<msg time="2025-03-14T11:33:59.623950" level="TRACE">Return: None</msg>
<arg>1s</arg>
<doc>Pauses the test executed for the given time.</doc>
<status status="PASS" start="2025-03-14T11:33:58.622993" elapsed="1.000957"/>
</kw>
<kw name="Refresh Env Variables" owner="utilities">
<msg time="2025-03-14T11:33:59.623950" level="TRACE">Arguments: [  ]</msg>
<msg time="2025-03-14T11:34:00.748915" level="TRACE">Return: None</msg>
<status status="PASS" start="2025-03-14T11:33:59.623950" elapsed="1.124965"/>
</kw>
<doc>Quickstart Payslips.pdf Should Work Fine (Latest Java)</doc>
<status status="PASS" start="2025-03-14T11:32:35.135469" elapsed="85.614446"/>
</test>
<test id="s1-s1-t2" name="startServer.bat and shutServer.bat Should Work Fine Latest Java" line="50">
<kw name="Clean Output Folders And Log Files" owner="utilities" type="SETUP">
<msg time="2025-03-14T11:34:00.751257" level="TRACE">Arguments: [  ]</msg>
<msg time="2025-03-14T11:34:00.752278" level="TRACE">Return: None</msg>
<status status="PASS" start="2025-03-14T11:34:00.751257" elapsed="0.001021"/>
</kw>
<kw name="Ensure Chocolatey Is Installed" owner="utilities">
<msg time="2025-03-14T11:34:00.752278" level="TRACE">Arguments: [  ]</msg>
<msg time="2025-03-14T11:34:01.615427" level="INFO">Output of 'choco -v': 2.4.2

Chocolatey is already installed.</msg>
<msg time="2025-03-14T11:34:01.615427" level="TRACE">Return: None</msg>
<status status="PASS" start="2025-03-14T11:34:00.752278" elapsed="0.863149"/>
</kw>
<kw name="Sleep" owner="BuiltIn">
<msg time="2025-03-14T11:34:01.616427" level="TRACE">Arguments: [ '1s' ]</msg>
<msg time="2025-03-14T11:34:02.617469" level="INFO">Slept 1 second.</msg>
<msg time="2025-03-14T11:34:02.617469" level="TRACE">Return: None</msg>
<arg>1s</arg>
<doc>Pauses the test executed for the given time.</doc>
<status status="PASS" start="2025-03-14T11:34:01.616427" elapsed="1.001042"/>
</kw>
<kw name="Refresh Env Variables" owner="utilities">
<msg time="2025-03-14T11:34:02.617469" level="TRACE">Arguments: [  ]</msg>
<msg time="2025-03-14T11:34:03.728430" level="TRACE">Return: None</msg>
<status status="PASS" start="2025-03-14T11:34:02.617469" elapsed="1.110961"/>
</kw>
<kw name="Sleep" owner="BuiltIn">
<msg time="2025-03-14T11:34:03.729565" level="TRACE">Arguments: [ '1s' ]</msg>
<msg time="2025-03-14T11:34:04.730202" level="INFO">Slept 1 second.</msg>
<msg time="2025-03-14T11:34:04.730202" level="TRACE">Return: None</msg>
<arg>1s</arg>
<doc>Pauses the test executed for the given time.</doc>
<status status="PASS" start="2025-03-14T11:34:03.729565" elapsed="1.000637"/>
</kw>
<kw name="Ensure Java Is Not Installed" owner="utilities">
<msg time="2025-03-14T11:34:04.730202" level="TRACE">Arguments: [  ]</msg>
<msg time="2025-03-14T11:34:06.813554" level="INFO">Chocolatey is installed. (ensure_java_is_not_installed)
Java is not installed on this computer.</msg>
<msg time="2025-03-14T11:34:06.813554" level="TRACE">Return: None</msg>
<status status="PASS" start="2025-03-14T11:34:04.730202" elapsed="2.083352"/>
</kw>
<kw name="Sleep" owner="BuiltIn">
<msg time="2025-03-14T11:34:06.814553" level="TRACE">Arguments: [ '1s' ]</msg>
<msg time="2025-03-14T11:34:07.814678" level="INFO">Slept 1 second.</msg>
<msg time="2025-03-14T11:34:07.814678" level="TRACE">Return: None</msg>
<arg>1s</arg>
<doc>Pauses the test executed for the given time.</doc>
<status status="PASS" start="2025-03-14T11:34:06.814553" elapsed="1.000125"/>
</kw>
<kw name="Refresh Env Variables" owner="utilities">
<msg time="2025-03-14T11:34:07.814678" level="TRACE">Arguments: [  ]</msg>
<msg time="2025-03-14T11:34:08.921952" level="TRACE">Return: None</msg>
<status status="PASS" start="2025-03-14T11:34:07.814678" elapsed="1.107274"/>
</kw>
<kw name="Sleep" owner="BuiltIn">
<msg time="2025-03-14T11:34:08.921952" level="TRACE">Arguments: [ '1s' ]</msg>
<msg time="2025-03-14T11:34:09.922623" level="INFO">Slept 1 second.</msg>
<msg time="2025-03-14T11:34:09.922623" level="TRACE">Return: None</msg>
<arg>1s</arg>
<doc>Pauses the test executed for the given time.</doc>
<status status="PASS" start="2025-03-14T11:34:08.921952" elapsed="1.000671"/>
</kw>
<kw name="Ensure Java Is Installed" owner="utilities">
<msg time="2025-03-14T11:34:09.923666" level="TRACE">Arguments: [ 'latest' ]</msg>
<msg time="2025-03-14T11:34:25.324911" level="INFO">Java is not installed. Installing now...
Output of 'choco -v': 2.4.2

Chocolatey is already installed.
Java latest has been installed.</msg>
<msg time="2025-03-14T11:34:25.325910" level="TRACE">Return: None</msg>
<arg>latest</arg>
<status status="PASS" start="2025-03-14T11:34:09.922623" elapsed="15.403287"/>
</kw>
<kw name="Sleep" owner="BuiltIn">
<msg time="2025-03-14T11:34:25.325910" level="TRACE">Arguments: [ '1s' ]</msg>
<msg time="2025-03-14T11:34:26.326813" level="INFO">Slept 1 second.</msg>
<msg time="2025-03-14T11:34:26.326813" level="TRACE">Return: None</msg>
<arg>1s</arg>
<doc>Pauses the test executed for the given time.</doc>
<status status="PASS" start="2025-03-14T11:34:25.325910" elapsed="1.000903"/>
</kw>
<kw name="Refresh Env Variables" owner="utilities">
<msg time="2025-03-14T11:34:26.326813" level="TRACE">Arguments: [  ]</msg>
<msg time="2025-03-14T11:34:27.416433" level="TRACE">Return: None</msg>
<status status="PASS" start="2025-03-14T11:34:26.326813" elapsed="1.089620"/>
</kw>
<kw name="Sleep" owner="BuiltIn">
<msg time="2025-03-14T11:34:27.417434" level="TRACE">Arguments: [ '1s' ]</msg>
<msg time="2025-03-14T11:34:28.418484" level="INFO">Slept 1 second.</msg>
<msg time="2025-03-14T11:34:28.418484" level="TRACE">Return: None</msg>
<arg>1s</arg>
<doc>Pauses the test executed for the given time.</doc>
<status status="PASS" start="2025-03-14T11:34:27.417434" elapsed="1.001776"/>
</kw>
<kw name="Sleep" owner="BuiltIn">
<msg time="2025-03-14T11:34:28.419763" level="TRACE">Arguments: [ '1s' ]</msg>
<msg time="2025-03-14T11:34:29.421137" level="INFO">Slept 1 second.</msg>
<msg time="2025-03-14T11:34:29.421137" level="TRACE">Return: None</msg>
<arg>1s</arg>
<doc>Pauses the test executed for the given time.</doc>
<status status="PASS" start="2025-03-14T11:34:28.419763" elapsed="1.001374"/>
</kw>
<kw name="Ensure Java Is Not Installed" owner="utilities">
<msg time="2025-03-14T11:34:29.422841" level="TRACE">Arguments: [  ]</msg>
<msg time="2025-03-14T11:34:41.176337" level="INFO">Chocolatey is installed. (ensure_java_is_not_installed)
Uninstalling Temurin with Chocolatey...
Java is not installed on this computer.</msg>
<msg time="2025-03-14T11:34:41.176337" level="TRACE">Return: None</msg>
<status status="PASS" start="2025-03-14T11:34:29.422841" elapsed="11.753496"/>
</kw>
<kw name="Sleep" owner="BuiltIn">
<msg time="2025-03-14T11:34:41.177348" level="TRACE">Arguments: [ '1s' ]</msg>
<msg time="2025-03-14T11:34:42.177978" level="INFO">Slept 1 second.</msg>
<msg time="2025-03-14T11:34:42.177978" level="TRACE">Return: None</msg>
<arg>1s</arg>
<doc>Pauses the test executed for the given time.</doc>
<status status="PASS" start="2025-03-14T11:34:41.177348" elapsed="1.000630"/>
</kw>
<kw name="Refresh Env Variables" owner="utilities">
<msg time="2025-03-14T11:34:42.179660" level="TRACE">Arguments: [  ]</msg>
<msg time="2025-03-14T11:34:43.254577" level="TRACE">Return: None</msg>
<status status="PASS" start="2025-03-14T11:34:42.179660" elapsed="1.074917"/>
</kw>
<doc>startServer.bat and shutServer.bat Should Work Fine (Latest Java)</doc>
<status status="PASS" start="2025-03-14T11:34:00.750214" elapsed="42.505314"/>
</test>
<status status="PASS" start="2025-03-14T11:32:34.509784" elapsed="128.746705"/>
</suite>
<suite id="s1-s2" name="ReportBurster-Server" source="C:\Projects\all-repos\src\prd\rb\asbl\src\uat\tests\ReportBurster-Server.robot">
<test id="s1-s2-t1" name="startServer.bat and shutServer.bat Scripts Should Work Fine" line="15">
<kw name="Clean Output Folders And Log Files" owner="utilities" type="SETUP">
<msg time="2025-03-14T11:34:43.651028" level="TRACE">Arguments: [ product='server' ]</msg>
<msg time="2025-03-14T11:34:43.652896" level="TRACE">Return: None</msg>
<arg>product=server</arg>
<status status="PASS" start="2025-03-14T11:34:43.651028" elapsed="0.001868"/>
</kw>
<kw name="Ensure Chocolatey Is Installed" owner="utilities">
<msg time="2025-03-14T11:34:43.652896" level="TRACE">Arguments: [  ]</msg>
<msg time="2025-03-14T11:34:44.508499" level="INFO">Output of 'choco -v': 2.4.2

Chocolatey is already installed.</msg>
<msg time="2025-03-14T11:34:44.508499" level="TRACE">Return: None</msg>
<status status="PASS" start="2025-03-14T11:34:43.652896" elapsed="0.855603"/>
</kw>
<kw name="Sleep" owner="BuiltIn">
<msg time="2025-03-14T11:34:44.508499" level="TRACE">Arguments: [ '1s' ]</msg>
<msg time="2025-03-14T11:34:45.508724" level="INFO">Slept 1 second.</msg>
<msg time="2025-03-14T11:34:45.508724" level="TRACE">Return: None</msg>
<arg>1s</arg>
<doc>Pauses the test executed for the given time.</doc>
<status status="PASS" start="2025-03-14T11:34:44.508499" elapsed="1.000225"/>
</kw>
<kw name="Refresh Env Variables" owner="utilities">
<msg time="2025-03-14T11:34:45.509631" level="TRACE">Arguments: [  ]</msg>
<msg time="2025-03-14T11:34:46.599272" level="TRACE">Return: None</msg>
<status status="PASS" start="2025-03-14T11:34:45.509432" elapsed="1.089840"/>
</kw>
<kw name="Sleep" owner="BuiltIn">
<msg time="2025-03-14T11:34:46.600273" level="TRACE">Arguments: [ '1s' ]</msg>
<msg time="2025-03-14T11:34:47.601054" level="INFO">Slept 1 second.</msg>
<msg time="2025-03-14T11:34:47.601054" level="TRACE">Return: None</msg>
<arg>1s</arg>
<doc>Pauses the test executed for the given time.</doc>
<status status="PASS" start="2025-03-14T11:34:46.599272" elapsed="1.001782"/>
</kw>
<kw name="Ensure Java Is Installed" owner="utilities">
<msg time="2025-03-14T11:34:47.603089" level="TRACE">Arguments: [  ]</msg>
<msg time="2025-03-14T11:35:35.101415" level="INFO">Java is not installed. Installing now...
Output of 'choco -v': 2.4.2

Chocolatey is already installed.
Java 11 has been installed.</msg>
<msg time="2025-03-14T11:35:35.101415" level="TRACE">Return: None</msg>
<status status="PASS" start="2025-03-14T11:34:47.602091" elapsed="47.499324"/>
</kw>
<kw name="Sleep" owner="BuiltIn">
<msg time="2025-03-14T11:35:35.101415" level="TRACE">Arguments: [ '1s' ]</msg>
<msg time="2025-03-14T11:35:36.101740" level="INFO">Slept 1 second.</msg>
<msg time="2025-03-14T11:35:36.101740" level="TRACE">Return: None</msg>
<arg>1s</arg>
<doc>Pauses the test executed for the given time.</doc>
<status status="PASS" start="2025-03-14T11:35:35.101415" elapsed="1.000325"/>
</kw>
<kw name="Refresh Env Variables" owner="utilities">
<msg time="2025-03-14T11:35:36.101740" level="TRACE">Arguments: [  ]</msg>
<msg time="2025-03-14T11:35:37.222360" level="TRACE">Return: None</msg>
<status status="PASS" start="2025-03-14T11:35:36.101740" elapsed="1.120620"/>
</kw>
<kw name="Sleep" owner="BuiltIn">
<msg time="2025-03-14T11:35:37.222360" level="TRACE">Arguments: [ '1s' ]</msg>
<msg time="2025-03-14T11:35:38.222994" level="INFO">Slept 1 second.</msg>
<msg time="2025-03-14T11:35:38.222994" level="TRACE">Return: None</msg>
<arg>1s</arg>
<doc>Pauses the test executed for the given time.</doc>
<status status="PASS" start="2025-03-14T11:35:37.222360" elapsed="1.000634"/>
</kw>
<kw name="startServer.bat and shutServer.bat Should Work Fine" owner="utilities">
<msg time="2025-03-14T11:35:38.223899" level="TRACE">Arguments: [  ]</msg>
<kw name="Sleep" owner="BuiltIn">
<msg time="2025-03-14T11:35:38.223899" level="TRACE">Arguments: [ '1s' ]</msg>
<msg time="2025-03-14T11:35:39.224381" level="INFO">Slept 1 second.</msg>
<msg time="2025-03-14T11:35:39.224381" level="TRACE">Return: None</msg>
<arg>1s</arg>
<doc>Pauses the test executed for the given time.</doc>
<status status="PASS" start="2025-03-14T11:35:38.223899" elapsed="1.000482"/>
</kw>
<kw name="Start Server" owner="utilities">
<msg time="2025-03-14T11:35:39.224381" level="TRACE">Arguments: [  ]</msg>
<msg time="2025-03-14T11:35:39.229479" level="TRACE">Return: &lt;Popen: returncode: None args: ['cmd.exe', '/c', 'C:\\Projects\\all-repos\\s...&gt;</msg>
<status status="PASS" start="2025-03-14T11:35:39.224381" elapsed="0.005098"/>
</kw>
<kw name="Wait Until Keyword Succeeds" owner="BuiltIn">
<msg time="2025-03-14T11:35:39.234930" level="TRACE">Arguments: [ '10x' | '3s' | 'Check Server Is Running' ]</msg>
<kw name="Check Server Is Running">
<msg time="2025-03-14T11:35:39.234930" level="TRACE">Arguments: [  ]</msg>
<kw name="Create Session" owner="RequestsLibrary">
<msg time="2025-03-14T11:35:39.235932" level="TRACE">Arguments: [ 'server' | 'http://localhost:9090' ]</msg>
<msg time="2025-03-14T11:35:39.235932" level="INFO">Creating Session using : alias=server, url=http://localhost:9090, headers={},                     cookies={}, auth=None, timeout=None, proxies=None, verify=False,                     debug=0 </msg>
<msg time="2025-03-14T11:35:39.235932" level="DEBUG">Creating session: server</msg>
<msg time="2025-03-14T11:35:39.235932" level="TRACE">Return: &lt;requests.sessions.Session object at 0x000002E923CFD040&gt;</msg>
<arg>server</arg>
<arg>${SERVER_URL}</arg>
<doc>Create Session: create a HTTP session to a server</doc>
<status status="PASS" start="2025-03-14T11:35:39.234930" elapsed="0.001002"/>
</kw>
<kw name="GET On Session" owner="RequestsLibrary">
<msg time="2025-03-14T11:35:39.235932" level="TRACE">Arguments: [ 'server' | '/' ]</msg>
<msg time="2025-03-14T11:35:39.241932" level="DEBUG">Starting new HTTP connection (1): localhost:9090</msg>
<msg time="2025-03-14T11:35:43.336310" level="DEBUG">Incremented Retry for (url='/'): RetryAdapter(total=2, connect=None, read=None, redirect=None, status=None)</msg>
<msg time="2025-03-14T11:35:43.344705" level="WARN">Retrying (RetryAdapter(total=2, connect=None, read=None, redirect=None, status=None)) after connection broken by 'NewConnectionError('&lt;urllib3.connection.HTTPConnection object at 0x000002E90A3AFE90&gt;: Failed to establish a new connection: [WinError 10061] No connection could be made because the target machine actively refused it')': /</msg>
<msg time="2025-03-14T11:35:43.345610" level="DEBUG">Starting new HTTP connection (2): localhost:9090</msg>
<msg time="2025-03-14T11:35:47.399430" level="DEBUG">Incremented Retry for (url='/'): RetryAdapter(total=1, connect=None, read=None, redirect=None, status=None)</msg>
<msg time="2025-03-14T11:35:47.599943" level="WARN">Retrying (RetryAdapter(total=1, connect=None, read=None, redirect=None, status=None)) after connection broken by 'NewConnectionError('&lt;urllib3.connection.HTTPConnection object at 0x000002E90A3AFB60&gt;: Failed to establish a new connection: [WinError 10061] No connection could be made because the target machine actively refused it')': /</msg>
<msg time="2025-03-14T11:35:47.599943" level="DEBUG">Starting new HTTP connection (3): localhost:9090</msg>
<msg time="2025-03-14T11:35:51.669594" level="DEBUG">Incremented Retry for (url='/'): RetryAdapter(total=0, connect=None, read=None, redirect=None, status=None)</msg>
<msg time="2025-03-14T11:35:52.069909" level="WARN">Retrying (RetryAdapter(total=0, connect=None, read=None, redirect=None, status=None)) after connection broken by 'NewConnectionError('&lt;urllib3.connection.HTTPConnection object at 0x000002E923D203E0&gt;: Failed to establish a new connection: [WinError 10061] No connection could be made because the target machine actively refused it')': /</msg>
<msg time="2025-03-14T11:35:52.070894" level="DEBUG">Starting new HTTP connection (4): localhost:9090</msg>
<msg time="2025-03-14T11:35:56.140562" level="FAIL">ConnectionError: HTTPConnectionPool(host='localhost', port=9090): Max retries exceeded with url: / (Caused by NewConnectionError('&lt;urllib3.connection.HTTPConnection object at 0x000002E923D20F20&gt;: Failed to establish a new connection: [WinError 10061] No connection could be made because the target machine actively refused it'))</msg>
<msg time="2025-03-14T11:35:56.270658" level="DEBUG">Traceback (most recent call last):
  File "C:\Projects\all-repos\src\prd\rb\asbl\src\uat\.venv\Lib\site-packages\urllib3\connection.py", line 198, in _new_conn
    sock = connection.create_connection(
           ^^^^^^^^^^^^^^^^^^^^^^^^^^^^^
  File "C:\Projects\all-repos\src\prd\rb\asbl\src\uat\.venv\Lib\site-packages\urllib3\util\connection.py", line 85, in create_connection
    raise err
  File "C:\Projects\all-repos\src\prd\rb\asbl\src\uat\.venv\Lib\site-packages\urllib3\util\connection.py", line 73, in create_connection
    sock.connect(sa)
ConnectionRefusedError: [WinError 10061] No connection could be made because the target machine actively refused it

The above exception was the direct cause of the following exception:

Traceback (most recent call last):
  File "C:\Projects\all-repos\src\prd\rb\asbl\src\uat\.venv\Lib\site-packages\urllib3\connectionpool.py", line 787, in urlopen
    response = self._make_request(
               ^^^^^^^^^^^^^^^^^^^
  File "C:\Projects\all-repos\src\prd\rb\asbl\src\uat\.venv\Lib\site-packages\urllib3\connectionpool.py", line 493, in _make_request
    conn.request(
  File "C:\Projects\all-repos\src\prd\rb\asbl\src\uat\.venv\Lib\site-packages\urllib3\connection.py", line 445, in request
    self.endheaders()
  File "C:\Python312\Lib\http\client.py", line 1331, in endheaders
    self._send_output(message_body, encode_chunked=encode_chunked)
  File "C:\Python312\Lib\http\client.py", line 1091, in _send_output
    self.send(msg)
  File "C:\Python312\Lib\http\client.py", line 1035, in send
    self.connect()
  File "C:\Projects\all-repos\src\prd\rb\asbl\src\uat\.venv\Lib\site-packages\urllib3\connection.py", line 276, in connect
    self.sock = self._new_conn()
                ^^^^^^^^^^^^^^^^
  File "C:\Projects\all-repos\src\prd\rb\asbl\src\uat\.venv\Lib\site-packages\urllib3\connection.py", line 213, in _new_conn
    raise NewConnectionError(
urllib3.exceptions.NewConnectionError: &lt;urllib3.connection.HTTPConnection object at 0x000002E923D20F20&gt;: Failed to establish a new connection: [WinError 10061] No connection could be made because the target machine actively refused it

The above exception was the direct cause of the following exception:

Traceback (most recent call last):
  File "C:\Projects\all-repos\src\prd\rb\asbl\src\uat\.venv\Lib\site-packages\requests\adapters.py", line 667, in send
    resp = conn.urlopen(
           ^^^^^^^^^^^^^
  File "C:\Projects\all-repos\src\prd\rb\asbl\src\uat\.venv\Lib\site-packages\urllib3\connectionpool.py", line 871, in urlopen
    return self.urlopen(
           ^^^^^^^^^^^^^
  File "C:\Projects\all-repos\src\prd\rb\asbl\src\uat\.venv\Lib\site-packages\urllib3\connectionpool.py", line 871, in urlopen
    return self.urlopen(
           ^^^^^^^^^^^^^
  File "C:\Projects\all-repos\src\prd\rb\asbl\src\uat\.venv\Lib\site-packages\urllib3\connectionpool.py", line 871, in urlopen
    return self.urlopen(
           ^^^^^^^^^^^^^
  File "C:\Projects\all-repos\src\prd\rb\asbl\src\uat\.venv\Lib\site-packages\urllib3\connectionpool.py", line 841, in urlopen
    retries = retries.increment(
              ^^^^^^^^^^^^^^^^^^
  File "C:\Projects\all-repos\src\prd\rb\asbl\src\uat\.venv\Lib\site-packages\urllib3\util\retry.py", line 519, in increment
    raise MaxRetryError(_pool, url, reason) from reason  # type: ignore[arg-type]
    ^^^^^^^^^^^^^^^^^^^^^^^^^^^^^^^^^^^^^^^^^^^^^^^^^^^
urllib3.exceptions.MaxRetryError: HTTPConnectionPool(host='localhost', port=9090): Max retries exceeded with url: / (Caused by NewConnectionError('&lt;urllib3.connection.HTTPConnection object at 0x000002E923D20F20&gt;: Failed to establish a new connection: [WinError 10061] No connection could be made because the target machine actively refused it'))

During handling of the above exception, another exception occurred:

Traceback (most recent call last):
  File "C:\Projects\all-repos\src\prd\rb\asbl\src\uat\.venv\Lib\site-packages\RequestsLibrary\utils.py", line 154, in decorator
    return func(*args, **kwargs)
           ^^^^^^^^^^^^^^^^^^^^^
  File "C:\Projects\all-repos\src\prd\rb\asbl\src\uat\.venv\Lib\site-packages\RequestsLibrary\RequestsOnSessionKeywords.py", line 31, in get_on_session
    response = self._common_request("get", session, url,
               ^^^^^^^^^^^^^^^^^^^^^^^^^^^^^^^^^^^^^^^^^
  File "C:\Projects\all-repos\src\prd\rb\asbl\src\uat\.venv\Lib\site-packages\RequestsLibrary\RequestsKeywords.py", line 37, in _common_request
    resp = method_function(
           ^^^^^^^^^^^^^^^^
  File "C:\Projects\all-repos\src\prd\rb\asbl\src\uat\.venv\Lib\site-packages\requests\sessions.py", line 602, in get
    return self.request("GET", url, **kwargs)
           ^^^^^^^^^^^^^^^^^^^^^^^^^^^^^^^^^^
  File "C:\Projects\all-repos\src\prd\rb\asbl\src\uat\.venv\Lib\site-packages\requests\sessions.py", line 589, in request
    resp = self.send(prep, **send_kwargs)
           ^^^^^^^^^^^^^^^^^^^^^^^^^^^^^^
  File "C:\Projects\all-repos\src\prd\rb\asbl\src\uat\.venv\Lib\site-packages\requests\sessions.py", line 703, in send
    r = adapter.send(request, **kwargs)
        ^^^^^^^^^^^^^^^^^^^^^^^^^^^^^^^
  File "C:\Projects\all-repos\src\prd\rb\asbl\src\uat\.venv\Lib\site-packages\requests\adapters.py", line 700, in send
    raise ConnectionError(e, request=request)
requests.exceptions.ConnectionError: HTTPConnectionPool(host='localhost', port=9090): Max retries exceeded with url: / (Caused by NewConnectionError('&lt;urllib3.connection.HTTPConnection object at 0x000002E923D20F20&gt;: Failed to establish a new connection: [WinError 10061] No connection could be made because the target machine actively refused it'))</msg>
<var>${response}</var>
<arg>server</arg>
<arg>/</arg>
<doc>Sends a GET request on a previously created HTTP Session.</doc>
<status status="FAIL" start="2025-03-14T11:35:39.235932" elapsed="17.034726">ConnectionError: HTTPConnectionPool(host='localhost', port=9090): Max retries exceeded with url: / (Caused by NewConnectionError('&lt;urllib3.connection.HTTPConnection object at 0x000002E923D20F20&gt;: Failed to establish a new connection: [WinError 10061] No connection could be made because the target machine actively refused it'))</status>
</kw>
<kw name="Should Be Equal As Integers" owner="BuiltIn">
<arg>${response.status_code}</arg>
<arg>200</arg>
<doc>Fails if objects are unequal after converting them to integers.</doc>
<status status="NOT RUN" start="2025-03-14T11:35:56.270658" elapsed="0.000000"/>
</kw>
<status status="FAIL" start="2025-03-14T11:35:39.234930" elapsed="17.035728">ConnectionError: HTTPConnectionPool(host='localhost', port=9090): Max retries exceeded with url: / (Caused by NewConnectionError('&lt;urllib3.connection.HTTPConnection object at 0x000002E923D20F20&gt;: Failed to establish a new connection: [WinError 10061] No connection could be made because the target machine actively refused it'))</status>
</kw>
<kw name="Check Server Is Running">
<msg time="2025-03-14T11:35:59.272498" level="TRACE">Arguments: [  ]</msg>
<kw name="Create Session" owner="RequestsLibrary">
<msg time="2025-03-14T11:35:59.272498" level="TRACE">Arguments: [ 'server' | 'http://localhost:9090' ]</msg>
<msg time="2025-03-14T11:35:59.272498" level="INFO">Creating Session using : alias=server, url=http://localhost:9090, headers={},                     cookies={}, auth=None, timeout=None, proxies=None, verify=False,                     debug=0 </msg>
<msg time="2025-03-14T11:35:59.272498" level="DEBUG">Creating session: server</msg>
<msg time="2025-03-14T11:35:59.273458" level="TRACE">Return: &lt;requests.sessions.Session object at 0x000002E923B8F290&gt;</msg>
<arg>server</arg>
<arg>${SERVER_URL}</arg>
<doc>Create Session: create a HTTP session to a server</doc>
<status status="PASS" start="2025-03-14T11:35:59.272498" elapsed="0.000960"/>
</kw>
<kw name="GET On Session" owner="RequestsLibrary">
<msg time="2025-03-14T11:35:59.273458" level="TRACE">Arguments: [ 'server' | '/' ]</msg>
<msg time="2025-03-14T11:35:59.274450" level="DEBUG">Starting new HTTP connection (1): localhost:9090</msg>
<msg time="2025-03-14T11:35:59.397051" level="DEBUG">http://localhost:9090 "GET / HTTP/1.1" 200 4962</msg>
<msg time="2025-03-14T11:35:59.398051" level="INFO">GET Request : url=http://localhost:9090/ 
 path_url=/ 
 headers={'User-Agent': 'python-requests/2.32.3', 'Accept-Encoding': 'gzip, deflate', 'Accept': '*/*', 'Connection': 'keep-alive'} 
 body=None 
 </msg>
<msg time="2025-03-14T11:35:59.398051" level="INFO">GET Response : url=http://localhost:9090/ 
 status=200, reason= 
 headers={'Access-Control-Allow-Credentials': 'true', 'Access-Control-Allow-Origin': '*', 'Access-Control-Allow-Methods': 'GET, PUT, POST, DELETE, OPTIONS', 'Access-Control-Allow-Headers': 'Content-Type', 'Vary': 'Origin, Access-Control-Request-Method, Access-Control-Request-Headers', 'Last-Modified': 'Fri, 14 Mar 2025 10:12:39 GMT', 'Accept-Ranges': 'bytes', 'Content-Type': 'text/html;charset=UTF-8', 'Content-Language': 'en-US', 'Content-Length': '4962', 'Date': 'Fri, 14 Mar 2025 10:35:59 GMT', 'Keep-Alive': 'timeout=60', 'Connection': 'keep-alive'} 
 body=&lt;!DOCTYPE html&gt;&lt;html&gt;&lt;head&gt;
    &lt;meta charset="utf-8"&gt;
    &lt;title&gt;&lt;/title&gt;
    &lt;base href="/"&gt;

    &lt;meta name="viewport" content="width=device-width, initial-scale=1"&gt;
    &lt;link rel="icon" type="image/x-icon" href="assets/icons/icon.ico"&gt;
  &lt;style&gt;html{font-family:sans-serif;-ms-text-size-adjust:100%;-webkit-text-size-adjust:100%}body{margin:0}@media print{*,:after,:before{color:#000!important;text-shadow:none!important;background:0 0!important;box-shadow:none!important}}:after,:before{box-sizing:border-box}html{font-size:10px;-webkit-tap-highlight-color:rgba(0,0,0,0)}body{font-family:Helvetica Neue,Helvetica,Arial,sans-serif;font-size:14px;line-height:1.42857143;color:#333;background-color:#fff}@charset "UTF-8";html,body{height:100%}body{font-family:Source Sans Pro,Helvetica Neue,Helvetica,Arial,sans-serif;font-weight:400;overflow-x:hidden;overflow-y:auto}:root{--surface-a:#ffffff;--surface-b:#efefef;--surface-c:#e9ecef;--surface-d:#dee2e6;--surface-e:#ffffff;--surface-f:#ffffff;--text-color:#212529;--text-color-secondary:#6c757d;--primary-color:#007bff;--primary-color-text:#ffffff;--font-family:-apple-system, BlinkMacSystemFont, Segoe UI, Roboto, Helvetica, Arial, sans-serif, Apple Color Emoji, Segoe UI Emoji, Segoe UI Symbol;--surface-0:#ffffff;--surface-50:#f9fafb;--surface-100:#f8f9fa;--surface-200:#e9ecef;--surface-300:#dee2e6;--surface-400:#ced4da;--surface-500:#adb5bd;--surface-600:#6c757d;--surface-700:#495057;--surface-800:#343a40;--surface-900:#212529;--gray-50:#f9fafb;--gray-100:#f8f9fa;--gray-200:#e9ecef;--gray-300:#dee2e6;--gray-400:#ced4da;--gray-500:#adb5bd;--gray-600:#6c757d;--gray-700:#495057;--gray-800:#343a40;--gray-900:#212529;--content-padding:1.25rem;--inline-spacing:.5rem;--border-radius:4px;--surface-ground:#efefef;--surface-section:#ffffff;--surface-card:#ffffff;--surface-overlay:#ffffff;--surface-border:#dee2e6;--surface-hover:#e9ecef;--maskbg:rgba(0, 0, 0, .4);--focus-ring:0 0 0 .2rem rgba(38, 143, 255, .5);color-scheme:light}*{box-sizing:border-box}:root{--blue-50:#f3f8ff;--blue-100:#c5dcff;--blue-200:#97c1fe;--blue-300:#69a5fe;--blue-400:#3b8afd;--blue-500:#0d6efd;--blue-600:#0b5ed7;--blue-700:#094db1;--blue-800:#073d8b;--blue-900:#052c65;--green-50:#f4f9f6;--green-100:#c8e2d6;--green-200:#9ccbb5;--green-300:#70b595;--green-400:#459e74;--green-500:#198754;--green-600:#157347;--green-700:#125f3b;--green-800:#0e4a2e;--green-900:#0a3622;--yellow-50:#fffcf3;--yellow-100:#fff0c3;--yellow-200:#ffe494;--yellow-300:#ffd965;--yellow-400:#ffcd36;--yellow-500:#ffc107;--yellow-600:#d9a406;--yellow-700:#b38705;--yellow-800:#8c6a04;--yellow-900:#664d03;--cyan-50:#f3fcfe;--cyan-100:#c5f2fb;--cyan-200:#97e8f9;--cyan-300:#69def6;--cyan-400:#3bd4f3;--cyan-500:#0dcaf0;--cyan-600:#0baccc;--cyan-700:#098da8;--cyan-800:#076f84;--cyan-900:#055160;--pink-50:#fdf5f9;--pink-100:#f5cee1;--pink-200:#eda7ca;--pink-300:#e681b3;--pink-400:#de5a9b;--pink-500:#d63384;--pink-600:#b62b70;--pink-700:#96245c;--pink-800:#761c49;--pink-900:#561435;--indigo-50:#f7f3fe;--indigo-100:#dac6fc;--indigo-200:#bd98f9;--indigo-300:#a06bf7;--indigo-400:#833df4;--indigo-500:#6610f2;--indigo-600:#570ece;--indigo-700:#470ba9;--indigo-800:#380985;--indigo-900:#290661;--teal-50:#f4fcfa;--teal-100:#c9f2e6;--teal-200:#9fe8d2;--teal-300:#75debf;--teal-400:#4ad3ab;--teal-500:#20c997;--teal-600:#1bab80;--teal-700:#168d6a;--teal-800:#126f53;--teal-900:#0d503c;--orange-50:#fff9f3;--orange-100:#ffe0c7;--orange-200:#fec89a;--orange-300:#feaf6d;--orange-400:#fd9741;--orange-500:#fd7e14;--orange-600:#d76b11;--orange-700:#b1580e;--orange-800:#8b450b;--orange-900:#653208;--bluegray-50:#f8f9fb;--bluegray-100:#e0e4ea;--bluegray-200:#c7ced9;--bluegray-300:#aeb9c8;--bluegray-400:#95a3b8;--bluegray-500:#7c8ea7;--bluegray-600:#69798e;--bluegray-700:#576375;--bluegray-800:#444e5c;--bluegray-900:#323943;--purple-50:#f8f6fc;--purple-100:#dcd2f0;--purple-200:#c1aee4;--purple-300:#a68ad9;--purple-400:#8a66cd;--purple-500:#6f42c1;--purple-600:#5e38a4;--purple-700:#4e2e87;--purple-800:#3d246a;--purple-900:#2c1a4d;--red-50:#fdf5f6;--red-100:#f7cfd2;--red-200:#f0a8af;--red-300:#e9828c;--red-400:#e35b68;--red-500:#dc3545;--red-600:#bb2d3b;--red-700:#9a2530;--red-800:#791d26;--red-900:#58151c;--primary-50:#f2f8ff;--primary-100:#c2dfff;--primary-200:#91c6ff;--primary-300:#61adff;--primary-400:#3094ff;--primary-500:#007bff;--primary-600:#0069d9;--primary-700:#0056b3;--primary-800:#00448c;--primary-900:#003166}&lt;/style&gt;&lt;link rel="stylesheet" href="styles.25311701cd7e1e35.css" media="print" onload="this.media='all'"&gt;&lt;noscript&gt;&lt;link rel="stylesheet" href="styles.25311701cd7e1e35.css"&gt;&lt;/noscript&gt;&lt;/head&gt;
  &lt;body class="skin-blue"&gt;
    &lt;app-root&gt;Loading...&lt;/app-root&gt;
  &lt;script src="runtime.c1bd29ecf74be03c.js" type="module"&gt;&lt;/script&gt;&lt;script src="polyfills.4ae72b598e1b5927.js" type="module"&gt;&lt;/script&gt;&lt;script src="scripts.2212ee5021e2179d.js" defer&gt;&lt;/script&gt;&lt;script src="main.37cb720a3ae056cc.js" type="module"&gt;&lt;/script&gt;

&lt;/body&gt;&lt;/html&gt; 
 </msg>
<msg time="2025-03-14T11:35:59.398051" level="TRACE">Return: &lt;Response [200]&gt;</msg>
<msg time="2025-03-14T11:35:59.398051" level="INFO">${response} = &lt;Response [200]&gt;</msg>
<var>${response}</var>
<arg>server</arg>
<arg>/</arg>
<doc>Sends a GET request on a previously created HTTP Session.</doc>
<status status="PASS" start="2025-03-14T11:35:59.273458" elapsed="0.124593"/>
</kw>
<kw name="Should Be Equal As Integers" owner="BuiltIn">
<msg time="2025-03-14T11:35:59.399321" level="TRACE">Arguments: [ 200 | '200' ]</msg>
<msg time="2025-03-14T11:35:59.399321" level="INFO">Argument types are:
&lt;class 'int'&gt;
&lt;class 'str'&gt;</msg>
<msg time="2025-03-14T11:35:59.399321" level="TRACE">Return: None</msg>
<arg>${response.status_code}</arg>
<arg>200</arg>
<doc>Fails if objects are unequal after converting them to integers.</doc>
<status status="PASS" start="2025-03-14T11:35:59.398051" elapsed="0.001270"/>
</kw>
<msg time="2025-03-14T11:35:59.399321" level="TRACE">Return: None</msg>
<status status="PASS" start="2025-03-14T11:35:59.271204" elapsed="0.128117"/>
</kw>
<msg time="2025-03-14T11:35:59.399321" level="TRACE">Return: None</msg>
<arg>10x</arg>
<arg>3s</arg>
<arg>Check Server Is Running</arg>
<doc>Runs the specified keyword and retries if it fails.</doc>
<status status="PASS" start="2025-03-14T11:35:39.234930" elapsed="20.164391"/>
</kw>
<kw name="Sleep" owner="BuiltIn">
<msg time="2025-03-14T11:35:59.400305" level="TRACE">Arguments: [ '1s' ]</msg>
<msg time="2025-03-14T11:36:00.401033" level="INFO">Slept 1 second.</msg>
<msg time="2025-03-14T11:36:00.401033" level="TRACE">Return: None</msg>
<arg>1s</arg>
<doc>Pauses the test executed for the given time.</doc>
<status status="PASS" start="2025-03-14T11:35:59.399321" elapsed="1.001712"/>
</kw>
<kw name="Copy File" owner="OperatingSystem">
<msg time="2025-03-14T11:36:00.402056" level="TRACE">Arguments: [ 'C:\\Projects\\all-repos\\src\\prd\\rb\\asbl\\target/uat/rbs/ReportBurster/samples/burst/Payslips.pdf' | 'C:\\Projects\\all-repos\\src\\prd\\rb\\asbl\\target/uat/rbs/ReportBurster/poll' ]</msg>
<msg time="2025-03-14T11:36:00.425882" level="INFO" html="true">Copied file from '&lt;a href="file://C:\Projects\all-repos\src\prd\rb\asbl\target\uat\rbs\ReportBurster\samples\burst\Payslips.pdf"&gt;C:\Projects\all-repos\src\prd\rb\asbl\target\uat\rbs\ReportBurster\samples\burst\Payslips.pdf&lt;/a&gt;' to '&lt;a href="file://C:\Projects\all-repos\src\prd\rb\asbl\target\uat\rbs\ReportBurster\poll\Payslips.pdf"&gt;C:\Projects\all-repos\src\prd\rb\asbl\target\uat\rbs\ReportBurster\poll\Payslips.pdf&lt;/a&gt;'.</msg>
<msg time="2025-03-14T11:36:00.425882" level="TRACE">Return: 'C:\\Projects\\all-repos\\src\\prd\\rb\\asbl\\target\\uat\\rbs\\ReportBurster\\poll\\Payslips.pdf'</msg>
<arg>${PORTABLE_EXECUTABLE_DIR_SERVER}/samples/burst/Payslips.pdf</arg>
<arg>${PORTABLE_EXECUTABLE_DIR_SERVER}/poll</arg>
<doc>Copies the source file into the destination.</doc>
<status status="PASS" start="2025-03-14T11:36:00.402056" elapsed="0.023826"/>
</kw>
<kw name="Wait Until Keyword Succeeds" owner="BuiltIn">
<msg time="2025-03-14T11:36:00.426925" level="TRACE">Arguments: [ '10x' | '3s' | 'Check PDF Files Generated' | '3' ]</msg>
<kw name="Check PDF Files Generated">
<msg time="2025-03-14T11:36:00.426925" level="TRACE">Arguments: [ ${expected_count}='3' ]</msg>
<kw name="Count Files" owner="utilities">
<msg time="2025-03-14T11:36:00.426925" level="TRACE">Arguments: [ 'C:\\Projects\\all-repos\\src\\prd\\rb\\asbl\\target/uat/rbs/ReportBurster/output' | pattern='*.pdf' | recursive=True ]</msg>
<msg time="2025-03-14T11:36:00.427929" level="TRACE">Return: 0</msg>
<msg time="2025-03-14T11:36:00.427929" level="INFO">${count} = 0</msg>
<var>${count}</var>
<arg>${PORTABLE_EXECUTABLE_DIR_SERVER}/output</arg>
<arg>pattern=*.pdf</arg>
<arg>recursive=True</arg>
<status status="PASS" start="2025-03-14T11:36:00.426925" elapsed="0.001004"/>
</kw>
<kw name="Should Be Equal As Integers" owner="BuiltIn">
<msg time="2025-03-14T11:36:00.427929" level="TRACE">Arguments: [ 0 | '3' ]</msg>
<msg time="2025-03-14T11:36:00.427929" level="INFO">Argument types are:
&lt;class 'int'&gt;
&lt;class 'str'&gt;</msg>
<msg time="2025-03-14T11:36:00.427929" level="FAIL">0 != 3</msg>
<msg time="2025-03-14T11:36:00.427929" level="DEBUG">Traceback (most recent call last):
  None
AssertionError: 0 != 3</msg>
<arg>${count}</arg>
<arg>${expected_count}</arg>
<doc>Fails if objects are unequal after converting them to integers.</doc>
<status status="FAIL" start="2025-03-14T11:36:00.427929" elapsed="0.000000">0 != 3</status>
</kw>
<arg>3</arg>
<status status="FAIL" start="2025-03-14T11:36:00.426925" elapsed="0.001004">0 != 3</status>
</kw>
<kw name="Check PDF Files Generated">
<msg time="2025-03-14T11:36:03.428491" level="TRACE">Arguments: [ ${expected_count}='3' ]</msg>
<kw name="Count Files" owner="utilities">
<msg time="2025-03-14T11:36:03.428491" level="TRACE">Arguments: [ 'C:\\Projects\\all-repos\\src\\prd\\rb\\asbl\\target/uat/rbs/ReportBurster/output' | pattern='*.pdf' | recursive=True ]</msg>
<msg time="2025-03-14T11:36:03.429790" level="TRACE">Return: 0</msg>
<msg time="2025-03-14T11:36:03.429790" level="INFO">${count} = 0</msg>
<var>${count}</var>
<arg>${PORTABLE_EXECUTABLE_DIR_SERVER}/output</arg>
<arg>pattern=*.pdf</arg>
<arg>recursive=True</arg>
<status status="PASS" start="2025-03-14T11:36:03.428491" elapsed="0.001299"/>
</kw>
<kw name="Should Be Equal As Integers" owner="BuiltIn">
<msg time="2025-03-14T11:36:03.429790" level="TRACE">Arguments: [ 0 | '3' ]</msg>
<msg time="2025-03-14T11:36:03.429790" level="INFO">Argument types are:
&lt;class 'int'&gt;
&lt;class 'str'&gt;</msg>
<msg time="2025-03-14T11:36:03.429790" level="FAIL">0 != 3</msg>
<msg time="2025-03-14T11:36:03.429790" level="DEBUG">Traceback (most recent call last):
  None
AssertionError: 0 != 3</msg>
<arg>${count}</arg>
<arg>${expected_count}</arg>
<doc>Fails if objects are unequal after converting them to integers.</doc>
<status status="FAIL" start="2025-03-14T11:36:03.429790" elapsed="0.000000">0 != 3</status>
</kw>
<arg>3</arg>
<status status="FAIL" start="2025-03-14T11:36:03.428491" elapsed="0.001299">0 != 3</status>
</kw>
<kw name="Check PDF Files Generated">
<msg time="2025-03-14T11:36:06.431421" level="TRACE">Arguments: [ ${expected_count}='3' ]</msg>
<kw name="Count Files" owner="utilities">
<msg time="2025-03-14T11:36:06.431951" level="TRACE">Arguments: [ 'C:\\Projects\\all-repos\\src\\prd\\rb\\asbl\\target/uat/rbs/ReportBurster/output' | pattern='*.pdf' | recursive=True ]</msg>
<msg time="2025-03-14T11:36:06.431951" level="TRACE">Return: 0</msg>
<msg time="2025-03-14T11:36:06.431951" level="INFO">${count} = 0</msg>
<var>${count}</var>
<arg>${PORTABLE_EXECUTABLE_DIR_SERVER}/output</arg>
<arg>pattern=*.pdf</arg>
<arg>recursive=True</arg>
<status status="PASS" start="2025-03-14T11:36:06.431951" elapsed="0.000000"/>
</kw>
<kw name="Should Be Equal As Integers" owner="BuiltIn">
<msg time="2025-03-14T11:36:06.432943" level="TRACE">Arguments: [ 0 | '3' ]</msg>
<msg time="2025-03-14T11:36:06.432943" level="INFO">Argument types are:
&lt;class 'int'&gt;
&lt;class 'str'&gt;</msg>
<msg time="2025-03-14T11:36:06.432943" level="FAIL">0 != 3</msg>
<msg time="2025-03-14T11:36:06.432943" level="DEBUG">Traceback (most recent call last):
  None
AssertionError: 0 != 3</msg>
<arg>${count}</arg>
<arg>${expected_count}</arg>
<doc>Fails if objects are unequal after converting them to integers.</doc>
<status status="FAIL" start="2025-03-14T11:36:06.432943" elapsed="0.000000">0 != 3</status>
</kw>
<arg>3</arg>
<status status="FAIL" start="2025-03-14T11:36:06.431421" elapsed="0.001522">0 != 3</status>
</kw>
<kw name="Check PDF Files Generated">
<msg time="2025-03-14T11:36:09.433628" level="TRACE">Arguments: [ ${expected_count}='3' ]</msg>
<kw name="Count Files" owner="utilities">
<msg time="2025-03-14T11:36:09.434635" level="TRACE">Arguments: [ 'C:\\Projects\\all-repos\\src\\prd\\rb\\asbl\\target/uat/rbs/ReportBurster/output' | pattern='*.pdf' | recursive=True ]</msg>
<msg time="2025-03-14T11:36:09.434635" level="TRACE">Return: 0</msg>
<msg time="2025-03-14T11:36:09.434635" level="INFO">${count} = 0</msg>
<var>${count}</var>
<arg>${PORTABLE_EXECUTABLE_DIR_SERVER}/output</arg>
<arg>pattern=*.pdf</arg>
<arg>recursive=True</arg>
<status status="PASS" start="2025-03-14T11:36:09.433628" elapsed="0.001007"/>
</kw>
<kw name="Should Be Equal As Integers" owner="BuiltIn">
<msg time="2025-03-14T11:36:09.434635" level="TRACE">Arguments: [ 0 | '3' ]</msg>
<msg time="2025-03-14T11:36:09.434635" level="INFO">Argument types are:
&lt;class 'int'&gt;
&lt;class 'str'&gt;</msg>
<msg time="2025-03-14T11:36:09.434635" level="FAIL">0 != 3</msg>
<msg time="2025-03-14T11:36:09.434635" level="DEBUG">Traceback (most recent call last):
  None
AssertionError: 0 != 3</msg>
<arg>${count}</arg>
<arg>${expected_count}</arg>
<doc>Fails if objects are unequal after converting them to integers.</doc>
<status status="FAIL" start="2025-03-14T11:36:09.434635" elapsed="0.000000">0 != 3</status>
</kw>
<arg>3</arg>
<status status="FAIL" start="2025-03-14T11:36:09.433628" elapsed="0.001007">0 != 3</status>
</kw>
<kw name="Check PDF Files Generated">
<msg time="2025-03-14T11:36:12.436633" level="TRACE">Arguments: [ ${expected_count}='3' ]</msg>
<kw name="Count Files" owner="utilities">
<msg time="2025-03-14T11:36:12.436633" level="TRACE">Arguments: [ 'C:\\Projects\\all-repos\\src\\prd\\rb\\asbl\\target/uat/rbs/ReportBurster/output' | pattern='*.pdf' | recursive=True ]</msg>
<msg time="2025-03-14T11:36:12.436633" level="TRACE">Return: 0</msg>
<msg time="2025-03-14T11:36:12.437632" level="INFO">${count} = 0</msg>
<var>${count}</var>
<arg>${PORTABLE_EXECUTABLE_DIR_SERVER}/output</arg>
<arg>pattern=*.pdf</arg>
<arg>recursive=True</arg>
<status status="PASS" start="2025-03-14T11:36:12.436633" elapsed="0.000999"/>
</kw>
<kw name="Should Be Equal As Integers" owner="BuiltIn">
<msg time="2025-03-14T11:36:12.437632" level="TRACE">Arguments: [ 0 | '3' ]</msg>
<msg time="2025-03-14T11:36:12.437632" level="INFO">Argument types are:
&lt;class 'int'&gt;
&lt;class 'str'&gt;</msg>
<msg time="2025-03-14T11:36:12.437632" level="FAIL">0 != 3</msg>
<msg time="2025-03-14T11:36:12.437632" level="DEBUG">Traceback (most recent call last):
  None
AssertionError: 0 != 3</msg>
<arg>${count}</arg>
<arg>${expected_count}</arg>
<doc>Fails if objects are unequal after converting them to integers.</doc>
<status status="FAIL" start="2025-03-14T11:36:12.437632" elapsed="0.000000">0 != 3</status>
</kw>
<arg>3</arg>
<status status="FAIL" start="2025-03-14T11:36:12.436633" elapsed="0.000999">0 != 3</status>
</kw>
<kw name="Check PDF Files Generated">
<msg time="2025-03-14T11:36:15.438283" level="TRACE">Arguments: [ ${expected_count}='3' ]</msg>
<kw name="Count Files" owner="utilities">
<msg time="2025-03-14T11:36:15.438283" level="TRACE">Arguments: [ 'C:\\Projects\\all-repos\\src\\prd\\rb\\asbl\\target/uat/rbs/ReportBurster/output' | pattern='*.pdf' | recursive=True ]</msg>
<msg time="2025-03-14T11:36:15.438283" level="TRACE">Return: 0</msg>
<msg time="2025-03-14T11:36:15.439369" level="INFO">${count} = 0</msg>
<var>${count}</var>
<arg>${PORTABLE_EXECUTABLE_DIR_SERVER}/output</arg>
<arg>pattern=*.pdf</arg>
<arg>recursive=True</arg>
<status status="PASS" start="2025-03-14T11:36:15.438283" elapsed="0.001086"/>
</kw>
<kw name="Should Be Equal As Integers" owner="BuiltIn">
<msg time="2025-03-14T11:36:15.439505" level="TRACE">Arguments: [ 0 | '3' ]</msg>
<msg time="2025-03-14T11:36:15.439505" level="INFO">Argument types are:
&lt;class 'int'&gt;
&lt;class 'str'&gt;</msg>
<msg time="2025-03-14T11:36:15.439505" level="FAIL">0 != 3</msg>
<msg time="2025-03-14T11:36:15.439505" level="DEBUG">Traceback (most recent call last):
  None
AssertionError: 0 != 3</msg>
<arg>${count}</arg>
<arg>${expected_count}</arg>
<doc>Fails if objects are unequal after converting them to integers.</doc>
<status status="FAIL" start="2025-03-14T11:36:15.439505" elapsed="0.000000">0 != 3</status>
</kw>
<arg>3</arg>
<status status="FAIL" start="2025-03-14T11:36:15.438283" elapsed="0.001222">0 != 3</status>
</kw>
<kw name="Check PDF Files Generated">
<msg time="2025-03-14T11:36:18.439654" level="TRACE">Arguments: [ ${expected_count}='3' ]</msg>
<kw name="Count Files" owner="utilities">
<msg time="2025-03-14T11:36:18.439654" level="TRACE">Arguments: [ 'C:\\Projects\\all-repos\\src\\prd\\rb\\asbl\\target/uat/rbs/ReportBurster/output' | pattern='*.pdf' | recursive=True ]</msg>
<msg time="2025-03-14T11:36:18.440654" level="TRACE">Return: 3</msg>
<msg time="2025-03-14T11:36:18.440654" level="INFO">${count} = 3</msg>
<var>${count}</var>
<arg>${PORTABLE_EXECUTABLE_DIR_SERVER}/output</arg>
<arg>pattern=*.pdf</arg>
<arg>recursive=True</arg>
<status status="PASS" start="2025-03-14T11:36:18.439654" elapsed="0.001000"/>
</kw>
<kw name="Should Be Equal As Integers" owner="BuiltIn">
<msg time="2025-03-14T11:36:18.440654" level="TRACE">Arguments: [ 3 | '3' ]</msg>
<msg time="2025-03-14T11:36:18.440654" level="INFO">Argument types are:
&lt;class 'int'&gt;
&lt;class 'str'&gt;</msg>
<msg time="2025-03-14T11:36:18.440654" level="TRACE">Return: None</msg>
<arg>${count}</arg>
<arg>${expected_count}</arg>
<doc>Fails if objects are unequal after converting them to integers.</doc>
<status status="PASS" start="2025-03-14T11:36:18.440654" elapsed="0.000000"/>
</kw>
<msg time="2025-03-14T11:36:18.440654" level="TRACE">Return: None</msg>
<arg>3</arg>
<status status="PASS" start="2025-03-14T11:36:18.439654" elapsed="0.001000"/>
</kw>
<msg time="2025-03-14T11:36:18.440654" level="TRACE">Return: None</msg>
<arg>10x</arg>
<arg>3s</arg>
<arg>Check PDF Files Generated</arg>
<arg>3</arg>
<doc>Runs the specified keyword and retries if it fails.</doc>
<status status="PASS" start="2025-03-14T11:36:00.426925" elapsed="18.013729"/>
</kw>
<kw name="Sleep" owner="BuiltIn">
<msg time="2025-03-14T11:36:18.441655" level="TRACE">Arguments: [ '1s' ]</msg>
<msg time="2025-03-14T11:36:19.442196" level="INFO">Slept 1 second.</msg>
<msg time="2025-03-14T11:36:19.442196" level="TRACE">Return: None</msg>
<arg>1s</arg>
<doc>Pauses the test executed for the given time.</doc>
<status status="PASS" start="2025-03-14T11:36:18.441655" elapsed="1.000541"/>
</kw>
<kw name="Shut Server" owner="utilities">
<msg time="2025-03-14T11:36:19.443249" level="TRACE">Arguments: [  ]</msg>
<msg time="2025-03-14T11:36:19.461971" level="TRACE">Return: &lt;Popen: returncode: None args: ['cmd.exe', '/c', 'C:\\Projects\\all-repos\\s...&gt;</msg>
<status status="PASS" start="2025-03-14T11:36:19.443249" elapsed="0.018722"/>
</kw>
<kw name="Wait Until Keyword Succeeds" owner="BuiltIn">
<msg time="2025-03-14T11:36:19.462979" level="TRACE">Arguments: [ '10x' | '3s' | 'Check Server Is Not Running' ]</msg>
<kw name="Check Server Is Not Running">
<msg time="2025-03-14T11:36:19.464006" level="TRACE">Arguments: [  ]</msg>
<kw name="Create Session" owner="RequestsLibrary">
<msg time="2025-03-14T11:36:19.464006" level="TRACE">Arguments: [ 'server' | 'http://localhost:9090' ]</msg>
<msg time="2025-03-14T11:36:19.464006" level="INFO">Creating Session using : alias=server, url=http://localhost:9090, headers={},                     cookies={}, auth=None, timeout=None, proxies=None, verify=False,                     debug=0 </msg>
<msg time="2025-03-14T11:36:19.464006" level="DEBUG">Creating session: server</msg>
<msg time="2025-03-14T11:36:19.464968" level="TRACE">Return: &lt;requests.sessions.Session object at 0x000002E923DB9010&gt;</msg>
<arg>server</arg>
<arg>${SERVER_URL}</arg>
<doc>Create Session: create a HTTP session to a server</doc>
<status status="PASS" start="2025-03-14T11:36:19.464006" elapsed="0.000962"/>
</kw>
<kw name="Run Keyword And Ignore Error" owner="BuiltIn">
<msg time="2025-03-14T11:36:19.464968" level="TRACE">Arguments: [ 'GET On Session' | 'server' | '/' ]</msg>
<kw name="GET On Session" owner="RequestsLibrary">
<msg time="2025-03-14T11:36:19.465968" level="TRACE">Arguments: [ 'server' | '/' ]</msg>
<msg time="2025-03-14T11:36:19.468005" level="DEBUG">Starting new HTTP connection (1): localhost:9090</msg>
<msg time="2025-03-14T11:36:19.475256" level="DEBUG">http://localhost:9090 "GET / HTTP/1.1" 200 4962</msg>
<msg time="2025-03-14T11:36:19.475256" level="INFO">GET Request : url=http://localhost:9090/ 
 path_url=/ 
 headers={'User-Agent': 'python-requests/2.32.3', 'Accept-Encoding': 'gzip, deflate', 'Accept': '*/*', 'Connection': 'keep-alive'} 
 body=None 
 </msg>
<msg time="2025-03-14T11:36:19.475256" level="INFO">GET Response : url=http://localhost:9090/ 
 status=200, reason= 
 headers={'Access-Control-Allow-Credentials': 'true', 'Access-Control-Allow-Origin': '*', 'Access-Control-Allow-Methods': 'GET, PUT, POST, DELETE, OPTIONS', 'Access-Control-Allow-Headers': 'Content-Type', 'Vary': 'Origin, Access-Control-Request-Method, Access-Control-Request-Headers', 'Last-Modified': 'Fri, 14 Mar 2025 10:12:39 GMT', 'Accept-Ranges': 'bytes', 'Content-Type': 'text/html;charset=UTF-8', 'Content-Language': 'en-US', 'Content-Length': '4962', 'Date': 'Fri, 14 Mar 2025 10:36:19 GMT', 'Keep-Alive': 'timeout=60', 'Connection': 'keep-alive'} 
 body=&lt;!DOCTYPE html&gt;&lt;html&gt;&lt;head&gt;
    &lt;meta charset="utf-8"&gt;
    &lt;title&gt;&lt;/title&gt;
    &lt;base href="/"&gt;

    &lt;meta name="viewport" content="width=device-width, initial-scale=1"&gt;
    &lt;link rel="icon" type="image/x-icon" href="assets/icons/icon.ico"&gt;
  &lt;style&gt;html{font-family:sans-serif;-ms-text-size-adjust:100%;-webkit-text-size-adjust:100%}body{margin:0}@media print{*,:after,:before{color:#000!important;text-shadow:none!important;background:0 0!important;box-shadow:none!important}}:after,:before{box-sizing:border-box}html{font-size:10px;-webkit-tap-highlight-color:rgba(0,0,0,0)}body{font-family:Helvetica Neue,Helvetica,Arial,sans-serif;font-size:14px;line-height:1.42857143;color:#333;background-color:#fff}@charset "UTF-8";html,body{height:100%}body{font-family:Source Sans Pro,Helvetica Neue,Helvetica,Arial,sans-serif;font-weight:400;overflow-x:hidden;overflow-y:auto}:root{--surface-a:#ffffff;--surface-b:#efefef;--surface-c:#e9ecef;--surface-d:#dee2e6;--surface-e:#ffffff;--surface-f:#ffffff;--text-color:#212529;--text-color-secondary:#6c757d;--primary-color:#007bff;--primary-color-text:#ffffff;--font-family:-apple-system, BlinkMacSystemFont, Segoe UI, Roboto, Helvetica, Arial, sans-serif, Apple Color Emoji, Segoe UI Emoji, Segoe UI Symbol;--surface-0:#ffffff;--surface-50:#f9fafb;--surface-100:#f8f9fa;--surface-200:#e9ecef;--surface-300:#dee2e6;--surface-400:#ced4da;--surface-500:#adb5bd;--surface-600:#6c757d;--surface-700:#495057;--surface-800:#343a40;--surface-900:#212529;--gray-50:#f9fafb;--gray-100:#f8f9fa;--gray-200:#e9ecef;--gray-300:#dee2e6;--gray-400:#ced4da;--gray-500:#adb5bd;--gray-600:#6c757d;--gray-700:#495057;--gray-800:#343a40;--gray-900:#212529;--content-padding:1.25rem;--inline-spacing:.5rem;--border-radius:4px;--surface-ground:#efefef;--surface-section:#ffffff;--surface-card:#ffffff;--surface-overlay:#ffffff;--surface-border:#dee2e6;--surface-hover:#e9ecef;--maskbg:rgba(0, 0, 0, .4);--focus-ring:0 0 0 .2rem rgba(38, 143, 255, .5);color-scheme:light}*{box-sizing:border-box}:root{--blue-50:#f3f8ff;--blue-100:#c5dcff;--blue-200:#97c1fe;--blue-300:#69a5fe;--blue-400:#3b8afd;--blue-500:#0d6efd;--blue-600:#0b5ed7;--blue-700:#094db1;--blue-800:#073d8b;--blue-900:#052c65;--green-50:#f4f9f6;--green-100:#c8e2d6;--green-200:#9ccbb5;--green-300:#70b595;--green-400:#459e74;--green-500:#198754;--green-600:#157347;--green-700:#125f3b;--green-800:#0e4a2e;--green-900:#0a3622;--yellow-50:#fffcf3;--yellow-100:#fff0c3;--yellow-200:#ffe494;--yellow-300:#ffd965;--yellow-400:#ffcd36;--yellow-500:#ffc107;--yellow-600:#d9a406;--yellow-700:#b38705;--yellow-800:#8c6a04;--yellow-900:#664d03;--cyan-50:#f3fcfe;--cyan-100:#c5f2fb;--cyan-200:#97e8f9;--cyan-300:#69def6;--cyan-400:#3bd4f3;--cyan-500:#0dcaf0;--cyan-600:#0baccc;--cyan-700:#098da8;--cyan-800:#076f84;--cyan-900:#055160;--pink-50:#fdf5f9;--pink-100:#f5cee1;--pink-200:#eda7ca;--pink-300:#e681b3;--pink-400:#de5a9b;--pink-500:#d63384;--pink-600:#b62b70;--pink-700:#96245c;--pink-800:#761c49;--pink-900:#561435;--indigo-50:#f7f3fe;--indigo-100:#dac6fc;--indigo-200:#bd98f9;--indigo-300:#a06bf7;--indigo-400:#833df4;--indigo-500:#6610f2;--indigo-600:#570ece;--indigo-700:#470ba9;--indigo-800:#380985;--indigo-900:#290661;--teal-50:#f4fcfa;--teal-100:#c9f2e6;--teal-200:#9fe8d2;--teal-300:#75debf;--teal-400:#4ad3ab;--teal-500:#20c997;--teal-600:#1bab80;--teal-700:#168d6a;--teal-800:#126f53;--teal-900:#0d503c;--orange-50:#fff9f3;--orange-100:#ffe0c7;--orange-200:#fec89a;--orange-300:#feaf6d;--orange-400:#fd9741;--orange-500:#fd7e14;--orange-600:#d76b11;--orange-700:#b1580e;--orange-800:#8b450b;--orange-900:#653208;--bluegray-50:#f8f9fb;--bluegray-100:#e0e4ea;--bluegray-200:#c7ced9;--bluegray-300:#aeb9c8;--bluegray-400:#95a3b8;--bluegray-500:#7c8ea7;--bluegray-600:#69798e;--bluegray-700:#576375;--bluegray-800:#444e5c;--bluegray-900:#323943;--purple-50:#f8f6fc;--purple-100:#dcd2f0;--purple-200:#c1aee4;--purple-300:#a68ad9;--purple-400:#8a66cd;--purple-500:#6f42c1;--purple-600:#5e38a4;--purple-700:#4e2e87;--purple-800:#3d246a;--purple-900:#2c1a4d;--red-50:#fdf5f6;--red-100:#f7cfd2;--red-200:#f0a8af;--red-300:#e9828c;--red-400:#e35b68;--red-500:#dc3545;--red-600:#bb2d3b;--red-700:#9a2530;--red-800:#791d26;--red-900:#58151c;--primary-50:#f2f8ff;--primary-100:#c2dfff;--primary-200:#91c6ff;--primary-300:#61adff;--primary-400:#3094ff;--primary-500:#007bff;--primary-600:#0069d9;--primary-700:#0056b3;--primary-800:#00448c;--primary-900:#003166}&lt;/style&gt;&lt;link rel="stylesheet" href="styles.25311701cd7e1e35.css" media="print" onload="this.media='all'"&gt;&lt;noscript&gt;&lt;link rel="stylesheet" href="styles.25311701cd7e1e35.css"&gt;&lt;/noscript&gt;&lt;/head&gt;
  &lt;body class="skin-blue"&gt;
    &lt;app-root&gt;Loading...&lt;/app-root&gt;
  &lt;script src="runtime.c1bd29ecf74be03c.js" type="module"&gt;&lt;/script&gt;&lt;script src="polyfills.4ae72b598e1b5927.js" type="module"&gt;&lt;/script&gt;&lt;script src="scripts.2212ee5021e2179d.js" defer&gt;&lt;/script&gt;&lt;script src="main.37cb720a3ae056cc.js" type="module"&gt;&lt;/script&gt;

&lt;/body&gt;&lt;/html&gt; 
 </msg>
<msg time="2025-03-14T11:36:19.475256" level="TRACE">Return: &lt;Response [200]&gt;</msg>
<arg>server</arg>
<arg>/</arg>
<doc>Sends a GET request on a previously created HTTP Session.</doc>
<status status="PASS" start="2025-03-14T11:36:19.465968" elapsed="0.009288"/>
</kw>
<msg time="2025-03-14T11:36:19.475256" level="TRACE">Return: ('PASS', &lt;Response [200]&gt;)</msg>
<msg time="2025-03-14T11:36:19.475256" level="INFO">${result} = ('PASS', &lt;Response [200]&gt;)</msg>
<var>${result}</var>
<arg>GET On Session</arg>
<arg>server</arg>
<arg>/</arg>
<doc>Runs the given keyword with the given arguments and ignores possible error.</doc>
<status status="PASS" start="2025-03-14T11:36:19.464968" elapsed="0.011331"/>
</kw>
<kw name="Set Variable If" owner="BuiltIn">
<msg time="2025-03-14T11:36:19.476299" level="TRACE">Arguments: [ "'PASS' == 'PASS'" | '${result[1].status_code}' | '0' ]</msg>
<msg time="2025-03-14T11:36:19.477298" level="TRACE">Return: 200</msg>
<msg time="2025-03-14T11:36:19.477298" level="INFO">${status_code} = 200</msg>
<var>${status_code}</var>
<arg>'${result[0]}' == 'PASS'</arg>
<arg>${result[1].status_code}</arg>
<arg>0</arg>
<doc>Sets variable based on the given condition.</doc>
<status status="PASS" start="2025-03-14T11:36:19.476299" elapsed="0.000999"/>
</kw>
<kw name="Should Not Be Equal As Integers" owner="BuiltIn">
<msg time="2025-03-14T11:36:19.478289" level="TRACE">Arguments: [ 200 | '200' ]</msg>
<msg time="2025-03-14T11:36:19.478289" level="INFO">Argument types are:
&lt;class 'int'&gt;
&lt;class 'str'&gt;</msg>
<msg time="2025-03-14T11:36:19.478289" level="FAIL">200 == 200</msg>
<msg time="2025-03-14T11:36:19.478289" level="DEBUG">Traceback (most recent call last):
  None
AssertionError: 200 == 200</msg>
<arg>${status_code}</arg>
<arg>200</arg>
<doc>Fails if objects are equal after converting them to integers.</doc>
<status status="FAIL" start="2025-03-14T11:36:19.478289" elapsed="0.000000">200 == 200</status>
</kw>
<status status="FAIL" start="2025-03-14T11:36:19.462979" elapsed="0.015310">200 == 200</status>
</kw>
<kw name="Check Server Is Not Running">
<msg time="2025-03-14T11:36:22.480017" level="TRACE">Arguments: [  ]</msg>
<kw name="Create Session" owner="RequestsLibrary">
<msg time="2025-03-14T11:36:22.480017" level="TRACE">Arguments: [ 'server' | 'http://localhost:9090' ]</msg>
<msg time="2025-03-14T11:36:22.480017" level="INFO">Creating Session using : alias=server, url=http://localhost:9090, headers={},                     cookies={}, auth=None, timeout=None, proxies=None, verify=False,                     debug=0 </msg>
<msg time="2025-03-14T11:36:22.480017" level="DEBUG">Creating session: server</msg>
<msg time="2025-03-14T11:36:22.480017" level="TRACE">Return: &lt;requests.sessions.Session object at 0x000002E923D223F0&gt;</msg>
<arg>server</arg>
<arg>${SERVER_URL}</arg>
<doc>Create Session: create a HTTP session to a server</doc>
<status status="PASS" start="2025-03-14T11:36:22.480017" elapsed="0.000000"/>
</kw>
<kw name="Run Keyword And Ignore Error" owner="BuiltIn">
<msg time="2025-03-14T11:36:22.480017" level="TRACE">Arguments: [ 'GET On Session' | 'server' | '/' ]</msg>
<kw name="GET On Session" owner="RequestsLibrary">
<msg time="2025-03-14T11:36:22.481060" level="TRACE">Arguments: [ 'server' | '/' ]</msg>
<msg time="2025-03-14T11:36:22.481060" level="DEBUG">Starting new HTTP connection (1): localhost:9090</msg>
<msg time="2025-03-14T11:36:26.539460" level="DEBUG">Incremented Retry for (url='/'): RetryAdapter(total=2, connect=None, read=None, redirect=None, status=None)</msg>
<msg time="2025-03-14T11:36:26.539460" level="WARN">Retrying (RetryAdapter(total=2, connect=None, read=None, redirect=None, status=None)) after connection broken by 'NewConnectionError('&lt;urllib3.connection.HTTPConnection object at 0x000002E923BA8620&gt;: Failed to establish a new connection: [WinError 10061] No connection could be made because the target machine actively refused it')': /</msg>
<msg time="2025-03-14T11:36:26.542467" level="DEBUG">Starting new HTTP connection (2): localhost:9090</msg>
<msg time="2025-03-14T11:36:30.599006" level="DEBUG">Incremented Retry for (url='/'): RetryAdapter(total=1, connect=None, read=None, redirect=None, status=None)</msg>
<msg time="2025-03-14T11:36:30.800371" level="WARN">Retrying (RetryAdapter(total=1, connect=None, read=None, redirect=None, status=None)) after connection broken by 'NewConnectionError('&lt;urllib3.connection.HTTPConnection object at 0x000002E923BAAE10&gt;: Failed to establish a new connection: [WinError 10061] No connection could be made because the target machine actively refused it')': /</msg>
<msg time="2025-03-14T11:36:30.801401" level="DEBUG">Starting new HTTP connection (3): localhost:9090</msg>
<msg time="2025-03-14T11:36:34.864546" level="DEBUG">Incremented Retry for (url='/'): RetryAdapter(total=0, connect=None, read=None, redirect=None, status=None)</msg>
<msg time="2025-03-14T11:36:35.265794" level="WARN">Retrying (RetryAdapter(total=0, connect=None, read=None, redirect=None, status=None)) after connection broken by 'NewConnectionError('&lt;urllib3.connection.HTTPConnection object at 0x000002E923BA8BC0&gt;: Failed to establish a new connection: [WinError 10061] No connection could be made because the target machine actively refused it')': /</msg>
<msg time="2025-03-14T11:36:35.268861" level="DEBUG">Starting new HTTP connection (4): localhost:9090</msg>
<msg time="2025-03-14T11:36:39.331571" level="FAIL">ConnectionError: HTTPConnectionPool(host='localhost', port=9090): Max retries exceeded with url: / (Caused by NewConnectionError('&lt;urllib3.connection.HTTPConnection object at 0x000002E923BA8830&gt;: Failed to establish a new connection: [WinError 10061] No connection could be made because the target machine actively refused it'))</msg>
<msg time="2025-03-14T11:36:39.334083" level="DEBUG">Traceback (most recent call last):
  File "C:\Projects\all-repos\src\prd\rb\asbl\src\uat\.venv\Lib\site-packages\urllib3\connection.py", line 198, in _new_conn
    sock = connection.create_connection(
           ^^^^^^^^^^^^^^^^^^^^^^^^^^^^^
  File "C:\Projects\all-repos\src\prd\rb\asbl\src\uat\.venv\Lib\site-packages\urllib3\util\connection.py", line 85, in create_connection
    raise err
  File "C:\Projects\all-repos\src\prd\rb\asbl\src\uat\.venv\Lib\site-packages\urllib3\util\connection.py", line 73, in create_connection
    sock.connect(sa)
ConnectionRefusedError: [WinError 10061] No connection could be made because the target machine actively refused it

The above exception was the direct cause of the following exception:

Traceback (most recent call last):
  File "C:\Projects\all-repos\src\prd\rb\asbl\src\uat\.venv\Lib\site-packages\urllib3\connectionpool.py", line 787, in urlopen
    response = self._make_request(
               ^^^^^^^^^^^^^^^^^^^
  File "C:\Projects\all-repos\src\prd\rb\asbl\src\uat\.venv\Lib\site-packages\urllib3\connectionpool.py", line 493, in _make_request
    conn.request(
  File "C:\Projects\all-repos\src\prd\rb\asbl\src\uat\.venv\Lib\site-packages\urllib3\connection.py", line 445, in request
    self.endheaders()
  File "C:\Python312\Lib\http\client.py", line 1331, in endheaders
    self._send_output(message_body, encode_chunked=encode_chunked)
  File "C:\Python312\Lib\http\client.py", line 1091, in _send_output
    self.send(msg)
  File "C:\Python312\Lib\http\client.py", line 1035, in send
    self.connect()
  File "C:\Projects\all-repos\src\prd\rb\asbl\src\uat\.venv\Lib\site-packages\urllib3\connection.py", line 276, in connect
    self.sock = self._new_conn()
                ^^^^^^^^^^^^^^^^
  File "C:\Projects\all-repos\src\prd\rb\asbl\src\uat\.venv\Lib\site-packages\urllib3\connection.py", line 213, in _new_conn
    raise NewConnectionError(
urllib3.exceptions.NewConnectionError: &lt;urllib3.connection.HTTPConnection object at 0x000002E923BA8830&gt;: Failed to establish a new connection: [WinError 10061] No connection could be made because the target machine actively refused it

The above exception was the direct cause of the following exception:

Traceback (most recent call last):
  File "C:\Projects\all-repos\src\prd\rb\asbl\src\uat\.venv\Lib\site-packages\requests\adapters.py", line 667, in send
    resp = conn.urlopen(
           ^^^^^^^^^^^^^
  File "C:\Projects\all-repos\src\prd\rb\asbl\src\uat\.venv\Lib\site-packages\urllib3\connectionpool.py", line 871, in urlopen
    return self.urlopen(
           ^^^^^^^^^^^^^
  File "C:\Projects\all-repos\src\prd\rb\asbl\src\uat\.venv\Lib\site-packages\urllib3\connectionpool.py", line 871, in urlopen
    return self.urlopen(
           ^^^^^^^^^^^^^
  File "C:\Projects\all-repos\src\prd\rb\asbl\src\uat\.venv\Lib\site-packages\urllib3\connectionpool.py", line 871, in urlopen
    return self.urlopen(
           ^^^^^^^^^^^^^
  File "C:\Projects\all-repos\src\prd\rb\asbl\src\uat\.venv\Lib\site-packages\urllib3\connectionpool.py", line 841, in urlopen
    retries = retries.increment(
              ^^^^^^^^^^^^^^^^^^
  File "C:\Projects\all-repos\src\prd\rb\asbl\src\uat\.venv\Lib\site-packages\urllib3\util\retry.py", line 519, in increment
    raise MaxRetryError(_pool, url, reason) from reason  # type: ignore[arg-type]
    ^^^^^^^^^^^^^^^^^^^^^^^^^^^^^^^^^^^^^^^^^^^^^^^^^^^
urllib3.exceptions.MaxRetryError: HTTPConnectionPool(host='localhost', port=9090): Max retries exceeded with url: / (Caused by NewConnectionError('&lt;urllib3.connection.HTTPConnection object at 0x000002E923BA8830&gt;: Failed to establish a new connection: [WinError 10061] No connection could be made because the target machine actively refused it'))

During handling of the above exception, another exception occurred:

Traceback (most recent call last):
  File "C:\Projects\all-repos\src\prd\rb\asbl\src\uat\.venv\Lib\site-packages\RequestsLibrary\utils.py", line 154, in decorator
    return func(*args, **kwargs)
           ^^^^^^^^^^^^^^^^^^^^^
  File "C:\Projects\all-repos\src\prd\rb\asbl\src\uat\.venv\Lib\site-packages\RequestsLibrary\RequestsOnSessionKeywords.py", line 31, in get_on_session
    response = self._common_request("get", session, url,
               ^^^^^^^^^^^^^^^^^^^^^^^^^^^^^^^^^^^^^^^^^
  File "C:\Projects\all-repos\src\prd\rb\asbl\src\uat\.venv\Lib\site-packages\RequestsLibrary\RequestsKeywords.py", line 37, in _common_request
    resp = method_function(
           ^^^^^^^^^^^^^^^^
  File "C:\Projects\all-repos\src\prd\rb\asbl\src\uat\.venv\Lib\site-packages\requests\sessions.py", line 602, in get
    return self.request("GET", url, **kwargs)
           ^^^^^^^^^^^^^^^^^^^^^^^^^^^^^^^^^^
  File "C:\Projects\all-repos\src\prd\rb\asbl\src\uat\.venv\Lib\site-packages\requests\sessions.py", line 589, in request
    resp = self.send(prep, **send_kwargs)
           ^^^^^^^^^^^^^^^^^^^^^^^^^^^^^^
  File "C:\Projects\all-repos\src\prd\rb\asbl\src\uat\.venv\Lib\site-packages\requests\sessions.py", line 703, in send
    r = adapter.send(request, **kwargs)
        ^^^^^^^^^^^^^^^^^^^^^^^^^^^^^^^
  File "C:\Projects\all-repos\src\prd\rb\asbl\src\uat\.venv\Lib\site-packages\requests\adapters.py", line 700, in send
    raise ConnectionError(e, request=request)
requests.exceptions.ConnectionError: HTTPConnectionPool(host='localhost', port=9090): Max retries exceeded with url: / (Caused by NewConnectionError('&lt;urllib3.connection.HTTPConnection object at 0x000002E923BA8830&gt;: Failed to establish a new connection: [WinError 10061] No connection could be made because the target machine actively refused it'))</msg>
<arg>server</arg>
<arg>/</arg>
<doc>Sends a GET request on a previously created HTTP Session.</doc>
<status status="FAIL" start="2025-03-14T11:36:22.480017" elapsed="16.854066">ConnectionError: HTTPConnectionPool(host='localhost', port=9090): Max retries exceeded with url: / (Caused by NewConnectionError('&lt;urllib3.connection.HTTPConnection object at 0x000002E923BA8830&gt;: Failed to establish a new connection: [WinError 10061] No connection could be made because the target machine actively refused it'))</status>
</kw>
<msg time="2025-03-14T11:36:39.334083" level="TRACE">Return: ('FAIL',
 "ConnectionError: HTTPConnectionPool(host='localhost', port=9090): Max retries exceeded with url: / (Caused by NewConnectionError('&lt;urllib3.connection.HTTPConnection object at 0x000002E923BA8830&gt;: Failed to establish a new connection: [WinError 10061] No connection could be made because the target machine actively refused it'))")</msg>
<msg time="2025-03-14T11:36:39.335083" level="INFO">${result} = ('FAIL', "ConnectionError: HTTPConnectionPool(host='localhost', port=9090): Max retries exceeded with url: / (Caused by NewConnectionError('&lt;urllib3.connection.HTTPConnection object at 0x000002E923BA8...</msg>
<var>${result}</var>
<arg>GET On Session</arg>
<arg>server</arg>
<arg>/</arg>
<doc>Runs the given keyword with the given arguments and ignores possible error.</doc>
<status status="PASS" start="2025-03-14T11:36:22.480017" elapsed="16.855066"/>
</kw>
<kw name="Set Variable If" owner="BuiltIn">
<msg time="2025-03-14T11:36:39.335083" level="TRACE">Arguments: [ "'FAIL' == 'PASS'" | '${result[1].status_code}' | '0' ]</msg>
<msg time="2025-03-14T11:36:39.336083" level="TRACE">Return: '0'</msg>
<msg time="2025-03-14T11:36:39.336083" level="INFO">${status_code} = 0</msg>
<var>${status_code}</var>
<arg>'${result[0]}' == 'PASS'</arg>
<arg>${result[1].status_code}</arg>
<arg>0</arg>
<doc>Sets variable based on the given condition.</doc>
<status status="PASS" start="2025-03-14T11:36:39.335083" elapsed="0.001000"/>
</kw>
<kw name="Should Not Be Equal As Integers" owner="BuiltIn">
<msg time="2025-03-14T11:36:39.336083" level="TRACE">Arguments: [ '0' | '200' ]</msg>
<msg time="2025-03-14T11:36:39.336083" level="DEBUG">Argument types are:
&lt;class 'str'&gt;
&lt;class 'str'&gt;</msg>
<msg time="2025-03-14T11:36:39.336083" level="TRACE">Return: None</msg>
<arg>${status_code}</arg>
<arg>200</arg>
<doc>Fails if objects are equal after converting them to integers.</doc>
<status status="PASS" start="2025-03-14T11:36:39.336083" elapsed="0.000000"/>
</kw>
<msg time="2025-03-14T11:36:39.336083" level="TRACE">Return: None</msg>
<status status="PASS" start="2025-03-14T11:36:22.479570" elapsed="16.856513"/>
</kw>
<msg time="2025-03-14T11:36:39.336083" level="TRACE">Return: None</msg>
<arg>10x</arg>
<arg>3s</arg>
<arg>Check Server Is Not Running</arg>
<doc>Runs the specified keyword and retries if it fails.</doc>
<status status="PASS" start="2025-03-14T11:36:19.462979" elapsed="19.873104"/>
</kw>
<msg time="2025-03-14T11:36:39.336083" level="TRACE">Return: None</msg>
<status status="PASS" start="2025-03-14T11:35:38.223899" elapsed="61.113182"/>
</kw>
<kw name="Sleep" owner="BuiltIn">
<msg time="2025-03-14T11:36:39.337081" level="TRACE">Arguments: [ '1s' ]</msg>
<msg time="2025-03-14T11:36:40.337917" level="INFO">Slept 1 second.</msg>
<msg time="2025-03-14T11:36:40.337917" level="TRACE">Return: None</msg>
<arg>1s</arg>
<doc>Pauses the test executed for the given time.</doc>
<status status="PASS" start="2025-03-14T11:36:39.337081" elapsed="1.000836"/>
</kw>
<kw name="Ensure Java Is Not Installed" owner="utilities">
<msg time="2025-03-14T11:36:40.338913" level="TRACE">Arguments: [  ]</msg>
<msg time="2025-03-14T11:36:59.616606" level="INFO">Chocolatey is installed. (ensure_java_is_not_installed)
Uninstalling maven with Chocolatey...
Uninstalling Temurin11 with Chocolatey...
Java is not installed on this computer.</msg>
<msg time="2025-03-14T11:36:59.616606" level="TRACE">Return: None</msg>
<status status="PASS" start="2025-03-14T11:36:40.338913" elapsed="19.277693"/>
</kw>
<kw name="Sleep" owner="BuiltIn">
<msg time="2025-03-14T11:36:59.617605" level="TRACE">Arguments: [ '1s' ]</msg>
<msg time="2025-03-14T11:37:00.618298" level="INFO">Slept 1 second.</msg>
<msg time="2025-03-14T11:37:00.618298" level="TRACE">Return: None</msg>
<arg>1s</arg>
<doc>Pauses the test executed for the given time.</doc>
<status status="PASS" start="2025-03-14T11:36:59.616606" elapsed="1.001692"/>
</kw>
<kw name="Refresh Env Variables" owner="utilities">
<msg time="2025-03-14T11:37:00.619220" level="TRACE">Arguments: [  ]</msg>
<msg time="2025-03-14T11:37:01.957804" level="TRACE">Return: None</msg>
<status status="PASS" start="2025-03-14T11:37:00.618981" elapsed="1.339729"/>
</kw>
<kw name="Shut Server" owner="utilities" type="TEARDOWN">
<msg time="2025-03-14T11:37:01.958981" level="TRACE">Arguments: [  ]</msg>
<msg time="2025-03-14T11:37:01.959981" level="TRACE">Return: &lt;Popen: returncode: None args: ['cmd.exe', '/c', 'C:\\Projects\\all-repos\\s...&gt;</msg>
<status status="PASS" start="2025-03-14T11:37:01.958981" elapsed="0.001000"/>
</kw>
<doc>startServer.bat and shutServer.bat Scripts Should Work Fine</doc>
<status status="PASS" start="2025-03-14T11:34:43.649615" elapsed="138.311366"/>
</test>
<test id="s1-s2-t2" name="service.bat Should Work Fine" line="36">
<kw name="Clean Output Folders And Log Files" owner="utilities" type="SETUP">
<msg time="2025-03-14T11:37:01.963027" level="TRACE">Arguments: [ product='server' ]</msg>
<msg time="2025-03-14T11:37:01.966984" level="TRACE">Return: None</msg>
<arg>product=server</arg>
<status status="PASS" start="2025-03-14T11:37:01.963027" elapsed="0.003957"/>
</kw>
<kw name="Ensure Chocolatey Is Installed" owner="utilities">
<msg time="2025-03-14T11:37:01.966984" level="TRACE">Arguments: [  ]</msg>
<msg time="2025-03-14T11:37:02.856448" level="INFO">Output of 'choco -v': 2.4.2

Chocolatey is already installed.</msg>
<msg time="2025-03-14T11:37:02.856448" level="TRACE">Return: None</msg>
<status status="PASS" start="2025-03-14T11:37:01.966984" elapsed="0.889464"/>
</kw>
<kw name="Sleep" owner="BuiltIn">
<msg time="2025-03-14T11:37:02.857436" level="TRACE">Arguments: [ '1s' ]</msg>
<msg time="2025-03-14T11:37:03.858369" level="INFO">Slept 1 second.</msg>
<msg time="2025-03-14T11:37:03.858369" level="TRACE">Return: None</msg>
<arg>1s</arg>
<doc>Pauses the test executed for the given time.</doc>
<status status="PASS" start="2025-03-14T11:37:02.857436" elapsed="1.000933"/>
</kw>
<kw name="Refresh Env Variables" owner="utilities">
<msg time="2025-03-14T11:37:03.859658" level="TRACE">Arguments: [  ]</msg>
<msg time="2025-03-14T11:37:05.232540" level="TRACE">Return: None</msg>
<status status="PASS" start="2025-03-14T11:37:03.859658" elapsed="1.372882"/>
</kw>
<kw name="Ensure Java Is Installed" owner="utilities">
<msg time="2025-03-14T11:37:05.233434" level="TRACE">Arguments: [  ]</msg>
<msg time="2025-03-14T11:37:29.580313" level="INFO">Java is not installed. Installing now...
Output of 'choco -v': 2.4.2

Chocolatey is already installed.
Java 11 has been installed.</msg>
<msg time="2025-03-14T11:37:29.580313" level="TRACE">Return: None</msg>
<status status="PASS" start="2025-03-14T11:37:05.233434" elapsed="24.346879"/>
</kw>
<kw name="Sleep" owner="BuiltIn">
<msg time="2025-03-14T11:37:29.580313" level="TRACE">Arguments: [ '1s' ]</msg>
<msg time="2025-03-14T11:37:30.580969" level="INFO">Slept 1 second.</msg>
<msg time="2025-03-14T11:37:30.580969" level="TRACE">Return: None</msg>
<arg>1s</arg>
<doc>Pauses the test executed for the given time.</doc>
<status status="PASS" start="2025-03-14T11:37:29.580313" elapsed="1.000656"/>
</kw>
<kw name="Refresh Env Variables" owner="utilities">
<msg time="2025-03-14T11:37:30.582013" level="TRACE">Arguments: [  ]</msg>
<msg time="2025-03-14T11:37:31.698773" level="TRACE">Return: None</msg>
[...]
<msg time="2025-03-14T11:51:15.595879" level="DEBUG">Finished Request</msg>
<msg time="2025-03-14T11:51:15.796879" level="DEBUG">POST http://localhost:53873/session/64736db0f28591970a799f653ecafe68/elements {'using': 'css selector', 'value': '[id="workingOn"]'}</msg>
<msg time="2025-03-14T11:51:15.802879" level="DEBUG">http://localhost:53873 "POST /session/64736db0f28591970a799f653ecafe68/elements HTTP/1.1" 200 0</msg>
<msg time="2025-03-14T11:51:15.802879" level="DEBUG">Remote response: status=200 | data={"value":[{"element-6066-11e4-a52e-4f735466cecf":"5dee9123-77c5-4cff-a170-f1b45cf1b6b8"}]} | headers=HTTPHeaderDict({'Content-Length': '90', 'Content-Type': 'application/json; charset=utf-8', 'cache-control': 'no-cache'})</msg>
<msg time="2025-03-14T11:51:15.802879" level="DEBUG">Finished Request</msg>
<msg time="2025-03-14T11:51:16.003879" level="DEBUG">POST http://localhost:53873/session/64736db0f28591970a799f653ecafe68/elements {'using': 'css selector', 'value': '[id="workingOn"]'}</msg>
<msg time="2025-03-14T11:51:16.009879" level="DEBUG">http://localhost:53873 "POST /session/64736db0f28591970a799f653ecafe68/elements HTTP/1.1" 200 0</msg>
<msg time="2025-03-14T11:51:16.009879" level="DEBUG">Remote response: status=200 | data={"value":[{"element-6066-11e4-a52e-4f735466cecf":"5dee9123-77c5-4cff-a170-f1b45cf1b6b8"}]} | headers=HTTPHeaderDict({'Content-Length': '90', 'Content-Type': 'application/json; charset=utf-8', 'cache-control': 'no-cache'})</msg>
<msg time="2025-03-14T11:51:16.009879" level="DEBUG">Finished Request</msg>
<msg time="2025-03-14T11:51:16.210931" level="DEBUG">POST http://localhost:53873/session/64736db0f28591970a799f653ecafe68/elements {'using': 'css selector', 'value': '[id="workingOn"]'}</msg>
<msg time="2025-03-14T11:51:16.216880" level="DEBUG">http://localhost:53873 "POST /session/64736db0f28591970a799f653ecafe68/elements HTTP/1.1" 200 0</msg>
<msg time="2025-03-14T11:51:16.216880" level="DEBUG">Remote response: status=200 | data={"value":[{"element-6066-11e4-a52e-4f735466cecf":"5dee9123-77c5-4cff-a170-f1b45cf1b6b8"}]} | headers=HTTPHeaderDict({'Content-Length': '90', 'Content-Type': 'application/json; charset=utf-8', 'cache-control': 'no-cache'})</msg>
<msg time="2025-03-14T11:51:16.216880" level="DEBUG">Finished Request</msg>
<msg time="2025-03-14T11:51:16.417893" level="DEBUG">POST http://localhost:53873/session/64736db0f28591970a799f653ecafe68/elements {'using': 'css selector', 'value': '[id="workingOn"]'}</msg>
<msg time="2025-03-14T11:51:16.423879" level="DEBUG">http://localhost:53873 "POST /session/64736db0f28591970a799f653ecafe68/elements HTTP/1.1" 200 0</msg>
<msg time="2025-03-14T11:51:16.423879" level="DEBUG">Remote response: status=200 | data={"value":[{"element-6066-11e4-a52e-4f735466cecf":"5dee9123-77c5-4cff-a170-f1b45cf1b6b8"}]} | headers=HTTPHeaderDict({'Content-Length': '90', 'Content-Type': 'application/json; charset=utf-8', 'cache-control': 'no-cache'})</msg>
<msg time="2025-03-14T11:51:16.423879" level="DEBUG">Finished Request</msg>
<msg time="2025-03-14T11:51:16.625565" level="DEBUG">POST http://localhost:53873/session/64736db0f28591970a799f653ecafe68/elements {'using': 'css selector', 'value': '[id="workingOn"]'}</msg>
<msg time="2025-03-14T11:51:16.632574" level="DEBUG">http://localhost:53873 "POST /session/64736db0f28591970a799f653ecafe68/elements HTTP/1.1" 200 0</msg>
<msg time="2025-03-14T11:51:16.632574" level="DEBUG">Remote response: status=200 | data={"value":[{"element-6066-11e4-a52e-4f735466cecf":"5dee9123-77c5-4cff-a170-f1b45cf1b6b8"}]} | headers=HTTPHeaderDict({'Content-Length': '90', 'Content-Type': 'application/json; charset=utf-8', 'cache-control': 'no-cache'})</msg>
<msg time="2025-03-14T11:51:16.632574" level="DEBUG">Finished Request</msg>
<msg time="2025-03-14T11:51:16.833708" level="DEBUG">POST http://localhost:53873/session/64736db0f28591970a799f653ecafe68/elements {'using': 'css selector', 'value': '[id="workingOn"]'}</msg>
<msg time="2025-03-14T11:51:16.839924" level="DEBUG">http://localhost:53873 "POST /session/64736db0f28591970a799f653ecafe68/elements HTTP/1.1" 200 0</msg>
<msg time="2025-03-14T11:51:16.839924" level="DEBUG">Remote response: status=200 | data={"value":[{"element-6066-11e4-a52e-4f735466cecf":"5dee9123-77c5-4cff-a170-f1b45cf1b6b8"}]} | headers=HTTPHeaderDict({'Content-Length': '90', 'Content-Type': 'application/json; charset=utf-8', 'cache-control': 'no-cache'})</msg>
<msg time="2025-03-14T11:51:16.839924" level="DEBUG">Finished Request</msg>
<msg time="2025-03-14T11:51:17.040921" level="DEBUG">POST http://localhost:53873/session/64736db0f28591970a799f653ecafe68/elements {'using': 'css selector', 'value': '[id="workingOn"]'}</msg>
<msg time="2025-03-14T11:51:17.046922" level="DEBUG">http://localhost:53873 "POST /session/64736db0f28591970a799f653ecafe68/elements HTTP/1.1" 200 0</msg>
<msg time="2025-03-14T11:51:17.046922" level="DEBUG">Remote response: status=200 | data={"value":[{"element-6066-11e4-a52e-4f735466cecf":"5dee9123-77c5-4cff-a170-f1b45cf1b6b8"}]} | headers=HTTPHeaderDict({'Content-Length': '90', 'Content-Type': 'application/json; charset=utf-8', 'cache-control': 'no-cache'})</msg>
<msg time="2025-03-14T11:51:17.046922" level="DEBUG">Finished Request</msg>
<msg time="2025-03-14T11:51:17.247624" level="DEBUG">POST http://localhost:53873/session/64736db0f28591970a799f653ecafe68/elements {'using': 'css selector', 'value': '[id="workingOn"]'}</msg>
<msg time="2025-03-14T11:51:17.253537" level="DEBUG">http://localhost:53873 "POST /session/64736db0f28591970a799f653ecafe68/elements HTTP/1.1" 200 0</msg>
<msg time="2025-03-14T11:51:17.253537" level="DEBUG">Remote response: status=200 | data={"value":[{"element-6066-11e4-a52e-4f735466cecf":"5dee9123-77c5-4cff-a170-f1b45cf1b6b8"}]} | headers=HTTPHeaderDict({'Content-Length': '90', 'Content-Type': 'application/json; charset=utf-8', 'cache-control': 'no-cache'})</msg>
<msg time="2025-03-14T11:51:17.253537" level="DEBUG">Finished Request</msg>
<msg time="2025-03-14T11:51:17.454813" level="DEBUG">POST http://localhost:53873/session/64736db0f28591970a799f653ecafe68/elements {'using': 'css selector', 'value': '[id="workingOn"]'}</msg>
<msg time="2025-03-14T11:51:17.460810" level="DEBUG">http://localhost:53873 "POST /session/64736db0f28591970a799f653ecafe68/elements HTTP/1.1" 200 0</msg>
<msg time="2025-03-14T11:51:17.460810" level="DEBUG">Remote response: status=200 | data={"value":[{"element-6066-11e4-a52e-4f735466cecf":"5dee9123-77c5-4cff-a170-f1b45cf1b6b8"}]} | headers=HTTPHeaderDict({'Content-Length': '90', 'Content-Type': 'application/json; charset=utf-8', 'cache-control': 'no-cache'})</msg>
<msg time="2025-03-14T11:51:17.460810" level="DEBUG">Finished Request</msg>
<msg time="2025-03-14T11:51:17.661810" level="DEBUG">POST http://localhost:53873/session/64736db0f28591970a799f653ecafe68/elements {'using': 'css selector', 'value': '[id="workingOn"]'}</msg>
<msg time="2025-03-14T11:51:17.668809" level="DEBUG">http://localhost:53873 "POST /session/64736db0f28591970a799f653ecafe68/elements HTTP/1.1" 200 0</msg>
<msg time="2025-03-14T11:51:17.668809" level="DEBUG">Remote response: status=200 | data={"value":[]} | headers=HTTPHeaderDict({'Content-Length': '12', 'Content-Type': 'application/json; charset=utf-8', 'cache-control': 'no-cache'})</msg>
<msg time="2025-03-14T11:51:17.668809" level="DEBUG">Finished Request</msg>
<msg time="2025-03-14T11:51:17.668809" level="TRACE">Return: None</msg>
<arg>id=workingOn</arg>
<doc>Waits until the element ``locator`` disappears from the current page.</doc>
<status status="PASS" start="2025-03-14T11:51:14.555146" elapsed="3.114668"/>
</kw>
<kw name="Wait Until Page Contains Element" owner="SeleniumLibrary">
<msg time="2025-03-14T11:51:17.669814" level="TRACE">Arguments: [ 'id=noJobsRunning' ]</msg>
<msg time="2025-03-14T11:51:17.669814" level="DEBUG">POST http://localhost:53873/session/64736db0f28591970a799f653ecafe68/elements {'using': 'css selector', 'value': '[id="noJobsRunning"]'}</msg>
<msg time="2025-03-14T11:51:17.677808" level="DEBUG">http://localhost:53873 "POST /session/64736db0f28591970a799f653ecafe68/elements HTTP/1.1" 200 0</msg>
<msg time="2025-03-14T11:51:17.677808" level="DEBUG">Remote response: status=200 | data={"value":[{"element-6066-11e4-a52e-4f735466cecf":"633edd34-1ec5-4710-9867-98d8153b6620"}]} | headers=HTTPHeaderDict({'Content-Length': '90', 'Content-Type': 'application/json; charset=utf-8', 'cache-control': 'no-cache'})</msg>
<msg time="2025-03-14T11:51:17.677808" level="DEBUG">Finished Request</msg>
<msg time="2025-03-14T11:51:17.677808" level="TRACE">Return: None</msg>
<arg>id=noJobsRunning</arg>
<doc>Waits until the element ``locator`` appears on the current page.</doc>
<status status="PASS" start="2025-03-14T11:51:17.669814" elapsed="0.007994"/>
</kw>
<kw name="Page Should Contain Element" owner="SeleniumLibrary">
<msg time="2025-03-14T11:51:17.677808" level="TRACE">Arguments: [ 'id=btnGreatNoErrorsNoWarnings' ]</msg>
<msg time="2025-03-14T11:51:17.677808" level="DEBUG">POST http://localhost:53873/session/64736db0f28591970a799f653ecafe68/elements {'using': 'css selector', 'value': '[id="btnGreatNoErrorsNoWarnings"]'}</msg>
<msg time="2025-03-14T11:51:17.685810" level="DEBUG">http://localhost:53873 "POST /session/64736db0f28591970a799f653ecafe68/elements HTTP/1.1" 200 0</msg>
<msg time="2025-03-14T11:51:17.685810" level="DEBUG">Remote response: status=200 | data={"value":[{"element-6066-11e4-a52e-4f735466cecf":"80b7e24a-b40d-4653-8be4-f4510890c7e8"}]} | headers=HTTPHeaderDict({'Content-Length': '90', 'Content-Type': 'application/json; charset=utf-8', 'cache-control': 'no-cache'})</msg>
<msg time="2025-03-14T11:51:17.685810" level="DEBUG">Finished Request</msg>
<msg time="2025-03-14T11:51:17.685810" level="INFO">Current page contains element 'id=btnGreatNoErrorsNoWarnings'.</msg>
<msg time="2025-03-14T11:51:17.685810" level="TRACE">Return: None</msg>
<arg>id=btnGreatNoErrorsNoWarnings</arg>
<doc>Verifies that element ``locator`` is found on the current page.</doc>
<status status="PASS" start="2025-03-14T11:51:17.677808" elapsed="0.008002"/>
</kw>
<kw name="Sleep" owner="BuiltIn">
<msg time="2025-03-14T11:51:17.686829" level="TRACE">Arguments: [ '1s' ]</msg>
<msg time="2025-03-14T11:51:18.687678" level="INFO">Slept 1 second.</msg>
<msg time="2025-03-14T11:51:18.687678" level="TRACE">Return: None</msg>
<arg>1s</arg>
<doc>Pauses the test executed for the given time.</doc>
<status status="PASS" start="2025-03-14T11:51:17.686829" elapsed="1.000849"/>
</kw>
<kw name="Assert Configuration Files Were Migrated Correctly" owner="utilities">
<msg time="2025-03-14T11:51:18.687678" level="TRACE">Arguments: [  ]</msg>
<msg time="2025-03-14T11:51:18.688955" level="TRACE">Return: None</msg>
<status status="PASS" start="2025-03-14T11:51:18.687678" elapsed="0.001277"/>
</kw>
<kw name="Sleep" owner="BuiltIn">
<msg time="2025-03-14T11:51:18.688955" level="TRACE">Arguments: [ '1s' ]</msg>
<msg time="2025-03-14T11:51:19.689145" level="INFO">Slept 1 second.</msg>
<msg time="2025-03-14T11:51:19.689258" level="TRACE">Return: None</msg>
<arg>1s</arg>
<doc>Pauses the test executed for the given time.</doc>
<status status="PASS" start="2025-03-14T11:51:18.688955" elapsed="1.000303"/>
</kw>
<kw name="Ensure Java Is Not Installed" owner="utilities">
<msg time="2025-03-14T11:51:19.689258" level="TRACE">Arguments: [  ]</msg>
<msg time="2025-03-14T11:52:10.773636" level="INFO">Chocolatey is installed. (ensure_java_is_not_installed)
Uninstalling maven with Chocolatey...
Uninstalling Temurin11 with Chocolatey...
Java is not installed on this computer.</msg>
<msg time="2025-03-14T11:52:10.773636" level="TRACE">Return: None</msg>
<status status="PASS" start="2025-03-14T11:51:19.689258" elapsed="51.084378"/>
</kw>
<kw name="Sleep" owner="BuiltIn">
<msg time="2025-03-14T11:52:10.773636" level="TRACE">Arguments: [ '1s' ]</msg>
<msg time="2025-03-14T11:52:11.774816" level="INFO">Slept 1 second.</msg>
<msg time="2025-03-14T11:52:11.774816" level="TRACE">Return: None</msg>
<arg>1s</arg>
<doc>Pauses the test executed for the given time.</doc>
<status status="PASS" start="2025-03-14T11:52:10.773636" elapsed="1.001180"/>
</kw>
<kw name="Close Electron Application">
<msg time="2025-03-14T11:52:11.776856" level="TRACE">Arguments: [  ]</msg>
<kw name="Kill Reportburster Exe Process" owner="utilities">
<msg time="2025-03-14T11:52:11.777856" level="TRACE">Arguments: [ True ]</msg>
<msg time="2025-03-14T11:52:11.779931" level="INFO">Log file path: C:\Projects\all-repos\src\prd\rb\asbl\target/uat/rb/ReportBurster-letmeupdate\logs\electron.log</msg>
<msg time="2025-03-14T11:52:11.780416" level="TRACE">Return: None</msg>
<arg>${True}</arg>
<status status="PASS" start="2025-03-14T11:52:11.776856" elapsed="0.003560"/>
</kw>
<msg time="2025-03-14T11:52:11.780416" level="TRACE">Return: None</msg>
<doc>Kills the Electron application process</doc>
<status status="PASS" start="2025-03-14T11:52:11.775832" elapsed="0.004584"/>
</kw>
<kw name="Kill Reportburster Exe Process" owner="utilities" type="TEARDOWN">
<msg time="2025-03-14T11:52:11.782423" level="TRACE">Arguments: [  ]</msg>
<msg time="2025-03-14T11:52:11.783471" level="INFO">Log file path: C:\Projects\all-repos\src\prd\rb\asbl\target/uat/rb/ReportBurster\logs\electron.log
No process found with PID: 6208</msg>
<msg time="2025-03-14T11:52:11.783471" level="TRACE">Return: None</msg>
<status status="PASS" start="2025-03-14T11:52:11.781470" elapsed="0.002001"/>
</kw>
<doc>Let me manualy Update Should Work Fine</doc>
<status status="PASS" start="2025-03-14T11:49:42.343031" elapsed="149.441385"/>
</test>
<status status="PASS" start="2025-03-14T11:49:42.337691" elapsed="149.458368"/>
</suite>
<status status="PASS" start="2025-03-14T11:32:34.497105" elapsed="1177.301930"/>
</suite>
<statistics>
<total>
<stat pass="10" fail="0" skip="0">All Tests</stat>
</total>
<tag>
</tag>
<suite>
<stat name="Tests" id="s1" pass="10" fail="0" skip="0">Tests</stat>
<stat name="Different-Java-Versions" id="s1-s1" pass="2" fail="0" skip="0">Tests.Different-Java-Versions</stat>
<stat name="ReportBurster-Server" id="s1-s2" pass="2" fail="0" skip="0">Tests.ReportBurster-Server</stat>
<stat name="Reportburster.Bat" id="s1-s3" pass="1" fail="0" skip="0">Tests.Reportburster.Bat</stat>
<stat name="ReportBurster.exe-prerequisites" id="s1-s4" pass="3" fail="0" skip="0">Tests.ReportBurster.exe-prerequisites</stat>
<stat name="ReportBurster.exe-quickstart" id="s1-s5" pass="1" fail="0" skip="0">Tests.ReportBurster.exe-quickstart</stat>
<stat name="ReportBurster.exe-update" id="s1-s6" pass="1" fail="0" skip="0">Tests.ReportBurster.exe-update</stat>
</suite>
</statistics>
<errors>
<msg time="2025-03-14T11:35:43.344705" level="WARN">Retrying (RetryAdapter(total=2, connect=None, read=None, redirect=None, status=None)) after connection broken by 'NewConnectionError('&lt;urllib3.connection.HTTPConnection object at 0x000002E90A3AFE90&gt;: Failed to establish a new connection: [WinError 10061] No connection could be made because the target machine actively refused it')': /</msg>
<msg time="2025-03-14T11:35:47.599943" level="WARN">Retrying (RetryAdapter(total=1, connect=None, read=None, redirect=None, status=None)) after connection broken by 'NewConnectionError('&lt;urllib3.connection.HTTPConnection object at 0x000002E90A3AFB60&gt;: Failed to establish a new connection: [WinError 10061] No connection could be made because the target machine actively refused it')': /</msg>
<msg time="2025-03-14T11:35:52.069909" level="WARN">Retrying (RetryAdapter(total=0, connect=None, read=None, redirect=None, status=None)) after connection broken by 'NewConnectionError('&lt;urllib3.connection.HTTPConnection object at 0x000002E923D203E0&gt;: Failed to establish a new connection: [WinError 10061] No connection could be made because the target machine actively refused it')': /</msg>
<msg time="2025-03-14T11:36:26.539460" level="WARN">Retrying (RetryAdapter(total=2, connect=None, read=None, redirect=None, status=None)) after connection broken by 'NewConnectionError('&lt;urllib3.connection.HTTPConnection object at 0x000002E923BA8620&gt;: Failed to establish a new connection: [WinError 10061] No connection could be made because the target machine actively refused it')': /</msg>
<msg time="2025-03-14T11:36:30.800371" level="WARN">Retrying (RetryAdapter(total=1, connect=None, read=None, redirect=None, status=None)) after connection broken by 'NewConnectionError('&lt;urllib3.connection.HTTPConnection object at 0x000002E923BAAE10&gt;: Failed to establish a new connection: [WinError 10061] No connection could be made because the target machine actively refused it')': /</msg>
<msg time="2025-03-14T11:36:35.265794" level="WARN">Retrying (RetryAdapter(total=0, connect=None, read=None, redirect=None, status=None)) after connection broken by 'NewConnectionError('&lt;urllib3.connection.HTTPConnection object at 0x000002E923BA8BC0&gt;: Failed to establish a new connection: [WinError 10061] No connection could be made because the target machine actively refused it')': /</msg>
<msg time="2025-03-14T11:37:39.140179" level="WARN">Retrying (RetryAdapter(total=2, connect=None, read=None, redirect=None, status=None)) after connection broken by 'NewConnectionError('&lt;urllib3.connection.HTTPConnection object at 0x000002E923DD8770&gt;: Failed to establish a new connection: [WinError 10061] No connection could be made because the target machine actively refused it')': /</msg>
<msg time="2025-03-14T11:37:43.393250" level="WARN">Retrying (RetryAdapter(total=1, connect=None, read=None, redirect=None, status=None)) after connection broken by 'NewConnectionError('&lt;urllib3.connection.HTTPConnection object at 0x000002E923DD8BF0&gt;: Failed to establish a new connection: [WinError 10061] No connection could be made because the target machine actively refused it')': /</msg>
<msg time="2025-03-14T11:37:47.886392" level="WARN">Retrying (RetryAdapter(total=0, connect=None, read=None, redirect=None, status=None)) after connection broken by 'NewConnectionError('&lt;urllib3.connection.HTTPConnection object at 0x000002E923B8F3E0&gt;: Failed to establish a new connection: [WinError 10061] No connection could be made because the target machine actively refused it')': /</msg>
<msg time="2025-03-14T11:38:13.681130" level="WARN">Retrying (RetryAdapter(total=2, connect=None, read=None, redirect=None, status=None)) after connection broken by 'NewConnectionError('&lt;urllib3.connection.HTTPConnection object at 0x000002E923DD9820&gt;: Failed to establish a new connection: [WinError 10061] No connection could be made because the target machine actively refused it')': /</msg>
<msg time="2025-03-14T11:38:17.932170" level="WARN">Retrying (RetryAdapter(total=1, connect=None, read=None, redirect=None, status=None)) after connection broken by 'NewConnectionError('&lt;urllib3.connection.HTTPConnection object at 0x000002E923DDA6F0&gt;: Failed to establish a new connection: [WinError 10061] No connection could be made because the target machine actively refused it')': /</msg>
<msg time="2025-03-14T11:38:22.421467" level="WARN">Retrying (RetryAdapter(total=0, connect=None, read=None, redirect=None, status=None)) after connection broken by 'NewConnectionError('&lt;urllib3.connection.HTTPConnection object at 0x000002E923DDB4D0&gt;: Failed to establish a new connection: [WinError 10061] No connection could be made because the target machine actively refused it')': /</msg>
<msg time="2025-03-14T11:48:27.296846" level="WARN" html="true">Test '&lt;a onclick="makeElementVisible('s1-s5-t1')" href="#s1-s5-t1" title="Link to details"&gt;Quickstart Payslips.pdf Should Work Fine&lt;/a&gt;' has been retried 1 times (max: 3).</msg>
</errors>
</robot>
